2018-11-04 14:24:45,519 INFO eu.stamp_project.testrunner.EntryPoint - Path to runner Classes: E:\Dev\tellu_github\tellulib\dspot.jar
2018-11-04 14:24:45,519 INFO eu.stamp_project.testrunner.EntryPoint - E:\Dev\tellu_github\tellulib\dspot.jar
2018-11-04 14:24:45,519 INFO eu.stamp_project.testrunner.EntryPoint - E:\Dev\tellu_github\tellulib\dspot.jar
2018-11-04 14:24:45,519 INFO eu.stamp_project.testrunner.EntryPoint - E:\Dev\tellu_github\tellulib\dspot.jar
2018-11-04 14:24:45,519 WARN eu.stamp_project.program.InputConfiguration - No builder has been specified.
2018-11-04 14:24:45,519 WARN eu.stamp_project.program.InputConfiguration - Using Maven as a default builder.
2018-11-04 14:24:45,519 WARN eu.stamp_project.program.InputConfiguration - You can use the command-line option --automatic-builder
2018-11-04 14:24:45,519 WARN eu.stamp_project.program.InputConfiguration - or the properties automaticBuilderName to configure it.
2018-11-04 14:24:45,519 INFO eu.stamp_project.automaticbuilder.AutomaticBuilderFactory - Selected Maven automatic builder.
2018-11-04 14:24:45,534 INFO eu.stamp_project.automaticbuilder.MavenAutomaticBuilder - Using C:\Dev\maven for maven home
2018-11-04 14:24:45,534 INFO eu.stamp_project.automaticbuilder.MavenAutomaticBuilder - run maven: C:\Dev\maven/bin/mvn clean test -DskipTests dependency:build-classpath -Dmdep.outputFile=target/dspot/classpath
[WARN] Maven will be executed in interactive mode, but no input stream has been configured for this MavenInvoker instance.
[INFO] Scanning for projects...
[INFO]
[INFO] ------------------------------------------------------------------------
[INFO] Building Tellu Utilities Library 3.0-SNAPSHOT
[INFO] ------------------------------------------------------------------------
[INFO]
[INFO] --- maven-clean-plugin:2.5:clean (default-clean) @ tellulib ---
[INFO] Deleting E:\Dev\tellu_github\tellulib\target
[INFO]
[INFO] --- maven-resources-plugin:2.6:resources (default-resources) @ tellulib ---
[INFO] Using 'UTF-8' encoding to copy filtered resources.
[INFO] skip non existing resourceDirectory E:\Dev\tellu_github\tellulib\src\main\resources
[INFO]
[INFO] --- maven-compiler-plugin:3.1:compile (default-compile) @ tellulib ---
[INFO] Changes detected - recompiling the module!
[INFO] Compiling 70 source files to E:\Dev\tellu_github\tellulib\target\classes
[INFO]
[INFO] --- maven-resources-plugin:2.6:testResources (default-testResources) @ tellulib ---
[INFO] Using 'UTF-8' encoding to copy filtered resources.
[INFO] Copying 4 resources
[INFO]
[INFO] --- maven-compiler-plugin:3.1:testCompile (default-testCompile) @ tellulib ---
[INFO] Changes detected - recompiling the module!
[INFO] Compiling 15 source files to E:\Dev\tellu_github\tellulib\target\test-classes
[INFO]
[INFO] --- maven-surefire-plugin:2.12.4:test (default-test) @ tellulib ---
[INFO] Tests are skipped.
[INFO]
[INFO] --- maven-dependency-plugin:2.8:build-classpath (default-cli) @ tellulib ---
[INFO] Wrote classpath file 'E:\Dev\tellu_github\tellulib\target\dspot\classpath'.
[INFO] ------------------------------------------------------------------------
[INFO] BUILD SUCCESS
[INFO] ------------------------------------------------------------------------
[INFO] Total time: 4.785 s
[INFO] Finished at: 2018-11-04T14:24:51+01:00
[INFO] Final Memory: 22M/196M
[INFO] ------------------------------------------------------------------------
2018-11-04 14:24:54,153 INFO eu.stamp_project.automaticbuilder.MavenAutomaticBuilder - Using C:\Dev\maven for maven home
2018-11-04 14:24:54,153 INFO eu.stamp_project.automaticbuilder.MavenAutomaticBuilder - run maven: C:\Dev\maven/bin/mvn org.pitest:pitest-maven:1.4.0:mutationCoverage -DtargetClasses=no.tellu.* -DreportsDirectory=target/pit-reports -DoutputFormats=CSV,HTML -DtimeoutConst=10000 -DjvmArgs=16G -DmutationEngine=descartes  -DadditionalClasspathElements=E:\Dev\tellu_github\tellulib\.\.\target/dspot/dependencies/
[WARN] Maven will be executed in interactive mode, but no input stream has been configured for this MavenInvoker instance.
2018-11-04 14:25:50,629 INFO eu.stamp_project.dspot.selector.PitMutantScoreSelector - The original test suite kill 377 / 789
2018-11-04 14:25:51,901 INFO eu.stamp_project.dspot.Amplification - Amplification of no.tellu.lib.data.model.ModelTest (12 test(s))
2018-11-04 14:25:51,901 INFO eu.stamp_project.dspot.Amplification - Assertion amplification of no.tellu.lib.data.model.ModelTest (12 test(s))
2018-11-04 14:25:52,157 INFO eu.stamp_project.utils.compilation.DSpotCompiler - Compiling with -proceedOnError -encoding UTF-8 -cp E:\Dev\tellu_github\tellulib\.\.\target\dspot\tmp_test_sources;C:\Users\Larsgiang\.m2\repository\commons-codec\commons-codec\1.9\commons-codec-1.9.jar;C:\Users\Larsgiang\.m2\repository\org\apache\httpcomponents\httpclient\4.5.5\httpclient-4.5.5.jar;C:\Users\Larsgiang\.m2\repository\org\apache\httpcomponents\httpcore\4.4.9\httpcore-4.4.9.jar;C:\Users\Larsgiang\.m2\repository\commons-logging\commons-logging\1.2\commons-logging-1.2.jar;C:\Users\Larsgiang\.m2\repository\junit\junit\4.12\junit-4.12.jar;C:\Users\Larsgiang\.m2\repository\org\hamcrest\hamcrest-core\1.3\hamcrest-core-1.3.jar;E:\Dev\tellu_github\tellulib\.\.\target/classes/\;E:\Dev\tellu_github\tellulib\.\.\target/test-classes/\;E:\Dev\tellu_github\tellulib\.\.\target/dspot/dependencies/; -d E:\Dev\tellu_github\tellulib\.\.\target\test-classes -1.8 -preserveAllLocals -noExit -enableJavadoc -proc:none E:\Dev\tellu_github\tellulib\target\dspot\tmp_test_sources\no\tellu\lib\data\model\ModelTest.java
2018-11-04 14:26:05,381 WARN eu.stamp_project.testrunner.EntryPoint - Timeout when running java  -classpath E:\Dev\tellu_github\tellulib\.\.\target\test-classes;E:\Dev\tellu_github\tellulib\.\.\target/classes/\;C:\Users\Larsgiang\.m2\repository\commons-codec\commons-codec\1.9\commons-codec-1.9.jar;C:\Users\Larsgiang\.m2\repository\org\apache\httpcomponents\httpclient\4.5.5\httpclient-4.5.5.jar;C:\Users\Larsgiang\.m2\repository\org\apache\httpcomponents\httpcore\4.4.9\httpcore-4.4.9.jar;C:\Users\Larsgiang\.m2\repository\commons-logging\commons-logging\1.2\commons-logging-1.2.jar;C:\Users\Larsgiang\.m2\repository\junit\junit\4.12\junit-4.12.jar;C:\Users\Larsgiang\.m2\repository\org\hamcrest\hamcrest-core\1.3\hamcrest-core-1.3.jar;E:\Dev\tellu_github\tellulib\.\.\target/dspot/dependencies/;E:\Dev\tellu_github\tellulib\dspot.jar eu.stamp_project.testrunner.runner.test.TestRunner no.tellu.lib.data.model.ModelTest testCopyModel;testDataTransaction;testInitFromFile;testInitFromMeta;testInitFromModel;testMergeNodes;testPath;testProcessor;testReset;testRuleCondition;testRuleTrigger;testSubscribers
2018-11-04 14:26:05,382 WARN eu.stamp_project.utils.compilation.TestRunner - Timeout during execution of no.tellu.lib.data.model.ModelTest: testCopyModel,testDataTransaction,testInitFromFile,testInitFromMeta,testInitFromModel,testMergeNodes,testPath,testProcessor,testReset,testRuleCondition,testRuleTrigger,testSubscribers
2018-11-04 14:26:05,385 INFO eu.stamp_project.dspot.Amplification - 0 amplified test methods has been selected to be kept. (global: 0)
2018-11-04 14:26:05,386 INFO eu.stamp_project.dspot.Amplification - Applying Input-amplification and Assertion-amplification test by test.
2018-11-04 14:26:05,388 INFO eu.stamp_project.dspot.Amplification - Amplification of testCopyModel, (1/12)
2018-11-04 14:26:05,388 INFO eu.stamp_project.dspot.Amplification - iteration 0 / 3
2018-11-04 14:26:05,389 INFO eu.stamp_project.dspot.Amplification - 1 tests selected to be amplified over 1 available tests
2018-11-04 14:26:05,389 INFO eu.stamp_project.dspot.budget.NoBudgetizer - Amplification of inputs...
100% |================================================== ]/
2018-11-04 14:26:05,612 INFO eu.stamp_project.dspot.budget.NoBudgetizer - 18 new tests generated
2018-11-04 14:26:08,212 INFO eu.stamp_project.dspot.assertgenerator.AssertGenerator - Run tests. (18)
2018-11-04 14:26:08,414 INFO eu.stamp_project.utils.compilation.DSpotCompiler - Compiling with -proceedOnError -encoding UTF-8 -cp E:\Dev\tellu_github\tellulib\.\.\target\dspot\tmp_test_sources;C:\Users\Larsgiang\.m2\repository\commons-codec\commons-codec\1.9\commons-codec-1.9.jar;C:\Users\Larsgiang\.m2\repository\org\apache\httpcomponents\httpclient\4.5.5\httpclient-4.5.5.jar;C:\Users\Larsgiang\.m2\repository\org\apache\httpcomponents\httpcore\4.4.9\httpcore-4.4.9.jar;C:\Users\Larsgiang\.m2\repository\commons-logging\commons-logging\1.2\commons-logging-1.2.jar;C:\Users\Larsgiang\.m2\repository\junit\junit\4.12\junit-4.12.jar;C:\Users\Larsgiang\.m2\repository\org\hamcrest\hamcrest-core\1.3\hamcrest-core-1.3.jar;E:\Dev\tellu_github\tellulib\.\.\target/classes/\;E:\Dev\tellu_github\tellulib\.\.\target/test-classes/\;E:\Dev\tellu_github\tellulib\.\.\target/dspot/dependencies/; -d E:\Dev\tellu_github\tellulib\.\.\target\test-classes -1.8 -preserveAllLocals -noExit -enableJavadoc -proc:none E:\Dev\tellu_github\tellulib\target\dspot\tmp_test_sources\no\tellu\lib\data\model\ModelTest.java
2018-11-04 14:26:08,586 ERROR eu.stamp_project.utils.compilation.TestCompiler - Error(s) during compilation:
2018-11-04 14:26:08,586 ERROR eu.stamp_project.utils.compilation.TestCompiler - Pb(55) Duplicate local variable boolean_0
2018-11-04 14:26:08,586 ERROR eu.stamp_project.utils.compilation.TestCompiler - Pb(55) Duplicate local variable boolean_0
2018-11-04 14:26:08,586 ERROR eu.stamp_project.utils.compilation.TestCompiler - Pb(55) Duplicate local variable boolean_1
2018-11-04 14:26:08,586 ERROR eu.stamp_project.utils.compilation.TestCompiler - Pb(55) Duplicate local variable boolean_4
2018-11-04 14:26:08,586 ERROR eu.stamp_project.utils.compilation.TestCompiler - Pb(55) Duplicate local variable boolean_7
2018-11-04 14:26:08,586 ERROR eu.stamp_project.utils.compilation.TestCompiler - Pb(55) Duplicate local variable boolean_7
2018-11-04 14:26:08,586 ERROR eu.stamp_project.utils.compilation.TestCompiler - Pb(55) Duplicate local variable boolean_8
2018-11-04 14:26:08,586 ERROR eu.stamp_project.utils.compilation.TestCompiler - Pb(55) Duplicate local variable boolean_11
2018-11-04 14:26:08,586 ERROR eu.stamp_project.utils.compilation.TestCompiler - Pb(55) Duplicate local variable boolean_14
2018-11-04 14:26:08,586 ERROR eu.stamp_project.utils.compilation.TestCompiler - Pb(55) Duplicate local variable boolean_14
2018-11-04 14:26:08,586 ERROR eu.stamp_project.utils.compilation.TestCompiler - Pb(55) Duplicate local variable boolean_15
2018-11-04 14:26:08,586 ERROR eu.stamp_project.utils.compilation.TestCompiler - Pb(55) Duplicate local variable boolean_18
2018-11-04 14:26:08,586 ERROR eu.stamp_project.utils.compilation.TestCompiler - Pb(55) Duplicate local variable boolean_21
2018-11-04 14:26:08,586 ERROR eu.stamp_project.utils.compilation.TestCompiler - Pb(55) Duplicate local variable boolean_21
2018-11-04 14:26:08,586 ERROR eu.stamp_project.utils.compilation.TestCompiler - Pb(55) Duplicate local variable boolean_22
2018-11-04 14:26:08,586 ERROR eu.stamp_project.utils.compilation.TestCompiler - Pb(55) Duplicate local variable boolean_25
2018-11-04 14:26:08,586 ERROR eu.stamp_project.utils.compilation.TestCompiler - Pb(55) Duplicate local variable boolean_28
2018-11-04 14:26:08,586 ERROR eu.stamp_project.utils.compilation.TestCompiler - Pb(55) Duplicate local variable boolean_28
2018-11-04 14:26:08,586 ERROR eu.stamp_project.utils.compilation.TestCompiler - Pb(55) Duplicate local variable boolean_29
2018-11-04 14:26:08,586 ERROR eu.stamp_project.utils.compilation.TestCompiler - Pb(55) Duplicate local variable boolean_32
2018-11-04 14:26:08,942 INFO eu.stamp_project.utils.compilation.DSpotCompiler - Compiling with -proceedOnError -encoding UTF-8 -cp E:\Dev\tellu_github\tellulib\.\.\target\dspot\tmp_test_sources;C:\Users\Larsgiang\.m2\repository\commons-codec\commons-codec\1.9\commons-codec-1.9.jar;C:\Users\Larsgiang\.m2\repository\org\apache\httpcomponents\httpclient\4.5.5\httpclient-4.5.5.jar;C:\Users\Larsgiang\.m2\repository\org\apache\httpcomponents\httpcore\4.4.9\httpcore-4.4.9.jar;C:\Users\Larsgiang\.m2\repository\commons-logging\commons-logging\1.2\commons-logging-1.2.jar;C:\Users\Larsgiang\.m2\repository\junit\junit\4.12\junit-4.12.jar;C:\Users\Larsgiang\.m2\repository\org\hamcrest\hamcrest-core\1.3\hamcrest-core-1.3.jar;E:\Dev\tellu_github\tellulib\.\.\target/classes/\;E:\Dev\tellu_github\tellulib\.\.\target/test-classes/\;E:\Dev\tellu_github\tellulib\.\.\target/dspot/dependencies/; -d E:\Dev\tellu_github\tellulib\.\.\target\test-classes -1.8 -preserveAllLocals -noExit -enableJavadoc -proc:none E:\Dev\tellu_github\tellulib\target\dspot\tmp_test_sources\no\tellu\lib\data\model\ModelTest.java
2018-11-04 14:26:09,029 WARN eu.stamp_project.dspot.assertgenerator.AssertGenerator - Error when executing tests before Assertion Amplification:
eu.stamp_project.dspot.AmplificationException: Every test methods are uncompilable
        at eu.stamp_project.utils.compilation.TestCompiler.compileAndDiscardUncompilableMethods(TestCompiler.java:123)
        at eu.stamp_project.utils.compilation.TestCompiler.compileAndRun(TestCompiler.java:92)
        at eu.stamp_project.dspot.assertgenerator.AssertGenerator.innerAssertionAmplification(AssertGenerator.java:100)
        at eu.stamp_project.dspot.assertgenerator.AssertGenerator.assertionAmplification(AssertGenerator.java:71)
        at eu.stamp_project.dspot.Amplification.assertionsAmplification(Amplification.java:150)
        at eu.stamp_project.dspot.Amplification.amplification(Amplification.java:135)
        at eu.stamp_project.dspot.Amplification.amplification(Amplification.java:97)
        at eu.stamp_project.dspot.DSpot._amplify(DSpot.java:231)
        at eu.stamp_project.dspot.DSpot.lambda$amplifyTestClassesTestMethods$6(DSpot.java:210)
        at java.util.stream.ReferencePipeline$3$1.accept(ReferencePipeline.java:193)
        at java.util.ArrayList$ArrayListSpliterator.forEachRemaining(ArrayList.java:1374)
        at java.util.stream.AbstractPipeline.copyInto(AbstractPipeline.java:481)
        at java.util.stream.AbstractPipeline.wrapAndCopyInto(AbstractPipeline.java:471)
        at java.util.stream.ReduceOps$ReduceOp.evaluateSequential(ReduceOps.java:708)
        at java.util.stream.AbstractPipeline.evaluate(AbstractPipeline.java:234)
        at java.util.stream.ReferencePipeline.collect(ReferencePipeline.java:499)
        at eu.stamp_project.dspot.DSpot.amplifyTestClassesTestMethods(DSpot.java:211)
        at eu.stamp_project.Main.run(Main.java:66)
        at eu.stamp_project.Main.main(Main.java:40)
2018-11-04 14:26:09,045 INFO eu.stamp_project.dspot.assertgenerator.AssertGenerator - Could not generate any test with assertions
2018-11-04 14:26:09,045 INFO eu.stamp_project.dspot.Amplification - iteration 1 / 3
2018-11-04 14:26:09,045 INFO eu.stamp_project.dspot.Amplification - 18 tests selected to be amplified over 18 available tests
2018-11-04 14:26:09,045 INFO eu.stamp_project.dspot.budget.NoBudgetizer - Amplification of inputs...
100% |================================================== ]-
2018-11-04 14:26:09,065 INFO eu.stamp_project.dspot.budget.NoBudgetizer - 0 new tests generated
2018-11-04 14:26:09,065 INFO eu.stamp_project.dspot.Amplification - iteration 2 / 3
2018-11-04 14:26:09,067 WARN eu.stamp_project.dspot.Amplification - No test could be selected to be amplified.
2018-11-04 14:26:09,067 INFO eu.stamp_project.dspot.Amplification - 0 amplified test methods has been selected to be kept. (global: 0)
2018-11-04 14:26:09,067 INFO eu.stamp_project.dspot.Amplification - Amplification of testDataTransaction, (2/12)
2018-11-04 14:26:09,068 INFO eu.stamp_project.dspot.Amplification - iteration 0 / 3
2018-11-04 14:26:09,068 INFO eu.stamp_project.dspot.Amplification - 1 tests selected to be amplified over 1 available tests
2018-11-04 14:26:09,068 INFO eu.stamp_project.dspot.budget.NoBudgetizer - Amplification of inputs...
100% |================================================== ]/
2018-11-04 14:26:09,074 INFO eu.stamp_project.dspot.budget.NoBudgetizer - 9 new tests generated
2018-11-04 14:26:09,150 INFO eu.stamp_project.dspot.assertgenerator.AssertGenerator - Run tests. (9)
2018-11-04 14:26:09,260 INFO eu.stamp_project.utils.compilation.DSpotCompiler - Compiling with -proceedOnError -encoding UTF-8 -cp E:\Dev\tellu_github\tellulib\.\.\target\dspot\tmp_test_sources;C:\Users\Larsgiang\.m2\repository\commons-codec\commons-codec\1.9\commons-codec-1.9.jar;C:\Users\Larsgiang\.m2\repository\org\apache\httpcomponents\httpclient\4.5.5\httpclient-4.5.5.jar;C:\Users\Larsgiang\.m2\repository\org\apache\httpcomponents\httpcore\4.4.9\httpcore-4.4.9.jar;C:\Users\Larsgiang\.m2\repository\commons-logging\commons-logging\1.2\commons-logging-1.2.jar;C:\Users\Larsgiang\.m2\repository\junit\junit\4.12\junit-4.12.jar;C:\Users\Larsgiang\.m2\repository\org\hamcrest\hamcrest-core\1.3\hamcrest-core-1.3.jar;E:\Dev\tellu_github\tellulib\.\.\target/classes/\;E:\Dev\tellu_github\tellulib\.\.\target/test-classes/\;E:\Dev\tellu_github\tellulib\.\.\target/dspot/dependencies/; -d E:\Dev\tellu_github\tellulib\.\.\target\test-classes -1.8 -preserveAllLocals -noExit -enableJavadoc -proc:none E:\Dev\tellu_github\tellulib\target\dspot\tmp_test_sources\no\tellu\lib\data\model\ModelTest.java
2018-11-04 14:26:09,378 ERROR eu.stamp_project.utils.compilation.TestCompiler - Error(s) during compilation:
2018-11-04 14:26:09,378 ERROR eu.stamp_project.utils.compilation.TestCompiler - Pb(55) Duplicate local variable boolean_127
2018-11-04 14:26:09,378 ERROR eu.stamp_project.utils.compilation.TestCompiler - Pb(55) Duplicate local variable boolean_131
2018-11-04 14:26:09,378 ERROR eu.stamp_project.utils.compilation.TestCompiler - Pb(55) Duplicate local variable boolean_135
2018-11-04 14:26:09,378 ERROR eu.stamp_project.utils.compilation.TestCompiler - Pb(55) Duplicate local variable boolean_139
2018-11-04 14:26:09,378 ERROR eu.stamp_project.utils.compilation.TestCompiler - Pb(55) Duplicate local variable boolean_143
2018-11-04 14:26:09,378 ERROR eu.stamp_project.utils.compilation.TestCompiler - Pb(55) Duplicate local variable boolean_147
2018-11-04 14:26:09,378 ERROR eu.stamp_project.utils.compilation.TestCompiler - Pb(55) Duplicate local variable boolean_151
2018-11-04 14:26:09,378 ERROR eu.stamp_project.utils.compilation.TestCompiler - Pb(55) Duplicate local variable boolean_155
2018-11-04 14:26:09,378 ERROR eu.stamp_project.utils.compilation.TestCompiler - Pb(55) Duplicate local variable boolean_159
2018-11-04 14:26:09,566 INFO eu.stamp_project.utils.compilation.DSpotCompiler - Compiling with -proceedOnError -encoding UTF-8 -cp E:\Dev\tellu_github\tellulib\.\.\target\dspot\tmp_test_sources;C:\Users\Larsgiang\.m2\repository\commons-codec\commons-codec\1.9\commons-codec-1.9.jar;C:\Users\Larsgiang\.m2\repository\org\apache\httpcomponents\httpclient\4.5.5\httpclient-4.5.5.jar;C:\Users\Larsgiang\.m2\repository\org\apache\httpcomponents\httpcore\4.4.9\httpcore-4.4.9.jar;C:\Users\Larsgiang\.m2\repository\commons-logging\commons-logging\1.2\commons-logging-1.2.jar;C:\Users\Larsgiang\.m2\repository\junit\junit\4.12\junit-4.12.jar;C:\Users\Larsgiang\.m2\repository\org\hamcrest\hamcrest-core\1.3\hamcrest-core-1.3.jar;E:\Dev\tellu_github\tellulib\.\.\target/classes/\;E:\Dev\tellu_github\tellulib\.\.\target/test-classes/\;E:\Dev\tellu_github\tellulib\.\.\target/dspot/dependencies/; -d E:\Dev\tellu_github\tellulib\.\.\target\test-classes -1.8 -preserveAllLocals -noExit -enableJavadoc -proc:none E:\Dev\tellu_github\tellulib\target\dspot\tmp_test_sources\no\tellu\lib\data\model\ModelTest.java
2018-11-04 14:26:09,665 WARN eu.stamp_project.dspot.assertgenerator.AssertGenerator - Error when executing tests before Assertion Amplification:
eu.stamp_project.dspot.AmplificationException: Every test methods are uncompilable
        at eu.stamp_project.utils.compilation.TestCompiler.compileAndDiscardUncompilableMethods(TestCompiler.java:123)
        at eu.stamp_project.utils.compilation.TestCompiler.compileAndRun(TestCompiler.java:92)
        at eu.stamp_project.dspot.assertgenerator.AssertGenerator.innerAssertionAmplification(AssertGenerator.java:100)
        at eu.stamp_project.dspot.assertgenerator.AssertGenerator.assertionAmplification(AssertGenerator.java:71)
        at eu.stamp_project.dspot.Amplification.assertionsAmplification(Amplification.java:150)
        at eu.stamp_project.dspot.Amplification.amplification(Amplification.java:135)
        at eu.stamp_project.dspot.Amplification.amplification(Amplification.java:97)
        at eu.stamp_project.dspot.DSpot._amplify(DSpot.java:231)
        at eu.stamp_project.dspot.DSpot.lambda$amplifyTestClassesTestMethods$6(DSpot.java:210)
        at java.util.stream.ReferencePipeline$3$1.accept(ReferencePipeline.java:193)
        at java.util.ArrayList$ArrayListSpliterator.forEachRemaining(ArrayList.java:1374)
        at java.util.stream.AbstractPipeline.copyInto(AbstractPipeline.java:481)
        at java.util.stream.AbstractPipeline.wrapAndCopyInto(AbstractPipeline.java:471)
        at java.util.stream.ReduceOps$ReduceOp.evaluateSequential(ReduceOps.java:708)
        at java.util.stream.AbstractPipeline.evaluate(AbstractPipeline.java:234)
        at java.util.stream.ReferencePipeline.collect(ReferencePipeline.java:499)
        at eu.stamp_project.dspot.DSpot.amplifyTestClassesTestMethods(DSpot.java:211)
        at eu.stamp_project.Main.run(Main.java:66)
        at eu.stamp_project.Main.main(Main.java:40)
2018-11-04 14:26:09,680 INFO eu.stamp_project.dspot.assertgenerator.AssertGenerator - Could not generate any test with assertions
2018-11-04 14:26:09,680 INFO eu.stamp_project.dspot.Amplification - iteration 1 / 3
2018-11-04 14:26:09,680 INFO eu.stamp_project.dspot.Amplification - 9 tests selected to be amplified over 9 available tests
2018-11-04 14:26:09,680 INFO eu.stamp_project.dspot.budget.NoBudgetizer - Amplification of inputs...
100% |================================================== ]/
 55% |================================================== ]/2018-11-04 14:26:09,680 INFO eu.stamp_project.dspot.budget.NoBudgetizer - 0 new tests generated
2018-11-04 14:26:09,680 INFO eu.stamp_project.dspot.Amplification - iteration 2 / 3
2018-11-04 14:26:09,680 WARN eu.stamp_project.dspot.Amplification - No test could be selected to be amplified.
2018-11-04 14:26:09,680 INFO eu.stamp_project.dspot.Amplification - 0 amplified test methods has been selected to be kept. (global: 0)
2018-11-04 14:26:09,680 INFO eu.stamp_project.dspot.Amplification - Amplification of testInitFromFile, (3/12)
2018-11-04 14:26:09,680 INFO eu.stamp_project.dspot.Amplification - iteration 0 / 3
2018-11-04 14:26:09,680 INFO eu.stamp_project.dspot.Amplification - 1 tests selected to be amplified over 1 available tests
2018-11-04 14:26:09,680 INFO eu.stamp_project.dspot.budget.NoBudgetizer - Amplification of inputs...
100% |================================================== ]/
2018-11-04 14:26:09,696 INFO eu.stamp_project.dspot.budget.NoBudgetizer - 7 new tests generated
2018-11-04 14:26:09,778 INFO eu.stamp_project.dspot.assertgenerator.AssertGenerator - Run tests. (7)
2018-11-04 14:26:09,841 INFO eu.stamp_project.utils.compilation.DSpotCompiler - Compiling with -proceedOnError -encoding UTF-8 -cp E:\Dev\tellu_github\tellulib\.\.\target\dspot\tmp_test_sources;C:\Users\Larsgiang\.m2\repository\commons-codec\commons-codec\1.9\commons-codec-1.9.jar;C:\Users\Larsgiang\.m2\repository\org\apache\httpcomponents\httpclient\4.5.5\httpclient-4.5.5.jar;C:\Users\Larsgiang\.m2\repository\org\apache\httpcomponents\httpcore\4.4.9\httpcore-4.4.9.jar;C:\Users\Larsgiang\.m2\repository\commons-logging\commons-logging\1.2\commons-logging-1.2.jar;C:\Users\Larsgiang\.m2\repository\junit\junit\4.12\junit-4.12.jar;C:\Users\Larsgiang\.m2\repository\org\hamcrest\hamcrest-core\1.3\hamcrest-core-1.3.jar;E:\Dev\tellu_github\tellulib\.\.\target/classes/\;E:\Dev\tellu_github\tellulib\.\.\target/test-classes/\;E:\Dev\tellu_github\tellulib\.\.\target/dspot/dependencies/; -d E:\Dev\tellu_github\tellulib\.\.\target\test-classes -1.8 -preserveAllLocals -noExit -enableJavadoc -proc:none E:\Dev\tellu_github\tellulib\target\dspot\tmp_test_sources\no\tellu\lib\data\model\ModelTest.java
Loading E:\Dev\tellu_github\tellulib\target\dspot\TestListener.ser
2018-11-04 14:26:10,366 INFO eu.stamp_project.dspot.assertgenerator.AssertGenerator - 3 test pass, generating assertion...
2018-11-04 14:26:10,382 INFO eu.stamp_project.dspot.assertgenerator.MethodsAssertGenerator - Add observations points in passing tests.
2018-11-04 14:26:10,382 INFO eu.stamp_project.dspot.assertgenerator.MethodsAssertGenerator - Instrumentation...
100% |================================================== ]\
2018-11-04 14:26:10,413 INFO eu.stamp_project.dspot.assertgenerator.MethodsAssertGenerator - Run instrumented tests. (9)
2018-11-04 14:26:10,513 INFO eu.stamp_project.utils.compilation.DSpotCompiler - Compiling with -proceedOnError -encoding UTF-8 -cp E:\Dev\tellu_github\tellulib\.\.\target\dspot\tmp_test_sources;C:\Users\Larsgiang\.m2\repository\commons-codec\commons-codec\1.9\commons-codec-1.9.jar;C:\Users\Larsgiang\.m2\repository\org\apache\httpcomponents\httpclient\4.5.5\httpclient-4.5.5.jar;C:\Users\Larsgiang\.m2\repository\org\apache\httpcomponents\httpcore\4.4.9\httpcore-4.4.9.jar;C:\Users\Larsgiang\.m2\repository\commons-logging\commons-logging\1.2\commons-logging-1.2.jar;C:\Users\Larsgiang\.m2\repository\junit\junit\4.12\junit-4.12.jar;C:\Users\Larsgiang\.m2\repository\org\hamcrest\hamcrest-core\1.3\hamcrest-core-1.3.jar;E:\Dev\tellu_github\tellulib\.\.\target/classes/\;E:\Dev\tellu_github\tellulib\.\.\target/test-classes/\;E:\Dev\tellu_github\tellulib\.\.\target/dspot/dependencies/; -d E:\Dev\tellu_github\tellulib\.\.\target\test-classes -1.8 -preserveAllLocals -noExit -enableJavadoc -proc:none E:\Dev\tellu_github\tellulib\target\dspot\tmp_test_sources\no\tellu\lib\data\model\ModelTest.java
Loading E:\Dev\tellu_github\tellulib\target\dspot\TestListener.ser
2018-11-04 14:26:11,036 INFO eu.stamp_project.dspot.assertgenerator.MethodsAssertGenerator - Generating assertions...
2018-11-04 14:26:11,052 INFO eu.stamp_project.dspot.assertgenerator.AssertGenerator - 4 test fail, generating try/catch/fail blocks...
2018-11-04 14:26:11,067 INFO eu.stamp_project.dspot.assertgenerator.AssertGenerator - 7 new tests with assertions generated
2018-11-04 14:26:11,145 INFO eu.stamp_project.utils.compilation.DSpotCompiler - Compiling with -proceedOnError -encoding UTF-8 -cp E:\Dev\tellu_github\tellulib\.\.\target\dspot\tmp_test_sources;C:\Users\Larsgiang\.m2\repository\commons-codec\commons-codec\1.9\commons-codec-1.9.jar;C:\Users\Larsgiang\.m2\repository\org\apache\httpcomponents\httpclient\4.5.5\httpclient-4.5.5.jar;C:\Users\Larsgiang\.m2\repository\org\apache\httpcomponents\httpcore\4.4.9\httpcore-4.4.9.jar;C:\Users\Larsgiang\.m2\repository\commons-logging\commons-logging\1.2\commons-logging-1.2.jar;C:\Users\Larsgiang\.m2\repository\junit\junit\4.12\junit-4.12.jar;C:\Users\Larsgiang\.m2\repository\org\hamcrest\hamcrest-core\1.3\hamcrest-core-1.3.jar;E:\Dev\tellu_github\tellulib\.\.\target/classes/\;E:\Dev\tellu_github\tellulib\.\.\target/test-classes/\;E:\Dev\tellu_github\tellulib\.\.\target/dspot/dependencies/; -d E:\Dev\tellu_github\tellulib\.\.\target\test-classes -1.8 -preserveAllLocals -noExit -enableJavadoc -proc:none E:\Dev\tellu_github\tellulib\target\dspot\tmp_test_sources\no\tellu\lib\data\model\ModelTest.java
Loading E:\Dev\tellu_github\tellulib\target\dspot\TestListener.ser
2018-11-04 14:26:11,741 INFO eu.stamp_project.dspot.Amplification - Assertion amplification: 7 test method(s) has been successfully amplified.
2018-11-04 14:26:12,448 INFO eu.stamp_project.automaticbuilder.MavenAutomaticBuilder - Using C:\Dev\maven for maven home
2018-11-04 14:26:12,448 INFO eu.stamp_project.automaticbuilder.MavenAutomaticBuilder - run maven: C:\Dev\maven/bin/mvn org.pitest:pitest-maven:1.4.0:mutationCoverage -DtargetClasses=no.tellu.* -DreportsDirectory=target/pit-reports -DoutputFormats=CSV,HTML -DtimeoutConst=10000 -DjvmArgs=16G -DtargetTests=no.tellu.lib.data.model.ModelTest -DadditionalClasspathElements=E:\Dev\tellu_github\tellulib\.\.\target/dspot/dependencies/ -DmutationEngine=descartes
[WARN] Maven will be executed in interactive mode, but no input stream has been configured for this MavenInvoker instance.
2018-11-04 14:26:31,004 INFO eu.stamp_project.dspot.selector.PitMutantScoreSelector - 789 mutants has been generated (789)
2018-11-04 14:26:31,004 INFO eu.stamp_project.dspot.Amplification - 0 amplified test methods has been selected to be kept.
2018-11-04 14:26:31,004 INFO eu.stamp_project.dspot.Amplification - iteration 1 / 3
2018-11-04 14:26:31,004 INFO eu.stamp_project.dspot.Amplification - 7 tests selected to be amplified over 7 available tests
2018-11-04 14:26:31,004 INFO eu.stamp_project.dspot.budget.NoBudgetizer - Amplification of inputs...
 71% |================================================== ]/
 57% |================================================== ]|2018-11-04 14:26:31,019 INFO eu.stamp_project.dspot.budget.NoBudgetizer - 18 new tests generated
2018-11-04 14:26:31,133 INFO eu.stamp_project.dspot.assertgenerator.AssertGenerator - Run tests. (18)
2018-11-04 14:26:31,211 INFO eu.stamp_project.utils.compilation.DSpotCompiler - Compiling with -proceedOnError -encoding UTF-8 -cp E:\Dev\tellu_github\tellulib\.\.\target\dspot\tmp_test_sources;C:\Users\Larsgiang\.m2\repository\commons-codec\commons-codec\1.9\commons-codec-1.9.jar;C:\Users\Larsgiang\.m2\repository\org\apache\httpcomponents\httpclient\4.5.5\httpclient-4.5.5.jar;C:\Users\Larsgiang\.m2\repository\org\apache\httpcomponents\httpcore\4.4.9\httpcore-4.4.9.jar;C:\Users\Larsgiang\.m2\repository\commons-logging\commons-logging\1.2\commons-logging-1.2.jar;C:\Users\Larsgiang\.m2\repository\junit\junit\4.12\junit-4.12.jar;C:\Users\Larsgiang\.m2\repository\org\hamcrest\hamcrest-core\1.3\hamcrest-core-1.3.jar;E:\Dev\tellu_github\tellulib\.\.\target/classes/\;E:\Dev\tellu_github\tellulib\.\.\target/test-classes/\;E:\Dev\tellu_github\tellulib\.\.\target/dspot/dependencies/; -d E:\Dev\tellu_github\tellulib\.\.\target\test-classes -1.8 -preserveAllLocals -noExit -enableJavadoc -proc:none E:\Dev\tellu_github\tellulib\target\dspot\tmp_test_sources\no\tellu\lib\data\model\ModelTest.java
Loading E:\Dev\tellu_github\tellulib\target\dspot\TestListener.ser
2018-11-04 14:26:31,778 INFO eu.stamp_project.dspot.assertgenerator.AssertGenerator - 6 test pass, generating assertion...
2018-11-04 14:26:31,798 INFO eu.stamp_project.dspot.assertgenerator.MethodsAssertGenerator - Add observations points in passing tests.
2018-11-04 14:26:31,798 INFO eu.stamp_project.dspot.assertgenerator.MethodsAssertGenerator - Instrumentation...
100% |================================================== ]-
2018-11-04 14:26:31,815 INFO eu.stamp_project.dspot.assertgenerator.MethodsAssertGenerator - Run instrumented tests. (18)
2018-11-04 14:26:31,928 INFO eu.stamp_project.utils.compilation.DSpotCompiler - Compiling with -proceedOnError -encoding UTF-8 -cp E:\Dev\tellu_github\tellulib\.\.\target\dspot\tmp_test_sources;C:\Users\Larsgiang\.m2\repository\commons-codec\commons-codec\1.9\commons-codec-1.9.jar;C:\Users\Larsgiang\.m2\repository\org\apache\httpcomponents\httpclient\4.5.5\httpclient-4.5.5.jar;C:\Users\Larsgiang\.m2\repository\org\apache\httpcomponents\httpcore\4.4.9\httpcore-4.4.9.jar;C:\Users\Larsgiang\.m2\repository\commons-logging\commons-logging\1.2\commons-logging-1.2.jar;C:\Users\Larsgiang\.m2\repository\junit\junit\4.12\junit-4.12.jar;C:\Users\Larsgiang\.m2\repository\org\hamcrest\hamcrest-core\1.3\hamcrest-core-1.3.jar;E:\Dev\tellu_github\tellulib\.\.\target/classes/\;E:\Dev\tellu_github\tellulib\.\.\target/test-classes/\;E:\Dev\tellu_github\tellulib\.\.\target/dspot/dependencies/; -d E:\Dev\tellu_github\tellulib\.\.\target\test-classes -1.8 -preserveAllLocals -noExit -enableJavadoc -proc:none E:\Dev\tellu_github\tellulib\target\dspot\tmp_test_sources\no\tellu\lib\data\model\ModelTest.java
Loading E:\Dev\tellu_github\tellulib\target\dspot\TestListener.ser
2018-11-04 14:26:32,522 INFO eu.stamp_project.dspot.assertgenerator.MethodsAssertGenerator - Generating assertions...
2018-11-04 14:26:32,527 INFO eu.stamp_project.dspot.assertgenerator.AssertGenerator - 12 test fail, generating try/catch/fail blocks...
2018-11-04 14:26:32,535 INFO eu.stamp_project.dspot.assertgenerator.AssertGenerator - 12 new tests with assertions generated
2018-11-04 14:26:32,603 INFO eu.stamp_project.utils.compilation.DSpotCompiler - Compiling with -proceedOnError -encoding UTF-8 -cp E:\Dev\tellu_github\tellulib\.\.\target\dspot\tmp_test_sources;C:\Users\Larsgiang\.m2\repository\commons-codec\commons-codec\1.9\commons-codec-1.9.jar;C:\Users\Larsgiang\.m2\repository\org\apache\httpcomponents\httpclient\4.5.5\httpclient-4.5.5.jar;C:\Users\Larsgiang\.m2\repository\org\apache\httpcomponents\httpcore\4.4.9\httpcore-4.4.9.jar;C:\Users\Larsgiang\.m2\repository\commons-logging\commons-logging\1.2\commons-logging-1.2.jar;C:\Users\Larsgiang\.m2\repository\junit\junit\4.12\junit-4.12.jar;C:\Users\Larsgiang\.m2\repository\org\hamcrest\hamcrest-core\1.3\hamcrest-core-1.3.jar;E:\Dev\tellu_github\tellulib\.\.\target/classes/\;E:\Dev\tellu_github\tellulib\.\.\target/test-classes/\;E:\Dev\tellu_github\tellulib\.\.\target/dspot/dependencies/; -d E:\Dev\tellu_github\tellulib\.\.\target\test-classes -1.8 -preserveAllLocals -noExit -enableJavadoc -proc:none E:\Dev\tellu_github\tellulib\target\dspot\tmp_test_sources\no\tellu\lib\data\model\ModelTest.java
Loading E:\Dev\tellu_github\tellulib\target\dspot\TestListener.ser
2018-11-04 14:26:33,075 INFO eu.stamp_project.dspot.Amplification - Assertion amplification: 12 test method(s) has been successfully amplified.
2018-11-04 14:26:33,791 INFO eu.stamp_project.automaticbuilder.MavenAutomaticBuilder - Using C:\Dev\maven for maven home
2018-11-04 14:26:33,791 INFO eu.stamp_project.automaticbuilder.MavenAutomaticBuilder - run maven: C:\Dev\maven/bin/mvn org.pitest:pitest-maven:1.4.0:mutationCoverage -DtargetClasses=no.tellu.* -DreportsDirectory=target/pit-reports -DoutputFormats=CSV,HTML -DtimeoutConst=10000 -DjvmArgs=16G -DtargetTests=no.tellu.lib.data.model.ModelTest -DadditionalClasspathElements=E:\Dev\tellu_github\tellulib\.\.\target/dspot/dependencies/ -DmutationEngine=descartes
[WARN] Maven will be executed in interactive mode, but no input stream has been configured for this MavenInvoker instance.
2018-11-04 14:26:51,694 INFO eu.stamp_project.dspot.selector.PitMutantScoreSelector - 789 mutants has been generated (789)
2018-11-04 14:26:51,694 INFO eu.stamp_project.dspot.Amplification - 0 amplified test methods has been selected to be kept.
2018-11-04 14:26:51,695 INFO eu.stamp_project.dspot.Amplification - iteration 2 / 3
2018-11-04 14:26:51,697 INFO eu.stamp_project.dspot.Amplification - 12 tests selected to be amplified over 12 available tests
2018-11-04 14:26:51,697 INFO eu.stamp_project.dspot.budget.NoBudgetizer - Amplification of inputs...
 50% |================================================== ]-
2018-11-04 14:26:51,701 INFO eu.stamp_project.dspot.budget.NoBudgetizer - 0 new tests generated
2018-11-04 14:26:51,701 INFO eu.stamp_project.dspot.Amplification - 0 amplified test methods has been selected to be kept. (global: 0)
2018-11-04 14:26:51,702 INFO eu.stamp_project.dspot.Amplification - Amplification of testInitFromMeta, (4/12)
2018-11-04 14:26:51,702 INFO eu.stamp_project.dspot.Amplification - iteration 0 / 3
2018-11-04 14:26:51,702 INFO eu.stamp_project.dspot.Amplification - 1 tests selected to be amplified over 1 available tests
2018-11-04 14:26:51,703 INFO eu.stamp_project.dspot.budget.NoBudgetizer - Amplification of inputs...
100% |================================================== ]/
2018-11-04 14:26:51,707 INFO eu.stamp_project.dspot.budget.NoBudgetizer - 3 new tests generated
2018-11-04 14:26:51,735 INFO eu.stamp_project.dspot.assertgenerator.AssertGenerator - Run tests. (3)
2018-11-04 14:26:51,790 INFO eu.stamp_project.utils.compilation.DSpotCompiler - Compiling with -proceedOnError -encoding UTF-8 -cp E:\Dev\tellu_github\tellulib\.\.\target\dspot\tmp_test_sources;C:\Users\Larsgiang\.m2\repository\commons-codec\commons-codec\1.9\commons-codec-1.9.jar;C:\Users\Larsgiang\.m2\repository\org\apache\httpcomponents\httpclient\4.5.5\httpclient-4.5.5.jar;C:\Users\Larsgiang\.m2\repository\org\apache\httpcomponents\httpcore\4.4.9\httpcore-4.4.9.jar;C:\Users\Larsgiang\.m2\repository\commons-logging\commons-logging\1.2\commons-logging-1.2.jar;C:\Users\Larsgiang\.m2\repository\junit\junit\4.12\junit-4.12.jar;C:\Users\Larsgiang\.m2\repository\org\hamcrest\hamcrest-core\1.3\hamcrest-core-1.3.jar;E:\Dev\tellu_github\tellulib\.\.\target/classes/\;E:\Dev\tellu_github\tellulib\.\.\target/test-classes/\;E:\Dev\tellu_github\tellulib\.\.\target/dspot/dependencies/; -d E:\Dev\tellu_github\tellulib\.\.\target\test-classes -1.8 -preserveAllLocals -noExit -enableJavadoc -proc:none E:\Dev\tellu_github\tellulib\target\dspot\tmp_test_sources\no\tellu\lib\data\model\ModelTest.java
Loading E:\Dev\tellu_github\tellulib\target\dspot\TestListener.ser
2018-11-04 14:26:52,241 INFO eu.stamp_project.dspot.assertgenerator.AssertGenerator - 2 test pass, generating assertion...
2018-11-04 14:26:52,241 INFO eu.stamp_project.dspot.assertgenerator.MethodsAssertGenerator - Add observations points in passing tests.
2018-11-04 14:26:52,241 INFO eu.stamp_project.dspot.assertgenerator.MethodsAssertGenerator - Instrumentation...
100% |================================================== ]-
2018-11-04 14:26:52,256 INFO eu.stamp_project.dspot.assertgenerator.MethodsAssertGenerator - Run instrumented tests. (6)
2018-11-04 14:26:52,304 INFO eu.stamp_project.utils.compilation.DSpotCompiler - Compiling with -proceedOnError -encoding UTF-8 -cp E:\Dev\tellu_github\tellulib\.\.\target\dspot\tmp_test_sources;C:\Users\Larsgiang\.m2\repository\commons-codec\commons-codec\1.9\commons-codec-1.9.jar;C:\Users\Larsgiang\.m2\repository\org\apache\httpcomponents\httpclient\4.5.5\httpclient-4.5.5.jar;C:\Users\Larsgiang\.m2\repository\org\apache\httpcomponents\httpcore\4.4.9\httpcore-4.4.9.jar;C:\Users\Larsgiang\.m2\repository\commons-logging\commons-logging\1.2\commons-logging-1.2.jar;C:\Users\Larsgiang\.m2\repository\junit\junit\4.12\junit-4.12.jar;C:\Users\Larsgiang\.m2\repository\org\hamcrest\hamcrest-core\1.3\hamcrest-core-1.3.jar;E:\Dev\tellu_github\tellulib\.\.\target/classes/\;E:\Dev\tellu_github\tellulib\.\.\target/test-classes/\;E:\Dev\tellu_github\tellulib\.\.\target/dspot/dependencies/; -d E:\Dev\tellu_github\tellulib\.\.\target\test-classes -1.8 -preserveAllLocals -noExit -enableJavadoc -proc:none E:\Dev\tellu_github\tellulib\target\dspot\tmp_test_sources\no\tellu\lib\data\model\ModelTest.java
Loading E:\Dev\tellu_github\tellulib\target\dspot\TestListener.ser
2018-11-04 14:26:52,800 INFO eu.stamp_project.dspot.assertgenerator.MethodsAssertGenerator - Generating assertions...
2018-11-04 14:26:52,802 INFO eu.stamp_project.dspot.assertgenerator.AssertGenerator - 1 test fail, generating try/catch/fail blocks...
2018-11-04 14:26:52,803 INFO eu.stamp_project.dspot.assertgenerator.AssertGenerator - 3 new tests with assertions generated
2018-11-04 14:26:52,871 INFO eu.stamp_project.utils.compilation.DSpotCompiler - Compiling with -proceedOnError -encoding UTF-8 -cp E:\Dev\tellu_github\tellulib\.\.\target\dspot\tmp_test_sources;C:\Users\Larsgiang\.m2\repository\commons-codec\commons-codec\1.9\commons-codec-1.9.jar;C:\Users\Larsgiang\.m2\repository\org\apache\httpcomponents\httpclient\4.5.5\httpclient-4.5.5.jar;C:\Users\Larsgiang\.m2\repository\org\apache\httpcomponents\httpcore\4.4.9\httpcore-4.4.9.jar;C:\Users\Larsgiang\.m2\repository\commons-logging\commons-logging\1.2\commons-logging-1.2.jar;C:\Users\Larsgiang\.m2\repository\junit\junit\4.12\junit-4.12.jar;C:\Users\Larsgiang\.m2\repository\org\hamcrest\hamcrest-core\1.3\hamcrest-core-1.3.jar;E:\Dev\tellu_github\tellulib\.\.\target/classes/\;E:\Dev\tellu_github\tellulib\.\.\target/test-classes/\;E:\Dev\tellu_github\tellulib\.\.\target/dspot/dependencies/; -d E:\Dev\tellu_github\tellulib\.\.\target\test-classes -1.8 -preserveAllLocals -noExit -enableJavadoc -proc:none E:\Dev\tellu_github\tellulib\target\dspot\tmp_test_sources\no\tellu\lib\data\model\ModelTest.java
Loading E:\Dev\tellu_github\tellulib\target\dspot\TestListener.ser
2018-11-04 14:26:53,316 INFO eu.stamp_project.dspot.Amplification - Assertion amplification: 3 test method(s) has been successfully amplified.
2018-11-04 14:26:53,929 INFO eu.stamp_project.automaticbuilder.MavenAutomaticBuilder - Using C:\Dev\maven for maven home
2018-11-04 14:26:53,929 INFO eu.stamp_project.automaticbuilder.MavenAutomaticBuilder - run maven: C:\Dev\maven/bin/mvn org.pitest:pitest-maven:1.4.0:mutationCoverage -DtargetClasses=no.tellu.* -DreportsDirectory=target/pit-reports -DoutputFormats=CSV,HTML -DtimeoutConst=10000 -DjvmArgs=16G -DtargetTests=no.tellu.lib.data.model.ModelTest -DadditionalClasspathElements=E:\Dev\tellu_github\tellulib\.\.\target/dspot/dependencies/ -DmutationEngine=descartes
[WARN] Maven will be executed in interactive mode, but no input stream has been configured for this MavenInvoker instance.
2018-11-04 14:27:06,564 INFO eu.stamp_project.dspot.selector.PitMutantScoreSelector - 789 mutants has been generated (789)
2018-11-04 14:27:06,564 INFO eu.stamp_project.dspot.Amplification - 0 amplified test methods has been selected to be kept.
2018-11-04 14:27:06,565 INFO eu.stamp_project.dspot.Amplification - iteration 1 / 3
2018-11-04 14:27:06,566 INFO eu.stamp_project.dspot.Amplification - 3 tests selected to be amplified over 3 available tests
2018-11-04 14:27:06,567 INFO eu.stamp_project.dspot.budget.NoBudgetizer - Amplification of inputs...
100% |================================================== ]\
2018-11-04 14:27:06,569 INFO eu.stamp_project.dspot.budget.NoBudgetizer - 4 new tests generated
2018-11-04 14:27:06,593 INFO eu.stamp_project.dspot.assertgenerator.AssertGenerator - Run tests. (4)
2018-11-04 14:27:06,651 INFO eu.stamp_project.utils.compilation.DSpotCompiler - Compiling with -proceedOnError -encoding UTF-8 -cp E:\Dev\tellu_github\tellulib\.\.\target\dspot\tmp_test_sources;C:\Users\Larsgiang\.m2\repository\commons-codec\commons-codec\1.9\commons-codec-1.9.jar;C:\Users\Larsgiang\.m2\repository\org\apache\httpcomponents\httpclient\4.5.5\httpclient-4.5.5.jar;C:\Users\Larsgiang\.m2\repository\org\apache\httpcomponents\httpcore\4.4.9\httpcore-4.4.9.jar;C:\Users\Larsgiang\.m2\repository\commons-logging\commons-logging\1.2\commons-logging-1.2.jar;C:\Users\Larsgiang\.m2\repository\junit\junit\4.12\junit-4.12.jar;C:\Users\Larsgiang\.m2\repository\org\hamcrest\hamcrest-core\1.3\hamcrest-core-1.3.jar;E:\Dev\tellu_github\tellulib\.\.\target/classes/\;E:\Dev\tellu_github\tellulib\.\.\target/test-classes/\;E:\Dev\tellu_github\tellulib\.\.\target/dspot/dependencies/; -d E:\Dev\tellu_github\tellulib\.\.\target\test-classes -1.8 -preserveAllLocals -noExit -enableJavadoc -proc:none E:\Dev\tellu_github\tellulib\target\dspot\tmp_test_sources\no\tellu\lib\data\model\ModelTest.java
Loading E:\Dev\tellu_github\tellulib\target\dspot\TestListener.ser
2018-11-04 14:27:07,148 INFO eu.stamp_project.dspot.assertgenerator.AssertGenerator - 2 test pass, generating assertion...
2018-11-04 14:27:07,157 INFO eu.stamp_project.dspot.assertgenerator.MethodsAssertGenerator - Add observations points in passing tests.
2018-11-04 14:27:07,158 INFO eu.stamp_project.dspot.assertgenerator.MethodsAssertGenerator - Instrumentation...
100% |================================================== ]-
2018-11-04 14:27:07,167 INFO eu.stamp_project.dspot.assertgenerator.MethodsAssertGenerator - Run instrumented tests. (6)
2018-11-04 14:27:07,237 INFO eu.stamp_project.utils.compilation.DSpotCompiler - Compiling with -proceedOnError -encoding UTF-8 -cp E:\Dev\tellu_github\tellulib\.\.\target\dspot\tmp_test_sources;C:\Users\Larsgiang\.m2\repository\commons-codec\commons-codec\1.9\commons-codec-1.9.jar;C:\Users\Larsgiang\.m2\repository\org\apache\httpcomponents\httpclient\4.5.5\httpclient-4.5.5.jar;C:\Users\Larsgiang\.m2\repository\org\apache\httpcomponents\httpcore\4.4.9\httpcore-4.4.9.jar;C:\Users\Larsgiang\.m2\repository\commons-logging\commons-logging\1.2\commons-logging-1.2.jar;C:\Users\Larsgiang\.m2\repository\junit\junit\4.12\junit-4.12.jar;C:\Users\Larsgiang\.m2\repository\org\hamcrest\hamcrest-core\1.3\hamcrest-core-1.3.jar;E:\Dev\tellu_github\tellulib\.\.\target/classes/\;E:\Dev\tellu_github\tellulib\.\.\target/test-classes/\;E:\Dev\tellu_github\tellulib\.\.\target/dspot/dependencies/; -d E:\Dev\tellu_github\tellulib\.\.\target\test-classes -1.8 -preserveAllLocals -noExit -enableJavadoc -proc:none E:\Dev\tellu_github\tellulib\target\dspot\tmp_test_sources\no\tellu\lib\data\model\ModelTest.java
Loading E:\Dev\tellu_github\tellulib\target\dspot\TestListener.ser
2018-11-04 14:27:07,761 INFO eu.stamp_project.dspot.assertgenerator.MethodsAssertGenerator - Generating assertions...
2018-11-04 14:27:07,762 INFO eu.stamp_project.dspot.assertgenerator.AssertGenerator - 2 test fail, generating try/catch/fail blocks...
2018-11-04 14:27:07,764 INFO eu.stamp_project.dspot.assertgenerator.AssertGenerator - 2 new tests with assertions generated
2018-11-04 14:27:07,833 INFO eu.stamp_project.utils.compilation.DSpotCompiler - Compiling with -proceedOnError -encoding UTF-8 -cp E:\Dev\tellu_github\tellulib\.\.\target\dspot\tmp_test_sources;C:\Users\Larsgiang\.m2\repository\commons-codec\commons-codec\1.9\commons-codec-1.9.jar;C:\Users\Larsgiang\.m2\repository\org\apache\httpcomponents\httpclient\4.5.5\httpclient-4.5.5.jar;C:\Users\Larsgiang\.m2\repository\org\apache\httpcomponents\httpcore\4.4.9\httpcore-4.4.9.jar;C:\Users\Larsgiang\.m2\repository\commons-logging\commons-logging\1.2\commons-logging-1.2.jar;C:\Users\Larsgiang\.m2\repository\junit\junit\4.12\junit-4.12.jar;C:\Users\Larsgiang\.m2\repository\org\hamcrest\hamcrest-core\1.3\hamcrest-core-1.3.jar;E:\Dev\tellu_github\tellulib\.\.\target/classes/\;E:\Dev\tellu_github\tellulib\.\.\target/test-classes/\;E:\Dev\tellu_github\tellulib\.\.\target/dspot/dependencies/; -d E:\Dev\tellu_github\tellulib\.\.\target\test-classes -1.8 -preserveAllLocals -noExit -enableJavadoc -proc:none E:\Dev\tellu_github\tellulib\target\dspot\tmp_test_sources\no\tellu\lib\data\model\ModelTest.java
Loading E:\Dev\tellu_github\tellulib\target\dspot\TestListener.ser
2018-11-04 14:27:08,303 INFO eu.stamp_project.dspot.Amplification - Assertion amplification: 2 test method(s) has been successfully amplified.
2018-11-04 14:27:08,913 INFO eu.stamp_project.automaticbuilder.MavenAutomaticBuilder - Using C:\Dev\maven for maven home
2018-11-04 14:27:08,914 INFO eu.stamp_project.automaticbuilder.MavenAutomaticBuilder - run maven: C:\Dev\maven/bin/mvn org.pitest:pitest-maven:1.4.0:mutationCoverage -DtargetClasses=no.tellu.* -DreportsDirectory=target/pit-reports -DoutputFormats=CSV,HTML -DtimeoutConst=10000 -DjvmArgs=16G -DtargetTests=no.tellu.lib.data.model.ModelTest -DadditionalClasspathElements=E:\Dev\tellu_github\tellulib\.\.\target/dspot/dependencies/ -DmutationEngine=descartes
[WARN] Maven will be executed in interactive mode, but no input stream has been configured for this MavenInvoker instance.
2018-11-04 14:27:20,190 INFO eu.stamp_project.dspot.selector.PitMutantScoreSelector - 789 mutants has been generated (789)
2018-11-04 14:27:20,190 INFO eu.stamp_project.dspot.Amplification - 0 amplified test methods has been selected to be kept.
2018-11-04 14:27:20,190 INFO eu.stamp_project.dspot.Amplification - iteration 2 / 3
2018-11-04 14:27:20,190 INFO eu.stamp_project.dspot.Amplification - 2 tests selected to be amplified over 2 available tests
2018-11-04 14:27:20,190 INFO eu.stamp_project.dspot.budget.NoBudgetizer - Amplification of inputs...
100% |================================================== ]-
2018-11-04 14:27:20,190 INFO eu.stamp_project.dspot.budget.NoBudgetizer - 0 new tests generated
2018-11-04 14:27:20,190 INFO eu.stamp_project.dspot.Amplification - 0 amplified test methods has been selected to be kept. (global: 0)
2018-11-04 14:27:20,190 INFO eu.stamp_project.dspot.Amplification - Amplification of testInitFromModel, (5/12)
2018-11-04 14:27:20,190 INFO eu.stamp_project.dspot.Amplification - iteration 0 / 3
2018-11-04 14:27:20,206 INFO eu.stamp_project.dspot.Amplification - 1 tests selected to be amplified over 1 available tests
2018-11-04 14:27:20,206 INFO eu.stamp_project.dspot.budget.NoBudgetizer - Amplification of inputs...
100% |================================================== ]/
2018-11-04 14:27:20,206 INFO eu.stamp_project.dspot.budget.NoBudgetizer - 9 new tests generated
2018-11-04 14:27:20,290 INFO eu.stamp_project.dspot.assertgenerator.AssertGenerator - Run tests. (9)
2018-11-04 14:27:20,348 INFO eu.stamp_project.utils.compilation.DSpotCompiler - Compiling with -proceedOnError -encoding UTF-8 -cp E:\Dev\tellu_github\tellulib\.\.\target\dspot\tmp_test_sources;C:\Users\Larsgiang\.m2\repository\commons-codec\commons-codec\1.9\commons-codec-1.9.jar;C:\Users\Larsgiang\.m2\repository\org\apache\httpcomponents\httpclient\4.5.5\httpclient-4.5.5.jar;C:\Users\Larsgiang\.m2\repository\org\apache\httpcomponents\httpcore\4.4.9\httpcore-4.4.9.jar;C:\Users\Larsgiang\.m2\repository\commons-logging\commons-logging\1.2\commons-logging-1.2.jar;C:\Users\Larsgiang\.m2\repository\junit\junit\4.12\junit-4.12.jar;C:\Users\Larsgiang\.m2\repository\org\hamcrest\hamcrest-core\1.3\hamcrest-core-1.3.jar;E:\Dev\tellu_github\tellulib\.\.\target/classes/\;E:\Dev\tellu_github\tellulib\.\.\target/test-classes/\;E:\Dev\tellu_github\tellulib\.\.\target/dspot/dependencies/; -d E:\Dev\tellu_github\tellulib\.\.\target\test-classes -1.8 -preserveAllLocals -noExit -enableJavadoc -proc:none E:\Dev\tellu_github\tellulib\target\dspot\tmp_test_sources\no\tellu\lib\data\model\ModelTest.java
Loading E:\Dev\tellu_github\tellulib\target\dspot\TestListener.ser
2018-11-04 14:27:20,791 INFO eu.stamp_project.dspot.assertgenerator.AssertGenerator - 4 test pass, generating assertion...
2018-11-04 14:27:20,807 INFO eu.stamp_project.dspot.assertgenerator.MethodsAssertGenerator - Add observations points in passing tests.
2018-11-04 14:27:20,807 INFO eu.stamp_project.dspot.assertgenerator.MethodsAssertGenerator - Instrumentation...
100% |================================================== ]|
2018-11-04 14:27:20,823 INFO eu.stamp_project.dspot.assertgenerator.MethodsAssertGenerator - Run instrumented tests. (12)
2018-11-04 14:27:20,906 INFO eu.stamp_project.utils.compilation.DSpotCompiler - Compiling with -proceedOnError -encoding UTF-8 -cp E:\Dev\tellu_github\tellulib\.\.\target\dspot\tmp_test_sources;C:\Users\Larsgiang\.m2\repository\commons-codec\commons-codec\1.9\commons-codec-1.9.jar;C:\Users\Larsgiang\.m2\repository\org\apache\httpcomponents\httpclient\4.5.5\httpclient-4.5.5.jar;C:\Users\Larsgiang\.m2\repository\org\apache\httpcomponents\httpcore\4.4.9\httpcore-4.4.9.jar;C:\Users\Larsgiang\.m2\repository\commons-logging\commons-logging\1.2\commons-logging-1.2.jar;C:\Users\Larsgiang\.m2\repository\junit\junit\4.12\junit-4.12.jar;C:\Users\Larsgiang\.m2\repository\org\hamcrest\hamcrest-core\1.3\hamcrest-core-1.3.jar;E:\Dev\tellu_github\tellulib\.\.\target/classes/\;E:\Dev\tellu_github\tellulib\.\.\target/test-classes/\;E:\Dev\tellu_github\tellulib\.\.\target/dspot/dependencies/; -d E:\Dev\tellu_github\tellulib\.\.\target\test-classes -1.8 -preserveAllLocals -noExit -enableJavadoc -proc:none E:\Dev\tellu_github\tellulib\target\dspot\tmp_test_sources\no\tellu\lib\data\model\ModelTest.java
Loading E:\Dev\tellu_github\tellulib\target\dspot\TestListener.ser
2018-11-04 14:27:21,483 INFO eu.stamp_project.dspot.assertgenerator.MethodsAssertGenerator - Generating assertions...
2018-11-04 14:27:22,092 INFO eu.stamp_project.dspot.assertgenerator.AssertGenerator - 5 test fail, generating try/catch/fail blocks...
2018-11-04 14:27:22,092 INFO eu.stamp_project.dspot.assertgenerator.AssertGenerator - 9 new tests with assertions generated
2018-11-04 14:27:22,185 INFO eu.stamp_project.utils.compilation.DSpotCompiler - Compiling with -proceedOnError -encoding UTF-8 -cp E:\Dev\tellu_github\tellulib\.\.\target\dspot\tmp_test_sources;C:\Users\Larsgiang\.m2\repository\commons-codec\commons-codec\1.9\commons-codec-1.9.jar;C:\Users\Larsgiang\.m2\repository\org\apache\httpcomponents\httpclient\4.5.5\httpclient-4.5.5.jar;C:\Users\Larsgiang\.m2\repository\org\apache\httpcomponents\httpcore\4.4.9\httpcore-4.4.9.jar;C:\Users\Larsgiang\.m2\repository\commons-logging\commons-logging\1.2\commons-logging-1.2.jar;C:\Users\Larsgiang\.m2\repository\junit\junit\4.12\junit-4.12.jar;C:\Users\Larsgiang\.m2\repository\org\hamcrest\hamcrest-core\1.3\hamcrest-core-1.3.jar;E:\Dev\tellu_github\tellulib\.\.\target/classes/\;E:\Dev\tellu_github\tellulib\.\.\target/test-classes/\;E:\Dev\tellu_github\tellulib\.\.\target/dspot/dependencies/; -d E:\Dev\tellu_github\tellulib\.\.\target\test-classes -1.8 -preserveAllLocals -noExit -enableJavadoc -proc:none E:\Dev\tellu_github\tellulib\target\dspot\tmp_test_sources\no\tellu\lib\data\model\ModelTest.java
Loading E:\Dev\tellu_github\tellulib\target\dspot\TestListener.ser
2018-11-04 14:27:22,650 INFO eu.stamp_project.dspot.Amplification - Assertion amplification: 9 test method(s) has been successfully amplified.
2018-11-04 14:27:23,334 INFO eu.stamp_project.automaticbuilder.MavenAutomaticBuilder - Using C:\Dev\maven for maven home
2018-11-04 14:27:23,334 INFO eu.stamp_project.automaticbuilder.MavenAutomaticBuilder - run maven: C:\Dev\maven/bin/mvn org.pitest:pitest-maven:1.4.0:mutationCoverage -DtargetClasses=no.tellu.* -DreportsDirectory=target/pit-reports -DoutputFormats=CSV,HTML -DtimeoutConst=10000 -DjvmArgs=16G -DtargetTests=no.tellu.lib.data.model.ModelTest -DadditionalClasspathElements=E:\Dev\tellu_github\tellulib\.\.\target/dspot/dependencies/ -DmutationEngine=descartes
[WARN] Maven will be executed in interactive mode, but no input stream has been configured for this MavenInvoker instance.
2018-11-04 14:27:43,099 INFO eu.stamp_project.dspot.selector.PitMutantScoreSelector - 789 mutants has been generated (789)
2018-11-04 14:27:43,099 INFO eu.stamp_project.dspot.selector.PitMutantScoreSelector - testInitFromModel_remove170 kills 2 more mutants
2018-11-04 14:27:43,099 INFO eu.stamp_project.dspot.Amplification - 1 amplified test methods has been selected to be kept.
2018-11-04 14:27:43,099 INFO eu.stamp_project.dspot.Amplification - iteration 1 / 3
2018-11-04 14:27:43,099 INFO eu.stamp_project.dspot.Amplification - 9 tests selected to be amplified over 9 available tests
2018-11-04 14:27:43,099 INFO eu.stamp_project.dspot.budget.NoBudgetizer - Amplification of inputs...
100% |================================================== ]/
 88% |================================================== ]|2018-11-04 14:27:43,115 INFO eu.stamp_project.dspot.budget.NoBudgetizer - 32 new tests generated
2018-11-04 14:27:43,334 INFO eu.stamp_project.dspot.assertgenerator.AssertGenerator - Run tests. (32)
2018-11-04 14:27:43,412 INFO eu.stamp_project.utils.compilation.DSpotCompiler - Compiling with -proceedOnError -encoding UTF-8 -cp E:\Dev\tellu_github\tellulib\.\.\target\dspot\tmp_test_sources;C:\Users\Larsgiang\.m2\repository\commons-codec\commons-codec\1.9\commons-codec-1.9.jar;C:\Users\Larsgiang\.m2\repository\org\apache\httpcomponents\httpclient\4.5.5\httpclient-4.5.5.jar;C:\Users\Larsgiang\.m2\repository\org\apache\httpcomponents\httpcore\4.4.9\httpcore-4.4.9.jar;C:\Users\Larsgiang\.m2\repository\commons-logging\commons-logging\1.2\commons-logging-1.2.jar;C:\Users\Larsgiang\.m2\repository\junit\junit\4.12\junit-4.12.jar;C:\Users\Larsgiang\.m2\repository\org\hamcrest\hamcrest-core\1.3\hamcrest-core-1.3.jar;E:\Dev\tellu_github\tellulib\.\.\target/classes/\;E:\Dev\tellu_github\tellulib\.\.\target/test-classes/\;E:\Dev\tellu_github\tellulib\.\.\target/dspot/dependencies/; -d E:\Dev\tellu_github\tellulib\.\.\target\test-classes -1.8 -preserveAllLocals -noExit -enableJavadoc -proc:none E:\Dev\tellu_github\tellulib\target\dspot\tmp_test_sources\no\tellu\lib\data\model\ModelTest.java
2018-11-04 14:28:16,548 WARN eu.stamp_project.testrunner.EntryPoint - Timeout when running java  -classpath E:\Dev\tellu_github\tellulib\.\.\target\test-classes;E:\Dev\tellu_github\tellulib\.\.\target/classes/\;C:\Users\Larsgiang\.m2\repository\commons-codec\commons-codec\1.9\commons-codec-1.9.jar;C:\Users\Larsgiang\.m2\repository\org\apache\httpcomponents\httpclient\4.5.5\httpclient-4.5.5.jar;C:\Users\Larsgiang\.m2\repository\org\apache\httpcomponents\httpcore\4.4.9\httpcore-4.4.9.jar;C:\Users\Larsgiang\.m2\repository\commons-logging\commons-logging\1.2\commons-logging-1.2.jar;C:\Users\Larsgiang\.m2\repository\junit\junit\4.12\junit-4.12.jar;C:\Users\Larsgiang\.m2\repository\org\hamcrest\hamcrest-core\1.3\hamcrest-core-1.3.jar;E:\Dev\tellu_github\tellulib\.\.\target/dspot/dependencies/;E:\Dev\tellu_github\tellulib\dspot.jar eu.stamp_project.testrunner.runner.test.TestRunner no.tellu.lib.data.model.ModelTest testInitFromModel_remove164_remove200;testInitFromModel_remove164_remove204;testInitFromModel_remove164_remove208;testInitFromModel_remove164_remove212;testInitFromModel_remove164_remove215;testInitFromModel_remove164_remove218;testInitFromModel_remove164_remove220;testInitFromModel_remove164_remove223;testInitFromModel_remove169_remove201;testInitFromModel_remove169_remove205;testInitFromModel_remove169_remove209;testInitFromModel_remove169_remove213;testInitFromModel_remove169_remove215;testInitFromModel_remove169_remove218;testInitFromModel_remove169_remove221;testInitFromModel_remove169_remove224;testInitFromModel_remove170_remove195;testInitFromModel_remove170_remove196;testInitFromModel_remove170_remove197;testInitFromModel_remove170_remove199;testInitFromModel_remove170_remove203;testInitFromModel_remove170_remove207;testInitFromModel_remove170_remove211;testInitFromModel_remove170_remove216;testInitFromModel_remove172_remove198;testInitFromModel_remove172_remove202;testInitFromModel_remove172_remove206;testInitFromModel_remove172_remove210;testInitFromModel_remove172_remove214;testInitFromModel_remove172_remove217;testInitFromModel_remove172_remove219;testInitFromModel_remove172_remove222
2018-11-04 14:28:16,548 WARN eu.stamp_project.utils.compilation.TestRunner - Timeout during execution of no.tellu.lib.data.model.ModelTest: testInitFromModel_remove164_remove200,testInitFromModel_remove164_remove204,testInitFromModel_remove164_remove208,testInitFromModel_remove164_remove212,testInitFromModel_remove164_remove215,testInitFromModel_remove164_remove218,testInitFromModel_remove164_remove220,testInitFromModel_remove164_remove223,testInitFromModel_remove169_remove201,testInitFromModel_remove169_remove205,testInitFromModel_remove169_remove209,testInitFromModel_remove169_remove213,testInitFromModel_remove169_remove215,testInitFromModel_remove169_remove218,testInitFromModel_remove169_remove221,testInitFromModel_remove169_remove224,testInitFromModel_remove170_remove195,testInitFromModel_remove170_remove196,testInitFromModel_remove170_remove197,testInitFromModel_remove170_remove199,testInitFromModel_remove170_remove203,testInitFromModel_remove170_remove207,testInitFromModel_remove170_remove211,testInitFromModel_remove170_remove216,testInitFromModel_remove172_remove198,testInitFromModel_remove172_remove202,testInitFromModel_remove172_remove206,testInitFromModel_remove172_remove210,testInitFromModel_remove172_remove214,testInitFromModel_remove172_remove217,testInitFromModel_remove172_remove219,testInitFromModel_remove172_remove222
2018-11-04 14:28:16,548 WARN eu.stamp_project.dspot.assertgenerator.AssertGenerator - Error when executing tests before Assertion Amplification:
eu.stamp_project.dspot.AmplificationException: java.util.concurrent.TimeoutException
        at eu.stamp_project.utils.compilation.TestRunner.runGivenTestMethods(TestRunner.java:75)
        at eu.stamp_project.utils.compilation.TestCompiler.compileAndRun(TestCompiler.java:98)
        at eu.stamp_project.dspot.assertgenerator.AssertGenerator.innerAssertionAmplification(AssertGenerator.java:100)
        at eu.stamp_project.dspot.assertgenerator.AssertGenerator.assertionAmplification(AssertGenerator.java:71)
        at eu.stamp_project.dspot.Amplification.assertionsAmplification(Amplification.java:150)
        at eu.stamp_project.dspot.Amplification.amplification(Amplification.java:135)
        at eu.stamp_project.dspot.Amplification.amplification(Amplification.java:97)
        at eu.stamp_project.dspot.DSpot._amplify(DSpot.java:231)
        at eu.stamp_project.dspot.DSpot.lambda$amplifyTestClassesTestMethods$6(DSpot.java:210)
        at java.util.stream.ReferencePipeline$3$1.accept(ReferencePipeline.java:193)
        at java.util.ArrayList$ArrayListSpliterator.forEachRemaining(ArrayList.java:1374)
        at java.util.stream.AbstractPipeline.copyInto(AbstractPipeline.java:481)
        at java.util.stream.AbstractPipeline.wrapAndCopyInto(AbstractPipeline.java:471)
        at java.util.stream.ReduceOps$ReduceOp.evaluateSequential(ReduceOps.java:708)
        at java.util.stream.AbstractPipeline.evaluate(AbstractPipeline.java:234)
        at java.util.stream.ReferencePipeline.collect(ReferencePipeline.java:499)
        at eu.stamp_project.dspot.DSpot.amplifyTestClassesTestMethods(DSpot.java:211)
        at eu.stamp_project.Main.run(Main.java:66)
        at eu.stamp_project.Main.main(Main.java:40)
Caused by: java.util.concurrent.TimeoutException
        at java.util.concurrent.FutureTask.get(FutureTask.java:205)
        at eu.stamp_project.testrunner.EntryPoint.runGivenCommandLine(EntryPoint.java:373)
        at eu.stamp_project.testrunner.EntryPoint.runTests(EntryPoint.java:179)
        at eu.stamp_project.testrunner.EntryPoint.runTests(EntryPoint.java:166)
        at eu.stamp_project.utils.compilation.TestRunner.runGivenTestMethods(TestRunner.java:61)
        ... 18 more
2018-11-04 14:28:16,563 INFO eu.stamp_project.dspot.assertgenerator.AssertGenerator - Could not generate any test with assertions
2018-11-04 14:28:16,563 INFO eu.stamp_project.dspot.Amplification - iteration 2 / 3
2018-11-04 14:28:16,579 INFO eu.stamp_project.dspot.Amplification - 32 tests selected to be amplified over 32 available tests
2018-11-04 14:28:16,579 INFO eu.stamp_project.dspot.budget.NoBudgetizer - Amplification of inputs...
100% |================================================== ]|
 12% |========================= ]|2018-11-04 14:28:16,595 INFO eu.stamp_project.dspot.budget.NoBudgetizer - 0 new tests generated
2018-11-04 14:28:16,595 INFO eu.stamp_project.dspot.Amplification - 0 amplified test methods has been selected to be kept. (global: 1)
2018-11-04 14:28:16,595 INFO eu.stamp_project.dspot.Amplification - Amplification of testMergeNodes, (6/12)
2018-11-04 14:28:16,595 INFO eu.stamp_project.dspot.Amplification - iteration 0 / 3
2018-11-04 14:28:16,595 INFO eu.stamp_project.dspot.Amplification - 1 tests selected to be amplified over 1 available tests
2018-11-04 14:28:16,595 INFO eu.stamp_project.dspot.budget.NoBudgetizer - Amplification of inputs...
100% |================================================== ]/
2018-11-04 14:28:16,610 INFO eu.stamp_project.dspot.budget.NoBudgetizer - 7 new tests generated
2018-11-04 14:28:16,626 INFO eu.stamp_project.dspot.assertgenerator.AssertGenerator - Run tests. (7)
2018-11-04 14:28:16,694 INFO eu.stamp_project.utils.compilation.DSpotCompiler - Compiling with -proceedOnError -encoding UTF-8 -cp E:\Dev\tellu_github\tellulib\.\.\target\dspot\tmp_test_sources;C:\Users\Larsgiang\.m2\repository\commons-codec\commons-codec\1.9\commons-codec-1.9.jar;C:\Users\Larsgiang\.m2\repository\org\apache\httpcomponents\httpclient\4.5.5\httpclient-4.5.5.jar;C:\Users\Larsgiang\.m2\repository\org\apache\httpcomponents\httpcore\4.4.9\httpcore-4.4.9.jar;C:\Users\Larsgiang\.m2\repository\commons-logging\commons-logging\1.2\commons-logging-1.2.jar;C:\Users\Larsgiang\.m2\repository\junit\junit\4.12\junit-4.12.jar;C:\Users\Larsgiang\.m2\repository\org\hamcrest\hamcrest-core\1.3\hamcrest-core-1.3.jar;E:\Dev\tellu_github\tellulib\.\.\target/classes/\;E:\Dev\tellu_github\tellulib\.\.\target/test-classes/\;E:\Dev\tellu_github\tellulib\.\.\target/dspot/dependencies/; -d E:\Dev\tellu_github\tellulib\.\.\target\test-classes -1.8 -preserveAllLocals -noExit -enableJavadoc -proc:none E:\Dev\tellu_github\tellulib\target\dspot\tmp_test_sources\no\tellu\lib\data\model\ModelTest.java
2018-11-04 14:28:16,760 ERROR eu.stamp_project.utils.compilation.TestCompiler - Error(s) during compilation:
2018-11-04 14:28:16,760 ERROR eu.stamp_project.utils.compilation.TestCompiler - Pb(55) Duplicate local variable boolean_238
2018-11-04 14:28:16,760 ERROR eu.stamp_project.utils.compilation.TestCompiler - Pb(55) Duplicate local variable boolean_240
2018-11-04 14:28:16,760 ERROR eu.stamp_project.utils.compilation.TestCompiler - Pb(55) Duplicate local variable boolean_242
2018-11-04 14:28:16,760 ERROR eu.stamp_project.utils.compilation.TestCompiler - Pb(55) Duplicate local variable boolean_244
2018-11-04 14:28:16,760 ERROR eu.stamp_project.utils.compilation.TestCompiler - Pb(55) Duplicate local variable boolean_246
2018-11-04 14:28:16,760 ERROR eu.stamp_project.utils.compilation.TestCompiler - Pb(55) Duplicate local variable boolean_248
2018-11-04 14:28:16,776 ERROR eu.stamp_project.utils.compilation.TestCompiler - Pb(55) Duplicate local variable boolean_250
2018-11-04 14:28:16,920 INFO eu.stamp_project.utils.compilation.DSpotCompiler - Compiling with -proceedOnError -encoding UTF-8 -cp E:\Dev\tellu_github\tellulib\.\.\target\dspot\tmp_test_sources;C:\Users\Larsgiang\.m2\repository\commons-codec\commons-codec\1.9\commons-codec-1.9.jar;C:\Users\Larsgiang\.m2\repository\org\apache\httpcomponents\httpclient\4.5.5\httpclient-4.5.5.jar;C:\Users\Larsgiang\.m2\repository\org\apache\httpcomponents\httpcore\4.4.9\httpcore-4.4.9.jar;C:\Users\Larsgiang\.m2\repository\commons-logging\commons-logging\1.2\commons-logging-1.2.jar;C:\Users\Larsgiang\.m2\repository\junit\junit\4.12\junit-4.12.jar;C:\Users\Larsgiang\.m2\repository\org\hamcrest\hamcrest-core\1.3\hamcrest-core-1.3.jar;E:\Dev\tellu_github\tellulib\.\.\target/classes/\;E:\Dev\tellu_github\tellulib\.\.\target/test-classes/\;E:\Dev\tellu_github\tellulib\.\.\target/dspot/dependencies/; -d E:\Dev\tellu_github\tellulib\.\.\target\test-classes -1.8 -preserveAllLocals -noExit -enableJavadoc -proc:none E:\Dev\tellu_github\tellulib\target\dspot\tmp_test_sources\no\tellu\lib\data\model\ModelTest.java
2018-11-04 14:28:16,998 WARN eu.stamp_project.dspot.assertgenerator.AssertGenerator - Error when executing tests before Assertion Amplification:
eu.stamp_project.dspot.AmplificationException: Every test methods are uncompilable
        at eu.stamp_project.utils.compilation.TestCompiler.compileAndDiscardUncompilableMethods(TestCompiler.java:123)
        at eu.stamp_project.utils.compilation.TestCompiler.compileAndRun(TestCompiler.java:92)
        at eu.stamp_project.dspot.assertgenerator.AssertGenerator.innerAssertionAmplification(AssertGenerator.java:100)
        at eu.stamp_project.dspot.assertgenerator.AssertGenerator.assertionAmplification(AssertGenerator.java:71)
        at eu.stamp_project.dspot.Amplification.assertionsAmplification(Amplification.java:150)
        at eu.stamp_project.dspot.Amplification.amplification(Amplification.java:135)
        at eu.stamp_project.dspot.Amplification.amplification(Amplification.java:97)
        at eu.stamp_project.dspot.DSpot._amplify(DSpot.java:231)
        at eu.stamp_project.dspot.DSpot.lambda$amplifyTestClassesTestMethods$6(DSpot.java:210)
        at java.util.stream.ReferencePipeline$3$1.accept(ReferencePipeline.java:193)
        at java.util.ArrayList$ArrayListSpliterator.forEachRemaining(ArrayList.java:1374)
        at java.util.stream.AbstractPipeline.copyInto(AbstractPipeline.java:481)
        at java.util.stream.AbstractPipeline.wrapAndCopyInto(AbstractPipeline.java:471)
        at java.util.stream.ReduceOps$ReduceOp.evaluateSequential(ReduceOps.java:708)
        at java.util.stream.AbstractPipeline.evaluate(AbstractPipeline.java:234)
        at java.util.stream.ReferencePipeline.collect(ReferencePipeline.java:499)
        at eu.stamp_project.dspot.DSpot.amplifyTestClassesTestMethods(DSpot.java:211)
        at eu.stamp_project.Main.run(Main.java:66)
        at eu.stamp_project.Main.main(Main.java:40)
2018-11-04 14:28:17,013 INFO eu.stamp_project.dspot.assertgenerator.AssertGenerator - Could not generate any test with assertions
2018-11-04 14:28:17,013 INFO eu.stamp_project.dspot.Amplification - iteration 1 / 3
2018-11-04 14:28:17,013 INFO eu.stamp_project.dspot.Amplification - 7 tests selected to be amplified over 7 available tests
2018-11-04 14:28:17,013 INFO eu.stamp_project.dspot.budget.NoBudgetizer - Amplification of inputs...
 28% |================================================== ]-
2018-11-04 14:28:17,013 INFO eu.stamp_project.dspot.budget.NoBudgetizer - 0 new tests generated
2018-11-04 14:28:17,013 INFO eu.stamp_project.dspot.Amplification - iteration 2 / 3
2018-11-04 14:28:17,013 WARN eu.stamp_project.dspot.Amplification - No test could be selected to be amplified.
2018-11-04 14:28:17,013 INFO eu.stamp_project.dspot.Amplification - 0 amplified test methods has been selected to be kept. (global: 1)
2018-11-04 14:28:17,013 INFO eu.stamp_project.dspot.Amplification - Amplification of testPath, (7/12)
2018-11-04 14:28:17,013 INFO eu.stamp_project.dspot.Amplification - iteration 0 / 3
2018-11-04 14:28:17,013 INFO eu.stamp_project.dspot.Amplification - 1 tests selected to be amplified over 1 available tests
2018-11-04 14:28:17,013 INFO eu.stamp_project.dspot.budget.NoBudgetizer - Amplification of inputs...
100% |================================================== ]/
2018-11-04 14:28:17,013 INFO eu.stamp_project.dspot.budget.NoBudgetizer - 3 new tests generated
2018-11-04 14:28:17,049 INFO eu.stamp_project.dspot.assertgenerator.AssertGenerator - Run tests. (3)
2018-11-04 14:28:17,111 INFO eu.stamp_project.utils.compilation.DSpotCompiler - Compiling with -proceedOnError -encoding UTF-8 -cp E:\Dev\tellu_github\tellulib\.\.\target\dspot\tmp_test_sources;C:\Users\Larsgiang\.m2\repository\commons-codec\commons-codec\1.9\commons-codec-1.9.jar;C:\Users\Larsgiang\.m2\repository\org\apache\httpcomponents\httpclient\4.5.5\httpclient-4.5.5.jar;C:\Users\Larsgiang\.m2\repository\org\apache\httpcomponents\httpcore\4.4.9\httpcore-4.4.9.jar;C:\Users\Larsgiang\.m2\repository\commons-logging\commons-logging\1.2\commons-logging-1.2.jar;C:\Users\Larsgiang\.m2\repository\junit\junit\4.12\junit-4.12.jar;C:\Users\Larsgiang\.m2\repository\org\hamcrest\hamcrest-core\1.3\hamcrest-core-1.3.jar;E:\Dev\tellu_github\tellulib\.\.\target/classes/\;E:\Dev\tellu_github\tellulib\.\.\target/test-classes/\;E:\Dev\tellu_github\tellulib\.\.\target/dspot/dependencies/; -d E:\Dev\tellu_github\tellulib\.\.\target\test-classes -1.8 -preserveAllLocals -noExit -enableJavadoc -proc:none E:\Dev\tellu_github\tellulib\target\dspot\tmp_test_sources\no\tellu\lib\data\model\ModelTest.java
2018-11-04 14:28:17,189 ERROR eu.stamp_project.utils.compilation.TestCompiler - Error(s) during compilation:
2018-11-04 14:28:17,189 ERROR eu.stamp_project.utils.compilation.TestCompiler - Pb(55) Duplicate local variable boolean_252
2018-11-04 14:28:17,189 ERROR eu.stamp_project.utils.compilation.TestCompiler - Pb(55) Duplicate local variable boolean_252
2018-11-04 14:28:17,189 ERROR eu.stamp_project.utils.compilation.TestCompiler - Pb(55) Duplicate local variable boolean_253
2018-11-04 14:28:17,189 ERROR eu.stamp_project.utils.compilation.TestCompiler - Pb(55) Duplicate local variable boolean_255
2018-11-04 14:28:17,189 ERROR eu.stamp_project.utils.compilation.TestCompiler - Pb(55) Duplicate local variable boolean_255
2018-11-04 14:28:17,189 ERROR eu.stamp_project.utils.compilation.TestCompiler - Pb(55) Duplicate local variable boolean_256
2018-11-04 14:28:17,189 ERROR eu.stamp_project.utils.compilation.TestCompiler - Pb(55) Duplicate local variable boolean_258
2018-11-04 14:28:17,189 ERROR eu.stamp_project.utils.compilation.TestCompiler - Pb(55) Duplicate local variable boolean_258
2018-11-04 14:28:17,189 ERROR eu.stamp_project.utils.compilation.TestCompiler - Pb(55) Duplicate local variable boolean_259
2018-11-04 14:28:17,330 INFO eu.stamp_project.utils.compilation.DSpotCompiler - Compiling with -proceedOnError -encoding UTF-8 -cp E:\Dev\tellu_github\tellulib\.\.\target\dspot\tmp_test_sources;C:\Users\Larsgiang\.m2\repository\commons-codec\commons-codec\1.9\commons-codec-1.9.jar;C:\Users\Larsgiang\.m2\repository\org\apache\httpcomponents\httpclient\4.5.5\httpclient-4.5.5.jar;C:\Users\Larsgiang\.m2\repository\org\apache\httpcomponents\httpcore\4.4.9\httpcore-4.4.9.jar;C:\Users\Larsgiang\.m2\repository\commons-logging\commons-logging\1.2\commons-logging-1.2.jar;C:\Users\Larsgiang\.m2\repository\junit\junit\4.12\junit-4.12.jar;C:\Users\Larsgiang\.m2\repository\org\hamcrest\hamcrest-core\1.3\hamcrest-core-1.3.jar;E:\Dev\tellu_github\tellulib\.\.\target/classes/\;E:\Dev\tellu_github\tellulib\.\.\target/test-classes/\;E:\Dev\tellu_github\tellulib\.\.\target/dspot/dependencies/; -d E:\Dev\tellu_github\tellulib\.\.\target\test-classes -1.8 -preserveAllLocals -noExit -enableJavadoc -proc:none E:\Dev\tellu_github\tellulib\target\dspot\tmp_test_sources\no\tellu\lib\data\model\ModelTest.java
2018-11-04 14:28:17,392 WARN eu.stamp_project.dspot.assertgenerator.AssertGenerator - Error when executing tests before Assertion Amplification:
eu.stamp_project.dspot.AmplificationException: Every test methods are uncompilable
        at eu.stamp_project.utils.compilation.TestCompiler.compileAndDiscardUncompilableMethods(TestCompiler.java:123)
        at eu.stamp_project.utils.compilation.TestCompiler.compileAndRun(TestCompiler.java:92)
        at eu.stamp_project.dspot.assertgenerator.AssertGenerator.innerAssertionAmplification(AssertGenerator.java:100)
        at eu.stamp_project.dspot.assertgenerator.AssertGenerator.assertionAmplification(AssertGenerator.java:71)
        at eu.stamp_project.dspot.Amplification.assertionsAmplification(Amplification.java:150)
        at eu.stamp_project.dspot.Amplification.amplification(Amplification.java:135)
        at eu.stamp_project.dspot.Amplification.amplification(Amplification.java:97)
        at eu.stamp_project.dspot.DSpot._amplify(DSpot.java:231)
        at eu.stamp_project.dspot.DSpot.lambda$amplifyTestClassesTestMethods$6(DSpot.java:210)
        at java.util.stream.ReferencePipeline$3$1.accept(ReferencePipeline.java:193)
        at java.util.ArrayList$ArrayListSpliterator.forEachRemaining(ArrayList.java:1374)
        at java.util.stream.AbstractPipeline.copyInto(AbstractPipeline.java:481)
        at java.util.stream.AbstractPipeline.wrapAndCopyInto(AbstractPipeline.java:471)
        at java.util.stream.ReduceOps$ReduceOp.evaluateSequential(ReduceOps.java:708)
        at java.util.stream.AbstractPipeline.evaluate(AbstractPipeline.java:234)
        at java.util.stream.ReferencePipeline.collect(ReferencePipeline.java:499)
        at eu.stamp_project.dspot.DSpot.amplifyTestClassesTestMethods(DSpot.java:211)
        at eu.stamp_project.Main.run(Main.java:66)
        at eu.stamp_project.Main.main(Main.java:40)
2018-11-04 14:28:17,408 INFO eu.stamp_project.dspot.assertgenerator.AssertGenerator - Could not generate any test with assertions
2018-11-04 14:28:17,408 INFO eu.stamp_project.dspot.Amplification - iteration 1 / 3
2018-11-04 14:28:17,408 INFO eu.stamp_project.dspot.Amplification - 3 tests selected to be amplified over 3 available tests
2018-11-04 14:28:17,408 INFO eu.stamp_project.dspot.budget.NoBudgetizer - Amplification of inputs...
100% |================================================== ]\
 66% |================================================== ]-2018-11-04 14:28:17,408 INFO eu.stamp_project.dspot.budget.NoBudgetizer - 0 new tests generated
2018-11-04 14:28:17,408 INFO eu.stamp_project.dspot.Amplification - iteration 2 / 3
2018-11-04 14:28:17,408 WARN eu.stamp_project.dspot.Amplification - No test could be selected to be amplified.
2018-11-04 14:28:17,408 INFO eu.stamp_project.dspot.Amplification - 0 amplified test methods has been selected to be kept. (global: 1)
2018-11-04 14:28:17,408 INFO eu.stamp_project.dspot.Amplification - Amplification of testProcessor, (8/12)
2018-11-04 14:28:17,408 INFO eu.stamp_project.dspot.Amplification - iteration 0 / 3
2018-11-04 14:28:17,408 INFO eu.stamp_project.dspot.Amplification - 1 tests selected to be amplified over 1 available tests
2018-11-04 14:28:17,408 INFO eu.stamp_project.dspot.budget.NoBudgetizer - Amplification of inputs...
100% |================================================== ]/
2018-11-04 14:28:17,439 INFO eu.stamp_project.dspot.budget.NoBudgetizer - 11 new tests generated
2018-11-04 14:28:17,713 INFO eu.stamp_project.dspot.assertgenerator.AssertGenerator - Run tests. (11)
2018-11-04 14:28:17,807 INFO eu.stamp_project.utils.compilation.DSpotCompiler - Compiling with -proceedOnError -encoding UTF-8 -cp E:\Dev\tellu_github\tellulib\.\.\target\dspot\tmp_test_sources;C:\Users\Larsgiang\.m2\repository\commons-codec\commons-codec\1.9\commons-codec-1.9.jar;C:\Users\Larsgiang\.m2\repository\org\apache\httpcomponents\httpclient\4.5.5\httpclient-4.5.5.jar;C:\Users\Larsgiang\.m2\repository\org\apache\httpcomponents\httpcore\4.4.9\httpcore-4.4.9.jar;C:\Users\Larsgiang\.m2\repository\commons-logging\commons-logging\1.2\commons-logging-1.2.jar;C:\Users\Larsgiang\.m2\repository\junit\junit\4.12\junit-4.12.jar;C:\Users\Larsgiang\.m2\repository\org\hamcrest\hamcrest-core\1.3\hamcrest-core-1.3.jar;E:\Dev\tellu_github\tellulib\.\.\target/classes/\;E:\Dev\tellu_github\tellulib\.\.\target/test-classes/\;E:\Dev\tellu_github\tellulib\.\.\target/dspot/dependencies/; -d E:\Dev\tellu_github\tellulib\.\.\target\test-classes -1.8 -preserveAllLocals -noExit -enableJavadoc -proc:none E:\Dev\tellu_github\tellulib\target\dspot\tmp_test_sources\no\tellu\lib\data\model\ModelTest.java
2018-11-04 14:28:17,885 ERROR eu.stamp_project.utils.compilation.TestCompiler - Error(s) during compilation:
2018-11-04 14:28:17,885 ERROR eu.stamp_project.utils.compilation.TestCompiler - Pb(55) Duplicate local variable boolean_261
2018-11-04 14:28:17,885 ERROR eu.stamp_project.utils.compilation.TestCompiler - Pb(55) Duplicate local variable boolean_261
2018-11-04 14:28:17,885 ERROR eu.stamp_project.utils.compilation.TestCompiler - Pb(55) Duplicate local variable boolean_262
2018-11-04 14:28:17,885 ERROR eu.stamp_project.utils.compilation.TestCompiler - Pb(55) Duplicate local variable boolean_261
2018-11-04 14:28:17,885 ERROR eu.stamp_project.utils.compilation.TestCompiler - Pb(55) Duplicate local variable boolean_262
2018-11-04 14:28:17,885 ERROR eu.stamp_project.utils.compilation.TestCompiler - Pb(55) Duplicate local variable boolean_263
2018-11-04 14:28:17,885 ERROR eu.stamp_project.utils.compilation.TestCompiler - Pb(55) Duplicate local variable boolean_265
2018-11-04 14:28:17,885 ERROR eu.stamp_project.utils.compilation.TestCompiler - Pb(55) Duplicate local variable boolean_265
2018-11-04 14:28:17,885 ERROR eu.stamp_project.utils.compilation.TestCompiler - Pb(55) Duplicate local variable boolean_266
2018-11-04 14:28:17,885 ERROR eu.stamp_project.utils.compilation.TestCompiler - Pb(55) Duplicate local variable boolean_265
2018-11-04 14:28:17,885 ERROR eu.stamp_project.utils.compilation.TestCompiler - Pb(55) Duplicate local variable boolean_266
2018-11-04 14:28:17,885 ERROR eu.stamp_project.utils.compilation.TestCompiler - Pb(55) Duplicate local variable boolean_267
2018-11-04 14:28:17,901 ERROR eu.stamp_project.utils.compilation.TestCompiler - Pb(55) Duplicate local variable boolean_269
2018-11-04 14:28:17,901 ERROR eu.stamp_project.utils.compilation.TestCompiler - Pb(55) Duplicate local variable boolean_269
2018-11-04 14:28:17,901 ERROR eu.stamp_project.utils.compilation.TestCompiler - Pb(55) Duplicate local variable boolean_270
2018-11-04 14:28:17,902 ERROR eu.stamp_project.utils.compilation.TestCompiler - Pb(55) Duplicate local variable boolean_269
2018-11-04 14:28:17,902 ERROR eu.stamp_project.utils.compilation.TestCompiler - Pb(55) Duplicate local variable boolean_270
2018-11-04 14:28:17,902 ERROR eu.stamp_project.utils.compilation.TestCompiler - Pb(55) Duplicate local variable boolean_271
2018-11-04 14:28:17,904 ERROR eu.stamp_project.utils.compilation.TestCompiler - Pb(55) Duplicate local variable boolean_273
2018-11-04 14:28:17,906 ERROR eu.stamp_project.utils.compilation.TestCompiler - Pb(55) Duplicate local variable boolean_273
2018-11-04 14:28:18,060 INFO eu.stamp_project.utils.compilation.DSpotCompiler - Compiling with -proceedOnError -encoding UTF-8 -cp E:\Dev\tellu_github\tellulib\.\.\target\dspot\tmp_test_sources;C:\Users\Larsgiang\.m2\repository\commons-codec\commons-codec\1.9\commons-codec-1.9.jar;C:\Users\Larsgiang\.m2\repository\org\apache\httpcomponents\httpclient\4.5.5\httpclient-4.5.5.jar;C:\Users\Larsgiang\.m2\repository\org\apache\httpcomponents\httpcore\4.4.9\httpcore-4.4.9.jar;C:\Users\Larsgiang\.m2\repository\commons-logging\commons-logging\1.2\commons-logging-1.2.jar;C:\Users\Larsgiang\.m2\repository\junit\junit\4.12\junit-4.12.jar;C:\Users\Larsgiang\.m2\repository\org\hamcrest\hamcrest-core\1.3\hamcrest-core-1.3.jar;E:\Dev\tellu_github\tellulib\.\.\target/classes/\;E:\Dev\tellu_github\tellulib\.\.\target/test-classes/\;E:\Dev\tellu_github\tellulib\.\.\target/dspot/dependencies/; -d E:\Dev\tellu_github\tellulib\.\.\target\test-classes -1.8 -preserveAllLocals -noExit -enableJavadoc -proc:none E:\Dev\tellu_github\tellulib\target\dspot\tmp_test_sources\no\tellu\lib\data\model\ModelTest.java
2018-11-04 14:28:18,123 WARN eu.stamp_project.dspot.assertgenerator.AssertGenerator - Error when executing tests before Assertion Amplification:
eu.stamp_project.dspot.AmplificationException: Every test methods are uncompilable
        at eu.stamp_project.utils.compilation.TestCompiler.compileAndDiscardUncompilableMethods(TestCompiler.java:123)
        at eu.stamp_project.utils.compilation.TestCompiler.compileAndRun(TestCompiler.java:92)
        at eu.stamp_project.dspot.assertgenerator.AssertGenerator.innerAssertionAmplification(AssertGenerator.java:100)
        at eu.stamp_project.dspot.assertgenerator.AssertGenerator.assertionAmplification(AssertGenerator.java:71)
        at eu.stamp_project.dspot.Amplification.assertionsAmplification(Amplification.java:150)
        at eu.stamp_project.dspot.Amplification.amplification(Amplification.java:135)
        at eu.stamp_project.dspot.Amplification.amplification(Amplification.java:97)
        at eu.stamp_project.dspot.DSpot._amplify(DSpot.java:231)
        at eu.stamp_project.dspot.DSpot.lambda$amplifyTestClassesTestMethods$6(DSpot.java:210)
        at java.util.stream.ReferencePipeline$3$1.accept(ReferencePipeline.java:193)
        at java.util.ArrayList$ArrayListSpliterator.forEachRemaining(ArrayList.java:1374)
        at java.util.stream.AbstractPipeline.copyInto(AbstractPipeline.java:481)
        at java.util.stream.AbstractPipeline.wrapAndCopyInto(AbstractPipeline.java:471)
        at java.util.stream.ReduceOps$ReduceOp.evaluateSequential(ReduceOps.java:708)
        at java.util.stream.AbstractPipeline.evaluate(AbstractPipeline.java:234)
        at java.util.stream.ReferencePipeline.collect(ReferencePipeline.java:499)
        at eu.stamp_project.dspot.DSpot.amplifyTestClassesTestMethods(DSpot.java:211)
        at eu.stamp_project.Main.run(Main.java:66)
        at eu.stamp_project.Main.main(Main.java:40)
2018-11-04 14:28:18,139 INFO eu.stamp_project.dspot.assertgenerator.AssertGenerator - Could not generate any test with assertions
2018-11-04 14:28:18,139 INFO eu.stamp_project.dspot.Amplification - iteration 1 / 3
2018-11-04 14:28:18,139 INFO eu.stamp_project.dspot.Amplification - 11 tests selected to be amplified over 11 available tests
2018-11-04 14:28:18,139 INFO eu.stamp_project.dspot.budget.NoBudgetizer - Amplification of inputs...
100% |================================================== ]\
 45% |================================================== ]/2018-11-04 14:28:18,139 INFO eu.stamp_project.dspot.budget.NoBudgetizer - 0 new tests generated
2018-11-04 14:28:18,139 INFO eu.stamp_project.dspot.Amplification - iteration 2 / 3
2018-11-04 14:28:18,139 WARN eu.stamp_project.dspot.Amplification - No test could be selected to be amplified.
2018-11-04 14:28:18,139 INFO eu.stamp_project.dspot.Amplification - 0 amplified test methods has been selected to be kept. (global: 1)
2018-11-04 14:28:18,139 INFO eu.stamp_project.dspot.Amplification - Amplification of testReset, (9/12)
2018-11-04 14:28:18,139 INFO eu.stamp_project.dspot.Amplification - iteration 0 / 3
2018-11-04 14:28:18,139 INFO eu.stamp_project.dspot.Amplification - 1 tests selected to be amplified over 1 available tests
2018-11-04 14:28:18,139 INFO eu.stamp_project.dspot.budget.NoBudgetizer - Amplification of inputs...
100% |================================================== ]/
2018-11-04 14:28:18,248 INFO eu.stamp_project.dspot.budget.NoBudgetizer - 13 new tests generated
2018-11-04 14:28:19,801 INFO eu.stamp_project.dspot.assertgenerator.AssertGenerator - Run tests. (13)
2018-11-04 14:28:19,877 INFO eu.stamp_project.utils.compilation.DSpotCompiler - Compiling with -proceedOnError -encoding UTF-8 -cp E:\Dev\tellu_github\tellulib\.\.\target\dspot\tmp_test_sources;C:\Users\Larsgiang\.m2\repository\commons-codec\commons-codec\1.9\commons-codec-1.9.jar;C:\Users\Larsgiang\.m2\repository\org\apache\httpcomponents\httpclient\4.5.5\httpclient-4.5.5.jar;C:\Users\Larsgiang\.m2\repository\org\apache\httpcomponents\httpcore\4.4.9\httpcore-4.4.9.jar;C:\Users\Larsgiang\.m2\repository\commons-logging\commons-logging\1.2\commons-logging-1.2.jar;C:\Users\Larsgiang\.m2\repository\junit\junit\4.12\junit-4.12.jar;C:\Users\Larsgiang\.m2\repository\org\hamcrest\hamcrest-core\1.3\hamcrest-core-1.3.jar;E:\Dev\tellu_github\tellulib\.\.\target/classes/\;E:\Dev\tellu_github\tellulib\.\.\target/test-classes/\;E:\Dev\tellu_github\tellulib\.\.\target/dspot/dependencies/; -d E:\Dev\tellu_github\tellulib\.\.\target\test-classes -1.8 -preserveAllLocals -noExit -enableJavadoc -proc:none E:\Dev\tellu_github\tellulib\target\dspot\tmp_test_sources\no\tellu\lib\data\model\ModelTest.java
2018-11-04 14:28:19,963 ERROR eu.stamp_project.utils.compilation.TestCompiler - Error(s) during compilation:
2018-11-04 14:28:19,963 ERROR eu.stamp_project.utils.compilation.TestCompiler - Pb(55) Duplicate local variable boolean_306
2018-11-04 14:28:19,964 ERROR eu.stamp_project.utils.compilation.TestCompiler - Pb(55) Duplicate local variable boolean_310
2018-11-04 14:28:19,966 ERROR eu.stamp_project.utils.compilation.TestCompiler - Pb(55) Duplicate local variable boolean_314
2018-11-04 14:28:19,966 ERROR eu.stamp_project.utils.compilation.TestCompiler - Pb(55) Duplicate local variable boolean_318
2018-11-04 14:28:19,966 ERROR eu.stamp_project.utils.compilation.TestCompiler - Pb(55) Duplicate local variable boolean_322
2018-11-04 14:28:19,967 ERROR eu.stamp_project.utils.compilation.TestCompiler - Pb(55) Duplicate local variable boolean_326
2018-11-04 14:28:19,967 ERROR eu.stamp_project.utils.compilation.TestCompiler - Pb(55) Duplicate local variable boolean_330
2018-11-04 14:28:19,967 ERROR eu.stamp_project.utils.compilation.TestCompiler - Pb(55) Duplicate local variable boolean_334
2018-11-04 14:28:19,968 ERROR eu.stamp_project.utils.compilation.TestCompiler - Pb(55) Duplicate local variable boolean_338
2018-11-04 14:28:19,968 ERROR eu.stamp_project.utils.compilation.TestCompiler - Pb(55) Duplicate local variable boolean_342
2018-11-04 14:28:19,968 ERROR eu.stamp_project.utils.compilation.TestCompiler - Pb(55) Duplicate local variable boolean_346
2018-11-04 14:28:19,969 ERROR eu.stamp_project.utils.compilation.TestCompiler - Pb(55) Duplicate local variable boolean_350
2018-11-04 14:28:19,969 ERROR eu.stamp_project.utils.compilation.TestCompiler - Pb(55) Duplicate local variable boolean_354
2018-11-04 14:28:20,120 INFO eu.stamp_project.utils.compilation.DSpotCompiler - Compiling with -proceedOnError -encoding UTF-8 -cp E:\Dev\tellu_github\tellulib\.\.\target\dspot\tmp_test_sources;C:\Users\Larsgiang\.m2\repository\commons-codec\commons-codec\1.9\commons-codec-1.9.jar;C:\Users\Larsgiang\.m2\repository\org\apache\httpcomponents\httpclient\4.5.5\httpclient-4.5.5.jar;C:\Users\Larsgiang\.m2\repository\org\apache\httpcomponents\httpcore\4.4.9\httpcore-4.4.9.jar;C:\Users\Larsgiang\.m2\repository\commons-logging\commons-logging\1.2\commons-logging-1.2.jar;C:\Users\Larsgiang\.m2\repository\junit\junit\4.12\junit-4.12.jar;C:\Users\Larsgiang\.m2\repository\org\hamcrest\hamcrest-core\1.3\hamcrest-core-1.3.jar;E:\Dev\tellu_github\tellulib\.\.\target/classes/\;E:\Dev\tellu_github\tellulib\.\.\target/test-classes/\;E:\Dev\tellu_github\tellulib\.\.\target/dspot/dependencies/; -d E:\Dev\tellu_github\tellulib\.\.\target\test-classes -1.8 -preserveAllLocals -noExit -enableJavadoc -proc:none E:\Dev\tellu_github\tellulib\target\dspot\tmp_test_sources\no\tellu\lib\data\model\ModelTest.java
2018-11-04 14:28:20,191 WARN eu.stamp_project.dspot.assertgenerator.AssertGenerator - Error when executing tests before Assertion Amplification:
eu.stamp_project.dspot.AmplificationException: Every test methods are uncompilable
        at eu.stamp_project.utils.compilation.TestCompiler.compileAndDiscardUncompilableMethods(TestCompiler.java:123)
        at eu.stamp_project.utils.compilation.TestCompiler.compileAndRun(TestCompiler.java:92)
        at eu.stamp_project.dspot.assertgenerator.AssertGenerator.innerAssertionAmplification(AssertGenerator.java:100)
        at eu.stamp_project.dspot.assertgenerator.AssertGenerator.assertionAmplification(AssertGenerator.java:71)
        at eu.stamp_project.dspot.Amplification.assertionsAmplification(Amplification.java:150)
        at eu.stamp_project.dspot.Amplification.amplification(Amplification.java:135)
        at eu.stamp_project.dspot.Amplification.amplification(Amplification.java:97)
        at eu.stamp_project.dspot.DSpot._amplify(DSpot.java:231)
        at eu.stamp_project.dspot.DSpot.lambda$amplifyTestClassesTestMethods$6(DSpot.java:210)
        at java.util.stream.ReferencePipeline$3$1.accept(ReferencePipeline.java:193)
        at java.util.ArrayList$ArrayListSpliterator.forEachRemaining(ArrayList.java:1374)
        at java.util.stream.AbstractPipeline.copyInto(AbstractPipeline.java:481)
        at java.util.stream.AbstractPipeline.wrapAndCopyInto(AbstractPipeline.java:471)
        at java.util.stream.ReduceOps$ReduceOp.evaluateSequential(ReduceOps.java:708)
        at java.util.stream.AbstractPipeline.evaluate(AbstractPipeline.java:234)
        at java.util.stream.ReferencePipeline.collect(ReferencePipeline.java:499)
        at eu.stamp_project.dspot.DSpot.amplifyTestClassesTestMethods(DSpot.java:211)
        at eu.stamp_project.Main.run(Main.java:66)
        at eu.stamp_project.Main.main(Main.java:40)
2018-11-04 14:28:20,199 INFO eu.stamp_project.dspot.assertgenerator.AssertGenerator - Could not generate any test with assertions
2018-11-04 14:28:20,200 INFO eu.stamp_project.dspot.Amplification - iteration 1 / 3
2018-11-04 14:28:20,200 INFO eu.stamp_project.dspot.Amplification - 13 tests selected to be amplified over 13 available tests
2018-11-04 14:28:20,200 INFO eu.stamp_project.dspot.budget.NoBudgetizer - Amplification of inputs...
100% |==================================================== ]/
2018-11-04 14:28:20,205 INFO eu.stamp_project.dspot.budget.NoBudgetizer - 0 new tests generated
2018-11-04 14:28:20,206 INFO eu.stamp_project.dspot.Amplification - iteration 2 / 3
2018-11-04 14:28:20,207 WARN eu.stamp_project.dspot.Amplification - No test could be selected to be amplified.
2018-11-04 14:28:20,207 INFO eu.stamp_project.dspot.Amplification - 0 amplified test methods has been selected to be kept. (global: 1)
2018-11-04 14:28:20,207 INFO eu.stamp_project.dspot.Amplification - Amplification of testRuleCondition, (10/12)
2018-11-04 14:28:20,207 INFO eu.stamp_project.dspot.Amplification - iteration 0 / 3
2018-11-04 14:28:20,208 INFO eu.stamp_project.dspot.Amplification - 1 tests selected to be amplified over 1 available tests
2018-11-04 14:28:20,208 INFO eu.stamp_project.dspot.budget.NoBudgetizer - Amplification of inputs...
100% |================================================== ]/
2018-11-04 14:28:20,244 INFO eu.stamp_project.dspot.budget.NoBudgetizer - 15 new tests generated
2018-11-04 14:28:20,733 INFO eu.stamp_project.dspot.assertgenerator.AssertGenerator - Run tests. (15)
2018-11-04 14:28:20,829 INFO eu.stamp_project.utils.compilation.DSpotCompiler - Compiling with -proceedOnError -encoding UTF-8 -cp E:\Dev\tellu_github\tellulib\.\.\target\dspot\tmp_test_sources;C:\Users\Larsgiang\.m2\repository\commons-codec\commons-codec\1.9\commons-codec-1.9.jar;C:\Users\Larsgiang\.m2\repository\org\apache\httpcomponents\httpclient\4.5.5\httpclient-4.5.5.jar;C:\Users\Larsgiang\.m2\repository\org\apache\httpcomponents\httpcore\4.4.9\httpcore-4.4.9.jar;C:\Users\Larsgiang\.m2\repository\commons-logging\commons-logging\1.2\commons-logging-1.2.jar;C:\Users\Larsgiang\.m2\repository\junit\junit\4.12\junit-4.12.jar;C:\Users\Larsgiang\.m2\repository\org\hamcrest\hamcrest-core\1.3\hamcrest-core-1.3.jar;E:\Dev\tellu_github\tellulib\.\.\target/classes/\;E:\Dev\tellu_github\tellulib\.\.\target/test-classes/\;E:\Dev\tellu_github\tellulib\.\.\target/dspot/dependencies/; -d E:\Dev\tellu_github\tellulib\.\.\target\test-classes -1.8 -preserveAllLocals -noExit -enableJavadoc -proc:none E:\Dev\tellu_github\tellulib\target\dspot\tmp_test_sources\no\tellu\lib\data\model\ModelTest.java
2018-11-04 14:28:20,905 ERROR eu.stamp_project.utils.compilation.TestCompiler - Error(s) during compilation:
2018-11-04 14:28:20,905 ERROR eu.stamp_project.utils.compilation.TestCompiler - Pb(55) Duplicate local variable boolean_357
2018-11-04 14:28:20,906 ERROR eu.stamp_project.utils.compilation.TestCompiler - Pb(55) Duplicate local variable boolean_357
2018-11-04 14:28:20,908 ERROR eu.stamp_project.utils.compilation.TestCompiler - Pb(55) Duplicate local variable boolean_358
2018-11-04 14:28:20,908 ERROR eu.stamp_project.utils.compilation.TestCompiler - Pb(55) Duplicate local variable boolean_357
2018-11-04 14:28:20,908 ERROR eu.stamp_project.utils.compilation.TestCompiler - Pb(55) Duplicate local variable boolean_358
2018-11-04 14:28:20,909 ERROR eu.stamp_project.utils.compilation.TestCompiler - Pb(55) Duplicate local variable boolean_359
2018-11-04 14:28:20,909 ERROR eu.stamp_project.utils.compilation.TestCompiler - Pb(55) Duplicate local variable boolean_361
2018-11-04 14:28:20,909 ERROR eu.stamp_project.utils.compilation.TestCompiler - Pb(55) Duplicate local variable boolean_361
2018-11-04 14:28:20,910 ERROR eu.stamp_project.utils.compilation.TestCompiler - Pb(55) Duplicate local variable boolean_362
2018-11-04 14:28:20,910 ERROR eu.stamp_project.utils.compilation.TestCompiler - Pb(55) Duplicate local variable boolean_361
2018-11-04 14:28:20,910 ERROR eu.stamp_project.utils.compilation.TestCompiler - Pb(55) Duplicate local variable boolean_362
2018-11-04 14:28:20,910 ERROR eu.stamp_project.utils.compilation.TestCompiler - Pb(55) Duplicate local variable boolean_363
2018-11-04 14:28:20,911 ERROR eu.stamp_project.utils.compilation.TestCompiler - Pb(55) Duplicate local variable boolean_365
2018-11-04 14:28:20,911 ERROR eu.stamp_project.utils.compilation.TestCompiler - Pb(55) Duplicate local variable boolean_365
2018-11-04 14:28:20,911 ERROR eu.stamp_project.utils.compilation.TestCompiler - Pb(55) Duplicate local variable boolean_366
2018-11-04 14:28:20,912 ERROR eu.stamp_project.utils.compilation.TestCompiler - Pb(55) Duplicate local variable boolean_365
2018-11-04 14:28:20,912 ERROR eu.stamp_project.utils.compilation.TestCompiler - Pb(55) Duplicate local variable boolean_366
2018-11-04 14:28:20,912 ERROR eu.stamp_project.utils.compilation.TestCompiler - Pb(55) Duplicate local variable boolean_367
2018-11-04 14:28:20,913 ERROR eu.stamp_project.utils.compilation.TestCompiler - Pb(55) Duplicate local variable boolean_369
2018-11-04 14:28:20,913 ERROR eu.stamp_project.utils.compilation.TestCompiler - Pb(55) Duplicate local variable boolean_369
2018-11-04 14:28:21,065 INFO eu.stamp_project.utils.compilation.DSpotCompiler - Compiling with -proceedOnError -encoding UTF-8 -cp E:\Dev\tellu_github\tellulib\.\.\target\dspot\tmp_test_sources;C:\Users\Larsgiang\.m2\repository\commons-codec\commons-codec\1.9\commons-codec-1.9.jar;C:\Users\Larsgiang\.m2\repository\org\apache\httpcomponents\httpclient\4.5.5\httpclient-4.5.5.jar;C:\Users\Larsgiang\.m2\repository\org\apache\httpcomponents\httpcore\4.4.9\httpcore-4.4.9.jar;C:\Users\Larsgiang\.m2\repository\commons-logging\commons-logging\1.2\commons-logging-1.2.jar;C:\Users\Larsgiang\.m2\repository\junit\junit\4.12\junit-4.12.jar;C:\Users\Larsgiang\.m2\repository\org\hamcrest\hamcrest-core\1.3\hamcrest-core-1.3.jar;E:\Dev\tellu_github\tellulib\.\.\target/classes/\;E:\Dev\tellu_github\tellulib\.\.\target/test-classes/\;E:\Dev\tellu_github\tellulib\.\.\target/dspot/dependencies/; -d E:\Dev\tellu_github\tellulib\.\.\target\test-classes -1.8 -preserveAllLocals -noExit -enableJavadoc -proc:none E:\Dev\tellu_github\tellulib\target\dspot\tmp_test_sources\no\tellu\lib\data\model\ModelTest.java
2018-11-04 14:28:21,134 WARN eu.stamp_project.dspot.assertgenerator.AssertGenerator - Error when executing tests before Assertion Amplification:
eu.stamp_project.dspot.AmplificationException: Every test methods are uncompilable
        at eu.stamp_project.utils.compilation.TestCompiler.compileAndDiscardUncompilableMethods(TestCompiler.java:123)
        at eu.stamp_project.utils.compilation.TestCompiler.compileAndRun(TestCompiler.java:92)
        at eu.stamp_project.dspot.assertgenerator.AssertGenerator.innerAssertionAmplification(AssertGenerator.java:100)
        at eu.stamp_project.dspot.assertgenerator.AssertGenerator.assertionAmplification(AssertGenerator.java:71)
        at eu.stamp_project.dspot.Amplification.assertionsAmplification(Amplification.java:150)
        at eu.stamp_project.dspot.Amplification.amplification(Amplification.java:135)
        at eu.stamp_project.dspot.Amplification.amplification(Amplification.java:97)
        at eu.stamp_project.dspot.DSpot._amplify(DSpot.java:231)
        at eu.stamp_project.dspot.DSpot.lambda$amplifyTestClassesTestMethods$6(DSpot.java:210)
        at java.util.stream.ReferencePipeline$3$1.accept(ReferencePipeline.java:193)
        at java.util.ArrayList$ArrayListSpliterator.forEachRemaining(ArrayList.java:1374)
        at java.util.stream.AbstractPipeline.copyInto(AbstractPipeline.java:481)
        at java.util.stream.AbstractPipeline.wrapAndCopyInto(AbstractPipeline.java:471)
        at java.util.stream.ReduceOps$ReduceOp.evaluateSequential(ReduceOps.java:708)
        at java.util.stream.AbstractPipeline.evaluate(AbstractPipeline.java:234)
        at java.util.stream.ReferencePipeline.collect(ReferencePipeline.java:499)
        at eu.stamp_project.dspot.DSpot.amplifyTestClassesTestMethods(DSpot.java:211)
        at eu.stamp_project.Main.run(Main.java:66)
        at eu.stamp_project.Main.main(Main.java:40)
2018-11-04 14:28:21,142 INFO eu.stamp_project.dspot.assertgenerator.AssertGenerator - Could not generate any test with assertions
2018-11-04 14:28:21,143 INFO eu.stamp_project.dspot.Amplification - iteration 1 / 3
2018-11-04 14:28:21,143 INFO eu.stamp_project.dspot.Amplification - 15 tests selected to be amplified over 15 available tests
2018-11-04 14:28:21,143 INFO eu.stamp_project.dspot.budget.NoBudgetizer - Amplification of inputs...
100% |================================================== ]\
 53% |================================================== ]|2018-11-04 14:28:21,149 INFO eu.stamp_project.dspot.budget.NoBudgetizer - 0 new tests generated
2018-11-04 14:28:21,149 INFO eu.stamp_project.dspot.Amplification - iteration 2 / 3
2018-11-04 14:28:21,149 WARN eu.stamp_project.dspot.Amplification - No test could be selected to be amplified.
2018-11-04 14:28:21,149 INFO eu.stamp_project.dspot.Amplification - 0 amplified test methods has been selected to be kept. (global: 1)
2018-11-04 14:28:21,150 INFO eu.stamp_project.dspot.Amplification - Amplification of testRuleTrigger, (11/12)
2018-11-04 14:28:21,150 INFO eu.stamp_project.dspot.Amplification - iteration 0 / 3
2018-11-04 14:28:21,150 INFO eu.stamp_project.dspot.Amplification - 1 tests selected to be amplified over 1 available tests
2018-11-04 14:28:21,151 INFO eu.stamp_project.dspot.budget.NoBudgetizer - Amplification of inputs...
100% |================================================== ]/
2018-11-04 14:28:21,179 INFO eu.stamp_project.dspot.budget.NoBudgetizer - 12 new tests generated
2018-11-04 14:28:21,490 INFO eu.stamp_project.dspot.assertgenerator.AssertGenerator - Run tests. (12)
2018-11-04 14:28:21,574 INFO eu.stamp_project.utils.compilation.DSpotCompiler - Compiling with -proceedOnError -encoding UTF-8 -cp E:\Dev\tellu_github\tellulib\.\.\target\dspot\tmp_test_sources;C:\Users\Larsgiang\.m2\repository\commons-codec\commons-codec\1.9\commons-codec-1.9.jar;C:\Users\Larsgiang\.m2\repository\org\apache\httpcomponents\httpclient\4.5.5\httpclient-4.5.5.jar;C:\Users\Larsgiang\.m2\repository\org\apache\httpcomponents\httpcore\4.4.9\httpcore-4.4.9.jar;C:\Users\Larsgiang\.m2\repository\commons-logging\commons-logging\1.2\commons-logging-1.2.jar;C:\Users\Larsgiang\.m2\repository\junit\junit\4.12\junit-4.12.jar;C:\Users\Larsgiang\.m2\repository\org\hamcrest\hamcrest-core\1.3\hamcrest-core-1.3.jar;E:\Dev\tellu_github\tellulib\.\.\target/classes/\;E:\Dev\tellu_github\tellulib\.\.\target/test-classes/\;E:\Dev\tellu_github\tellulib\.\.\target/dspot/dependencies/; -d E:\Dev\tellu_github\tellulib\.\.\target\test-classes -1.8 -preserveAllLocals -noExit -enableJavadoc -proc:none E:\Dev\tellu_github\tellulib\target\dspot\tmp_test_sources\no\tellu\lib\data\model\ModelTest.java
2018-11-04 14:28:21,650 ERROR eu.stamp_project.utils.compilation.TestCompiler - Error(s) during compilation:
2018-11-04 14:28:21,651 ERROR eu.stamp_project.utils.compilation.TestCompiler - Pb(55) Duplicate local variable boolean_418
2018-11-04 14:28:21,652 ERROR eu.stamp_project.utils.compilation.TestCompiler - Pb(55) Duplicate local variable boolean_421
2018-11-04 14:28:21,653 ERROR eu.stamp_project.utils.compilation.TestCompiler - Pb(55) Duplicate local variable boolean_424
2018-11-04 14:28:21,653 ERROR eu.stamp_project.utils.compilation.TestCompiler - Pb(55) Duplicate local variable boolean_427
2018-11-04 14:28:21,654 ERROR eu.stamp_project.utils.compilation.TestCompiler - Pb(55) Duplicate local variable boolean_430
2018-11-04 14:28:21,654 ERROR eu.stamp_project.utils.compilation.TestCompiler - Pb(55) Duplicate local variable boolean_433
2018-11-04 14:28:21,654 ERROR eu.stamp_project.utils.compilation.TestCompiler - Pb(55) Duplicate local variable boolean_436
2018-11-04 14:28:21,655 ERROR eu.stamp_project.utils.compilation.TestCompiler - Pb(55) Duplicate local variable boolean_439
2018-11-04 14:28:21,655 ERROR eu.stamp_project.utils.compilation.TestCompiler - Pb(55) Duplicate local variable boolean_442
2018-11-04 14:28:21,655 ERROR eu.stamp_project.utils.compilation.TestCompiler - Pb(55) Duplicate local variable boolean_445
2018-11-04 14:28:21,656 ERROR eu.stamp_project.utils.compilation.TestCompiler - Pb(55) Duplicate local variable boolean_448
2018-11-04 14:28:21,656 ERROR eu.stamp_project.utils.compilation.TestCompiler - Pb(55) Duplicate local variable boolean_451
2018-11-04 14:28:21,808 INFO eu.stamp_project.utils.compilation.DSpotCompiler - Compiling with -proceedOnError -encoding UTF-8 -cp E:\Dev\tellu_github\tellulib\.\.\target\dspot\tmp_test_sources;C:\Users\Larsgiang\.m2\repository\commons-codec\commons-codec\1.9\commons-codec-1.9.jar;C:\Users\Larsgiang\.m2\repository\org\apache\httpcomponents\httpclient\4.5.5\httpclient-4.5.5.jar;C:\Users\Larsgiang\.m2\repository\org\apache\httpcomponents\httpcore\4.4.9\httpcore-4.4.9.jar;C:\Users\Larsgiang\.m2\repository\commons-logging\commons-logging\1.2\commons-logging-1.2.jar;C:\Users\Larsgiang\.m2\repository\junit\junit\4.12\junit-4.12.jar;C:\Users\Larsgiang\.m2\repository\org\hamcrest\hamcrest-core\1.3\hamcrest-core-1.3.jar;E:\Dev\tellu_github\tellulib\.\.\target/classes/\;E:\Dev\tellu_github\tellulib\.\.\target/test-classes/\;E:\Dev\tellu_github\tellulib\.\.\target/dspot/dependencies/; -d E:\Dev\tellu_github\tellulib\.\.\target\test-classes -1.8 -preserveAllLocals -noExit -enableJavadoc -proc:none E:\Dev\tellu_github\tellulib\target\dspot\tmp_test_sources\no\tellu\lib\data\model\ModelTest.java
2018-11-04 14:28:21,882 WARN eu.stamp_project.dspot.assertgenerator.AssertGenerator - Error when executing tests before Assertion Amplification:
eu.stamp_project.dspot.AmplificationException: Every test methods are uncompilable
        at eu.stamp_project.utils.compilation.TestCompiler.compileAndDiscardUncompilableMethods(TestCompiler.java:123)
        at eu.stamp_project.utils.compilation.TestCompiler.compileAndRun(TestCompiler.java:92)
        at eu.stamp_project.dspot.assertgenerator.AssertGenerator.innerAssertionAmplification(AssertGenerator.java:100)
        at eu.stamp_project.dspot.assertgenerator.AssertGenerator.assertionAmplification(AssertGenerator.java:71)
        at eu.stamp_project.dspot.Amplification.assertionsAmplification(Amplification.java:150)
        at eu.stamp_project.dspot.Amplification.amplification(Amplification.java:135)
        at eu.stamp_project.dspot.Amplification.amplification(Amplification.java:97)
        at eu.stamp_project.dspot.DSpot._amplify(DSpot.java:231)
        at eu.stamp_project.dspot.DSpot.lambda$amplifyTestClassesTestMethods$6(DSpot.java:210)
        at java.util.stream.ReferencePipeline$3$1.accept(ReferencePipeline.java:193)
        at java.util.ArrayList$ArrayListSpliterator.forEachRemaining(ArrayList.java:1374)
        at java.util.stream.AbstractPipeline.copyInto(AbstractPipeline.java:481)
        at java.util.stream.AbstractPipeline.wrapAndCopyInto(AbstractPipeline.java:471)
        at java.util.stream.ReduceOps$ReduceOp.evaluateSequential(ReduceOps.java:708)
        at java.util.stream.AbstractPipeline.evaluate(AbstractPipeline.java:234)
        at java.util.stream.ReferencePipeline.collect(ReferencePipeline.java:499)
        at eu.stamp_project.dspot.DSpot.amplifyTestClassesTestMethods(DSpot.java:211)
        at eu.stamp_project.Main.run(Main.java:66)
        at eu.stamp_project.Main.main(Main.java:40)
2018-11-04 14:28:21,891 INFO eu.stamp_project.dspot.assertgenerator.AssertGenerator - Could not generate any test with assertions
2018-11-04 14:28:21,893 INFO eu.stamp_project.dspot.Amplification - iteration 1 / 3
2018-11-04 14:28:21,894 INFO eu.stamp_project.dspot.Amplification - 12 tests selected to be amplified over 12 available tests
2018-11-04 14:28:21,897 INFO eu.stamp_project.dspot.budget.NoBudgetizer - Amplification of inputs...
100% |================================================== ]|
 50% |================================================== ]-2018-11-04 14:28:21,900 INFO eu.stamp_project.dspot.budget.NoBudgetizer - 0 new tests generated
2018-11-04 14:28:21,901 INFO eu.stamp_project.dspot.Amplification - iteration 2 / 3
2018-11-04 14:28:21,901 WARN eu.stamp_project.dspot.Amplification - No test could be selected to be amplified.
2018-11-04 14:28:21,901 INFO eu.stamp_project.dspot.Amplification - 0 amplified test methods has been selected to be kept. (global: 1)
2018-11-04 14:28:21,902 INFO eu.stamp_project.dspot.Amplification - Amplification of testSubscribers, (12/12)
2018-11-04 14:28:21,903 INFO eu.stamp_project.dspot.Amplification - iteration 0 / 3
2018-11-04 14:28:21,908 INFO eu.stamp_project.dspot.Amplification - 1 tests selected to be amplified over 1 available tests
2018-11-04 14:28:21,909 INFO eu.stamp_project.dspot.budget.NoBudgetizer - Amplification of inputs...
100% |================================================== ]/
2018-11-04 14:28:21,971 INFO eu.stamp_project.dspot.budget.NoBudgetizer - 31 new tests generated
2018-11-04 14:28:22,626 INFO eu.stamp_project.dspot.assertgenerator.AssertGenerator - Run tests. (31)
2018-11-04 14:28:22,788 INFO eu.stamp_project.utils.compilation.DSpotCompiler - Compiling with -proceedOnError -encoding UTF-8 -cp E:\Dev\tellu_github\tellulib\.\.\target\dspot\tmp_test_sources;C:\Users\Larsgiang\.m2\repository\commons-codec\commons-codec\1.9\commons-codec-1.9.jar;C:\Users\Larsgiang\.m2\repository\org\apache\httpcomponents\httpclient\4.5.5\httpclient-4.5.5.jar;C:\Users\Larsgiang\.m2\repository\org\apache\httpcomponents\httpcore\4.4.9\httpcore-4.4.9.jar;C:\Users\Larsgiang\.m2\repository\commons-logging\commons-logging\1.2\commons-logging-1.2.jar;C:\Users\Larsgiang\.m2\repository\junit\junit\4.12\junit-4.12.jar;C:\Users\Larsgiang\.m2\repository\org\hamcrest\hamcrest-core\1.3\hamcrest-core-1.3.jar;E:\Dev\tellu_github\tellulib\.\.\target/classes/\;E:\Dev\tellu_github\tellulib\.\.\target/test-classes/\;E:\Dev\tellu_github\tellulib\.\.\target/dspot/dependencies/; -d E:\Dev\tellu_github\tellulib\.\.\target\test-classes -1.8 -preserveAllLocals -noExit -enableJavadoc -proc:none E:\Dev\tellu_github\tellulib\target\dspot\tmp_test_sources\no\tellu\lib\data\model\ModelTest.java
2018-11-04 14:28:55,229 WARN eu.stamp_project.testrunner.EntryPoint - Timeout when running java  -classpath E:\Dev\tellu_github\tellulib\.\.\target\test-classes;E:\Dev\tellu_github\tellulib\.\.\target/classes/\;C:\Users\Larsgiang\.m2\repository\commons-codec\commons-codec\1.9\commons-codec-1.9.jar;C:\Users\Larsgiang\.m2\repository\org\apache\httpcomponents\httpclient\4.5.5\httpclient-4.5.5.jar;C:\Users\Larsgiang\.m2\repository\org\apache\httpcomponents\httpcore\4.4.9\httpcore-4.4.9.jar;C:\Users\Larsgiang\.m2\repository\commons-logging\commons-logging\1.2\commons-logging-1.2.jar;C:\Users\Larsgiang\.m2\repository\junit\junit\4.12\junit-4.12.jar;C:\Users\Larsgiang\.m2\repository\org\hamcrest\hamcrest-core\1.3\hamcrest-core-1.3.jar;E:\Dev\tellu_github\tellulib\.\.\target/dspot/dependencies/;E:\Dev\tellu_github\tellulib\dspot.jar eu.stamp_project.testrunner.runner.test.TestRunner no.tellu.lib.data.model.ModelTest testSubscribers_remove379;testSubscribers_remove380;testSubscribers_remove381;testSubscribers_remove382;testSubscribers_remove383;testSubscribers_remove384;testSubscribers_remove385;testSubscribers_remove386;testSubscribers_remove387;testSubscribers_remove388;testSubscribers_remove389;testSubscribers_remove390;testSubscribers_remove391;testSubscribers_remove392;testSubscribers_remove393;testSubscribers_remove394;testSubscribers_remove395;testSubscribers_remove396;testSubscribers_remove397;testSubscribers_remove398;testSubscribers_remove399;testSubscribers_remove400;testSubscribers_remove401;testSubscribers_remove402;testSubscribers_remove403;testSubscribers_remove404;testSubscribers_remove405;testSubscribers_remove406;testSubscribers_remove407;testSubscribers_remove408;testSubscribers_remove409
2018-11-04 14:28:55,229 WARN eu.stamp_project.utils.compilation.TestRunner - Timeout during execution of no.tellu.lib.data.model.ModelTest: testSubscribers_remove379,testSubscribers_remove380,testSubscribers_remove381,testSubscribers_remove382,testSubscribers_remove383,testSubscribers_remove384,testSubscribers_remove385,testSubscribers_remove386,testSubscribers_remove387,testSubscribers_remove388,testSubscribers_remove389,testSubscribers_remove390,testSubscribers_remove391,testSubscribers_remove392,testSubscribers_remove393,testSubscribers_remove394,testSubscribers_remove395,testSubscribers_remove396,testSubscribers_remove397,testSubscribers_remove398,testSubscribers_remove399,testSubscribers_remove400,testSubscribers_remove401,testSubscribers_remove402,testSubscribers_remove403,testSubscribers_remove404,testSubscribers_remove405,testSubscribers_remove406,testSubscribers_remove407,testSubscribers_remove408,testSubscribers_remove409
2018-11-04 14:28:55,233 WARN eu.stamp_project.dspot.assertgenerator.AssertGenerator - Error when executing tests before Assertion Amplification:
eu.stamp_project.dspot.AmplificationException: java.util.concurrent.TimeoutException
        at eu.stamp_project.utils.compilation.TestRunner.runGivenTestMethods(TestRunner.java:75)
        at eu.stamp_project.utils.compilation.TestCompiler.compileAndRun(TestCompiler.java:98)
        at eu.stamp_project.dspot.assertgenerator.AssertGenerator.innerAssertionAmplification(AssertGenerator.java:100)
        at eu.stamp_project.dspot.assertgenerator.AssertGenerator.assertionAmplification(AssertGenerator.java:71)
        at eu.stamp_project.dspot.Amplification.assertionsAmplification(Amplification.java:150)
        at eu.stamp_project.dspot.Amplification.amplification(Amplification.java:135)
        at eu.stamp_project.dspot.Amplification.amplification(Amplification.java:97)
        at eu.stamp_project.dspot.DSpot._amplify(DSpot.java:231)
        at eu.stamp_project.dspot.DSpot.lambda$amplifyTestClassesTestMethods$6(DSpot.java:210)
        at java.util.stream.ReferencePipeline$3$1.accept(ReferencePipeline.java:193)
        at java.util.ArrayList$ArrayListSpliterator.forEachRemaining(ArrayList.java:1374)
        at java.util.stream.AbstractPipeline.copyInto(AbstractPipeline.java:481)
        at java.util.stream.AbstractPipeline.wrapAndCopyInto(AbstractPipeline.java:471)
        at java.util.stream.ReduceOps$ReduceOp.evaluateSequential(ReduceOps.java:708)
        at java.util.stream.AbstractPipeline.evaluate(AbstractPipeline.java:234)
        at java.util.stream.ReferencePipeline.collect(ReferencePipeline.java:499)
        at eu.stamp_project.dspot.DSpot.amplifyTestClassesTestMethods(DSpot.java:211)
        at eu.stamp_project.Main.run(Main.java:66)
        at eu.stamp_project.Main.main(Main.java:40)
Caused by: java.util.concurrent.TimeoutException
        at java.util.concurrent.FutureTask.get(FutureTask.java:205)
        at eu.stamp_project.testrunner.EntryPoint.runGivenCommandLine(EntryPoint.java:373)
        at eu.stamp_project.testrunner.EntryPoint.runTests(EntryPoint.java:179)
        at eu.stamp_project.testrunner.EntryPoint.runTests(EntryPoint.java:166)
        at eu.stamp_project.utils.compilation.TestRunner.runGivenTestMethods(TestRunner.java:61)
        ... 18 more
2018-11-04 14:28:55,254 INFO eu.stamp_project.dspot.assertgenerator.AssertGenerator - Could not generate any test with assertions
2018-11-04 14:28:55,255 INFO eu.stamp_project.dspot.Amplification - iteration 1 / 3
2018-11-04 14:28:55,259 INFO eu.stamp_project.dspot.Amplification - 31 tests selected to be amplified over 31 available tests
2018-11-04 14:28:55,259 INFO eu.stamp_project.dspot.budget.NoBudgetizer - Amplification of inputs...
100% |================================================== ]\
 80% |================================================ ]/2018-11-04 14:28:55,270 INFO eu.stamp_project.dspot.budget.NoBudgetizer - 0 new tests generated
2018-11-04 14:28:55,270 INFO eu.stamp_project.dspot.Amplification - iteration 2 / 3
2018-11-04 14:28:55,270 WARN eu.stamp_project.dspot.Amplification - No test could be selected to be amplified.
2018-11-04 14:28:55,271 INFO eu.stamp_project.dspot.Amplification - 0 amplified test methods has been selected to be kept. (global: 1)
2018-11-04 14:28:55,272 INFO eu.stamp_project.dspot.DSpot - elapsedTime 183371
2018-11-04 14:28:55,692 INFO eu.stamp_project.dspot.DSpot - Print ModelTest with 1 amplified test cases in dspot-out/
Exception in thread "main" java.lang.IllegalArgumentException: character to be escaped is missing
        at java.util.regex.Matcher.appendReplacement(Matcher.java:809)
        at java.util.regex.Matcher.replaceAll(Matcher.java:955)
        at java.lang.String.replaceAll(String.java:2223)
        at eu.stamp_project.utils.DSpotUtils.printAmplifiedTestClass(DSpotUtils.java:73)
        at eu.stamp_project.dspot.DSpot._amplify(DSpot.java:242)
        at eu.stamp_project.dspot.DSpot.lambda$amplifyTestClassesTestMethods$6(DSpot.java:210)
        at java.util.stream.ReferencePipeline$3$1.accept(ReferencePipeline.java:193)
        at java.util.ArrayList$ArrayListSpliterator.forEachRemaining(ArrayList.java:1374)
        at java.util.stream.AbstractPipeline.copyInto(AbstractPipeline.java:481)
        at java.util.stream.AbstractPipeline.wrapAndCopyInto(AbstractPipeline.java:471)
        at java.util.stream.ReduceOps$ReduceOp.evaluateSequential(ReduceOps.java:708)
        at java.util.stream.AbstractPipeline.evaluate(AbstractPipeline.java:234)
        at java.util.stream.ReferencePipeline.collect(ReferencePipeline.java:499)
        at eu.stamp_project.dspot.DSpot.amplifyTestClassesTestMethods(DSpot.java:211)
        at eu.stamp_project.Main.run(Main.java:66)
        at eu.stamp_project.Main.main(Main.java:40)