[INFO] 2018-11-11 13:28:34 EntryPoint - Path to runner Classes: E:\Dev\tellu_github\tellulib\dspot.jar
[INFO] 2018-11-11 13:28:34 EntryPoint - E:\Dev\tellu_github\tellulib\dspot.jar
[INFO] 2018-11-11 13:28:34 EntryPoint - E:\Dev\tellu_github\tellulib\dspot.jar
[INFO] 2018-11-11 13:28:34 EntryPoint - E:\Dev\tellu_github\tellulib\dspot.jar
[WARN] 2018-11-11 13:28:34 InputConfiguration - No builder has been specified.
[WARN] 2018-11-11 13:28:34 InputConfiguration - Using Maven as a default builder.
[WARN] 2018-11-11 13:28:34 InputConfiguration - You can use the command-line option --automatic-builder
[WARN] 2018-11-11 13:28:34 InputConfiguration - or the properties automaticBuilderName to configure it.
[INFO] 2018-11-11 13:28:34 AutomaticBuilderFactory - Selected Maven automatic builder.
[INFO] 2018-11-11 13:28:34 MavenAutomaticBuilder - Using E:\Dev\tellu_github\tellulib\.\.\pom.xml to run maven.
[INFO] 2018-11-11 13:28:34 MavenAutomaticBuilder - Using C:\Dev\maven for maven home
[INFO] 2018-11-11 13:28:34 MavenAutomaticBuilder - run maven: C:\Dev\maven/bin/mvn clean test -DskipTests dependency:build-classpath -Dmdep.outputFile=target/dspot/classpath
[WARN] Maven will be executed in interactive mode, but no input stream has been configured for this MavenInvoker instance.
[INFO] Scanning for projects...
[INFO]
[INFO] ------------------------------------------------------------------------
[INFO] Building Tellu Utilities Library 3.0-SNAPSHOT
[INFO] ------------------------------------------------------------------------
[INFO]
[INFO] --- maven-clean-plugin:2.5:clean (default-clean) @ tellulib ---
[INFO] Deleting E:\Dev\tellu_github\tellulib\target
[INFO]
[INFO] --- maven-resources-plugin:2.6:resources (default-resources) @ tellulib ---
[INFO] Using 'UTF-8' encoding to copy filtered resources.
[INFO] skip non existing resourceDirectory E:\Dev\tellu_github\tellulib\src\main\resources
[INFO]
[INFO] --- maven-compiler-plugin:3.1:compile (default-compile) @ tellulib ---
[INFO] Changes detected - recompiling the module!
[INFO] Compiling 70 source files to E:\Dev\tellu_github\tellulib\target\classes
[INFO]
[INFO] --- maven-resources-plugin:2.6:testResources (default-testResources) @ tellulib ---
[INFO] Using 'UTF-8' encoding to copy filtered resources.
[INFO] Copying 4 resources
[INFO]
[INFO] --- maven-compiler-plugin:3.1:testCompile (default-testCompile) @ tellulib ---
[INFO] Changes detected - recompiling the module!
[INFO] Compiling 15 source files to E:\Dev\tellu_github\tellulib\target\test-classes
[INFO]
[INFO] --- maven-surefire-plugin:2.12.4:test (default-test) @ tellulib ---
[INFO] Tests are skipped.
[INFO]
[INFO] --- maven-dependency-plugin:2.8:build-classpath (default-cli) @ tellulib ---
[INFO] Wrote classpath file 'E:\Dev\tellu_github\tellulib\target\dspot\classpath'.
[INFO] ------------------------------------------------------------------------
[INFO] BUILD SUCCESS
[INFO] ------------------------------------------------------------------------
[INFO] Total time: 4.437 s
[INFO] Finished at: 2018-11-11T13:28:40+01:00
[INFO] Final Memory: 22M/190M
[INFO] ------------------------------------------------------------------------
[INFO] 2018-11-11 13:28:43 MavenAutomaticBuilder - Using E:\Dev\tellu_github\tellulib\.\.\.dspot_pom.xml to run maven.
[INFO] 2018-11-11 13:28:43 MavenAutomaticBuilder - Using C:\Dev\maven for maven home
[INFO] 2018-11-11 13:28:43 MavenAutomaticBuilder - run maven: C:\Dev\maven/bin/mvn org.pitest:pitest-maven:mutationCoverage
[WARN] Maven will be executed in interactive mode, but no input stream has been configured for this MavenInvoker instance.
[INFO] 2018-11-11 13:29:33 PitMutantScoreSelector - The original test suite kill 376 / 789
[INFO] 2018-11-11 13:29:34 Amplification - Amplification of no.tellu.lib.data.model.ModelTest (12 test(s))
[INFO] 2018-11-11 13:29:34 Amplification - Assertion amplification of no.tellu.lib.data.model.ModelTest (12 test(s))
[INFO] 2018-11-11 13:29:34 DSpotCompiler - Compiling with -proceedOnError -encoding UTF-8 -cp E:\Dev\tellu_github\tellulib\.\.\target\dspot\tmp_test_sources;C:\Users\Larsgiang\.m2\repository\commons-codec\commons-codec\1.9\commons-codec-1.9.jar;C:\Users\Larsgiang\.m2\repository\org\apache\httpcomponents\httpclient\4.5.5\httpclient-4.5.5.jar;C:\Users\Larsgiang\.m2\repository\org\apache\httpcomponents\httpcore\4.4.9\httpcore-4.4.9.jar;C:\Users\Larsgiang\.m2\repository\commons-logging\commons-logging\1.2\commons-logging-1.2.jar;C:\Users\Larsgiang\.m2\repository\junit\junit\4.12\junit-4.12.jar;C:\Users\Larsgiang\.m2\repository\org\hamcrest\hamcrest-core\1.3\hamcrest-core-1.3.jar;E:\Dev\tellu_github\tellulib\.\.\target/classes/\;E:\Dev\tellu_github\tellulib\.\.\target/test-classes/\;E:\Dev\tellu_github\tellulib\.\.\target/dspot/dependencies/; -d E:\Dev\tellu_github\tellulib\.\.\target\test-classes -1.8 -preserveAllLocals -noExit -enableJavadoc -proc:none E:\Dev\tellu_github\tellulib\target\dspot\tmp_test_sources\no\tellu\lib\data\model\ModelTest.java
[WARN] 2018-11-11 13:29:47 EntryPoint - Timeout when running java  -classpath E:\Dev\tellu_github\tellulib\.\.\target\test-classes;E:\Dev\tellu_github\tellulib\.\.\target/classes/\;C:\Users\Larsgiang\.m2\repository\commons-codec\commons-codec\1.9\commons-codec-1.9.jar;C:\Users\Larsgiang\.m2\repository\org\apache\httpcomponents\httpclient\4.5.5\httpclient-4.5.5.jar;C:\Users\Larsgiang\.m2\repository\org\apache\httpcomponents\httpcore\4.4.9\httpcore-4.4.9.jar;C:\Users\Larsgiang\.m2\repository\commons-logging\commons-logging\1.2\commons-logging-1.2.jar;C:\Users\Larsgiang\.m2\repository\junit\junit\4.12\junit-4.12.jar;C:\Users\Larsgiang\.m2\repository\org\hamcrest\hamcrest-core\1.3\hamcrest-core-1.3.jar;E:\Dev\tellu_github\tellulib\.\.\target/dspot/dependencies/;E:\Dev\tellu_github\tellulib\dspot.jar eu.stamp_project.testrunner.runner.test.TestRunner no.tellu.lib.data.model.ModelTest testCopyModel;testDataTransaction;testInitFromFile;testInitFromMeta;testInitFromModel;testMergeNodes;testPath;testProcessor;testReset;testRuleCondition;testRuleTrigger;testSubscribers
[WARN] 2018-11-11 13:29:47 TestRunner - Timeout during execution of no.tellu.lib.data.model.ModelTest: testCopyModel,testDataTransaction,testInitFromFile,testInitFromMeta,testInitFromModel,testMergeNodes,testPath,testProcessor,testReset,testRuleCondition,testRuleTrigger,testSubscribers
[INFO] 2018-11-11 13:29:47 Amplification - 0 amplified test methods has been selected to be kept. (global: 0)
[INFO] 2018-11-11 13:29:47 Amplification - Applying Input-amplification and Assertion-amplification test by test.
[INFO] 2018-11-11 13:29:47 Amplification - Amplification of testCopyModel, (1/12)
[INFO] 2018-11-11 13:29:47 Amplification - iteration 0 / 3
[INFO] 2018-11-11 13:29:47 Amplification - 1 tests selected to be amplified over 1 available tests
[INFO] 2018-11-11 13:29:47 NoBudgetizer - Amplification of inputs...
100% |================================================== ]/
[INFO] 2018-11-11 13:29:48 NoBudgetizer - 25 new tests generated
[INFO] 2018-11-11 13:29:51 AssertGenerator - Run tests. (25)
[INFO] 2018-11-11 13:29:52 DSpotCompiler - Compiling with -proceedOnError -encoding UTF-8 -cp E:\Dev\tellu_github\tellulib\.\.\target\dspot\tmp_test_sources;C:\Users\Larsgiang\.m2\repository\commons-codec\commons-codec\1.9\commons-codec-1.9.jar;C:\Users\Larsgiang\.m2\repository\org\apache\httpcomponents\httpclient\4.5.5\httpclient-4.5.5.jar;C:\Users\Larsgiang\.m2\repository\org\apache\httpcomponents\httpcore\4.4.9\httpcore-4.4.9.jar;C:\Users\Larsgiang\.m2\repository\commons-logging\commons-logging\1.2\commons-logging-1.2.jar;C:\Users\Larsgiang\.m2\repository\junit\junit\4.12\junit-4.12.jar;C:\Users\Larsgiang\.m2\repository\org\hamcrest\hamcrest-core\1.3\hamcrest-core-1.3.jar;E:\Dev\tellu_github\tellulib\.\.\target/classes/\;E:\Dev\tellu_github\tellulib\.\.\target/test-classes/\;E:\Dev\tellu_github\tellulib\.\.\target/dspot/dependencies/; -d E:\Dev\tellu_github\tellulib\.\.\target\test-classes -1.8 -preserveAllLocals -noExit -enableJavadoc -proc:none E:\Dev\tellu_github\tellulib\target\dspot\tmp_test_sources\no\tellu\lib\data\model\ModelTest.java
[ERROR] 2018-11-11 13:29:52 TestCompiler - Error(s) during compilation:
[ERROR] 2018-11-11 13:29:52 TestCompiler - Pb(55) Duplicate local variable boolean_0
[ERROR] 2018-11-11 13:29:52 TestCompiler - Pb(55) Duplicate local variable boolean_0
[ERROR] 2018-11-11 13:29:52 TestCompiler - Pb(55) Duplicate local variable boolean_1
[ERROR] 2018-11-11 13:29:52 TestCompiler - Pb(55) Duplicate local variable boolean_4
[ERROR] 2018-11-11 13:29:52 TestCompiler - Pb(17) Type mismatch: cannot convert from List<Object> to List<Trigger>
[ERROR] 2018-11-11 13:29:52 TestCompiler - Pb(55) Duplicate local variable boolean_7
[ERROR] 2018-11-11 13:29:52 TestCompiler - Pb(55) Duplicate local variable boolean_7
[ERROR] 2018-11-11 13:29:52 TestCompiler - Pb(55) Duplicate local variable boolean_8
[ERROR] 2018-11-11 13:29:52 TestCompiler - Pb(55) Duplicate local variable boolean_11
[ERROR] 2018-11-11 13:29:52 TestCompiler - Pb(55) Duplicate local variable boolean_14
[ERROR] 2018-11-11 13:29:52 TestCompiler - Pb(55) Duplicate local variable boolean_14
[ERROR] 2018-11-11 13:29:52 TestCompiler - Pb(55) Duplicate local variable boolean_15
[ERROR] 2018-11-11 13:29:52 TestCompiler - Pb(55) Duplicate local variable boolean_18
[ERROR] 2018-11-11 13:29:52 TestCompiler - Pb(55) Duplicate local variable boolean_21
[ERROR] 2018-11-11 13:29:52 TestCompiler - Pb(55) Duplicate local variable boolean_21
[ERROR] 2018-11-11 13:29:52 TestCompiler - Pb(55) Duplicate local variable boolean_22
[ERROR] 2018-11-11 13:29:52 TestCompiler - Pb(55) Duplicate local variable boolean_25
[ERROR] 2018-11-11 13:29:52 TestCompiler - Pb(55) Duplicate local variable boolean_28
[ERROR] 2018-11-11 13:29:52 TestCompiler - Pb(55) Duplicate local variable boolean_28
[ERROR] 2018-11-11 13:29:52 TestCompiler - Pb(55) Duplicate local variable boolean_29
[INFO] 2018-11-11 13:29:52 DSpotCompiler - Compiling with -proceedOnError -encoding UTF-8 -cp E:\Dev\tellu_github\tellulib\.\.\target\dspot\tmp_test_sources;C:\Users\Larsgiang\.m2\repository\commons-codec\commons-codec\1.9\commons-codec-1.9.jar;C:\Users\Larsgiang\.m2\repository\org\apache\httpcomponents\httpclient\4.5.5\httpclient-4.5.5.jar;C:\Users\Larsgiang\.m2\repository\org\apache\httpcomponents\httpcore\4.4.9\httpcore-4.4.9.jar;C:\Users\Larsgiang\.m2\repository\commons-logging\commons-logging\1.2\commons-logging-1.2.jar;C:\Users\Larsgiang\.m2\repository\junit\junit\4.12\junit-4.12.jar;C:\Users\Larsgiang\.m2\repository\org\hamcrest\hamcrest-core\1.3\hamcrest-core-1.3.jar;E:\Dev\tellu_github\tellulib\.\.\target/classes/\;E:\Dev\tellu_github\tellulib\.\.\target/test-classes/\;E:\Dev\tellu_github\tellulib\.\.\target/dspot/dependencies/; -d E:\Dev\tellu_github\tellulib\.\.\target\test-classes -1.8 -preserveAllLocals -noExit -enableJavadoc -proc:none E:\Dev\tellu_github\tellulib\target\dspot\tmp_test_sources\no\tellu\lib\data\model\ModelTest.java
[WARN] 2018-11-11 13:29:52 AssertGenerator - Error when executing tests before Assertion Amplification:
eu.stamp_project.dspot.AmplificationException: Every test methods are uncompilable
        at eu.stamp_project.utils.compilation.TestCompiler.compileAndDiscardUncompilableMethods(TestCompiler.java:123)
        at eu.stamp_project.utils.compilation.TestCompiler.compileAndRun(TestCompiler.java:92)
        at eu.stamp_project.dspot.assertgenerator.AssertGenerator.innerAssertionAmplification(AssertGenerator.java:100)
        at eu.stamp_project.dspot.assertgenerator.AssertGenerator.assertionAmplification(AssertGenerator.java:71)
        at eu.stamp_project.dspot.Amplification.assertionsAmplification(Amplification.java:176)
        at eu.stamp_project.dspot.Amplification.amplification(Amplification.java:153)
        at eu.stamp_project.dspot.Amplification.amplification(Amplification.java:104)
        at eu.stamp_project.dspot.DSpot._amplify(DSpot.java:244)
        at eu.stamp_project.dspot.DSpot.lambda$amplifyTestClassesTestMethods$6(DSpot.java:223)
        at java.util.stream.ReferencePipeline$3$1.accept(ReferencePipeline.java:193)
        at java.util.ArrayList$ArrayListSpliterator.forEachRemaining(ArrayList.java:1374)
        at java.util.stream.AbstractPipeline.copyInto(AbstractPipeline.java:481)
        at java.util.stream.AbstractPipeline.wrapAndCopyInto(AbstractPipeline.java:471)
        at java.util.stream.ReduceOps$ReduceOp.evaluateSequential(ReduceOps.java:708)
        at java.util.stream.AbstractPipeline.evaluate(AbstractPipeline.java:234)
        at java.util.stream.ReferencePipeline.collect(ReferencePipeline.java:499)
        at eu.stamp_project.dspot.DSpot.amplifyTestClassesTestMethods(DSpot.java:224)
        at eu.stamp_project.Main.run(Main.java:70)
        at eu.stamp_project.Main.main(Main.java:41)
[INFO] 2018-11-11 13:29:52 AssertGenerator - Could not generate any test with assertions
[INFO] 2018-11-11 13:29:52 Amplification - iteration 1 / 3
[INFO] 2018-11-11 13:29:52 Amplification - 25 tests selected to be amplified over 25 available tests
[INFO] 2018-11-11 13:29:52 NoBudgetizer - Amplification of inputs...
100% |================================================== ]/
 60% |================================== ]\[INFO] 2018-11-11 13:29:54 NoBudgetizer - 661 new tests generated
[WARN] 2018-11-11 13:29:54 NoBudgetizer - Too many tests have been generated: 661
[INFO] 2018-11-11 13:29:55 NoBudgetizer - Number of generated test reduced to 200
[INFO] 2018-11-11 13:30:24 AssertGenerator - Run tests. (200)
[INFO] 2018-11-11 13:30:24 DSpotCompiler - Compiling with -proceedOnError -encoding UTF-8 -cp E:\Dev\tellu_github\tellulib\.\.\target\dspot\tmp_test_sources;C:\Users\Larsgiang\.m2\repository\commons-codec\commons-codec\1.9\commons-codec-1.9.jar;C:\Users\Larsgiang\.m2\repository\org\apache\httpcomponents\httpclient\4.5.5\httpclient-4.5.5.jar;C:\Users\Larsgiang\.m2\repository\org\apache\httpcomponents\httpcore\4.4.9\httpcore-4.4.9.jar;C:\Users\Larsgiang\.m2\repository\commons-logging\commons-logging\1.2\commons-logging-1.2.jar;C:\Users\Larsgiang\.m2\repository\junit\junit\4.12\junit-4.12.jar;C:\Users\Larsgiang\.m2\repository\org\hamcrest\hamcrest-core\1.3\hamcrest-core-1.3.jar;E:\Dev\tellu_github\tellulib\.\.\target/classes/\;E:\Dev\tellu_github\tellulib\.\.\target/test-classes/\;E:\Dev\tellu_github\tellulib\.\.\target/dspot/dependencies/; -d E:\Dev\tellu_github\tellulib\.\.\target\test-classes -1.8 -preserveAllLocals -noExit -enableJavadoc -proc:none E:\Dev\tellu_github\tellulib\target\dspot\tmp_test_sources\no\tellu\lib\data\model\ModelTest.java
[ERROR] 2018-11-11 13:30:25 TestCompiler - Error(s) during compilation:
[ERROR] 2018-11-11 13:30:25 TestCompiler - Pb(17) Type mismatch: cannot convert from List<Object> to List<Action>
[ERROR] 2018-11-11 13:30:25 TestCompiler - Pb(17) Type mismatch: cannot convert from List<Object> to List<Trigger>
[ERROR] 2018-11-11 13:30:25 TestCompiler - Pb(55) Duplicate local variable boolean_189
[ERROR] 2018-11-11 13:30:25 TestCompiler - Pb(17) Type mismatch: cannot convert from List<Object> to List<Trigger>
[ERROR] 2018-11-11 13:30:25 TestCompiler - Pb(55) Duplicate local variable boolean_203
[ERROR] 2018-11-11 13:30:25 TestCompiler - Pb(17) Type mismatch: cannot convert from List<Object> to List<Action>
[ERROR] 2018-11-11 13:30:25 TestCompiler - Pb(17) Type mismatch: cannot convert from List<Object> to List<Trigger>
[ERROR] 2018-11-11 13:30:25 TestCompiler - Pb(17) Type mismatch: cannot convert from List<Object> to List<Trigger>
[ERROR] 2018-11-11 13:30:25 TestCompiler - Pb(17) Type mismatch: cannot convert from List<Object> to List<Trigger>
[ERROR] 2018-11-11 13:30:25 TestCompiler - Pb(55) Duplicate local variable boolean_238
[ERROR] 2018-11-11 13:30:25 TestCompiler - Pb(17) Type mismatch: cannot convert from List<Object> to List<Trigger>
[ERROR] 2018-11-11 13:30:25 TestCompiler - Pb(17) Type mismatch: cannot convert from List<Object> to List<Trigger>
[ERROR] 2018-11-11 13:30:25 TestCompiler - Pb(55) Duplicate local variable boolean_259
[ERROR] 2018-11-11 13:30:25 TestCompiler - Pb(17) Type mismatch: cannot convert from List<Object> to List<Action>
[ERROR] 2018-11-11 13:30:25 TestCompiler - Pb(17) Type mismatch: cannot convert from List<Object> to List<Trigger>
[ERROR] 2018-11-11 13:30:25 TestCompiler - Pb(17) Type mismatch: cannot convert from List<Object> to List<Trigger>
[ERROR] 2018-11-11 13:30:25 TestCompiler - Pb(17) Type mismatch: cannot convert from List<Object> to List<Trigger>
[ERROR] 2018-11-11 13:30:25 TestCompiler - Pb(17) Type mismatch: cannot convert from List<Object> to List<Action>
[ERROR] 2018-11-11 13:30:25 TestCompiler - Pb(17) Type mismatch: cannot convert from List<Object> to List<Action>
[ERROR] 2018-11-11 13:30:25 TestCompiler - Pb(17) Type mismatch: cannot convert from List<Object> to List<Action>
[INFO] 2018-11-11 13:30:26 DSpotCompiler - Compiling with -proceedOnError -encoding UTF-8 -cp E:\Dev\tellu_github\tellulib\.\.\target\dspot\tmp_test_sources;C:\Users\Larsgiang\.m2\repository\commons-codec\commons-codec\1.9\commons-codec-1.9.jar;C:\Users\Larsgiang\.m2\repository\org\apache\httpcomponents\httpclient\4.5.5\httpclient-4.5.5.jar;C:\Users\Larsgiang\.m2\repository\org\apache\httpcomponents\httpcore\4.4.9\httpcore-4.4.9.jar;C:\Users\Larsgiang\.m2\repository\commons-logging\commons-logging\1.2\commons-logging-1.2.jar;C:\Users\Larsgiang\.m2\repository\junit\junit\4.12\junit-4.12.jar;C:\Users\Larsgiang\.m2\repository\org\hamcrest\hamcrest-core\1.3\hamcrest-core-1.3.jar;E:\Dev\tellu_github\tellulib\.\.\target/classes/\;E:\Dev\tellu_github\tellulib\.\.\target/test-classes/\;E:\Dev\tellu_github\tellulib\.\.\target/dspot/dependencies/; -d E:\Dev\tellu_github\tellulib\.\.\target\test-classes -1.8 -preserveAllLocals -noExit -enableJavadoc -proc:none E:\Dev\tellu_github\tellulib\target\dspot\tmp_test_sources\no\tellu\lib\data\model\ModelTest.java
[ERROR] 2018-11-11 13:30:26 TestCompiler - Error(s) during compilation:
[ERROR] 2018-11-11 13:30:26 TestCompiler - Pb(55) Duplicate local variable boolean_875
[ERROR] 2018-11-11 13:30:26 TestCompiler - Pb(55) Duplicate local variable boolean_882
[ERROR] 2018-11-11 13:30:26 TestCompiler - Pb(55) Duplicate local variable boolean_889
[ERROR] 2018-11-11 13:30:26 TestCompiler - Pb(55) Duplicate local variable boolean_896
[ERROR] 2018-11-11 13:30:26 TestCompiler - Pb(55) Duplicate local variable boolean_903
[ERROR] 2018-11-11 13:30:26 TestCompiler - Pb(55) Duplicate local variable boolean_910
[ERROR] 2018-11-11 13:30:26 TestCompiler - Pb(55) Duplicate local variable boolean_917
[ERROR] 2018-11-11 13:30:26 TestCompiler - Pb(55) Duplicate local variable boolean_924
[ERROR] 2018-11-11 13:30:26 TestCompiler - Pb(55) Duplicate local variable boolean_931
[ERROR] 2018-11-11 13:30:26 TestCompiler - Pb(55) Duplicate local variable boolean_938
[ERROR] 2018-11-11 13:30:26 TestCompiler - Pb(55) Duplicate local variable boolean_945
[ERROR] 2018-11-11 13:30:26 TestCompiler - Pb(55) Duplicate local variable boolean_952
[ERROR] 2018-11-11 13:30:26 TestCompiler - Pb(55) Duplicate local variable boolean_959
[ERROR] 2018-11-11 13:30:26 TestCompiler - Pb(55) Duplicate local variable boolean_966
[ERROR] 2018-11-11 13:30:26 TestCompiler - Pb(55) Duplicate local variable boolean_973
[ERROR] 2018-11-11 13:30:26 TestCompiler - Pb(55) Duplicate local variable boolean_980
[ERROR] 2018-11-11 13:30:26 TestCompiler - Pb(55) Duplicate local variable boolean_987
[ERROR] 2018-11-11 13:30:26 TestCompiler - Pb(55) Duplicate local variable boolean_994
[ERROR] 2018-11-11 13:30:26 TestCompiler - Pb(55) Duplicate local variable boolean_1001
[ERROR] 2018-11-11 13:30:26 TestCompiler - Pb(55) Duplicate local variable boolean_1008
[INFO] 2018-11-11 13:30:27 DSpotCompiler - Compiling with -proceedOnError -encoding UTF-8 -cp E:\Dev\tellu_github\tellulib\.\.\target\dspot\tmp_test_sources;C:\Users\Larsgiang\.m2\repository\commons-codec\commons-codec\1.9\commons-codec-1.9.jar;C:\Users\Larsgiang\.m2\repository\org\apache\httpcomponents\httpclient\4.5.5\httpclient-4.5.5.jar;C:\Users\Larsgiang\.m2\repository\org\apache\httpcomponents\httpcore\4.4.9\httpcore-4.4.9.jar;C:\Users\Larsgiang\.m2\repository\commons-logging\commons-logging\1.2\commons-logging-1.2.jar;C:\Users\Larsgiang\.m2\repository\junit\junit\4.12\junit-4.12.jar;C:\Users\Larsgiang\.m2\repository\org\hamcrest\hamcrest-core\1.3\hamcrest-core-1.3.jar;E:\Dev\tellu_github\tellulib\.\.\target/classes/\;E:\Dev\tellu_github\tellulib\.\.\target/test-classes/\;E:\Dev\tellu_github\tellulib\.\.\target/dspot/dependencies/; -d E:\Dev\tellu_github\tellulib\.\.\target\test-classes -1.8 -preserveAllLocals -noExit -enableJavadoc -proc:none E:\Dev\tellu_github\tellulib\target\dspot\tmp_test_sources\no\tellu\lib\data\model\ModelTest.java
[WARN] 2018-11-11 13:30:27 AssertGenerator - Error when executing tests before Assertion Amplification:
eu.stamp_project.dspot.AmplificationException: Every test methods are uncompilable
        at eu.stamp_project.utils.compilation.TestCompiler.compileAndDiscardUncompilableMethods(TestCompiler.java:123)
        at eu.stamp_project.utils.compilation.TestCompiler.compileAndRun(TestCompiler.java:92)
        at eu.stamp_project.dspot.assertgenerator.AssertGenerator.innerAssertionAmplification(AssertGenerator.java:100)
        at eu.stamp_project.dspot.assertgenerator.AssertGenerator.assertionAmplification(AssertGenerator.java:71)
        at eu.stamp_project.dspot.Amplification.assertionsAmplification(Amplification.java:176)
        at eu.stamp_project.dspot.Amplification.amplification(Amplification.java:153)
        at eu.stamp_project.dspot.Amplification.amplification(Amplification.java:104)
        at eu.stamp_project.dspot.DSpot._amplify(DSpot.java:244)
        at eu.stamp_project.dspot.DSpot.lambda$amplifyTestClassesTestMethods$6(DSpot.java:223)
        at java.util.stream.ReferencePipeline$3$1.accept(ReferencePipeline.java:193)
        at java.util.ArrayList$ArrayListSpliterator.forEachRemaining(ArrayList.java:1374)
        at java.util.stream.AbstractPipeline.copyInto(AbstractPipeline.java:481)
        at java.util.stream.AbstractPipeline.wrapAndCopyInto(AbstractPipeline.java:471)
        at java.util.stream.ReduceOps$ReduceOp.evaluateSequential(ReduceOps.java:708)
        at java.util.stream.AbstractPipeline.evaluate(AbstractPipeline.java:234)
        at java.util.stream.ReferencePipeline.collect(ReferencePipeline.java:499)
        at eu.stamp_project.dspot.DSpot.amplifyTestClassesTestMethods(DSpot.java:224)
        at eu.stamp_project.Main.run(Main.java:70)
        at eu.stamp_project.Main.main(Main.java:41)
[INFO] 2018-11-11 13:30:27 AssertGenerator - Could not generate any test with assertions
[INFO] 2018-11-11 13:30:27 Amplification - iteration 2 / 3
[INFO] 2018-11-11 13:30:27 Amplification - 200 tests selected to be amplified over 200 available tests
[INFO] 2018-11-11 13:30:27 NoBudgetizer - Amplification of inputs...
100% |================================================== ]|
 12% |================================================ ]/[INFO] 2018-11-11 13:30:37 NoBudgetizer - 5378 new tests generated
[WARN] 2018-11-11 13:30:37 NoBudgetizer - Too many tests have been generated: 5378
[INFO] 2018-11-11 13:30:41 NoBudgetizer - Number of generated test reduced to 200
[INFO] 2018-11-11 13:31:13 AssertGenerator - Run tests. (200)
[INFO] 2018-11-11 13:31:14 DSpotCompiler - Compiling with -proceedOnError -encoding UTF-8 -cp E:\Dev\tellu_github\tellulib\.\.\target\dspot\tmp_test_sources;C:\Users\Larsgiang\.m2\repository\commons-codec\commons-codec\1.9\commons-codec-1.9.jar;C:\Users\Larsgiang\.m2\repository\org\apache\httpcomponents\httpclient\4.5.5\httpclient-4.5.5.jar;C:\Users\Larsgiang\.m2\repository\org\apache\httpcomponents\httpcore\4.4.9\httpcore-4.4.9.jar;C:\Users\Larsgiang\.m2\repository\commons-logging\commons-logging\1.2\commons-logging-1.2.jar;C:\Users\Larsgiang\.m2\repository\junit\junit\4.12\junit-4.12.jar;C:\Users\Larsgiang\.m2\repository\org\hamcrest\hamcrest-core\1.3\hamcrest-core-1.3.jar;E:\Dev\tellu_github\tellulib\.\.\target/classes/\;E:\Dev\tellu_github\tellulib\.\.\target/test-classes/\;E:\Dev\tellu_github\tellulib\.\.\target/dspot/dependencies/; -d E:\Dev\tellu_github\tellulib\.\.\target\test-classes -1.8 -preserveAllLocals -noExit -enableJavadoc -proc:none E:\Dev\tellu_github\tellulib\target\dspot\tmp_test_sources\no\tellu\lib\data\model\ModelTest.java
[ERROR] 2018-11-11 13:31:14 TestCompiler - Error(s) during compilation:
[ERROR] 2018-11-11 13:31:14 TestCompiler - Pb(17) Type mismatch: cannot convert from List<Object> to List<Action>
[ERROR] 2018-11-11 13:31:14 TestCompiler - Pb(17) Type mismatch: cannot convert from List<Object> to List<Action>
[ERROR] 2018-11-11 13:31:14 TestCompiler - Pb(17) Type mismatch: cannot convert from List<Object> to List<Action>
[ERROR] 2018-11-11 13:31:14 TestCompiler - Pb(17) Type mismatch: cannot convert from List<Object> to List<Action>
[ERROR] 2018-11-11 13:31:14 TestCompiler - Pb(17) Type mismatch: cannot convert from List<Object> to List<Action>
[ERROR] 2018-11-11 13:31:14 TestCompiler - Pb(17) Type mismatch: cannot convert from List<Object> to List<Action>
[ERROR] 2018-11-11 13:31:14 TestCompiler - Pb(17) Type mismatch: cannot convert from List<Object> to List<Action>
[ERROR] 2018-11-11 13:31:14 TestCompiler - Pb(17) Type mismatch: cannot convert from List<Object> to List<Action>
[ERROR] 2018-11-11 13:31:14 TestCompiler - Pb(17) Type mismatch: cannot convert from List<Object> to List<Trigger>
[ERROR] 2018-11-11 13:31:14 TestCompiler - Pb(17) Type mismatch: cannot convert from List<Object> to List<Action>
[ERROR] 2018-11-11 13:31:14 TestCompiler - Pb(17) Type mismatch: cannot convert from List<Object> to List<Action>
[ERROR] 2018-11-11 13:31:14 TestCompiler - Pb(17) Type mismatch: cannot convert from List<Object> to List<Trigger>
[ERROR] 2018-11-11 13:31:14 TestCompiler - Pb(17) Type mismatch: cannot convert from List<Object> to List<Trigger>
[ERROR] 2018-11-11 13:31:14 TestCompiler - Pb(17) Type mismatch: cannot convert from List<Object> to List<Trigger>
[ERROR] 2018-11-11 13:31:14 TestCompiler - Pb(17) Type mismatch: cannot convert from List<Object> to List<Action>
[ERROR] 2018-11-11 13:31:14 TestCompiler - Pb(17) Type mismatch: cannot convert from List<Object> to List<Trigger>
[ERROR] 2018-11-11 13:31:14 TestCompiler - Pb(55) Duplicate local variable boolean_1687
[ERROR] 2018-11-11 13:31:14 TestCompiler - Pb(17) Type mismatch: cannot convert from List<Object> to List<Action>
[ERROR] 2018-11-11 13:31:14 TestCompiler - Pb(17) Type mismatch: cannot convert from List<Object> to List<Action>
[ERROR] 2018-11-11 13:31:14 TestCompiler - Pb(17) Type mismatch: cannot convert from List<Object> to List<Trigger>
[INFO] 2018-11-11 13:31:16 DSpotCompiler - Compiling with -proceedOnError -encoding UTF-8 -cp E:\Dev\tellu_github\tellulib\.\.\target\dspot\tmp_test_sources;C:\Users\Larsgiang\.m2\repository\commons-codec\commons-codec\1.9\commons-codec-1.9.jar;C:\Users\Larsgiang\.m2\repository\org\apache\httpcomponents\httpclient\4.5.5\httpclient-4.5.5.jar;C:\Users\Larsgiang\.m2\repository\org\apache\httpcomponents\httpcore\4.4.9\httpcore-4.4.9.jar;C:\Users\Larsgiang\.m2\repository\commons-logging\commons-logging\1.2\commons-logging-1.2.jar;C:\Users\Larsgiang\.m2\repository\junit\junit\4.12\junit-4.12.jar;C:\Users\Larsgiang\.m2\repository\org\hamcrest\hamcrest-core\1.3\hamcrest-core-1.3.jar;E:\Dev\tellu_github\tellulib\.\.\target/classes/\;E:\Dev\tellu_github\tellulib\.\.\target/test-classes/\;E:\Dev\tellu_github\tellulib\.\.\target/dspot/dependencies/; -d E:\Dev\tellu_github\tellulib\.\.\target\test-classes -1.8 -preserveAllLocals -noExit -enableJavadoc -proc:none E:\Dev\tellu_github\tellulib\target\dspot\tmp_test_sources\no\tellu\lib\data\model\ModelTest.java
[ERROR] 2018-11-11 13:31:16 TestCompiler - Error(s) during compilation:
[ERROR] 2018-11-11 13:31:16 TestCompiler - Pb(17) Type mismatch: cannot convert from List<Object> to List<Trigger>
[ERROR] 2018-11-11 13:31:16 TestCompiler - Pb(55) Duplicate local variable boolean_2282
[ERROR] 2018-11-11 13:31:16 TestCompiler - Pb(55) Duplicate local variable boolean_2289
[ERROR] 2018-11-11 13:31:16 TestCompiler - Pb(17) Type mismatch: cannot convert from List<Object> to List<Trigger>
[ERROR] 2018-11-11 13:31:16 TestCompiler - Pb(17) Type mismatch: cannot convert from List<Object> to List<Trigger>
[ERROR] 2018-11-11 13:31:16 TestCompiler - Pb(17) Type mismatch: cannot convert from List<Object> to List<Action>
[ERROR] 2018-11-11 13:31:16 TestCompiler - Pb(17) Type mismatch: cannot convert from List<Object> to List<Action>
[ERROR] 2018-11-11 13:31:16 TestCompiler - Pb(55) Duplicate local variable boolean_2324
[ERROR] 2018-11-11 13:31:16 TestCompiler - Pb(55) Duplicate local variable boolean_2331
[ERROR] 2018-11-11 13:31:16 TestCompiler - Pb(17) Type mismatch: cannot convert from List<Object> to List<Trigger>
[ERROR] 2018-11-11 13:31:16 TestCompiler - Pb(55) Duplicate local variable boolean_2345
[ERROR] 2018-11-11 13:31:16 TestCompiler - Pb(17) Type mismatch: cannot convert from List<Object> to List<Trigger>
[ERROR] 2018-11-11 13:31:16 TestCompiler - Pb(17) Type mismatch: cannot convert from List<Object> to List<Trigger>
[ERROR] 2018-11-11 13:31:16 TestCompiler - Pb(17) Type mismatch: cannot convert from List<Object> to List<Action>
[ERROR] 2018-11-11 13:31:16 TestCompiler - Pb(55) Duplicate local variable boolean_2373
[ERROR] 2018-11-11 13:31:16 TestCompiler - Pb(17) Type mismatch: cannot convert from List<Object> to List<Trigger>
[ERROR] 2018-11-11 13:31:16 TestCompiler - Pb(55) Duplicate local variable boolean_2387
[ERROR] 2018-11-11 13:31:16 TestCompiler - Pb(55) Duplicate local variable boolean_2394
[ERROR] 2018-11-11 13:31:16 TestCompiler - Pb(17) Type mismatch: cannot convert from List<Object> to List<Trigger>
[ERROR] 2018-11-11 13:31:16 TestCompiler - Pb(17) Type mismatch: cannot convert from List<Object> to List<Trigger>
[INFO] 2018-11-11 13:31:16 DSpotCompiler - Compiling with -proceedOnError -encoding UTF-8 -cp E:\Dev\tellu_github\tellulib\.\.\target\dspot\tmp_test_sources;C:\Users\Larsgiang\.m2\repository\commons-codec\commons-codec\1.9\commons-codec-1.9.jar;C:\Users\Larsgiang\.m2\repository\org\apache\httpcomponents\httpclient\4.5.5\httpclient-4.5.5.jar;C:\Users\Larsgiang\.m2\repository\org\apache\httpcomponents\httpcore\4.4.9\httpcore-4.4.9.jar;C:\Users\Larsgiang\.m2\repository\commons-logging\commons-logging\1.2\commons-logging-1.2.jar;C:\Users\Larsgiang\.m2\repository\junit\junit\4.12\junit-4.12.jar;C:\Users\Larsgiang\.m2\repository\org\hamcrest\hamcrest-core\1.3\hamcrest-core-1.3.jar;E:\Dev\tellu_github\tellulib\.\.\target/classes/\;E:\Dev\tellu_github\tellulib\.\.\target/test-classes/\;E:\Dev\tellu_github\tellulib\.\.\target/dspot/dependencies/; -d E:\Dev\tellu_github\tellulib\.\.\target\test-classes -1.8 -preserveAllLocals -noExit -enableJavadoc -proc:none E:\Dev\tellu_github\tellulib\target\dspot\tmp_test_sources\no\tellu\lib\data\model\ModelTest.java
[WARN] 2018-11-11 13:31:16 AssertGenerator - Error when executing tests before Assertion Amplification:
eu.stamp_project.dspot.AmplificationException: Every test methods are uncompilable
        at eu.stamp_project.utils.compilation.TestCompiler.compileAndDiscardUncompilableMethods(TestCompiler.java:123)
        at eu.stamp_project.utils.compilation.TestCompiler.compileAndRun(TestCompiler.java:92)
        at eu.stamp_project.dspot.assertgenerator.AssertGenerator.innerAssertionAmplification(AssertGenerator.java:100)
        at eu.stamp_project.dspot.assertgenerator.AssertGenerator.assertionAmplification(AssertGenerator.java:71)
        at eu.stamp_project.dspot.Amplification.assertionsAmplification(Amplification.java:176)
        at eu.stamp_project.dspot.Amplification.amplification(Amplification.java:153)
        at eu.stamp_project.dspot.Amplification.amplification(Amplification.java:104)
        at eu.stamp_project.dspot.DSpot._amplify(DSpot.java:244)
        at eu.stamp_project.dspot.DSpot.lambda$amplifyTestClassesTestMethods$6(DSpot.java:223)
        at java.util.stream.ReferencePipeline$3$1.accept(ReferencePipeline.java:193)
        at java.util.ArrayList$ArrayListSpliterator.forEachRemaining(ArrayList.java:1374)
        at java.util.stream.AbstractPipeline.copyInto(AbstractPipeline.java:481)
        at java.util.stream.AbstractPipeline.wrapAndCopyInto(AbstractPipeline.java:471)
        at java.util.stream.ReduceOps$ReduceOp.evaluateSequential(ReduceOps.java:708)
        at java.util.stream.AbstractPipeline.evaluate(AbstractPipeline.java:234)
        at java.util.stream.ReferencePipeline.collect(ReferencePipeline.java:499)
        at eu.stamp_project.dspot.DSpot.amplifyTestClassesTestMethods(DSpot.java:224)
        at eu.stamp_project.Main.run(Main.java:70)
        at eu.stamp_project.Main.main(Main.java:41)
[INFO] 2018-11-11 13:31:16 AssertGenerator - Could not generate any test with assertions
[INFO] 2018-11-11 13:31:16 Amplification - 0 amplified test methods has been selected to be kept. (global: 0)
[INFO] 2018-11-11 13:31:16 Amplification - Amplification of testDataTransaction, (2/12)
[INFO] 2018-11-11 13:31:16 Amplification - iteration 0 / 3
[INFO] 2018-11-11 13:31:16 Amplification - 1 tests selected to be amplified over 1 available tests
[INFO] 2018-11-11 13:31:16 NoBudgetizer - Amplification of inputs...
100% |================================================== ]/
[INFO] 2018-11-11 13:31:16 NoBudgetizer - 0 new tests generated
[INFO] 2018-11-11 13:31:16 Amplification - iteration 1 / 3
[WARN] 2018-11-11 13:31:16 Amplification - No test could be selected to be amplified.
[INFO] 2018-11-11 13:31:16 Amplification - iteration 2 / 3
[WARN] 2018-11-11 13:31:16 Amplification - No test could be selected to be amplified.
[INFO] 2018-11-11 13:31:16 Amplification - 0 amplified test methods has been selected to be kept. (global: 0)
[INFO] 2018-11-11 13:31:16 Amplification - Amplification of testInitFromFile, (3/12)
[INFO] 2018-11-11 13:31:16 Amplification - iteration 0 / 3
[INFO] 2018-11-11 13:31:16 Amplification - 1 tests selected to be amplified over 1 available tests
[INFO] 2018-11-11 13:31:16 NoBudgetizer - Amplification of inputs...
100% |================================================== ]/
[INFO] 2018-11-11 13:31:16 NoBudgetizer - 5 new tests generated
[INFO] 2018-11-11 13:31:16 AssertGenerator - Run tests. (5)
[INFO] 2018-11-11 13:31:17 DSpotCompiler - Compiling with -proceedOnError -encoding UTF-8 -cp E:\Dev\tellu_github\tellulib\.\.\target\dspot\tmp_test_sources;C:\Users\Larsgiang\.m2\repository\commons-codec\commons-codec\1.9\commons-codec-1.9.jar;C:\Users\Larsgiang\.m2\repository\org\apache\httpcomponents\httpclient\4.5.5\httpclient-4.5.5.jar;C:\Users\Larsgiang\.m2\repository\org\apache\httpcomponents\httpcore\4.4.9\httpcore-4.4.9.jar;C:\Users\Larsgiang\.m2\repository\commons-logging\commons-logging\1.2\commons-logging-1.2.jar;C:\Users\Larsgiang\.m2\repository\junit\junit\4.12\junit-4.12.jar;C:\Users\Larsgiang\.m2\repository\org\hamcrest\hamcrest-core\1.3\hamcrest-core-1.3.jar;E:\Dev\tellu_github\tellulib\.\.\target/classes/\;E:\Dev\tellu_github\tellulib\.\.\target/test-classes/\;E:\Dev\tellu_github\tellulib\.\.\target/dspot/dependencies/; -d E:\Dev\tellu_github\tellulib\.\.\target\test-classes -1.8 -preserveAllLocals -noExit -enableJavadoc -proc:none E:\Dev\tellu_github\tellulib\target\dspot\tmp_test_sources\no\tellu\lib\data\model\ModelTest.java
Loading E:\Dev\tellu_github\tellulib\target\dspot\TestListener.ser
[INFO] 2018-11-11 13:31:17 AssertGenerator - 5 test pass, generating assertion...
[INFO] 2018-11-11 13:31:17 MethodsAssertGenerator - Add observations points in passing tests.
[INFO] 2018-11-11 13:31:17 MethodsAssertGenerator - Instrumentation...
100% |================================================== ]/
[INFO] 2018-11-11 13:31:17 MethodsAssertGenerator - Run instrumented tests. (15)
[INFO] 2018-11-11 13:31:17 DSpotCompiler - Compiling with -proceedOnError -encoding UTF-8 -cp E:\Dev\tellu_github\tellulib\.\.\target\dspot\tmp_test_sources;C:\Users\Larsgiang\.m2\repository\commons-codec\commons-codec\1.9\commons-codec-1.9.jar;C:\Users\Larsgiang\.m2\repository\org\apache\httpcomponents\httpclient\4.5.5\httpclient-4.5.5.jar;C:\Users\Larsgiang\.m2\repository\org\apache\httpcomponents\httpcore\4.4.9\httpcore-4.4.9.jar;C:\Users\Larsgiang\.m2\repository\commons-logging\commons-logging\1.2\commons-logging-1.2.jar;C:\Users\Larsgiang\.m2\repository\junit\junit\4.12\junit-4.12.jar;C:\Users\Larsgiang\.m2\repository\org\hamcrest\hamcrest-core\1.3\hamcrest-core-1.3.jar;E:\Dev\tellu_github\tellulib\.\.\target/classes/\;E:\Dev\tellu_github\tellulib\.\.\target/test-classes/\;E:\Dev\tellu_github\tellulib\.\.\target/dspot/dependencies/; -d E:\Dev\tellu_github\tellulib\.\.\target\test-classes -1.8 -preserveAllLocals -noExit -enableJavadoc -proc:none E:\Dev\tellu_github\tellulib\target\dspot\tmp_test_sources\no\tellu\lib\data\model\ModelTest.java
Loading E:\Dev\tellu_github\tellulib\target\dspot\TestListener.ser
[INFO] 2018-11-11 13:31:18 MethodsAssertGenerator - Generating assertions...
[INFO] 2018-11-11 13:31:18 AssertGenerator - 5 new tests with assertions generated
[INFO] 2018-11-11 13:31:18 DSpotCompiler - Compiling with -proceedOnError -encoding UTF-8 -cp E:\Dev\tellu_github\tellulib\.\.\target\dspot\tmp_test_sources;C:\Users\Larsgiang\.m2\repository\commons-codec\commons-codec\1.9\commons-codec-1.9.jar;C:\Users\Larsgiang\.m2\repository\org\apache\httpcomponents\httpclient\4.5.5\httpclient-4.5.5.jar;C:\Users\Larsgiang\.m2\repository\org\apache\httpcomponents\httpcore\4.4.9\httpcore-4.4.9.jar;C:\Users\Larsgiang\.m2\repository\commons-logging\commons-logging\1.2\commons-logging-1.2.jar;C:\Users\Larsgiang\.m2\repository\junit\junit\4.12\junit-4.12.jar;C:\Users\Larsgiang\.m2\repository\org\hamcrest\hamcrest-core\1.3\hamcrest-core-1.3.jar;E:\Dev\tellu_github\tellulib\.\.\target/classes/\;E:\Dev\tellu_github\tellulib\.\.\target/test-classes/\;E:\Dev\tellu_github\tellulib\.\.\target/dspot/dependencies/; -d E:\Dev\tellu_github\tellulib\.\.\target\test-classes -1.8 -preserveAllLocals -noExit -enableJavadoc -proc:none E:\Dev\tellu_github\tellulib\target\dspot\tmp_test_sources\no\tellu\lib\data\model\ModelTest.java
Loading E:\Dev\tellu_github\tellulib\target\dspot\TestListener.ser
[INFO] 2018-11-11 13:31:18 Amplification - Assertion amplification: 5 test method(s) has been successfully amplified.
[INFO] 2018-11-11 13:31:19 MavenAutomaticBuilder - Using E:\Dev\tellu_github\tellulib\.\.\.dspot_pom.xml to run maven.
[INFO] 2018-11-11 13:31:19 MavenAutomaticBuilder - Using C:\Dev\maven for maven home
[INFO] 2018-11-11 13:31:19 MavenAutomaticBuilder - run maven: C:\Dev\maven/bin/mvn org.pitest:pitest-maven:mutationCoverage -DtargetTests=no.tellu.lib.data.model.ModelTest
[WARN] Maven will be executed in interactive mode, but no input stream has been configured for this MavenInvoker instance.
[INFO] 2018-11-11 13:31:37 PitMutantScoreSelector - 789 mutants has been generated (789)
[INFO] 2018-11-11 13:31:37 PitMutantScoreSelector - testInitFromFile_mg6483 kills 3 more mutants
[INFO] 2018-11-11 13:31:37 Amplification - 1 amplified test methods has been selected to be kept.
[INFO] 2018-11-11 13:31:37 Amplification - iteration 1 / 3
[INFO] 2018-11-11 13:31:37 Amplification - 5 tests selected to be amplified over 5 available tests
[INFO] 2018-11-11 13:31:37 NoBudgetizer - Amplification of inputs...
 40% |================================================== ]-
[INFO] 2018-11-11 13:31:37 NoBudgetizer - 38 new tests generated
[INFO] 2018-11-11 13:31:37 AssertGenerator - Run tests. (38)
[INFO] 2018-11-11 13:31:37 DSpotCompiler - Compiling with -proceedOnError -encoding UTF-8 -cp E:\Dev\tellu_github\tellulib\.\.\target\dspot\tmp_test_sources;C:\Users\Larsgiang\.m2\repository\commons-codec\commons-codec\1.9\commons-codec-1.9.jar;C:\Users\Larsgiang\.m2\repository\org\apache\httpcomponents\httpclient\4.5.5\httpclient-4.5.5.jar;C:\Users\Larsgiang\.m2\repository\org\apache\httpcomponents\httpcore\4.4.9\httpcore-4.4.9.jar;C:\Users\Larsgiang\.m2\repository\commons-logging\commons-logging\1.2\commons-logging-1.2.jar;C:\Users\Larsgiang\.m2\repository\junit\junit\4.12\junit-4.12.jar;C:\Users\Larsgiang\.m2\repository\org\hamcrest\hamcrest-core\1.3\hamcrest-core-1.3.jar;E:\Dev\tellu_github\tellulib\.\.\target/classes/\;E:\Dev\tellu_github\tellulib\.\.\target/test-classes/\;E:\Dev\tellu_github\tellulib\.\.\target/dspot/dependencies/; -d E:\Dev\tellu_github\tellulib\.\.\target\test-classes -1.8 -preserveAllLocals -noExit -enableJavadoc -proc:none E:\Dev\tellu_github\tellulib\target\dspot\tmp_test_sources\no\tellu\lib\data\model\ModelTest.java
[ERROR] 2018-11-11 13:31:37 TestCompiler - Error(s) during compilation:
[ERROR] 2018-11-11 13:31:37 TestCompiler - Pb(17) Type mismatch: cannot convert from List<Object> to List<DataNode>
[INFO] 2018-11-11 13:31:37 DSpotCompiler - Compiling with -proceedOnError -encoding UTF-8 -cp E:\Dev\tellu_github\tellulib\.\.\target\dspot\tmp_test_sources;C:\Users\Larsgiang\.m2\repository\commons-codec\commons-codec\1.9\commons-codec-1.9.jar;C:\Users\Larsgiang\.m2\repository\org\apache\httpcomponents\httpclient\4.5.5\httpclient-4.5.5.jar;C:\Users\Larsgiang\.m2\repository\org\apache\httpcomponents\httpcore\4.4.9\httpcore-4.4.9.jar;C:\Users\Larsgiang\.m2\repository\commons-logging\commons-logging\1.2\commons-logging-1.2.jar;C:\Users\Larsgiang\.m2\repository\junit\junit\4.12\junit-4.12.jar;C:\Users\Larsgiang\.m2\repository\org\hamcrest\hamcrest-core\1.3\hamcrest-core-1.3.jar;E:\Dev\tellu_github\tellulib\.\.\target/classes/\;E:\Dev\tellu_github\tellulib\.\.\target/test-classes/\;E:\Dev\tellu_github\tellulib\.\.\target/dspot/dependencies/; -d E:\Dev\tellu_github\tellulib\.\.\target\test-classes -1.8 -preserveAllLocals -noExit -enableJavadoc -proc:none E:\Dev\tellu_github\tellulib\target\dspot\tmp_test_sources\no\tellu\lib\data\model\ModelTest.java
[WARN] 2018-11-11 13:32:16 EntryPoint - Timeout when running java  -classpath E:\Dev\tellu_github\tellulib\.\.\target\test-classes;E:\Dev\tellu_github\tellulib\.\.\target/classes/\;C:\Users\Larsgiang\.m2\repository\commons-codec\commons-codec\1.9\commons-codec-1.9.jar;C:\Users\Larsgiang\.m2\repository\org\apache\httpcomponents\httpclient\4.5.5\httpclient-4.5.5.jar;C:\Users\Larsgiang\.m2\repository\org\apache\httpcomponents\httpcore\4.4.9\httpcore-4.4.9.jar;C:\Users\Larsgiang\.m2\repository\commons-logging\commons-logging\1.2\commons-logging-1.2.jar;C:\Users\Larsgiang\.m2\repository\junit\junit\4.12\junit-4.12.jar;C:\Users\Larsgiang\.m2\repository\org\hamcrest\hamcrest-core\1.3\hamcrest-core-1.3.jar;E:\Dev\tellu_github\tellulib\.\.\target/dspot/dependencies/;E:\Dev\tellu_github\tellulib\dspot.jar eu.stamp_project.testrunner.runner.test.TestRunner no.tellu.lib.data.model.ModelTest testInitFromFile_mg6483_mg6523;testInitFromFile_mg6483_mg6524;testInitFromFile_mg6483_mg6525;testInitFromFile_mg6483_mg6526;testInitFromFile_mg6483_mg6527;testInitFromFile_mg6483_mg6528;testInitFromFile_mg6483_mg6529;testInitFromFile_mg6483_mg6530;testInitFromFile_mg6483_mg6532;testInitFromFile_mg6483_mg6533;testInitFromFile_mg6483_mg6534;testInitFromFile_mg6483_mg6535;testInitFromFile_mg6483_mg6536;testInitFromFile_mg6483_mg6537;testInitFromFile_mg6483_mg6538;testInitFromFile_mg6483_mg6539;testInitFromFile_mg6483_mg6540;testInitFromFile_mg6484_mg6505;testInitFromFile_mg6484_mg6512;testInitFromFile_mg6484_mg6513;testInitFromFile_mg6484_mg6516;testInitFromFile_mg6484_mg6520;testInitFromFile_mg6485_mg6503;testInitFromFile_mg6485_mg6509;testInitFromFile_mg6485_mg6515;testInitFromFile_mg6485_mg6518;testInitFromFile_mg6485_mg6521;testInitFromFile_mg6486_mg6504;testInitFromFile_mg6486_mg6507;testInitFromFile_mg6486_mg6510;testInitFromFile_mg6486_mg6519;testInitFromFile_mg6486_mg6522;testInitFromFile_mg6487_mg6506;testInitFromFile_mg6487_mg6508;testInitFromFile_mg6487_mg6511;testInitFromFile_mg6487_mg6513;testInitFromFile_mg6487_mg6516
[WARN] 2018-11-11 13:32:16 TestRunner - Timeout during execution of no.tellu.lib.data.model.ModelTest: testInitFromFile_mg6483_mg6523,testInitFromFile_mg6483_mg6524,testInitFromFile_mg6483_mg6525,testInitFromFile_mg6483_mg6526,testInitFromFile_mg6483_mg6527,testInitFromFile_mg6483_mg6528,testInitFromFile_mg6483_mg6529,testInitFromFile_mg6483_mg6530,testInitFromFile_mg6483_mg6532,testInitFromFile_mg6483_mg6533,testInitFromFile_mg6483_mg6534,testInitFromFile_mg6483_mg6535,testInitFromFile_mg6483_mg6536,testInitFromFile_mg6483_mg6537,testInitFromFile_mg6483_mg6538,testInitFromFile_mg6483_mg6539,testInitFromFile_mg6483_mg6540,testInitFromFile_mg6484_mg6505,testInitFromFile_mg6484_mg6512,testInitFromFile_mg6484_mg6513,testInitFromFile_mg6484_mg6516,testInitFromFile_mg6484_mg6520,testInitFromFile_mg6485_mg6503,testInitFromFile_mg6485_mg6509,testInitFromFile_mg6485_mg6515,testInitFromFile_mg6485_mg6518,testInitFromFile_mg6485_mg6521,testInitFromFile_mg6486_mg6504,testInitFromFile_mg6486_mg6507,testInitFromFile_mg6486_mg6510,testInitFromFile_mg6486_mg6519,testInitFromFile_mg6486_mg6522,testInitFromFile_mg6487_mg6506,testInitFromFile_mg6487_mg6508,testInitFromFile_mg6487_mg6511,testInitFromFile_mg6487_mg6513,testInitFromFile_mg6487_mg6516
[WARN] 2018-11-11 13:32:16 AssertGenerator - Error when executing tests before Assertion Amplification:
eu.stamp_project.dspot.AmplificationException: java.util.concurrent.TimeoutException
        at eu.stamp_project.utils.compilation.TestRunner.runGivenTestMethods(TestRunner.java:75)
        at eu.stamp_project.utils.compilation.TestCompiler.compileAndRun(TestCompiler.java:98)
        at eu.stamp_project.dspot.assertgenerator.AssertGenerator.innerAssertionAmplification(AssertGenerator.java:100)
        at eu.stamp_project.dspot.assertgenerator.AssertGenerator.assertionAmplification(AssertGenerator.java:71)
        at eu.stamp_project.dspot.Amplification.assertionsAmplification(Amplification.java:176)
        at eu.stamp_project.dspot.Amplification.amplification(Amplification.java:153)
        at eu.stamp_project.dspot.Amplification.amplification(Amplification.java:104)
        at eu.stamp_project.dspot.DSpot._amplify(DSpot.java:244)
        at eu.stamp_project.dspot.DSpot.lambda$amplifyTestClassesTestMethods$6(DSpot.java:223)
        at java.util.stream.ReferencePipeline$3$1.accept(ReferencePipeline.java:193)
        at java.util.ArrayList$ArrayListSpliterator.forEachRemaining(ArrayList.java:1374)
        at java.util.stream.AbstractPipeline.copyInto(AbstractPipeline.java:481)
        at java.util.stream.AbstractPipeline.wrapAndCopyInto(AbstractPipeline.java:471)
        at java.util.stream.ReduceOps$ReduceOp.evaluateSequential(ReduceOps.java:708)
        at java.util.stream.AbstractPipeline.evaluate(AbstractPipeline.java:234)
        at java.util.stream.ReferencePipeline.collect(ReferencePipeline.java:499)
        at eu.stamp_project.dspot.DSpot.amplifyTestClassesTestMethods(DSpot.java:224)
        at eu.stamp_project.Main.run(Main.java:70)
        at eu.stamp_project.Main.main(Main.java:41)
Caused by: java.util.concurrent.TimeoutException
        at java.util.concurrent.FutureTask.get(FutureTask.java:205)
        at eu.stamp_project.testrunner.EntryPoint.runGivenCommandLine(EntryPoint.java:373)
        at eu.stamp_project.testrunner.EntryPoint.runTests(EntryPoint.java:179)
        at eu.stamp_project.testrunner.EntryPoint.runTests(EntryPoint.java:166)
        at eu.stamp_project.utils.compilation.TestRunner.runGivenTestMethods(TestRunner.java:61)
        ... 18 more
[INFO] 2018-11-11 13:32:16 AssertGenerator - Could not generate any test with assertions
[INFO] 2018-11-11 13:32:16 Amplification - iteration 2 / 3
[INFO] 2018-11-11 13:32:16 Amplification - 38 tests selected to be amplified over 38 available tests
[INFO] 2018-11-11 13:32:16 NoBudgetizer - Amplification of inputs...
100% |================================================== ]-
 23% |=============================================== ]/[INFO] 2018-11-11 13:32:16 NoBudgetizer - 505 new tests generated
[WARN] 2018-11-11 13:32:16 NoBudgetizer - Too many tests have been generated: 505
[INFO] 2018-11-11 13:32:16 NoBudgetizer - Number of generated test reduced to 200
[INFO] 2018-11-11 13:32:18 AssertGenerator - Run tests. (200)
[INFO] 2018-11-11 13:32:19 DSpotCompiler - Compiling with -proceedOnError -encoding UTF-8 -cp E:\Dev\tellu_github\tellulib\.\.\target\dspot\tmp_test_sources;C:\Users\Larsgiang\.m2\repository\commons-codec\commons-codec\1.9\commons-codec-1.9.jar;C:\Users\Larsgiang\.m2\repository\org\apache\httpcomponents\httpclient\4.5.5\httpclient-4.5.5.jar;C:\Users\Larsgiang\.m2\repository\org\apache\httpcomponents\httpcore\4.4.9\httpcore-4.4.9.jar;C:\Users\Larsgiang\.m2\repository\commons-logging\commons-logging\1.2\commons-logging-1.2.jar;C:\Users\Larsgiang\.m2\repository\junit\junit\4.12\junit-4.12.jar;C:\Users\Larsgiang\.m2\repository\org\hamcrest\hamcrest-core\1.3\hamcrest-core-1.3.jar;E:\Dev\tellu_github\tellulib\.\.\target/classes/\;E:\Dev\tellu_github\tellulib\.\.\target/test-classes/\;E:\Dev\tellu_github\tellulib\.\.\target/dspot/dependencies/; -d E:\Dev\tellu_github\tellulib\.\.\target\test-classes -1.8 -preserveAllLocals -noExit -enableJavadoc -proc:none E:\Dev\tellu_github\tellulib\target\dspot\tmp_test_sources\no\tellu\lib\data\model\ModelTest.java
[ERROR] 2018-11-11 13:32:19 TestCompiler - Error(s) during compilation:
[ERROR] 2018-11-11 13:32:19 TestCompiler - Pb(17) Type mismatch: cannot convert from List<Object> to List<DataNode>
[ERROR] 2018-11-11 13:32:19 TestCompiler - Pb(17) Type mismatch: cannot convert from List<Object> to List<DataNode>
[ERROR] 2018-11-11 13:32:19 TestCompiler - Pb(17) Type mismatch: cannot convert from List<Object> to List<DataNode>
[ERROR] 2018-11-11 13:32:19 TestCompiler - Pb(17) Type mismatch: cannot convert from List<Object> to List<DataNode>
[ERROR] 2018-11-11 13:32:19 TestCompiler - Pb(17) Type mismatch: cannot convert from List<Object> to List<DataNode>
[ERROR] 2018-11-11 13:32:19 TestCompiler - Pb(17) Type mismatch: cannot convert from List<Object> to List<DataNode>
[ERROR] 2018-11-11 13:32:19 TestCompiler - Pb(17) Type mismatch: cannot convert from List<Object> to List<DataNode>
[ERROR] 2018-11-11 13:32:19 TestCompiler - Pb(17) Type mismatch: cannot convert from List<Object> to List<DataNode>
[ERROR] 2018-11-11 13:32:19 TestCompiler - Pb(17) Type mismatch: cannot convert from List<Object> to List<DataNode>
[ERROR] 2018-11-11 13:32:19 TestCompiler - Pb(17) Type mismatch: cannot convert from List<Object> to List<DataNode>
[ERROR] 2018-11-11 13:32:19 TestCompiler - Pb(17) Type mismatch: cannot convert from List<Object> to List<DataNode>
[ERROR] 2018-11-11 13:32:19 TestCompiler - Pb(17) Type mismatch: cannot convert from List<Object> to List<DataNode>
[ERROR] 2018-11-11 13:32:19 TestCompiler - Pb(17) Type mismatch: cannot convert from List<Object> to List<DataNode>
[ERROR] 2018-11-11 13:32:19 TestCompiler - Pb(17) Type mismatch: cannot convert from List<Object> to List<DataNode>
[ERROR] 2018-11-11 13:32:19 TestCompiler - Pb(17) Type mismatch: cannot convert from List<Object> to List<DataNode>
[ERROR] 2018-11-11 13:32:19 TestCompiler - Pb(17) Type mismatch: cannot convert from List<Object> to List<DataNode>
[ERROR] 2018-11-11 13:32:19 TestCompiler - Pb(17) Type mismatch: cannot convert from List<Object> to List<DataNode>
[ERROR] 2018-11-11 13:32:19 TestCompiler - Pb(17) Type mismatch: cannot convert from List<Object> to List<DataNode>
[ERROR] 2018-11-11 13:32:19 TestCompiler - Pb(17) Type mismatch: cannot convert from List<Object> to List<DataNode>
[ERROR] 2018-11-11 13:32:19 TestCompiler - Pb(17) Type mismatch: cannot convert from List<Object> to List<DataNode>
[INFO] 2018-11-11 13:32:19 DSpotCompiler - Compiling with -proceedOnError -encoding UTF-8 -cp E:\Dev\tellu_github\tellulib\.\.\target\dspot\tmp_test_sources;C:\Users\Larsgiang\.m2\repository\commons-codec\commons-codec\1.9\commons-codec-1.9.jar;C:\Users\Larsgiang\.m2\repository\org\apache\httpcomponents\httpclient\4.5.5\httpclient-4.5.5.jar;C:\Users\Larsgiang\.m2\repository\org\apache\httpcomponents\httpcore\4.4.9\httpcore-4.4.9.jar;C:\Users\Larsgiang\.m2\repository\commons-logging\commons-logging\1.2\commons-logging-1.2.jar;C:\Users\Larsgiang\.m2\repository\junit\junit\4.12\junit-4.12.jar;C:\Users\Larsgiang\.m2\repository\org\hamcrest\hamcrest-core\1.3\hamcrest-core-1.3.jar;E:\Dev\tellu_github\tellulib\.\.\target/classes/\;E:\Dev\tellu_github\tellulib\.\.\target/test-classes/\;E:\Dev\tellu_github\tellulib\.\.\target/dspot/dependencies/; -d E:\Dev\tellu_github\tellulib\.\.\target\test-classes -1.8 -preserveAllLocals -noExit -enableJavadoc -proc:none E:\Dev\tellu_github\tellulib\target\dspot\tmp_test_sources\no\tellu\lib\data\model\ModelTest.java
[WARN] 2018-11-11 13:35:10 EntryPoint - Timeout when running java  -classpath E:\Dev\tellu_github\tellulib\.\.\target\test-classes;E:\Dev\tellu_github\tellulib\.\.\target/classes/\;C:\Users\Larsgiang\.m2\repository\commons-codec\commons-codec\1.9\commons-codec-1.9.jar;C:\Users\Larsgiang\.m2\repository\org\apache\httpcomponents\httpclient\4.5.5\httpclient-4.5.5.jar;C:\Users\Larsgiang\.m2\repository\org\apache\httpcomponents\httpcore\4.4.9\httpcore-4.4.9.jar;C:\Users\Larsgiang\.m2\repository\commons-logging\commons-logging\1.2\commons-logging-1.2.jar;C:\Users\Larsgiang\.m2\repository\junit\junit\4.12\junit-4.12.jar;C:\Users\Larsgiang\.m2\repository\org\hamcrest\hamcrest-core\1.3\hamcrest-core-1.3.jar;E:\Dev\tellu_github\tellulib\.\.\target/dspot/dependencies/;E:\Dev\tellu_github\tellulib\dspot.jar eu.stamp_project.testrunner.runner.test.TestRunner no.tellu.lib.data.model.ModelTest testInitFromFile_mg6483_mg6534_mg6680;testInitFromFile_mg6483_mg6534_mg6584;testInitFromFile_mg6483_mg6534_mg6618;testInitFromFile_mg6483_mg6534_mg6641;testInitFromFile_mg6483_mg6528_mg6693;testInitFromFile_mg6483_mg6525_mg6650;testInitFromFile_mg6483_mg6533_mg6671;testInitFromFile_mg6483_mg6534_mg6674;testInitFromFile_mg6483_mg6536_mg7052;testInitFromFile_mg6483_mg6528_mg6589;testInitFromFile_mg6485_mg6503_mg6651;testInitFromFile_mg6483_mg6536_mg7061;testInitFromFile_mg6484_mg6513_mg6759;testInitFromFile_mg6484_mg6513_mg6754;testInitFromFile_mg6484_mg6512_mg6794;testInitFromFile_mg6485_mg6515_mg6862;testInitFromFile_mg6484_mg6513_mg6764;testInitFromFile_mg6484_mg6512_mg6781;testInitFromFile_mg6485_mg6509_mg6591;testInitFromFile_mg6484_mg6516_mg6626;testInitFromFile_mg6485_mg6518_mg6779;testInitFromFile_mg6485_mg6515_mg6866;testInitFromFile_mg6486_mg6510_mg6856;testInitFromFile_mg6485_mg6509_mg6602;testInitFromFile_mg6485_mg6509_mg6595;testInitFromFile_mg6484_mg6512_mg6788;testInitFromFile_mg6486_mg6510_mg6851;testInitFromFile_mg6484_mg6516_mg6621;testInitFromFile_mg6485_mg6518_mg6785;testInitFromFile_mg6485_mg6515_mg6869;testInitFromFile_mg6486_mg6507_mg6896;testInitFromFile_mg6486_mg6507_mg6893;testInitFromFile_mg6485_mg6518_mg6792;testInitFromFile_mg6486_mg6507_mg6899;testInitFromFile_mg6486_mg6519_mg6920;testInitFromFile_mg6486_mg6519_mg6915;testInitFromFile_mg6485_mg6503_mg6713;testInitFromFile_mg6486_mg6510_mg6860;testInitFromFile_mg6484_mg6516_mg6637;testInitFromFile_mg6486_mg6519_mg6925;testInitFromFile_mg6483_mg6528_mg6681;testInitFromFile_mg6483_mg6525_mg6600;testInitFromFile_mg6483_mg6528_mg6620;testInitFromFile_mg6483_mg6525_mg6619;testInitFromFile_mg6485_mg6521_mg6825;testInitFromFile_mg6483_mg6528_mg6636;testInitFromFile_mg6485_mg6521_mg6831;testInitFromFile_mg6485_mg6515_mg6873;testInitFromFile_mg6484_mg6513_mg6769;testInitFromFile_mg6485_mg6518_mg6798;testInitFromFile_mg6485_mg6521_mg6836;testInitFromFile_mg6487_mg6506_mg6616;testInitFromFile_mg6486_mg6510_mg6865;testInitFromFile_mg6484_mg6520_mg6727;testInitFromFile_mg6484_mg6512_mg6801;testInitFromFile_mg6484_mg6516_mg6642;testInitFromFile_mg6484_mg6520_mg6733;testInitFromFile_mg6485_mg6509_mg6609;testInitFromFile_mg6486_mg6507_mg6902;testInitFromFile_mg6484_mg6520_mg6736;testInitFromFile_mg6487_mg6508_mg6593;testInitFromFile_mg6487_mg6511_mg6826;testInitFromFile_mg6486_mg6519_mg6927;testInitFromFile_mg6487_mg6508_mg6588;testInitFromFile_mg6487_mg6511_mg6822;testInitFromFile_mg6486_mg6522_mg6883;testInitFromFile_mg6487_mg6513_mg6757;testInitFromFile_mg6487_mg6513_mg6752;testInitFromFile_mg6487_mg6508_mg6597;testInitFromFile_mg6487_mg6511_mg6833;testInitFromFile_mg6486_mg6522_mg6878;testInitFromFile_mg6486_mg6522_mg6888;testInitFromFile_mg6487_mg6513_mg6763;testInitFromFile_mg6487_mg6506_mg6706;testInitFromFile_mg6484_mg6505_mg6771;testInitFromFile_mg6483_mg6525_mg6645;testInitFromFile_mg6483_mg6533_mg6617;testInitFromFile_mg6483_mg6536_mg6832;testInitFromFile_mg6483_mg6533_mg6638;testInitFromFile_mg6483_mg6534_mg6623;testInitFromFile_mg6484_mg6505_mg6843;testInitFromFile_mg6485_mg6521_mg6841;testInitFromFile_mg6484_mg6520_mg6740;testInitFromFile_mg6487_mg6516_mg6787;testInitFromFile_mg6487_mg6516_mg6795;testInitFromFile_mg6487_mg6516_mg6803;testInitFromFile_mg6486_mg6522_mg6892;testInitFromFile_mg6487_mg6513_mg6767;testInitFromFile_mg6487_mg6508_mg6603;testInitFromFile_mg6487_mg6511_mg6838;testInitFromFile_mg6483_mg6533_mg6665;testInitFromFile_mg6487_mg6516_mg6809;testInitFromFile_mg6483_mg6536_mg6749;testInitFromFile_mg6483_mg6526_mg6816;testInitFromFile_mg6485_mg6503_mg6725;testInitFromFile_mg6485_mg6503_mg6731;testInitFromFile_mg6484_mg6512_mg6775;testInitFromFile_mg6485_mg6509_mg6583;testInitFromFile_mg6483_mg6536_mg7057;testInitFromFile_mg6485_mg6518_mg6773;testInitFromFile_mg6485_mg6503_mg6666;testInitFromFile_mg6486_mg6510_mg6846;testInitFromFile_mg6485_mg6503_mg6737;testInitFromFile_mg6486_mg6519_mg6911;testInitFromFile_mg6483_mg6536_mg6806;testInitFromFile_mg6483_mg6536_mg7026;testInitFromFile_mg6483_mg6536_mg6735;testInitFromFile_mg6485_mg6503_mg6741;testInitFromFile_mg6483_mg6536_mg7038;testInitFromFile_mg6487_mg6506_mg6717;testInitFromFile_mg6486_mg6522_mg6872;testInitFromFile_mg6487_mg6506_mg6721;testInitFromFile_mg6487_mg6506_mg6723;testInitFromFile_mg6487_mg6506_mg6635;testInitFromFile_mg6484_mg6516_mg6615;testInitFromFile_mg6483_mg6534_mg6691;testInitFromFile_mg6484_mg6513_mg6748;testInitFromFile_mg6485_mg6515_mg6850;testInitFromFile_mg6484_mg6505_mg6859;testInitFromFile_mg6484_mg6505_mg6855;testInitFromFile_mg6484_mg6505_mg6889;testInitFromFile_mg6484_mg6505_mg6799;testInitFromFile_mg6485_mg6503_mg6684;testInitFromFile_mg6483_mg6533_mg6590;testInitFromFile_mg6487_mg6506_mg6730;testInitFromFile_mg6485_mg6503_mg6679;testInitFromFile_mg6485_mg6503_mg6696;testInitFromFile_mg6483_mg6525_mg6607;testInitFromFile_mg6483_mg6534_mg6612;testInitFromFile_mg6485_mg6503_mg6655;testInitFromFile_mg6484_mg6505_mg6894;testInitFromFile_mg6486_mg6504_mg6938;testInitFromFile_mg6483_mg6528_mg6624;testInitFromFile_mg6487_mg6511_mg6814;testInitFromFile_mg6487_mg6506_mg6647;testInitFromFile_mg6483_mg6534_mg6667;testInitFromFile_mg6483_mg6532_mg6797;testInitFromFile_mg6486_mg6504_mg6992;testInitFromFile_mg6483_mg6534_mg6649;testInitFromFile_mg6487_mg6506_mg6643;testInitFromFile_mg6487_mg6506_mg6689;testInitFromFile_mg6483_mg6534_mg6656;testInitFromFile_mg6483_mg6526_mg6811;testInitFromFile_mg6484_mg6505_mg6813;testInitFromFile_mg6484_mg6505_mg6824;testInitFromFile_mg6487_mg6506_mg6622;testInitFromFile_mg6484_mg6505_mg6810;testInitFromFile_mg6483_mg6524_mg7050;testInitFromFile_mg6483_mg6526_mg6777;testInitFromFile_mg6483_mg6526_mg6762;testInitFromFile_mg6484_mg6505_mg6778;testInitFromFile_mg6483_mg6534_mg6714;testInitFromFile_mg6483_mg6525_mg6662;testInitFromFile_mg6483_mg6529_mg6994;testInitFromFile_mg6483_mg6539_mg6663;testInitFromFile_mg6483_mg6528_mg6705;testInitFromFile_mg6483_mg6539_mg6682;testInitFromFile_mg6487_mg6506_mg6711;testInitFromFile_mg6483_mg6533_mg6628;testInitFromFile_mg6483_mg6530_mg6940;testInitFromFile_mg6483_mg6537_mg6957;testInitFromFile_mg6483_mg6534_mg6634;testInitFromFile_mg6483_mg6534_mg6709;testInitFromFile_mg6485_mg6503_mg6718;testInitFromFile_mg6483_mg6534_mg6697;testInitFromFile_mg6483_mg6534_mg6703;testInitFromFile_mg6483_mg6533_mg6683;testInitFromFile_mg6486_mg6507_mg6882;testInitFromFile_mg6483_mg6524_mg7025
[WARN] 2018-11-11 13:35:10 TestRunner - Timeout during execution of no.tellu.lib.data.model.ModelTest: testInitFromFile_mg6483_mg6534_mg6680,testInitFromFile_mg6483_mg6534_mg6584,testInitFromFile_mg6483_mg6534_mg6618,testInitFromFile_mg6483_mg6534_mg6641,testInitFromFile_mg6483_mg6528_mg6693,testInitFromFile_mg6483_mg6525_mg6650,testInitFromFile_mg6483_mg6533_mg6671,testInitFromFile_mg6483_mg6534_mg6674,testInitFromFile_mg6483_mg6536_mg7052,testInitFromFile_mg6483_mg6528_mg6589,testInitFromFile_mg6485_mg6503_mg6651,testInitFromFile_mg6483_mg6536_mg7061,testInitFromFile_mg6484_mg6513_mg6759,testInitFromFile_mg6484_mg6513_mg6754,testInitFromFile_mg6484_mg6512_mg6794,testInitFromFile_mg6485_mg6515_mg6862,testInitFromFile_mg6484_mg6513_mg6764,testInitFromFile_mg6484_mg6512_mg6781,testInitFromFile_mg6485_mg6509_mg6591,testInitFromFile_mg6484_mg6516_mg6626,testInitFromFile_mg6485_mg6518_mg6779,testInitFromFile_mg6485_mg6515_mg6866,testInitFromFile_mg6486_mg6510_mg6856,testInitFromFile_mg6485_mg6509_mg6602,testInitFromFile_mg6485_mg6509_mg6595,testInitFromFile_mg6484_mg6512_mg6788,testInitFromFile_mg6486_mg6510_mg6851,testInitFromFile_mg6484_mg6516_mg6621,testInitFromFile_mg6485_mg6518_mg6785,testInitFromFile_mg6485_mg6515_mg6869,testInitFromFile_mg6486_mg6507_mg6896,testInitFromFile_mg6486_mg6507_mg6893,testInitFromFile_mg6485_mg6518_mg6792,testInitFromFile_mg6486_mg6507_mg6899,testInitFromFile_mg6486_mg6519_mg6920,testInitFromFile_mg6486_mg6519_mg6915,testInitFromFile_mg6485_mg6503_mg6713,testInitFromFile_mg6486_mg6510_mg6860,testInitFromFile_mg6484_mg6516_mg6637,testInitFromFile_mg6486_mg6519_mg6925,testInitFromFile_mg6483_mg6528_mg6681,testInitFromFile_mg6483_mg6525_mg6600,testInitFromFile_mg6483_mg6528_mg6620,testInitFromFile_mg6483_mg6525_mg6619,testInitFromFile_mg6485_mg6521_mg6825,testInitFromFile_mg6483_mg6528_mg6636,testInitFromFile_mg6485_mg6521_mg6831,testInitFromFile_mg6485_mg6515_mg6873,testInitFromFile_mg6484_mg6513_mg6769,testInitFromFile_mg6485_mg6518_mg6798,testInitFromFile_mg6485_mg6521_mg6836,testInitFromFile_mg6487_mg6506_mg6616,testInitFromFile_mg6486_mg6510_mg6865,testInitFromFile_mg6484_mg6520_mg6727,testInitFromFile_mg6484_mg6512_mg6801,testInitFromFile_mg6484_mg6516_mg6642,testInitFromFile_mg6484_mg6520_mg6733,testInitFromFile_mg6485_mg6509_mg6609,testInitFromFile_mg6486_mg6507_mg6902,testInitFromFile_mg6484_mg6520_mg6736,testInitFromFile_mg6487_mg6508_mg6593,testInitFromFile_mg6487_mg6511_mg6826,testInitFromFile_mg6486_mg6519_mg6927,testInitFromFile_mg6487_mg6508_mg6588,testInitFromFile_mg6487_mg6511_mg6822,testInitFromFile_mg6486_mg6522_mg6883,testInitFromFile_mg6487_mg6513_mg6757,testInitFromFile_mg6487_mg6513_mg6752,testInitFromFile_mg6487_mg6508_mg6597,testInitFromFile_mg6487_mg6511_mg6833,testInitFromFile_mg6486_mg6522_mg6878,testInitFromFile_mg6486_mg6522_mg6888,testInitFromFile_mg6487_mg6513_mg6763,testInitFromFile_mg6487_mg6506_mg6706,testInitFromFile_mg6484_mg6505_mg6771,testInitFromFile_mg6483_mg6525_mg6645,testInitFromFile_mg6483_mg6533_mg6617,testInitFromFile_mg6483_mg6536_mg6832,testInitFromFile_mg6483_mg6533_mg6638,testInitFromFile_mg6483_mg6534_mg6623,testInitFromFile_mg6484_mg6505_mg6843,testInitFromFile_mg6485_mg6521_mg6841,testInitFromFile_mg6484_mg6520_mg6740,testInitFromFile_mg6487_mg6516_mg6787,testInitFromFile_mg6487_mg6516_mg6795,testInitFromFile_mg6487_mg6516_mg6803,testInitFromFile_mg6486_mg6522_mg6892,testInitFromFile_mg6487_mg6513_mg6767,testInitFromFile_mg6487_mg6508_mg6603,testInitFromFile_mg6487_mg6511_mg6838,testInitFromFile_mg6483_mg6533_mg6665,testInitFromFile_mg6487_mg6516_mg6809,testInitFromFile_mg6483_mg6536_mg6749,testInitFromFile_mg6483_mg6526_mg6816,testInitFromFile_mg6485_mg6503_mg6725,testInitFromFile_mg6485_mg6503_mg6731,testInitFromFile_mg6484_mg6512_mg6775,testInitFromFile_mg6485_mg6509_mg6583,testInitFromFile_mg6483_mg6536_mg7057,testInitFromFile_mg6485_mg6518_mg6773,testInitFromFile_mg6485_mg6503_mg6666,testInitFromFile_mg6486_mg6510_mg6846,testInitFromFile_mg6485_mg6503_mg6737,testInitFromFile_mg6486_mg6519_mg6911,testInitFromFile_mg6483_mg6536_mg6806,testInitFromFile_mg6483_mg6536_mg7026,testInitFromFile_mg6483_mg6536_mg6735,testInitFromFile_mg6485_mg6503_mg6741,testInitFromFile_mg6483_mg6536_mg7038,testInitFromFile_mg6487_mg6506_mg6717,testInitFromFile_mg6486_mg6522_mg6872,testInitFromFile_mg6487_mg6506_mg6721,testInitFromFile_mg6487_mg6506_mg6723,testInitFromFile_mg6487_mg6506_mg6635,testInitFromFile_mg6484_mg6516_mg6615,testInitFromFile_mg6483_mg6534_mg6691,testInitFromFile_mg6484_mg6513_mg6748,testInitFromFile_mg6485_mg6515_mg6850,testInitFromFile_mg6484_mg6505_mg6859,testInitFromFile_mg6484_mg6505_mg6855,testInitFromFile_mg6484_mg6505_mg6889,testInitFromFile_mg6484_mg6505_mg6799,testInitFromFile_mg6485_mg6503_mg6684,testInitFromFile_mg6483_mg6533_mg6590,testInitFromFile_mg6487_mg6506_mg6730,testInitFromFile_mg6485_mg6503_mg6679,testInitFromFile_mg6485_mg6503_mg6696,testInitFromFile_mg6483_mg6525_mg6607,testInitFromFile_mg6483_mg6534_mg6612,testInitFromFile_mg6485_mg6503_mg6655,testInitFromFile_mg6484_mg6505_mg6894,testInitFromFile_mg6486_mg6504_mg6938,testInitFromFile_mg6483_mg6528_mg6624,testInitFromFile_mg6487_mg6511_mg6814,testInitFromFile_mg6487_mg6506_mg6647,testInitFromFile_mg6483_mg6534_mg6667,testInitFromFile_mg6483_mg6532_mg6797,testInitFromFile_mg6486_mg6504_mg6992,testInitFromFile_mg6483_mg6534_mg6649,testInitFromFile_mg6487_mg6506_mg6643,testInitFromFile_mg6487_mg6506_mg6689,testInitFromFile_mg6483_mg6534_mg6656,testInitFromFile_mg6483_mg6526_mg6811,testInitFromFile_mg6484_mg6505_mg6813,testInitFromFile_mg6484_mg6505_mg6824,testInitFromFile_mg6487_mg6506_mg6622,testInitFromFile_mg6484_mg6505_mg6810,testInitFromFile_mg6483_mg6524_mg7050,testInitFromFile_mg6483_mg6526_mg6777,testInitFromFile_mg6483_mg6526_mg6762,testInitFromFile_mg6484_mg6505_mg6778,testInitFromFile_mg6483_mg6534_mg6714,testInitFromFile_mg6483_mg6525_mg6662,testInitFromFile_mg6483_mg6529_mg6994,testInitFromFile_mg6483_mg6539_mg6663,testInitFromFile_mg6483_mg6528_mg6705,testInitFromFile_mg6483_mg6539_mg6682,testInitFromFile_mg6487_mg6506_mg6711,testInitFromFile_mg6483_mg6533_mg6628,testInitFromFile_mg6483_mg6530_mg6940,testInitFromFile_mg6483_mg6537_mg6957,testInitFromFile_mg6483_mg6534_mg6634,testInitFromFile_mg6483_mg6534_mg6709,testInitFromFile_mg6485_mg6503_mg6718,testInitFromFile_mg6483_mg6534_mg6697,testInitFromFile_mg6483_mg6534_mg6703,testInitFromFile_mg6483_mg6533_mg6683,testInitFromFile_mg6486_mg6507_mg6882,testInitFromFile_mg6483_mg6524_mg7025
[WARN] 2018-11-11 13:35:10 AssertGenerator - Error when executing tests before Assertion Amplification:
eu.stamp_project.dspot.AmplificationException: java.util.concurrent.TimeoutException
        at eu.stamp_project.utils.compilation.TestRunner.runGivenTestMethods(TestRunner.java:75)
        at eu.stamp_project.utils.compilation.TestCompiler.compileAndRun(TestCompiler.java:98)
        at eu.stamp_project.dspot.assertgenerator.AssertGenerator.innerAssertionAmplification(AssertGenerator.java:100)
        at eu.stamp_project.dspot.assertgenerator.AssertGenerator.assertionAmplification(AssertGenerator.java:71)
        at eu.stamp_project.dspot.Amplification.assertionsAmplification(Amplification.java:176)
        at eu.stamp_project.dspot.Amplification.amplification(Amplification.java:153)
        at eu.stamp_project.dspot.Amplification.amplification(Amplification.java:104)
        at eu.stamp_project.dspot.DSpot._amplify(DSpot.java:244)
        at eu.stamp_project.dspot.DSpot.lambda$amplifyTestClassesTestMethods$6(DSpot.java:223)
        at java.util.stream.ReferencePipeline$3$1.accept(ReferencePipeline.java:193)
        at java.util.ArrayList$ArrayListSpliterator.forEachRemaining(ArrayList.java:1374)
        at java.util.stream.AbstractPipeline.copyInto(AbstractPipeline.java:481)
        at java.util.stream.AbstractPipeline.wrapAndCopyInto(AbstractPipeline.java:471)
        at java.util.stream.ReduceOps$ReduceOp.evaluateSequential(ReduceOps.java:708)
        at java.util.stream.AbstractPipeline.evaluate(AbstractPipeline.java:234)
        at java.util.stream.ReferencePipeline.collect(ReferencePipeline.java:499)
        at eu.stamp_project.dspot.DSpot.amplifyTestClassesTestMethods(DSpot.java:224)
        at eu.stamp_project.Main.run(Main.java:70)
        at eu.stamp_project.Main.main(Main.java:41)
Caused by: java.util.concurrent.TimeoutException
        at java.util.concurrent.FutureTask.get(FutureTask.java:205)
        at eu.stamp_project.testrunner.EntryPoint.runGivenCommandLine(EntryPoint.java:373)
        at eu.stamp_project.testrunner.EntryPoint.runTests(EntryPoint.java:179)
        at eu.stamp_project.testrunner.EntryPoint.runTests(EntryPoint.java:166)
        at eu.stamp_project.utils.compilation.TestRunner.runGivenTestMethods(TestRunner.java:61)
        ... 18 more
[INFO] 2018-11-11 13:35:10 AssertGenerator - Could not generate any test with assertions
[INFO] 2018-11-11 13:35:10 Amplification - 0 amplified test methods has been selected to be kept. (global: 1)
[INFO] 2018-11-11 13:35:10 Amplification - Amplification of testInitFromMeta, (4/12)
[INFO] 2018-11-11 13:35:10 Amplification - iteration 0 / 3
[INFO] 2018-11-11 13:35:10 Amplification - 1 tests selected to be amplified over 1 available tests
[INFO] 2018-11-11 13:35:10 NoBudgetizer - Amplification of inputs...
100% |================================================== ]/
[INFO] 2018-11-11 13:35:10 NoBudgetizer - 0 new tests generated
[INFO] 2018-11-11 13:35:10 Amplification - iteration 1 / 3
[WARN] 2018-11-11 13:35:10 Amplification - No test could be selected to be amplified.
[INFO] 2018-11-11 13:35:10 Amplification - iteration 2 / 3
[WARN] 2018-11-11 13:35:10 Amplification - No test could be selected to be amplified.
[INFO] 2018-11-11 13:35:10 Amplification - 0 amplified test methods has been selected to be kept. (global: 1)
[INFO] 2018-11-11 13:35:10 Amplification - Amplification of testInitFromModel, (5/12)
[INFO] 2018-11-11 13:35:10 Amplification - iteration 0 / 3
[INFO] 2018-11-11 13:35:10 Amplification - 1 tests selected to be amplified over 1 available tests
[INFO] 2018-11-11 13:35:10 NoBudgetizer - Amplification of inputs...
100% |================================================== ]/
[INFO] 2018-11-11 13:35:10 NoBudgetizer - 23 new tests generated
[INFO] 2018-11-11 13:35:10 AssertGenerator - Run tests. (23)
[INFO] 2018-11-11 13:35:10 DSpotCompiler - Compiling with -proceedOnError -encoding UTF-8 -cp E:\Dev\tellu_github\tellulib\.\.\target\dspot\tmp_test_sources;C:\Users\Larsgiang\.m2\repository\commons-codec\commons-codec\1.9\commons-codec-1.9.jar;C:\Users\Larsgiang\.m2\repository\org\apache\httpcomponents\httpclient\4.5.5\httpclient-4.5.5.jar;C:\Users\Larsgiang\.m2\repository\org\apache\httpcomponents\httpcore\4.4.9\httpcore-4.4.9.jar;C:\Users\Larsgiang\.m2\repository\commons-logging\commons-logging\1.2\commons-logging-1.2.jar;C:\Users\Larsgiang\.m2\repository\junit\junit\4.12\junit-4.12.jar;C:\Users\Larsgiang\.m2\repository\org\hamcrest\hamcrest-core\1.3\hamcrest-core-1.3.jar;E:\Dev\tellu_github\tellulib\.\.\target/classes/\;E:\Dev\tellu_github\tellulib\.\.\target/test-classes/\;E:\Dev\tellu_github\tellulib\.\.\target/dspot/dependencies/; -d E:\Dev\tellu_github\tellulib\.\.\target\test-classes -1.8 -preserveAllLocals -noExit -enableJavadoc -proc:none E:\Dev\tellu_github\tellulib\target\dspot\tmp_test_sources\no\tellu\lib\data\model\ModelTest.java
[ERROR] 2018-11-11 13:35:10 TestCompiler - Error(s) during compilation:
[ERROR] 2018-11-11 13:35:10 TestCompiler - Pb(17) Type mismatch: cannot convert from List<Object> to List<Trigger>
[INFO] 2018-11-11 13:35:10 DSpotCompiler - Compiling with -proceedOnError -encoding UTF-8 -cp E:\Dev\tellu_github\tellulib\.\.\target\dspot\tmp_test_sources;C:\Users\Larsgiang\.m2\repository\commons-codec\commons-codec\1.9\commons-codec-1.9.jar;C:\Users\Larsgiang\.m2\repository\org\apache\httpcomponents\httpclient\4.5.5\httpclient-4.5.5.jar;C:\Users\Larsgiang\.m2\repository\org\apache\httpcomponents\httpcore\4.4.9\httpcore-4.4.9.jar;C:\Users\Larsgiang\.m2\repository\commons-logging\commons-logging\1.2\commons-logging-1.2.jar;C:\Users\Larsgiang\.m2\repository\junit\junit\4.12\junit-4.12.jar;C:\Users\Larsgiang\.m2\repository\org\hamcrest\hamcrest-core\1.3\hamcrest-core-1.3.jar;E:\Dev\tellu_github\tellulib\.\.\target/classes/\;E:\Dev\tellu_github\tellulib\.\.\target/test-classes/\;E:\Dev\tellu_github\tellulib\.\.\target/dspot/dependencies/; -d E:\Dev\tellu_github\tellulib\.\.\target\test-classes -1.8 -preserveAllLocals -noExit -enableJavadoc -proc:none E:\Dev\tellu_github\tellulib\target\dspot\tmp_test_sources\no\tellu\lib\data\model\ModelTest.java
[WARN] 2018-11-11 13:35:33 EntryPoint - Timeout when running java  -classpath E:\Dev\tellu_github\tellulib\.\.\target\test-classes;E:\Dev\tellu_github\tellulib\.\.\target/classes/\;C:\Users\Larsgiang\.m2\repository\commons-codec\commons-codec\1.9\commons-codec-1.9.jar;C:\Users\Larsgiang\.m2\repository\org\apache\httpcomponents\httpclient\4.5.5\httpclient-4.5.5.jar;C:\Users\Larsgiang\.m2\repository\org\apache\httpcomponents\httpcore\4.4.9\httpcore-4.4.9.jar;C:\Users\Larsgiang\.m2\repository\commons-logging\commons-logging\1.2\commons-logging-1.2.jar;C:\Users\Larsgiang\.m2\repository\junit\junit\4.12\junit-4.12.jar;C:\Users\Larsgiang\.m2\repository\org\hamcrest\hamcrest-core\1.3\hamcrest-core-1.3.jar;E:\Dev\tellu_github\tellulib\.\.\target/dspot/dependencies/;E:\Dev\tellu_github\tellulib\dspot.jar eu.stamp_project.testrunner.runner.test.TestRunner no.tellu.lib.data.model.ModelTest testInitFromModel_mg7283;testInitFromModel_mg7284;testInitFromModel_mg7285;testInitFromModel_mg7286;testInitFromModel_mg7287;testInitFromModel_mg7288;testInitFromModel_mg7290;testInitFromModel_mg7291;testInitFromModel_mg7292;testInitFromModel_mg7293;testInitFromModel_mg7294;testInitFromModel_mg7295;testInitFromModel_mg7296;testInitFromModel_mg7297;testInitFromModel_mg7298;testInitFromModel_mg7299;testInitFromModel_mg7300;testInitFromModel_mg7301;testInitFromModel_mg7302;testInitFromModel_mg7303;testInitFromModel_mg7304;testInitFromModel_mg7305
[WARN] 2018-11-11 13:35:33 TestRunner - Timeout during execution of no.tellu.lib.data.model.ModelTest: testInitFromModel_mg7283,testInitFromModel_mg7284,testInitFromModel_mg7285,testInitFromModel_mg7286,testInitFromModel_mg7287,testInitFromModel_mg7288,testInitFromModel_mg7290,testInitFromModel_mg7291,testInitFromModel_mg7292,testInitFromModel_mg7293,testInitFromModel_mg7294,testInitFromModel_mg7295,testInitFromModel_mg7296,testInitFromModel_mg7297,testInitFromModel_mg7298,testInitFromModel_mg7299,testInitFromModel_mg7300,testInitFromModel_mg7301,testInitFromModel_mg7302,testInitFromModel_mg7303,testInitFromModel_mg7304,testInitFromModel_mg7305
[WARN] 2018-11-11 13:35:33 AssertGenerator - Error when executing tests before Assertion Amplification:
eu.stamp_project.dspot.AmplificationException: java.util.concurrent.TimeoutException
        at eu.stamp_project.utils.compilation.TestRunner.runGivenTestMethods(TestRunner.java:75)
        at eu.stamp_project.utils.compilation.TestCompiler.compileAndRun(TestCompiler.java:98)
        at eu.stamp_project.dspot.assertgenerator.AssertGenerator.innerAssertionAmplification(AssertGenerator.java:100)
        at eu.stamp_project.dspot.assertgenerator.AssertGenerator.assertionAmplification(AssertGenerator.java:71)
        at eu.stamp_project.dspot.Amplification.assertionsAmplification(Amplification.java:176)
        at eu.stamp_project.dspot.Amplification.amplification(Amplification.java:153)
        at eu.stamp_project.dspot.Amplification.amplification(Amplification.java:104)
        at eu.stamp_project.dspot.DSpot._amplify(DSpot.java:244)
        at eu.stamp_project.dspot.DSpot.lambda$amplifyTestClassesTestMethods$6(DSpot.java:223)
        at java.util.stream.ReferencePipeline$3$1.accept(ReferencePipeline.java:193)
        at java.util.ArrayList$ArrayListSpliterator.forEachRemaining(ArrayList.java:1374)
        at java.util.stream.AbstractPipeline.copyInto(AbstractPipeline.java:481)
        at java.util.stream.AbstractPipeline.wrapAndCopyInto(AbstractPipeline.java:471)
        at java.util.stream.ReduceOps$ReduceOp.evaluateSequential(ReduceOps.java:708)
        at java.util.stream.AbstractPipeline.evaluate(AbstractPipeline.java:234)
        at java.util.stream.ReferencePipeline.collect(ReferencePipeline.java:499)
        at eu.stamp_project.dspot.DSpot.amplifyTestClassesTestMethods(DSpot.java:224)
        at eu.stamp_project.Main.run(Main.java:70)
        at eu.stamp_project.Main.main(Main.java:41)
Caused by: java.util.concurrent.TimeoutException
        at java.util.concurrent.FutureTask.get(FutureTask.java:205)
        at eu.stamp_project.testrunner.EntryPoint.runGivenCommandLine(EntryPoint.java:373)
        at eu.stamp_project.testrunner.EntryPoint.runTests(EntryPoint.java:179)
        at eu.stamp_project.testrunner.EntryPoint.runTests(EntryPoint.java:166)
        at eu.stamp_project.utils.compilation.TestRunner.runGivenTestMethods(TestRunner.java:61)
        ... 18 more
[INFO] 2018-11-11 13:35:33 AssertGenerator - Could not generate any test with assertions
[INFO] 2018-11-11 13:35:33 Amplification - iteration 1 / 3
[INFO] 2018-11-11 13:35:33 Amplification - 23 tests selected to be amplified over 23 available tests
[INFO] 2018-11-11 13:35:33 NoBudgetizer - Amplification of inputs...
100% |================================================== ]\
 60% |=============================================== ]-[INFO] 2018-11-11 13:35:34 NoBudgetizer - 578 new tests generated
[WARN] 2018-11-11 13:35:34 NoBudgetizer - Too many tests have been generated: 578
[INFO] 2018-11-11 13:35:34 NoBudgetizer - Number of generated test reduced to 200
[INFO] 2018-11-11 13:35:37 AssertGenerator - Run tests. (200)
[INFO] 2018-11-11 13:35:37 DSpotCompiler - Compiling with -proceedOnError -encoding UTF-8 -cp E:\Dev\tellu_github\tellulib\.\.\target\dspot\tmp_test_sources;C:\Users\Larsgiang\.m2\repository\commons-codec\commons-codec\1.9\commons-codec-1.9.jar;C:\Users\Larsgiang\.m2\repository\org\apache\httpcomponents\httpclient\4.5.5\httpclient-4.5.5.jar;C:\Users\Larsgiang\.m2\repository\org\apache\httpcomponents\httpcore\4.4.9\httpcore-4.4.9.jar;C:\Users\Larsgiang\.m2\repository\commons-logging\commons-logging\1.2\commons-logging-1.2.jar;C:\Users\Larsgiang\.m2\repository\junit\junit\4.12\junit-4.12.jar;C:\Users\Larsgiang\.m2\repository\org\hamcrest\hamcrest-core\1.3\hamcrest-core-1.3.jar;E:\Dev\tellu_github\tellulib\.\.\target/classes/\;E:\Dev\tellu_github\tellulib\.\.\target/test-classes/\;E:\Dev\tellu_github\tellulib\.\.\target/dspot/dependencies/; -d E:\Dev\tellu_github\tellulib\.\.\target\test-classes -1.8 -preserveAllLocals -noExit -enableJavadoc -proc:none E:\Dev\tellu_github\tellulib\target\dspot\tmp_test_sources\no\tellu\lib\data\model\ModelTest.java
[ERROR] 2018-11-11 13:35:38 TestCompiler - Error(s) during compilation:
[ERROR] 2018-11-11 13:35:38 TestCompiler - Pb(17) Type mismatch: cannot convert from List<Object> to List<Action>
[ERROR] 2018-11-11 13:35:38 TestCompiler - Pb(17) Type mismatch: cannot convert from List<Object> to List<Trigger>
[ERROR] 2018-11-11 13:35:38 TestCompiler - Pb(17) Type mismatch: cannot convert from List<Object> to List<Action>
[ERROR] 2018-11-11 13:35:38 TestCompiler - Pb(17) Type mismatch: cannot convert from List<Object> to List<Trigger>
[ERROR] 2018-11-11 13:35:38 TestCompiler - Pb(17) Type mismatch: cannot convert from List<Object> to List<Trigger>
[ERROR] 2018-11-11 13:35:38 TestCompiler - Pb(17) Type mismatch: cannot convert from List<Object> to List<Action>
[ERROR] 2018-11-11 13:35:38 TestCompiler - Pb(17) Type mismatch: cannot convert from List<Object> to List<Trigger>
[ERROR] 2018-11-11 13:35:38 TestCompiler - Pb(17) Type mismatch: cannot convert from List<Object> to List<Action>
[ERROR] 2018-11-11 13:35:38 TestCompiler - Pb(17) Type mismatch: cannot convert from List<Object> to List<Trigger>
[ERROR] 2018-11-11 13:35:38 TestCompiler - Pb(17) Type mismatch: cannot convert from List<Object> to List<Trigger>
[ERROR] 2018-11-11 13:35:38 TestCompiler - Pb(17) Type mismatch: cannot convert from List<Object> to List<Trigger>
[ERROR] 2018-11-11 13:35:38 TestCompiler - Pb(17) Type mismatch: cannot convert from List<Object> to List<Trigger>
[ERROR] 2018-11-11 13:35:38 TestCompiler - Pb(17) Type mismatch: cannot convert from List<Object> to List<Trigger>
[ERROR] 2018-11-11 13:35:38 TestCompiler - Pb(17) Type mismatch: cannot convert from List<Object> to List<Action>
[ERROR] 2018-11-11 13:35:38 TestCompiler - Pb(17) Type mismatch: cannot convert from List<Object> to List<Trigger>
[ERROR] 2018-11-11 13:35:38 TestCompiler - Pb(17) Type mismatch: cannot convert from List<Object> to List<Trigger>
[ERROR] 2018-11-11 13:35:38 TestCompiler - Pb(17) Type mismatch: cannot convert from List<Object> to List<Trigger>
[ERROR] 2018-11-11 13:35:38 TestCompiler - Pb(17) Type mismatch: cannot convert from List<Object> to List<Trigger>
[ERROR] 2018-11-11 13:35:38 TestCompiler - Pb(17) Type mismatch: cannot convert from List<Object> to List<Action>
[ERROR] 2018-11-11 13:35:38 TestCompiler - Pb(17) Type mismatch: cannot convert from List<Object> to List<Trigger>
[INFO] 2018-11-11 13:35:38 DSpotCompiler - Compiling with -proceedOnError -encoding UTF-8 -cp E:\Dev\tellu_github\tellulib\.\.\target\dspot\tmp_test_sources;C:\Users\Larsgiang\.m2\repository\commons-codec\commons-codec\1.9\commons-codec-1.9.jar;C:\Users\Larsgiang\.m2\repository\org\apache\httpcomponents\httpclient\4.5.5\httpclient-4.5.5.jar;C:\Users\Larsgiang\.m2\repository\org\apache\httpcomponents\httpcore\4.4.9\httpcore-4.4.9.jar;C:\Users\Larsgiang\.m2\repository\commons-logging\commons-logging\1.2\commons-logging-1.2.jar;C:\Users\Larsgiang\.m2\repository\junit\junit\4.12\junit-4.12.jar;C:\Users\Larsgiang\.m2\repository\org\hamcrest\hamcrest-core\1.3\hamcrest-core-1.3.jar;E:\Dev\tellu_github\tellulib\.\.\target/classes/\;E:\Dev\tellu_github\tellulib\.\.\target/test-classes/\;E:\Dev\tellu_github\tellulib\.\.\target/dspot/dependencies/; -d E:\Dev\tellu_github\tellulib\.\.\target\test-classes -1.8 -preserveAllLocals -noExit -enableJavadoc -proc:none E:\Dev\tellu_github\tellulib\target\dspot\tmp_test_sources\no\tellu\lib\data\model\ModelTest.java
[WARN] 2018-11-11 13:38:25 EntryPoint - Timeout when running java  -classpath E:\Dev\tellu_github\tellulib\.\.\target\test-classes;E:\Dev\tellu_github\tellulib\.\.\target/classes/\;C:\Users\Larsgiang\.m2\repository\commons-codec\commons-codec\1.9\commons-codec-1.9.jar;C:\Users\Larsgiang\.m2\repository\org\apache\httpcomponents\httpclient\4.5.5\httpclient-4.5.5.jar;C:\Users\Larsgiang\.m2\repository\org\apache\httpcomponents\httpcore\4.4.9\httpcore-4.4.9.jar;C:\Users\Larsgiang\.m2\repository\commons-logging\commons-logging\1.2\commons-logging-1.2.jar;C:\Users\Larsgiang\.m2\repository\junit\junit\4.12\junit-4.12.jar;C:\Users\Larsgiang\.m2\repository\org\hamcrest\hamcrest-core\1.3\hamcrest-core-1.3.jar;E:\Dev\tellu_github\tellulib\.\.\target/dspot/dependencies/;E:\Dev\tellu_github\tellulib\dspot.jar eu.stamp_project.testrunner.runner.test.TestRunner no.tellu.lib.data.model.ModelTest testInitFromModel_mg7305_mg7548;testInitFromModel_mg7298_mg7887;testInitFromModel_mg7292_mg7345;testInitFromModel_mg7292_mg7538;testInitFromModel_mg7300_mg7760;testInitFromModel_mg7283_mg7646;testInitFromModel_mg7303_mg7385;testInitFromModel_mg7294_mg7762;testInitFromModel_mg7293_mg7722;testInitFromModel_mg7284_mg7380;testInitFromModel_mg7296_mg7843;testInitFromModel_mg7295_mg7720;testInitFromModel_mg7290_mg7600;testInitFromModel_mg7301_mg7476;testInitFromModel_mg7301_mg7542;testInitFromModel_mg7295_mg7752;testInitFromModel_mg7296_mg7851;testInitFromModel_mg7295_mg7757;testInitFromModel_mg7297_mg7406;testInitFromModel_mg7295_mg7763;testInitFromModel_mg7296_mg7852;testInitFromModel_mg7297_mg7413;testInitFromModel_mg7296_mg7853;testInitFromModel_mg7297_mg7417;testInitFromModel_mg7290_mg7644;testInitFromModel_mg7295_mg7727;testInitFromModel_mg7291_mg7800;testInitFromModel_mg7295_mg7731;testInitFromModel_mg7301_mg7471;testInitFromModel_mg7290_mg7648;testInitFromModel_mg7290_mg7651;testInitFromModel_mg7296_mg7845;testInitFromModel_mg7297_mg7369;testInitFromModel_mg7301_mg7429;testInitFromModel_mg7291_mg7807;testInitFromModel_mg7291_mg7811;testInitFromModel_mg7296_mg7847;testInitFromModel_mg7297_mg7375;testInitFromModel_mg7301_mg7480;testInitFromModel_mg7299_mg7649;testInitFromModel_mg7301_mg7482;testInitFromModel_mg7290_mg7608;testInitFromModel_mg7290_mg7613;testInitFromModel_mg7291_mg7768;testInitFromModel_mg7291_mg7774;testInitFromModel_mg7299_mg7639;testInitFromModel_mg7302_mg7670;testInitFromModel_mg7301_mg7390;testInitFromModel_mg7301_mg7478;testInitFromModel_mg7284_mg7423;testInitFromModel_mg7295_mg7706;testInitFromModel_mg7295_mg7703;testInitFromModel_mg7285_mg7411;testInitFromModel_mg7295_mg7709;testInitFromModel_mg7286_mg7583;testInitFromModel_mg7284_mg7430;testInitFromModel_mg7284_mg7437;testInitFromModel_mg7296_mg7827;testInitFromModel_mg7296_mg7830;testInitFromModel_mg7296_mg7822;testInitFromModel_mg7297_mg7333;testInitFromModel_mg7297_mg7336;testInitFromModel_mg7297_mg7331;testInitFromModel_mg7285_mg7418;testInitFromModel_mg7285_mg7426;testInitFromModel_mg7286_mg7590;testInitFromModel_mg7286_mg7597;testInitFromModel_mg7284_mg7387;testInitFromModel_mg7290_mg7564;testInitFromModel_mg7290_mg7569;testInitFromModel_mg7285_mg7372;testInitFromModel_mg7295_mg7712;testInitFromModel_mg7290_mg7574;testInitFromModel_mg7286_mg7549;testInitFromModel_mg7284_mg7393;testInitFromModel_mg7291_mg7737;testInitFromModel_mg7291_mg7742;testInitFromModel_mg7291_mg7732;testInitFromModel_mg7285_mg7379;testInitFromModel_mg7287_mg7584;testInitFromModel_mg7286_mg7553;testInitFromModel_mg7296_mg7834;testInitFromModel_mg7297_mg7344;testInitFromModel_mg7295_mg7743;testInitFromModel_mg7287_mg7591;testInitFromModel_mg7287_mg7598;testInitFromModel_mg7295_mg7749;testInitFromModel_mg7293_mg7754;testInitFromModel_mg7298_mg7793;testInitFromModel_mg7294_mg7801;testInitFromModel_mg7296_mg7849;testInitFromModel_mg7297_mg7391;testInitFromModel_mg7305_mg7641;testInitFromModel_mg7298_mg7829;testInitFromModel_mg7296_mg7850;testInitFromModel_mg7293_mg7758;testInitFromModel_mg7293_mg7764;testInitFromModel_mg7297_mg7398;testInitFromModel_mg7294_mg7808;testInitFromModel_mg7294_mg7812;testInitFromModel_mg7290_mg7582;testInitFromModel_mg7291_mg7748;testInitFromModel_mg7287_mg7551;testInitFromModel_mg7287_mg7556;testInitFromModel_mg7290_mg7629;testInitFromModel_mg7293_mg7728;testInitFromModel_mg7290_mg7637;testInitFromModel_mg7291_mg7790;testInitFromModel_mg7294_mg7769;testInitFromModel_mg7305_mg7568;testInitFromModel_mg7305_mg7614;testInitFromModel_mg7293_mg7733;testInitFromModel_mg7291_mg7795;testInitFromModel_mg7296_mg7873;testInitFromModel_mg7299_mg7658;testInitFromModel_mg7301_mg7341;testInitFromModel_mg7294_mg7775;testInitFromModel_mg7299_mg7589;testInitFromModel_mg7299_mg7662;testInitFromModel_mg7299_mg7716;testInitFromModel_mg7290_mg7688;testInitFromModel_mg7304_mg7772;testInitFromModel_mg7295_mg7864;testInitFromModel_mg7297_mg7493;testInitFromModel_mg7304_mg7777;testInitFromModel_mg7296_mg7874;testInitFromModel_mg7304_mg7784;testInitFromModel_mg7295_mg7859;testInitFromModel_mg7283_mg7671;testInitFromModel_mg7303_mg7431;testInitFromModel_mg7283_mg7672;testInitFromModel_mg7296_mg7817;testInitFromModel_mg7283_mg7674;testInitFromModel_mg7297_mg7329;testInitFromModel_mg7303_mg7438;testInitFromModel_mg7303_mg7446;testInitFromModel_mg7301_mg7495;testInitFromModel_mg7304_mg7740;testInitFromModel_mg7290_mg7691;testInitFromModel_mg7304_mg7746;testInitFromModel_mg7291_mg7865;testInitFromModel_mg7291_mg7859;testInitFromModel_mg7301_mg7497;testInitFromModel_mg7283_mg7653;testInitFromModel_mg7303_mg7394;testInitFromModel_mg7283_mg7506;testInitFromModel_mg7283_mg7657;testInitFromModel_mg7303_mg7401;testInitFromModel_mg7284_mg7343;testInitFromModel_mg7284_mg7355;testInitFromModel_mg7284_mg7349;testInitFromModel_mg7285_mg7335;testInitFromModel_mg7286_mg7518;testInitFromModel_mg7285_mg7332;testInitFromModel_mg7286_mg7512;testInitFromModel_mg7285_mg7340;testInitFromModel_mg7288_mg7502;testInitFromModel_mg7286_mg7523;testInitFromModel_mg7283_mg7595;testInitFromModel_mg7292_mg7409;testInitFromModel_mg7299_mg7550;testInitFromModel_mg7295_mg7701;testInitFromModel_mg7285_mg7346;testInitFromModel_mg7284_mg7363;testInitFromModel_mg7299_mg7654;testInitFromModel_mg7286_mg7529
[WARN] 2018-11-11 13:38:25 TestRunner - Timeout during execution of no.tellu.lib.data.model.ModelTest: testInitFromModel_mg7305_mg7548,testInitFromModel_mg7298_mg7887,testInitFromModel_mg7292_mg7345,testInitFromModel_mg7292_mg7538,testInitFromModel_mg7300_mg7760,testInitFromModel_mg7283_mg7646,testInitFromModel_mg7303_mg7385,testInitFromModel_mg7294_mg7762,testInitFromModel_mg7293_mg7722,testInitFromModel_mg7284_mg7380,testInitFromModel_mg7296_mg7843,testInitFromModel_mg7295_mg7720,testInitFromModel_mg7290_mg7600,testInitFromModel_mg7301_mg7476,testInitFromModel_mg7301_mg7542,testInitFromModel_mg7295_mg7752,testInitFromModel_mg7296_mg7851,testInitFromModel_mg7295_mg7757,testInitFromModel_mg7297_mg7406,testInitFromModel_mg7295_mg7763,testInitFromModel_mg7296_mg7852,testInitFromModel_mg7297_mg7413,testInitFromModel_mg7296_mg7853,testInitFromModel_mg7297_mg7417,testInitFromModel_mg7290_mg7644,testInitFromModel_mg7295_mg7727,testInitFromModel_mg7291_mg7800,testInitFromModel_mg7295_mg7731,testInitFromModel_mg7301_mg7471,testInitFromModel_mg7290_mg7648,testInitFromModel_mg7290_mg7651,testInitFromModel_mg7296_mg7845,testInitFromModel_mg7297_mg7369,testInitFromModel_mg7301_mg7429,testInitFromModel_mg7291_mg7807,testInitFromModel_mg7291_mg7811,testInitFromModel_mg7296_mg7847,testInitFromModel_mg7297_mg7375,testInitFromModel_mg7301_mg7480,testInitFromModel_mg7299_mg7649,testInitFromModel_mg7301_mg7482,testInitFromModel_mg7290_mg7608,testInitFromModel_mg7290_mg7613,testInitFromModel_mg7291_mg7768,testInitFromModel_mg7291_mg7774,testInitFromModel_mg7299_mg7639,testInitFromModel_mg7302_mg7670,testInitFromModel_mg7301_mg7390,testInitFromModel_mg7301_mg7478,testInitFromModel_mg7284_mg7423,testInitFromModel_mg7295_mg7706,testInitFromModel_mg7295_mg7703,testInitFromModel_mg7285_mg7411,testInitFromModel_mg7295_mg7709,testInitFromModel_mg7286_mg7583,testInitFromModel_mg7284_mg7430,testInitFromModel_mg7284_mg7437,testInitFromModel_mg7296_mg7827,testInitFromModel_mg7296_mg7830,testInitFromModel_mg7296_mg7822,testInitFromModel_mg7297_mg7333,testInitFromModel_mg7297_mg7336,testInitFromModel_mg7297_mg7331,testInitFromModel_mg7285_mg7418,testInitFromModel_mg7285_mg7426,testInitFromModel_mg7286_mg7590,testInitFromModel_mg7286_mg7597,testInitFromModel_mg7284_mg7387,testInitFromModel_mg7290_mg7564,testInitFromModel_mg7290_mg7569,testInitFromModel_mg7285_mg7372,testInitFromModel_mg7295_mg7712,testInitFromModel_mg7290_mg7574,testInitFromModel_mg7286_mg7549,testInitFromModel_mg7284_mg7393,testInitFromModel_mg7291_mg7737,testInitFromModel_mg7291_mg7742,testInitFromModel_mg7291_mg7732,testInitFromModel_mg7285_mg7379,testInitFromModel_mg7287_mg7584,testInitFromModel_mg7286_mg7553,testInitFromModel_mg7296_mg7834,testInitFromModel_mg7297_mg7344,testInitFromModel_mg7295_mg7743,testInitFromModel_mg7287_mg7591,testInitFromModel_mg7287_mg7598,testInitFromModel_mg7295_mg7749,testInitFromModel_mg7293_mg7754,testInitFromModel_mg7298_mg7793,testInitFromModel_mg7294_mg7801,testInitFromModel_mg7296_mg7849,testInitFromModel_mg7297_mg7391,testInitFromModel_mg7305_mg7641,testInitFromModel_mg7298_mg7829,testInitFromModel_mg7296_mg7850,testInitFromModel_mg7293_mg7758,testInitFromModel_mg7293_mg7764,testInitFromModel_mg7297_mg7398,testInitFromModel_mg7294_mg7808,testInitFromModel_mg7294_mg7812,testInitFromModel_mg7290_mg7582,testInitFromModel_mg7291_mg7748,testInitFromModel_mg7287_mg7551,testInitFromModel_mg7287_mg7556,testInitFromModel_mg7290_mg7629,testInitFromModel_mg7293_mg7728,testInitFromModel_mg7290_mg7637,testInitFromModel_mg7291_mg7790,testInitFromModel_mg7294_mg7769,testInitFromModel_mg7305_mg7568,testInitFromModel_mg7305_mg7614,testInitFromModel_mg7293_mg7733,testInitFromModel_mg7291_mg7795,testInitFromModel_mg7296_mg7873,testInitFromModel_mg7299_mg7658,testInitFromModel_mg7301_mg7341,testInitFromModel_mg7294_mg7775,testInitFromModel_mg7299_mg7589,testInitFromModel_mg7299_mg7662,testInitFromModel_mg7299_mg7716,testInitFromModel_mg7290_mg7688,testInitFromModel_mg7304_mg7772,testInitFromModel_mg7295_mg7864,testInitFromModel_mg7297_mg7493,testInitFromModel_mg7304_mg7777,testInitFromModel_mg7296_mg7874,testInitFromModel_mg7304_mg7784,testInitFromModel_mg7295_mg7859,testInitFromModel_mg7283_mg7671,testInitFromModel_mg7303_mg7431,testInitFromModel_mg7283_mg7672,testInitFromModel_mg7296_mg7817,testInitFromModel_mg7283_mg7674,testInitFromModel_mg7297_mg7329,testInitFromModel_mg7303_mg7438,testInitFromModel_mg7303_mg7446,testInitFromModel_mg7301_mg7495,testInitFromModel_mg7304_mg7740,testInitFromModel_mg7290_mg7691,testInitFromModel_mg7304_mg7746,testInitFromModel_mg7291_mg7865,testInitFromModel_mg7291_mg7859,testInitFromModel_mg7301_mg7497,testInitFromModel_mg7283_mg7653,testInitFromModel_mg7303_mg7394,testInitFromModel_mg7283_mg7506,testInitFromModel_mg7283_mg7657,testInitFromModel_mg7303_mg7401,testInitFromModel_mg7284_mg7343,testInitFromModel_mg7284_mg7355,testInitFromModel_mg7284_mg7349,testInitFromModel_mg7285_mg7335,testInitFromModel_mg7286_mg7518,testInitFromModel_mg7285_mg7332,testInitFromModel_mg7286_mg7512,testInitFromModel_mg7285_mg7340,testInitFromModel_mg7288_mg7502,testInitFromModel_mg7286_mg7523,testInitFromModel_mg7283_mg7595,testInitFromModel_mg7292_mg7409,testInitFromModel_mg7299_mg7550,testInitFromModel_mg7295_mg7701,testInitFromModel_mg7285_mg7346,testInitFromModel_mg7284_mg7363,testInitFromModel_mg7299_mg7654,testInitFromModel_mg7286_mg7529
[WARN] 2018-11-11 13:38:25 AssertGenerator - Error when executing tests before Assertion Amplification:
eu.stamp_project.dspot.AmplificationException: java.util.concurrent.TimeoutException
        at eu.stamp_project.utils.compilation.TestRunner.runGivenTestMethods(TestRunner.java:75)
        at eu.stamp_project.utils.compilation.TestCompiler.compileAndRun(TestCompiler.java:98)
        at eu.stamp_project.dspot.assertgenerator.AssertGenerator.innerAssertionAmplification(AssertGenerator.java:100)
        at eu.stamp_project.dspot.assertgenerator.AssertGenerator.assertionAmplification(AssertGenerator.java:71)
        at eu.stamp_project.dspot.Amplification.assertionsAmplification(Amplification.java:176)
        at eu.stamp_project.dspot.Amplification.amplification(Amplification.java:153)
        at eu.stamp_project.dspot.Amplification.amplification(Amplification.java:104)
        at eu.stamp_project.dspot.DSpot._amplify(DSpot.java:244)
        at eu.stamp_project.dspot.DSpot.lambda$amplifyTestClassesTestMethods$6(DSpot.java:223)
        at java.util.stream.ReferencePipeline$3$1.accept(ReferencePipeline.java:193)
        at java.util.ArrayList$ArrayListSpliterator.forEachRemaining(ArrayList.java:1374)
        at java.util.stream.AbstractPipeline.copyInto(AbstractPipeline.java:481)
        at java.util.stream.AbstractPipeline.wrapAndCopyInto(AbstractPipeline.java:471)
        at java.util.stream.ReduceOps$ReduceOp.evaluateSequential(ReduceOps.java:708)
        at java.util.stream.AbstractPipeline.evaluate(AbstractPipeline.java:234)
        at java.util.stream.ReferencePipeline.collect(ReferencePipeline.java:499)
        at eu.stamp_project.dspot.DSpot.amplifyTestClassesTestMethods(DSpot.java:224)
        at eu.stamp_project.Main.run(Main.java:70)
        at eu.stamp_project.Main.main(Main.java:41)
Caused by: java.util.concurrent.TimeoutException
        at java.util.concurrent.FutureTask.get(FutureTask.java:205)
        at eu.stamp_project.testrunner.EntryPoint.runGivenCommandLine(EntryPoint.java:373)
        at eu.stamp_project.testrunner.EntryPoint.runTests(EntryPoint.java:179)
        at eu.stamp_project.testrunner.EntryPoint.runTests(EntryPoint.java:166)
        at eu.stamp_project.utils.compilation.TestRunner.runGivenTestMethods(TestRunner.java:61)
        ... 18 more
[INFO] 2018-11-11 13:38:25 AssertGenerator - Could not generate any test with assertions
[INFO] 2018-11-11 13:38:25 Amplification - iteration 2 / 3
[INFO] 2018-11-11 13:38:25 Amplification - 200 tests selected to be amplified over 200 available tests
[INFO] 2018-11-11 13:38:25 NoBudgetizer - Amplification of inputs...
100% |================================================== ]|
 87% |================================================ ]\[INFO] 2018-11-11 13:38:32 NoBudgetizer - 5093 new tests generated
[WARN] 2018-11-11 13:38:32 NoBudgetizer - Too many tests have been generated: 5093
[INFO] 2018-11-11 13:38:34 NoBudgetizer - Number of generated test reduced to 200
[INFO] 2018-11-11 13:38:42 AssertGenerator - Run tests. (200)
[INFO] 2018-11-11 13:38:42 DSpotCompiler - Compiling with -proceedOnError -encoding UTF-8 -cp E:\Dev\tellu_github\tellulib\.\.\target\dspot\tmp_test_sources;C:\Users\Larsgiang\.m2\repository\commons-codec\commons-codec\1.9\commons-codec-1.9.jar;C:\Users\Larsgiang\.m2\repository\org\apache\httpcomponents\httpclient\4.5.5\httpclient-4.5.5.jar;C:\Users\Larsgiang\.m2\repository\org\apache\httpcomponents\httpcore\4.4.9\httpcore-4.4.9.jar;C:\Users\Larsgiang\.m2\repository\commons-logging\commons-logging\1.2\commons-logging-1.2.jar;C:\Users\Larsgiang\.m2\repository\junit\junit\4.12\junit-4.12.jar;C:\Users\Larsgiang\.m2\repository\org\hamcrest\hamcrest-core\1.3\hamcrest-core-1.3.jar;E:\Dev\tellu_github\tellulib\.\.\target/classes/\;E:\Dev\tellu_github\tellulib\.\.\target/test-classes/\;E:\Dev\tellu_github\tellulib\.\.\target/dspot/dependencies/; -d E:\Dev\tellu_github\tellulib\.\.\target\test-classes -1.8 -preserveAllLocals -noExit -enableJavadoc -proc:none E:\Dev\tellu_github\tellulib\target\dspot\tmp_test_sources\no\tellu\lib\data\model\ModelTest.java
[ERROR] 2018-11-11 13:38:42 TestCompiler - Error(s) during compilation:
[ERROR] 2018-11-11 13:38:42 TestCompiler - Pb(17) Type mismatch: cannot convert from List<Object> to List<Action>
[ERROR] 2018-11-11 13:38:42 TestCompiler - Pb(17) Type mismatch: cannot convert from List<Object> to List<Trigger>
[ERROR] 2018-11-11 13:38:42 TestCompiler - Pb(17) Type mismatch: cannot convert from List<Object> to List<Trigger>
[ERROR] 2018-11-11 13:38:42 TestCompiler - Pb(17) Type mismatch: cannot convert from List<Object> to List<Action>
[ERROR] 2018-11-11 13:38:42 TestCompiler - Pb(17) Type mismatch: cannot convert from List<Object> to List<Action>
[ERROR] 2018-11-11 13:38:42 TestCompiler - Pb(17) Type mismatch: cannot convert from List<Object> to List<Action>
[ERROR] 2018-11-11 13:38:42 TestCompiler - Pb(17) Type mismatch: cannot convert from List<Object> to List<Trigger>
[ERROR] 2018-11-11 13:38:42 TestCompiler - Pb(17) Type mismatch: cannot convert from List<Object> to List<Action>
[ERROR] 2018-11-11 13:38:42 TestCompiler - Pb(17) Type mismatch: cannot convert from List<Object> to List<Action>
[ERROR] 2018-11-11 13:38:42 TestCompiler - Pb(17) Type mismatch: cannot convert from List<Object> to List<Action>
[ERROR] 2018-11-11 13:38:42 TestCompiler - Pb(17) Type mismatch: cannot convert from List<Object> to List<Action>
[ERROR] 2018-11-11 13:38:42 TestCompiler - Pb(17) Type mismatch: cannot convert from List<Object> to List<Action>
[ERROR] 2018-11-11 13:38:42 TestCompiler - Pb(17) Type mismatch: cannot convert from List<Object> to List<Trigger>
[ERROR] 2018-11-11 13:38:42 TestCompiler - Pb(17) Type mismatch: cannot convert from List<Object> to List<Action>
[ERROR] 2018-11-11 13:38:42 TestCompiler - Pb(17) Type mismatch: cannot convert from List<Object> to List<Trigger>
[ERROR] 2018-11-11 13:38:42 TestCompiler - Pb(17) Type mismatch: cannot convert from List<Object> to List<Action>
[ERROR] 2018-11-11 13:38:42 TestCompiler - Pb(17) Type mismatch: cannot convert from List<Object> to List<Action>
[ERROR] 2018-11-11 13:38:42 TestCompiler - Pb(17) Type mismatch: cannot convert from List<Object> to List<Action>
[ERROR] 2018-11-11 13:38:42 TestCompiler - Pb(17) Type mismatch: cannot convert from List<Object> to List<Trigger>
[ERROR] 2018-11-11 13:38:42 TestCompiler - Pb(17) Type mismatch: cannot convert from List<Object> to List<Action>
[INFO] 2018-11-11 13:38:43 DSpotCompiler - Compiling with -proceedOnError -encoding UTF-8 -cp E:\Dev\tellu_github\tellulib\.\.\target\dspot\tmp_test_sources;C:\Users\Larsgiang\.m2\repository\commons-codec\commons-codec\1.9\commons-codec-1.9.jar;C:\Users\Larsgiang\.m2\repository\org\apache\httpcomponents\httpclient\4.5.5\httpclient-4.5.5.jar;C:\Users\Larsgiang\.m2\repository\org\apache\httpcomponents\httpcore\4.4.9\httpcore-4.4.9.jar;C:\Users\Larsgiang\.m2\repository\commons-logging\commons-logging\1.2\commons-logging-1.2.jar;C:\Users\Larsgiang\.m2\repository\junit\junit\4.12\junit-4.12.jar;C:\Users\Larsgiang\.m2\repository\org\hamcrest\hamcrest-core\1.3\hamcrest-core-1.3.jar;E:\Dev\tellu_github\tellulib\.\.\target/classes/\;E:\Dev\tellu_github\tellulib\.\.\target/test-classes/\;E:\Dev\tellu_github\tellulib\.\.\target/dspot/dependencies/; -d E:\Dev\tellu_github\tellulib\.\.\target\test-classes -1.8 -preserveAllLocals -noExit -enableJavadoc -proc:none E:\Dev\tellu_github\tellulib\target\dspot\tmp_test_sources\no\tellu\lib\data\model\ModelTest.java
[ERROR] 2018-11-11 13:38:43 TestCompiler - Error(s) during compilation:
[ERROR] 2018-11-11 13:38:43 TestCompiler - Pb(17) Type mismatch: cannot convert from List<Object> to List<Trigger>
[ERROR] 2018-11-11 13:38:43 TestCompiler - Pb(17) Type mismatch: cannot convert from List<Object> to List<Trigger>
[ERROR] 2018-11-11 13:38:43 TestCompiler - Pb(17) Type mismatch: cannot convert from List<Object> to List<Action>
[ERROR] 2018-11-11 13:38:43 TestCompiler - Pb(17) Type mismatch: cannot convert from List<Object> to List<Action>
[ERROR] 2018-11-11 13:38:43 TestCompiler - Pb(17) Type mismatch: cannot convert from List<Object> to List<Action>
[ERROR] 2018-11-11 13:38:43 TestCompiler - Pb(17) Type mismatch: cannot convert from List<Object> to List<Trigger>
[ERROR] 2018-11-11 13:38:43 TestCompiler - Pb(17) Type mismatch: cannot convert from List<Object> to List<Action>
[ERROR] 2018-11-11 13:38:43 TestCompiler - Pb(17) Type mismatch: cannot convert from List<Object> to List<Trigger>
[ERROR] 2018-11-11 13:38:43 TestCompiler - Pb(17) Type mismatch: cannot convert from List<Object> to List<Action>
[ERROR] 2018-11-11 13:38:43 TestCompiler - Pb(17) Type mismatch: cannot convert from List<Object> to List<Action>
[ERROR] 2018-11-11 13:38:43 TestCompiler - Pb(17) Type mismatch: cannot convert from List<Object> to List<Action>
[ERROR] 2018-11-11 13:38:43 TestCompiler - Pb(17) Type mismatch: cannot convert from List<Object> to List<Trigger>
[ERROR] 2018-11-11 13:38:43 TestCompiler - Pb(17) Type mismatch: cannot convert from List<Object> to List<Trigger>
[ERROR] 2018-11-11 13:38:43 TestCompiler - Pb(17) Type mismatch: cannot convert from List<Object> to List<Action>
[ERROR] 2018-11-11 13:38:43 TestCompiler - Pb(17) Type mismatch: cannot convert from List<Object> to List<Action>
[ERROR] 2018-11-11 13:38:43 TestCompiler - Pb(17) Type mismatch: cannot convert from List<Object> to List<Action>
[ERROR] 2018-11-11 13:38:43 TestCompiler - Pb(17) Type mismatch: cannot convert from List<Object> to List<Action>
[ERROR] 2018-11-11 13:38:43 TestCompiler - Pb(17) Type mismatch: cannot convert from List<Object> to List<Action>
[ERROR] 2018-11-11 13:38:43 TestCompiler - Pb(17) Type mismatch: cannot convert from List<Object> to List<Trigger>
[ERROR] 2018-11-11 13:38:43 TestCompiler - Pb(17) Type mismatch: cannot convert from List<Object> to List<Action>
[INFO] 2018-11-11 13:38:44 DSpotCompiler - Compiling with -proceedOnError -encoding UTF-8 -cp E:\Dev\tellu_github\tellulib\.\.\target\dspot\tmp_test_sources;C:\Users\Larsgiang\.m2\repository\commons-codec\commons-codec\1.9\commons-codec-1.9.jar;C:\Users\Larsgiang\.m2\repository\org\apache\httpcomponents\httpclient\4.5.5\httpclient-4.5.5.jar;C:\Users\Larsgiang\.m2\repository\org\apache\httpcomponents\httpcore\4.4.9\httpcore-4.4.9.jar;C:\Users\Larsgiang\.m2\repository\commons-logging\commons-logging\1.2\commons-logging-1.2.jar;C:\Users\Larsgiang\.m2\repository\junit\junit\4.12\junit-4.12.jar;C:\Users\Larsgiang\.m2\repository\org\hamcrest\hamcrest-core\1.3\hamcrest-core-1.3.jar;E:\Dev\tellu_github\tellulib\.\.\target/classes/\;E:\Dev\tellu_github\tellulib\.\.\target/test-classes/\;E:\Dev\tellu_github\tellulib\.\.\target/dspot/dependencies/; -d E:\Dev\tellu_github\tellulib\.\.\target\test-classes -1.8 -preserveAllLocals -noExit -enableJavadoc -proc:none E:\Dev\tellu_github\tellulib\target\dspot\tmp_test_sources\no\tellu\lib\data\model\ModelTest.java
[WARN] 2018-11-11 13:39:21 EntryPoint - Timeout when running java  -classpath E:\Dev\tellu_github\tellulib\.\.\target\test-classes;E:\Dev\tellu_github\tellulib\.\.\target/classes/\;C:\Users\Larsgiang\.m2\repository\commons-codec\commons-codec\1.9\commons-codec-1.9.jar;C:\Users\Larsgiang\.m2\repository\org\apache\httpcomponents\httpclient\4.5.5\httpclient-4.5.5.jar;C:\Users\Larsgiang\.m2\repository\org\apache\httpcomponents\httpcore\4.4.9\httpcore-4.4.9.jar;C:\Users\Larsgiang\.m2\repository\commons-logging\commons-logging\1.2\commons-logging-1.2.jar;C:\Users\Larsgiang\.m2\repository\junit\junit\4.12\junit-4.12.jar;C:\Users\Larsgiang\.m2\repository\org\hamcrest\hamcrest-core\1.3\hamcrest-core-1.3.jar;E:\Dev\tellu_github\tellulib\.\.\target/dspot/dependencies/;E:\Dev\tellu_github\tellulib\dspot.jar eu.stamp_project.testrunner.runner.test.TestRunner no.tellu.lib.data.model.ModelTest testInitFromModel_mg7292_mg7345_mg9277;testInitFromModel_mg7300_mg7760_mg8741;testInitFromModel_mg7303_mg7385_mg9703;testInitFromModel_mg7296_mg7843_mg11495;testInitFromModel_mg7301_mg7542_mg11419;testInitFromModel_mg7301_mg7471_mg8125;testInitFromModel_mg7302_mg7670_mg12006;testInitFromModel_mg7292_mg7345_mg9119;testInitFromModel_mg7298_mg7887_mg8738;testInitFromModel_mg7305_mg7568_mg10641;testInitFromModel_mg7292_mg7538_mg9480;testInitFromModel_mg7298_mg7887_mg8370;testInitFromModel_mg7305_mg7548_mg8228;testInitFromModel_mg7299_mg7716_mg12953;testInitFromModel_mg7299_mg7662_mg12832;testInitFromModel_mg7292_mg7345_mg9262;testInitFromModel_mg7305_mg7548_mg8186;testInitFromModel_mg7298_mg7887_mg8568;testInitFromModel_mg7298_mg7887_mg8584;testInitFromModel_mg7298_mg7887_mg8375;testInitFromModel_mg7298_mg7887_mg8535;testInitFromModel_mg7292_mg7345_mg9112;testInitFromModel_mg7301_mg7495_mg12919;testInitFromModel_mg7298_mg7887_mg8587;testInitFromModel_mg7292_mg7538_mg9471;testInitFromModel_mg7298_mg7887_mg8352;testInitFromModel_mg7292_mg7538_mg9675;testInitFromModel_mg7292_mg7538_mg9478;testInitFromModel_mg7298_mg7887_mg8416;testInitFromModel_mg7292_mg7538_mg9682;testInitFromModel_mg7305_mg7548_mg8329;testInitFromModel_mg7292_mg7345_mg9459;testInitFromModel_mg7300_mg7760_mg8773;testInitFromModel_mg7305_mg7548_mg8236;testInitFromModel_mg7305_mg7548_mg8247;testInitFromModel_mg7298_mg7887_mg8592
[WARN] 2018-11-11 13:39:21 TestRunner - Timeout during execution of no.tellu.lib.data.model.ModelTest: testInitFromModel_mg7292_mg7345_mg9277,testInitFromModel_mg7300_mg7760_mg8741,testInitFromModel_mg7303_mg7385_mg9703,testInitFromModel_mg7296_mg7843_mg11495,testInitFromModel_mg7301_mg7542_mg11419,testInitFromModel_mg7301_mg7471_mg8125,testInitFromModel_mg7302_mg7670_mg12006,testInitFromModel_mg7292_mg7345_mg9119,testInitFromModel_mg7298_mg7887_mg8738,testInitFromModel_mg7305_mg7568_mg10641,testInitFromModel_mg7292_mg7538_mg9480,testInitFromModel_mg7298_mg7887_mg8370,testInitFromModel_mg7305_mg7548_mg8228,testInitFromModel_mg7299_mg7716_mg12953,testInitFromModel_mg7299_mg7662_mg12832,testInitFromModel_mg7292_mg7345_mg9262,testInitFromModel_mg7305_mg7548_mg8186,testInitFromModel_mg7298_mg7887_mg8568,testInitFromModel_mg7298_mg7887_mg8584,testInitFromModel_mg7298_mg7887_mg8375,testInitFromModel_mg7298_mg7887_mg8535,testInitFromModel_mg7292_mg7345_mg9112,testInitFromModel_mg7301_mg7495_mg12919,testInitFromModel_mg7298_mg7887_mg8587,testInitFromModel_mg7292_mg7538_mg9471,testInitFromModel_mg7298_mg7887_mg8352,testInitFromModel_mg7292_mg7538_mg9675,testInitFromModel_mg7292_mg7538_mg9478,testInitFromModel_mg7298_mg7887_mg8416,testInitFromModel_mg7292_mg7538_mg9682,testInitFromModel_mg7305_mg7548_mg8329,testInitFromModel_mg7292_mg7345_mg9459,testInitFromModel_mg7300_mg7760_mg8773,testInitFromModel_mg7305_mg7548_mg8236,testInitFromModel_mg7305_mg7548_mg8247,testInitFromModel_mg7298_mg7887_mg8592
[WARN] 2018-11-11 13:39:21 AssertGenerator - Error when executing tests before Assertion Amplification:
eu.stamp_project.dspot.AmplificationException: java.util.concurrent.TimeoutException
        at eu.stamp_project.utils.compilation.TestRunner.runGivenTestMethods(TestRunner.java:75)
        at eu.stamp_project.utils.compilation.TestCompiler.compileAndRun(TestCompiler.java:98)
        at eu.stamp_project.dspot.assertgenerator.AssertGenerator.innerAssertionAmplification(AssertGenerator.java:100)
        at eu.stamp_project.dspot.assertgenerator.AssertGenerator.assertionAmplification(AssertGenerator.java:71)
        at eu.stamp_project.dspot.Amplification.assertionsAmplification(Amplification.java:176)
        at eu.stamp_project.dspot.Amplification.amplification(Amplification.java:153)
        at eu.stamp_project.dspot.Amplification.amplification(Amplification.java:104)
        at eu.stamp_project.dspot.DSpot._amplify(DSpot.java:244)
        at eu.stamp_project.dspot.DSpot.lambda$amplifyTestClassesTestMethods$6(DSpot.java:223)
        at java.util.stream.ReferencePipeline$3$1.accept(ReferencePipeline.java:193)
        at java.util.ArrayList$ArrayListSpliterator.forEachRemaining(ArrayList.java:1374)
        at java.util.stream.AbstractPipeline.copyInto(AbstractPipeline.java:481)
        at java.util.stream.AbstractPipeline.wrapAndCopyInto(AbstractPipeline.java:471)
        at java.util.stream.ReduceOps$ReduceOp.evaluateSequential(ReduceOps.java:708)
        at java.util.stream.AbstractPipeline.evaluate(AbstractPipeline.java:234)
        at java.util.stream.ReferencePipeline.collect(ReferencePipeline.java:499)
        at eu.stamp_project.dspot.DSpot.amplifyTestClassesTestMethods(DSpot.java:224)
        at eu.stamp_project.Main.run(Main.java:70)
        at eu.stamp_project.Main.main(Main.java:41)
Caused by: java.util.concurrent.TimeoutException
        at java.util.concurrent.FutureTask.get(FutureTask.java:205)
        at eu.stamp_project.testrunner.EntryPoint.runGivenCommandLine(EntryPoint.java:373)
        at eu.stamp_project.testrunner.EntryPoint.runTests(EntryPoint.java:179)
        at eu.stamp_project.testrunner.EntryPoint.runTests(EntryPoint.java:166)
        at eu.stamp_project.utils.compilation.TestRunner.runGivenTestMethods(TestRunner.java:61)
        ... 18 more
[INFO] 2018-11-11 13:39:21 AssertGenerator - Could not generate any test with assertions
[INFO] 2018-11-11 13:39:21 Amplification - 0 amplified test methods has been selected to be kept. (global: 1)
[INFO] 2018-11-11 13:39:21 Amplification - Amplification of testMergeNodes, (6/12)
[INFO] 2018-11-11 13:39:21 Amplification - iteration 0 / 3
[INFO] 2018-11-11 13:39:21 Amplification - 1 tests selected to be amplified over 1 available tests
[INFO] 2018-11-11 13:39:21 NoBudgetizer - Amplification of inputs...
100% |================================================== ]/
[INFO] 2018-11-11 13:39:21 NoBudgetizer - 13 new tests generated
[INFO] 2018-11-11 13:39:21 AssertGenerator - Run tests. (13)
[INFO] 2018-11-11 13:39:21 DSpotCompiler - Compiling with -proceedOnError -encoding UTF-8 -cp E:\Dev\tellu_github\tellulib\.\.\target\dspot\tmp_test_sources;C:\Users\Larsgiang\.m2\repository\commons-codec\commons-codec\1.9\commons-codec-1.9.jar;C:\Users\Larsgiang\.m2\repository\org\apache\httpcomponents\httpclient\4.5.5\httpclient-4.5.5.jar;C:\Users\Larsgiang\.m2\repository\org\apache\httpcomponents\httpcore\4.4.9\httpcore-4.4.9.jar;C:\Users\Larsgiang\.m2\repository\commons-logging\commons-logging\1.2\commons-logging-1.2.jar;C:\Users\Larsgiang\.m2\repository\junit\junit\4.12\junit-4.12.jar;C:\Users\Larsgiang\.m2\repository\org\hamcrest\hamcrest-core\1.3\hamcrest-core-1.3.jar;E:\Dev\tellu_github\tellulib\.\.\target/classes/\;E:\Dev\tellu_github\tellulib\.\.\target/test-classes/\;E:\Dev\tellu_github\tellulib\.\.\target/dspot/dependencies/; -d E:\Dev\tellu_github\tellulib\.\.\target\test-classes -1.8 -preserveAllLocals -noExit -enableJavadoc -proc:none E:\Dev\tellu_github\tellulib\target\dspot\tmp_test_sources\no\tellu\lib\data\model\ModelTest.java
[ERROR] 2018-11-11 13:39:21 TestCompiler - Error(s) during compilation:
[ERROR] 2018-11-11 13:39:21 TestCompiler - Pb(55) Duplicate local variable boolean_4687
[ERROR] 2018-11-11 13:39:21 TestCompiler - Pb(55) Duplicate local variable boolean_4689
[ERROR] 2018-11-11 13:39:21 TestCompiler - Pb(55) Duplicate local variable boolean_4691
[ERROR] 2018-11-11 13:39:21 TestCompiler - Pb(55) Duplicate local variable boolean_4693
[ERROR] 2018-11-11 13:39:21 TestCompiler - Pb(55) Duplicate local variable boolean_4695
[ERROR] 2018-11-11 13:39:21 TestCompiler - Pb(55) Duplicate local variable boolean_4697
[ERROR] 2018-11-11 13:39:21 TestCompiler - Pb(55) Duplicate local variable boolean_4699
[ERROR] 2018-11-11 13:39:21 TestCompiler - Pb(55) Duplicate local variable boolean_4701
[ERROR] 2018-11-11 13:39:21 TestCompiler - Pb(17) Type mismatch: cannot convert from List<Object> to List<DataNode>
[ERROR] 2018-11-11 13:39:21 TestCompiler - Pb(55) Duplicate local variable boolean_4703
[ERROR] 2018-11-11 13:39:21 TestCompiler - Pb(55) Duplicate local variable boolean_4705
[ERROR] 2018-11-11 13:39:21 TestCompiler - Pb(55) Duplicate local variable boolean_4707
[ERROR] 2018-11-11 13:39:21 TestCompiler - Pb(55) Duplicate local variable boolean_4709
[ERROR] 2018-11-11 13:39:21 TestCompiler - Pb(55) Duplicate local variable boolean_4711
[INFO] 2018-11-11 13:39:21 DSpotCompiler - Compiling with -proceedOnError -encoding UTF-8 -cp E:\Dev\tellu_github\tellulib\.\.\target\dspot\tmp_test_sources;C:\Users\Larsgiang\.m2\repository\commons-codec\commons-codec\1.9\commons-codec-1.9.jar;C:\Users\Larsgiang\.m2\repository\org\apache\httpcomponents\httpclient\4.5.5\httpclient-4.5.5.jar;C:\Users\Larsgiang\.m2\repository\org\apache\httpcomponents\httpcore\4.4.9\httpcore-4.4.9.jar;C:\Users\Larsgiang\.m2\repository\commons-logging\commons-logging\1.2\commons-logging-1.2.jar;C:\Users\Larsgiang\.m2\repository\junit\junit\4.12\junit-4.12.jar;C:\Users\Larsgiang\.m2\repository\org\hamcrest\hamcrest-core\1.3\hamcrest-core-1.3.jar;E:\Dev\tellu_github\tellulib\.\.\target/classes/\;E:\Dev\tellu_github\tellulib\.\.\target/test-classes/\;E:\Dev\tellu_github\tellulib\.\.\target/dspot/dependencies/; -d E:\Dev\tellu_github\tellulib\.\.\target\test-classes -1.8 -preserveAllLocals -noExit -enableJavadoc -proc:none E:\Dev\tellu_github\tellulib\target\dspot\tmp_test_sources\no\tellu\lib\data\model\ModelTest.java
[WARN] 2018-11-11 13:39:21 AssertGenerator - Error when executing tests before Assertion Amplification:
eu.stamp_project.dspot.AmplificationException: Every test methods are uncompilable
        at eu.stamp_project.utils.compilation.TestCompiler.compileAndDiscardUncompilableMethods(TestCompiler.java:123)
        at eu.stamp_project.utils.compilation.TestCompiler.compileAndRun(TestCompiler.java:92)
        at eu.stamp_project.dspot.assertgenerator.AssertGenerator.innerAssertionAmplification(AssertGenerator.java:100)
        at eu.stamp_project.dspot.assertgenerator.AssertGenerator.assertionAmplification(AssertGenerator.java:71)
        at eu.stamp_project.dspot.Amplification.assertionsAmplification(Amplification.java:176)
        at eu.stamp_project.dspot.Amplification.amplification(Amplification.java:153)
        at eu.stamp_project.dspot.Amplification.amplification(Amplification.java:104)
        at eu.stamp_project.dspot.DSpot._amplify(DSpot.java:244)
        at eu.stamp_project.dspot.DSpot.lambda$amplifyTestClassesTestMethods$6(DSpot.java:223)
        at java.util.stream.ReferencePipeline$3$1.accept(ReferencePipeline.java:193)
        at java.util.ArrayList$ArrayListSpliterator.forEachRemaining(ArrayList.java:1374)
        at java.util.stream.AbstractPipeline.copyInto(AbstractPipeline.java:481)
        at java.util.stream.AbstractPipeline.wrapAndCopyInto(AbstractPipeline.java:471)
        at java.util.stream.ReduceOps$ReduceOp.evaluateSequential(ReduceOps.java:708)
        at java.util.stream.AbstractPipeline.evaluate(AbstractPipeline.java:234)
        at java.util.stream.ReferencePipeline.collect(ReferencePipeline.java:499)
        at eu.stamp_project.dspot.DSpot.amplifyTestClassesTestMethods(DSpot.java:224)
        at eu.stamp_project.Main.run(Main.java:70)
        at eu.stamp_project.Main.main(Main.java:41)
[INFO] 2018-11-11 13:39:21 AssertGenerator - Could not generate any test with assertions
[INFO] 2018-11-11 13:39:21 Amplification - iteration 1 / 3
[INFO] 2018-11-11 13:39:21 Amplification - 13 tests selected to be amplified over 13 available tests
[INFO] 2018-11-11 13:39:21 NoBudgetizer - Amplification of inputs...
100% |================================================== ]/
[INFO] 2018-11-11 13:39:21 NoBudgetizer - 185 new tests generated
[INFO] 2018-11-11 13:39:22 AssertGenerator - Run tests. (185)
[INFO] 2018-11-11 13:39:22 DSpotCompiler - Compiling with -proceedOnError -encoding UTF-8 -cp E:\Dev\tellu_github\tellulib\.\.\target\dspot\tmp_test_sources;C:\Users\Larsgiang\.m2\repository\commons-codec\commons-codec\1.9\commons-codec-1.9.jar;C:\Users\Larsgiang\.m2\repository\org\apache\httpcomponents\httpclient\4.5.5\httpclient-4.5.5.jar;C:\Users\Larsgiang\.m2\repository\org\apache\httpcomponents\httpcore\4.4.9\httpcore-4.4.9.jar;C:\Users\Larsgiang\.m2\repository\commons-logging\commons-logging\1.2\commons-logging-1.2.jar;C:\Users\Larsgiang\.m2\repository\junit\junit\4.12\junit-4.12.jar;C:\Users\Larsgiang\.m2\repository\org\hamcrest\hamcrest-core\1.3\hamcrest-core-1.3.jar;E:\Dev\tellu_github\tellulib\.\.\target/classes/\;E:\Dev\tellu_github\tellulib\.\.\target/test-classes/\;E:\Dev\tellu_github\tellulib\.\.\target/dspot/dependencies/; -d E:\Dev\tellu_github\tellulib\.\.\target\test-classes -1.8 -preserveAllLocals -noExit -enableJavadoc -proc:none E:\Dev\tellu_github\tellulib\target\dspot\tmp_test_sources\no\tellu\lib\data\model\ModelTest.java
[ERROR] 2018-11-11 13:39:22 TestCompiler - Error(s) during compilation:
[ERROR] 2018-11-11 13:39:22 TestCompiler - Pb(55) Duplicate local variable boolean_4713
[ERROR] 2018-11-11 13:39:22 TestCompiler - Pb(55) Duplicate local variable boolean_4715
[ERROR] 2018-11-11 13:39:22 TestCompiler - Pb(55) Duplicate local variable boolean_4717
[ERROR] 2018-11-11 13:39:22 TestCompiler - Pb(55) Duplicate local variable boolean_4719
[ERROR] 2018-11-11 13:39:22 TestCompiler - Pb(55) Duplicate local variable boolean_4721
[ERROR] 2018-11-11 13:39:22 TestCompiler - Pb(55) Duplicate local variable boolean_4723
[ERROR] 2018-11-11 13:39:22 TestCompiler - Pb(55) Duplicate local variable boolean_4725
[ERROR] 2018-11-11 13:39:22 TestCompiler - Pb(55) Duplicate local variable boolean_4727
[ERROR] 2018-11-11 13:39:22 TestCompiler - Pb(55) Duplicate local variable boolean_4729
[ERROR] 2018-11-11 13:39:22 TestCompiler - Pb(55) Duplicate local variable boolean_4731
[ERROR] 2018-11-11 13:39:22 TestCompiler - Pb(55) Duplicate local variable boolean_4733
[ERROR] 2018-11-11 13:39:22 TestCompiler - Pb(55) Duplicate local variable boolean_4735
[ERROR] 2018-11-11 13:39:22 TestCompiler - Pb(55) Duplicate local variable boolean_4737
[ERROR] 2018-11-11 13:39:22 TestCompiler - Pb(55) Duplicate local variable boolean_4739
[ERROR] 2018-11-11 13:39:22 TestCompiler - Pb(55) Duplicate local variable boolean_4741
[ERROR] 2018-11-11 13:39:22 TestCompiler - Pb(55) Duplicate local variable boolean_4743
[ERROR] 2018-11-11 13:39:22 TestCompiler - Pb(55) Duplicate local variable boolean_4745
[ERROR] 2018-11-11 13:39:22 TestCompiler - Pb(55) Duplicate local variable boolean_4747
[ERROR] 2018-11-11 13:39:22 TestCompiler - Pb(55) Duplicate local variable boolean_4749
[ERROR] 2018-11-11 13:39:22 TestCompiler - Pb(55) Duplicate local variable boolean_4751
[INFO] 2018-11-11 13:39:23 DSpotCompiler - Compiling with -proceedOnError -encoding UTF-8 -cp E:\Dev\tellu_github\tellulib\.\.\target\dspot\tmp_test_sources;C:\Users\Larsgiang\.m2\repository\commons-codec\commons-codec\1.9\commons-codec-1.9.jar;C:\Users\Larsgiang\.m2\repository\org\apache\httpcomponents\httpclient\4.5.5\httpclient-4.5.5.jar;C:\Users\Larsgiang\.m2\repository\org\apache\httpcomponents\httpcore\4.4.9\httpcore-4.4.9.jar;C:\Users\Larsgiang\.m2\repository\commons-logging\commons-logging\1.2\commons-logging-1.2.jar;C:\Users\Larsgiang\.m2\repository\junit\junit\4.12\junit-4.12.jar;C:\Users\Larsgiang\.m2\repository\org\hamcrest\hamcrest-core\1.3\hamcrest-core-1.3.jar;E:\Dev\tellu_github\tellulib\.\.\target/classes/\;E:\Dev\tellu_github\tellulib\.\.\target/test-classes/\;E:\Dev\tellu_github\tellulib\.\.\target/dspot/dependencies/; -d E:\Dev\tellu_github\tellulib\.\.\target\test-classes -1.8 -preserveAllLocals -noExit -enableJavadoc -proc:none E:\Dev\tellu_github\tellulib\target\dspot\tmp_test_sources\no\tellu\lib\data\model\ModelTest.java
[ERROR] 2018-11-11 13:39:23 TestCompiler - Error(s) during compilation:
[ERROR] 2018-11-11 13:39:23 TestCompiler - Pb(55) Duplicate local variable boolean_4913
[ERROR] 2018-11-11 13:39:23 TestCompiler - Pb(55) Duplicate local variable boolean_4915
[ERROR] 2018-11-11 13:39:23 TestCompiler - Pb(55) Duplicate local variable boolean_4917
[ERROR] 2018-11-11 13:39:23 TestCompiler - Pb(55) Duplicate local variable boolean_4919
[ERROR] 2018-11-11 13:39:23 TestCompiler - Pb(55) Duplicate local variable boolean_4921
[ERROR] 2018-11-11 13:39:23 TestCompiler - Pb(55) Duplicate local variable boolean_4923
[ERROR] 2018-11-11 13:39:23 TestCompiler - Pb(55) Duplicate local variable boolean_4925
[ERROR] 2018-11-11 13:39:23 TestCompiler - Pb(55) Duplicate local variable boolean_4927
[ERROR] 2018-11-11 13:39:23 TestCompiler - Pb(55) Duplicate local variable boolean_4929
[ERROR] 2018-11-11 13:39:23 TestCompiler - Pb(55) Duplicate local variable boolean_4931
[ERROR] 2018-11-11 13:39:23 TestCompiler - Pb(17) Type mismatch: cannot convert from List<Object> to List<DataNode>
[ERROR] 2018-11-11 13:39:23 TestCompiler - Pb(55) Duplicate local variable boolean_4933
[ERROR] 2018-11-11 13:39:23 TestCompiler - Pb(17) Type mismatch: cannot convert from List<Object> to List<DataNode>
[ERROR] 2018-11-11 13:39:23 TestCompiler - Pb(55) Duplicate local variable boolean_4935
[ERROR] 2018-11-11 13:39:23 TestCompiler - Pb(17) Type mismatch: cannot convert from List<Object> to List<DataNode>
[ERROR] 2018-11-11 13:39:23 TestCompiler - Pb(55) Duplicate local variable boolean_4937
[ERROR] 2018-11-11 13:39:23 TestCompiler - Pb(17) Type mismatch: cannot convert from List<Object> to List<DataNode>
[ERROR] 2018-11-11 13:39:23 TestCompiler - Pb(55) Duplicate local variable boolean_4939
[ERROR] 2018-11-11 13:39:23 TestCompiler - Pb(17) Type mismatch: cannot convert from List<Object> to List<DataNode>
[ERROR] 2018-11-11 13:39:23 TestCompiler - Pb(55) Duplicate local variable boolean_4941
[INFO] 2018-11-11 13:39:23 DSpotCompiler - Compiling with -proceedOnError -encoding UTF-8 -cp E:\Dev\tellu_github\tellulib\.\.\target\dspot\tmp_test_sources;C:\Users\Larsgiang\.m2\repository\commons-codec\commons-codec\1.9\commons-codec-1.9.jar;C:\Users\Larsgiang\.m2\repository\org\apache\httpcomponents\httpclient\4.5.5\httpclient-4.5.5.jar;C:\Users\Larsgiang\.m2\repository\org\apache\httpcomponents\httpcore\4.4.9\httpcore-4.4.9.jar;C:\Users\Larsgiang\.m2\repository\commons-logging\commons-logging\1.2\commons-logging-1.2.jar;C:\Users\Larsgiang\.m2\repository\junit\junit\4.12\junit-4.12.jar;C:\Users\Larsgiang\.m2\repository\org\hamcrest\hamcrest-core\1.3\hamcrest-core-1.3.jar;E:\Dev\tellu_github\tellulib\.\.\target/classes/\;E:\Dev\tellu_github\tellulib\.\.\target/test-classes/\;E:\Dev\tellu_github\tellulib\.\.\target/dspot/dependencies/; -d E:\Dev\tellu_github\tellulib\.\.\target\test-classes -1.8 -preserveAllLocals -noExit -enableJavadoc -proc:none E:\Dev\tellu_github\tellulib\target\dspot\tmp_test_sources\no\tellu\lib\data\model\ModelTest.java
[WARN] 2018-11-11 13:39:23 AssertGenerator - Error when executing tests before Assertion Amplification:
eu.stamp_project.dspot.AmplificationException: Every test methods are uncompilable
        at eu.stamp_project.utils.compilation.TestCompiler.compileAndDiscardUncompilableMethods(TestCompiler.java:123)
        at eu.stamp_project.utils.compilation.TestCompiler.compileAndRun(TestCompiler.java:92)
        at eu.stamp_project.dspot.assertgenerator.AssertGenerator.innerAssertionAmplification(AssertGenerator.java:100)
        at eu.stamp_project.dspot.assertgenerator.AssertGenerator.assertionAmplification(AssertGenerator.java:71)
        at eu.stamp_project.dspot.Amplification.assertionsAmplification(Amplification.java:176)
        at eu.stamp_project.dspot.Amplification.amplification(Amplification.java:153)
        at eu.stamp_project.dspot.Amplification.amplification(Amplification.java:104)
        at eu.stamp_project.dspot.DSpot._amplify(DSpot.java:244)
        at eu.stamp_project.dspot.DSpot.lambda$amplifyTestClassesTestMethods$6(DSpot.java:223)
        at java.util.stream.ReferencePipeline$3$1.accept(ReferencePipeline.java:193)
        at java.util.ArrayList$ArrayListSpliterator.forEachRemaining(ArrayList.java:1374)
        at java.util.stream.AbstractPipeline.copyInto(AbstractPipeline.java:481)
        at java.util.stream.AbstractPipeline.wrapAndCopyInto(AbstractPipeline.java:471)
        at java.util.stream.ReduceOps$ReduceOp.evaluateSequential(ReduceOps.java:708)
        at java.util.stream.AbstractPipeline.evaluate(AbstractPipeline.java:234)
        at java.util.stream.ReferencePipeline.collect(ReferencePipeline.java:499)
        at eu.stamp_project.dspot.DSpot.amplifyTestClassesTestMethods(DSpot.java:224)
        at eu.stamp_project.Main.run(Main.java:70)
        at eu.stamp_project.Main.main(Main.java:41)
[INFO] 2018-11-11 13:39:23 AssertGenerator - Could not generate any test with assertions
[INFO] 2018-11-11 13:39:23 Amplification - iteration 2 / 3
[INFO] 2018-11-11 13:39:23 Amplification - 185 tests selected to be amplified over 185 available tests
[INFO] 2018-11-11 13:39:23 NoBudgetizer - Amplification of inputs...
100% |================================================== ]/
  5% |================================================ ]\[INFO] 2018-11-11 13:39:23 NoBudgetizer - 2921 new tests generated
[WARN] 2018-11-11 13:39:23 NoBudgetizer - Too many tests have been generated: 2921
[INFO] 2018-11-11 13:39:24 NoBudgetizer - Number of generated test reduced to 200
[INFO] 2018-11-11 13:39:25 AssertGenerator - Run tests. (200)
[INFO] 2018-11-11 13:39:25 DSpotCompiler - Compiling with -proceedOnError -encoding UTF-8 -cp E:\Dev\tellu_github\tellulib\.\.\target\dspot\tmp_test_sources;C:\Users\Larsgiang\.m2\repository\commons-codec\commons-codec\1.9\commons-codec-1.9.jar;C:\Users\Larsgiang\.m2\repository\org\apache\httpcomponents\httpclient\4.5.5\httpclient-4.5.5.jar;C:\Users\Larsgiang\.m2\repository\org\apache\httpcomponents\httpcore\4.4.9\httpcore-4.4.9.jar;C:\Users\Larsgiang\.m2\repository\commons-logging\commons-logging\1.2\commons-logging-1.2.jar;C:\Users\Larsgiang\.m2\repository\junit\junit\4.12\junit-4.12.jar;C:\Users\Larsgiang\.m2\repository\org\hamcrest\hamcrest-core\1.3\hamcrest-core-1.3.jar;E:\Dev\tellu_github\tellulib\.\.\target/classes/\;E:\Dev\tellu_github\tellulib\.\.\target/test-classes/\;E:\Dev\tellu_github\tellulib\.\.\target/dspot/dependencies/; -d E:\Dev\tellu_github\tellulib\.\.\target\test-classes -1.8 -preserveAllLocals -noExit -enableJavadoc -proc:none E:\Dev\tellu_github\tellulib\target\dspot\tmp_test_sources\no\tellu\lib\data\model\ModelTest.java
[ERROR] 2018-11-11 13:39:25 TestCompiler - Error(s) during compilation:
[ERROR] 2018-11-11 13:39:25 TestCompiler - Pb(17) Type mismatch: cannot convert from List<Object> to List<DataNode>
[ERROR] 2018-11-11 13:39:25 TestCompiler - Pb(17) Type mismatch: cannot convert from List<Object> to List<DataNode>
[ERROR] 2018-11-11 13:39:25 TestCompiler - Pb(17) Type mismatch: cannot convert from List<Object> to List<DataNode>
[ERROR] 2018-11-11 13:39:25 TestCompiler - Pb(17) Type mismatch: cannot convert from List<Object> to List<DataNode>
[ERROR] 2018-11-11 13:39:25 TestCompiler - Pb(17) Type mismatch: cannot convert from List<Object> to List<DataNode>
[ERROR] 2018-11-11 13:39:25 TestCompiler - Pb(55) Duplicate local variable boolean_5093
[ERROR] 2018-11-11 13:39:25 TestCompiler - Pb(55) Duplicate local variable boolean_5095
[ERROR] 2018-11-11 13:39:25 TestCompiler - Pb(55) Duplicate local variable boolean_5097
[ERROR] 2018-11-11 13:39:25 TestCompiler - Pb(55) Duplicate local variable boolean_5099
[ERROR] 2018-11-11 13:39:25 TestCompiler - Pb(17) Type mismatch: cannot convert from List<Object> to List<DataNode>
[ERROR] 2018-11-11 13:39:25 TestCompiler - Pb(55) Duplicate local variable boolean_5103
[ERROR] 2018-11-11 13:39:25 TestCompiler - Pb(17) Type mismatch: cannot convert from List<Object> to List<DataNode>
[ERROR] 2018-11-11 13:39:25 TestCompiler - Pb(17) Type mismatch: cannot convert from List<Object> to List<DataNode>
[ERROR] 2018-11-11 13:39:25 TestCompiler - Pb(55) Duplicate local variable boolean_5109
[ERROR] 2018-11-11 13:39:25 TestCompiler - Pb(55) Duplicate local variable boolean_5111
[ERROR] 2018-11-11 13:39:25 TestCompiler - Pb(55) Duplicate local variable boolean_5113
[ERROR] 2018-11-11 13:39:25 TestCompiler - Pb(55) Duplicate local variable boolean_5115
[ERROR] 2018-11-11 13:39:25 TestCompiler - Pb(55) Duplicate local variable boolean_5117
[ERROR] 2018-11-11 13:39:25 TestCompiler - Pb(17) Type mismatch: cannot convert from List<Object> to List<DataNode>
[ERROR] 2018-11-11 13:39:25 TestCompiler - Pb(55) Duplicate local variable boolean_5121
[INFO] 2018-11-11 13:39:26 DSpotCompiler - Compiling with -proceedOnError -encoding UTF-8 -cp E:\Dev\tellu_github\tellulib\.\.\target\dspot\tmp_test_sources;C:\Users\Larsgiang\.m2\repository\commons-codec\commons-codec\1.9\commons-codec-1.9.jar;C:\Users\Larsgiang\.m2\repository\org\apache\httpcomponents\httpclient\4.5.5\httpclient-4.5.5.jar;C:\Users\Larsgiang\.m2\repository\org\apache\httpcomponents\httpcore\4.4.9\httpcore-4.4.9.jar;C:\Users\Larsgiang\.m2\repository\commons-logging\commons-logging\1.2\commons-logging-1.2.jar;C:\Users\Larsgiang\.m2\repository\junit\junit\4.12\junit-4.12.jar;C:\Users\Larsgiang\.m2\repository\org\hamcrest\hamcrest-core\1.3\hamcrest-core-1.3.jar;E:\Dev\tellu_github\tellulib\.\.\target/classes/\;E:\Dev\tellu_github\tellulib\.\.\target/test-classes/\;E:\Dev\tellu_github\tellulib\.\.\target/dspot/dependencies/; -d E:\Dev\tellu_github\tellulib\.\.\target\test-classes -1.8 -preserveAllLocals -noExit -enableJavadoc -proc:none E:\Dev\tellu_github\tellulib\target\dspot\tmp_test_sources\no\tellu\lib\data\model\ModelTest.java
[ERROR] 2018-11-11 13:39:26 TestCompiler - Error(s) during compilation:
[ERROR] 2018-11-11 13:39:26 TestCompiler - Pb(55) Duplicate local variable boolean_5283
[ERROR] 2018-11-11 13:39:26 TestCompiler - Pb(55) Duplicate local variable boolean_5285
[ERROR] 2018-11-11 13:39:26 TestCompiler - Pb(55) Duplicate local variable boolean_5287
[ERROR] 2018-11-11 13:39:26 TestCompiler - Pb(55) Duplicate local variable boolean_5289
[ERROR] 2018-11-11 13:39:26 TestCompiler - Pb(55) Duplicate local variable boolean_5291
[ERROR] 2018-11-11 13:39:26 TestCompiler - Pb(55) Duplicate local variable boolean_5293
[ERROR] 2018-11-11 13:39:26 TestCompiler - Pb(55) Duplicate local variable boolean_5295
[ERROR] 2018-11-11 13:39:26 TestCompiler - Pb(55) Duplicate local variable boolean_5297
[ERROR] 2018-11-11 13:39:26 TestCompiler - Pb(55) Duplicate local variable boolean_5299
[ERROR] 2018-11-11 13:39:26 TestCompiler - Pb(55) Duplicate local variable boolean_5301
[ERROR] 2018-11-11 13:39:26 TestCompiler - Pb(55) Duplicate local variable boolean_5303
[ERROR] 2018-11-11 13:39:26 TestCompiler - Pb(17) Type mismatch: cannot convert from List<Object> to List<DataNode>
[ERROR] 2018-11-11 13:39:26 TestCompiler - Pb(17) Type mismatch: cannot convert from List<Object> to List<DataNode>
[ERROR] 2018-11-11 13:39:26 TestCompiler - Pb(55) Duplicate local variable boolean_5309
[ERROR] 2018-11-11 13:39:26 TestCompiler - Pb(55) Duplicate local variable boolean_5311
[ERROR] 2018-11-11 13:39:26 TestCompiler - Pb(55) Duplicate local variable boolean_5313
[ERROR] 2018-11-11 13:39:26 TestCompiler - Pb(55) Duplicate local variable boolean_5315
[ERROR] 2018-11-11 13:39:26 TestCompiler - Pb(55) Duplicate local variable boolean_5317
[ERROR] 2018-11-11 13:39:26 TestCompiler - Pb(55) Duplicate local variable boolean_5319
[ERROR] 2018-11-11 13:39:26 TestCompiler - Pb(55) Duplicate local variable boolean_5321
[INFO] 2018-11-11 13:39:26 DSpotCompiler - Compiling with -proceedOnError -encoding UTF-8 -cp E:\Dev\tellu_github\tellulib\.\.\target\dspot\tmp_test_sources;C:\Users\Larsgiang\.m2\repository\commons-codec\commons-codec\1.9\commons-codec-1.9.jar;C:\Users\Larsgiang\.m2\repository\org\apache\httpcomponents\httpclient\4.5.5\httpclient-4.5.5.jar;C:\Users\Larsgiang\.m2\repository\org\apache\httpcomponents\httpcore\4.4.9\httpcore-4.4.9.jar;C:\Users\Larsgiang\.m2\repository\commons-logging\commons-logging\1.2\commons-logging-1.2.jar;C:\Users\Larsgiang\.m2\repository\junit\junit\4.12\junit-4.12.jar;C:\Users\Larsgiang\.m2\repository\org\hamcrest\hamcrest-core\1.3\hamcrest-core-1.3.jar;E:\Dev\tellu_github\tellulib\.\.\target/classes/\;E:\Dev\tellu_github\tellulib\.\.\target/test-classes/\;E:\Dev\tellu_github\tellulib\.\.\target/dspot/dependencies/; -d E:\Dev\tellu_github\tellulib\.\.\target\test-classes -1.8 -preserveAllLocals -noExit -enableJavadoc -proc:none E:\Dev\tellu_github\tellulib\target\dspot\tmp_test_sources\no\tellu\lib\data\model\ModelTest.java
[WARN] 2018-11-11 13:39:26 AssertGenerator - Error when executing tests before Assertion Amplification:
eu.stamp_project.dspot.AmplificationException: Every test methods are uncompilable
        at eu.stamp_project.utils.compilation.TestCompiler.compileAndDiscardUncompilableMethods(TestCompiler.java:123)
        at eu.stamp_project.utils.compilation.TestCompiler.compileAndRun(TestCompiler.java:92)
        at eu.stamp_project.dspot.assertgenerator.AssertGenerator.innerAssertionAmplification(AssertGenerator.java:100)
        at eu.stamp_project.dspot.assertgenerator.AssertGenerator.assertionAmplification(AssertGenerator.java:71)
        at eu.stamp_project.dspot.Amplification.assertionsAmplification(Amplification.java:176)
        at eu.stamp_project.dspot.Amplification.amplification(Amplification.java:153)
        at eu.stamp_project.dspot.Amplification.amplification(Amplification.java:104)
        at eu.stamp_project.dspot.DSpot._amplify(DSpot.java:244)
        at eu.stamp_project.dspot.DSpot.lambda$amplifyTestClassesTestMethods$6(DSpot.java:223)
        at java.util.stream.ReferencePipeline$3$1.accept(ReferencePipeline.java:193)
        at java.util.ArrayList$ArrayListSpliterator.forEachRemaining(ArrayList.java:1374)
        at java.util.stream.AbstractPipeline.copyInto(AbstractPipeline.java:481)
        at java.util.stream.AbstractPipeline.wrapAndCopyInto(AbstractPipeline.java:471)
        at java.util.stream.ReduceOps$ReduceOp.evaluateSequential(ReduceOps.java:708)
        at java.util.stream.AbstractPipeline.evaluate(AbstractPipeline.java:234)
        at java.util.stream.ReferencePipeline.collect(ReferencePipeline.java:499)
        at eu.stamp_project.dspot.DSpot.amplifyTestClassesTestMethods(DSpot.java:224)
        at eu.stamp_project.Main.run(Main.java:70)
        at eu.stamp_project.Main.main(Main.java:41)
[INFO] 2018-11-11 13:39:26 AssertGenerator - Could not generate any test with assertions
[INFO] 2018-11-11 13:39:26 Amplification - 0 amplified test methods has been selected to be kept. (global: 1)
[INFO] 2018-11-11 13:39:26 Amplification - Amplification of testPath, (7/12)
[INFO] 2018-11-11 13:39:26 Amplification - iteration 0 / 3
[INFO] 2018-11-11 13:39:26 Amplification - 1 tests selected to be amplified over 1 available tests
[INFO] 2018-11-11 13:39:26 NoBudgetizer - Amplification of inputs...
100% |================================================== ]/
[INFO] 2018-11-11 13:39:26 NoBudgetizer - 0 new tests generated
[INFO] 2018-11-11 13:39:26 Amplification - iteration 1 / 3
[WARN] 2018-11-11 13:39:26 Amplification - No test could be selected to be amplified.
[INFO] 2018-11-11 13:39:26 Amplification - iteration 2 / 3
[WARN] 2018-11-11 13:39:26 Amplification - No test could be selected to be amplified.
[INFO] 2018-11-11 13:39:26 Amplification - 0 amplified test methods has been selected to be kept. (global: 1)
[INFO] 2018-11-11 13:39:26 Amplification - Amplification of testProcessor, (8/12)
[INFO] 2018-11-11 13:39:26 Amplification - iteration 0 / 3
[INFO] 2018-11-11 13:39:26 Amplification - 1 tests selected to be amplified over 1 available tests
[INFO] 2018-11-11 13:39:26 NoBudgetizer - Amplification of inputs...
100% |================================================== ]/
[INFO] 2018-11-11 13:39:26 NoBudgetizer - 0 new tests generated
[INFO] 2018-11-11 13:39:26 Amplification - iteration 1 / 3
[WARN] 2018-11-11 13:39:26 Amplification - No test could be selected to be amplified.
[INFO] 2018-11-11 13:39:26 Amplification - iteration 2 / 3
[WARN] 2018-11-11 13:39:26 Amplification - No test could be selected to be amplified.
[INFO] 2018-11-11 13:39:26 Amplification - 0 amplified test methods has been selected to be kept. (global: 1)
[INFO] 2018-11-11 13:39:26 Amplification - Amplification of testReset, (9/12)
[INFO] 2018-11-11 13:39:26 Amplification - iteration 0 / 3
[INFO] 2018-11-11 13:39:26 Amplification - 1 tests selected to be amplified over 1 available tests
[INFO] 2018-11-11 13:39:26 NoBudgetizer - Amplification of inputs...
100% |================================================== ]/
[INFO] 2018-11-11 13:39:26 NoBudgetizer - 19 new tests generated
[INFO] 2018-11-11 13:39:29 AssertGenerator - Run tests. (19)
[INFO] 2018-11-11 13:39:29 DSpotCompiler - Compiling with -proceedOnError -encoding UTF-8 -cp E:\Dev\tellu_github\tellulib\.\.\target\dspot\tmp_test_sources;C:\Users\Larsgiang\.m2\repository\commons-codec\commons-codec\1.9\commons-codec-1.9.jar;C:\Users\Larsgiang\.m2\repository\org\apache\httpcomponents\httpclient\4.5.5\httpclient-4.5.5.jar;C:\Users\Larsgiang\.m2\repository\org\apache\httpcomponents\httpcore\4.4.9\httpcore-4.4.9.jar;C:\Users\Larsgiang\.m2\repository\commons-logging\commons-logging\1.2\commons-logging-1.2.jar;C:\Users\Larsgiang\.m2\repository\junit\junit\4.12\junit-4.12.jar;C:\Users\Larsgiang\.m2\repository\org\hamcrest\hamcrest-core\1.3\hamcrest-core-1.3.jar;E:\Dev\tellu_github\tellulib\.\.\target/classes/\;E:\Dev\tellu_github\tellulib\.\.\target/test-classes/\;E:\Dev\tellu_github\tellulib\.\.\target/dspot/dependencies/; -d E:\Dev\tellu_github\tellulib\.\.\target\test-classes -1.8 -preserveAllLocals -noExit -enableJavadoc -proc:none E:\Dev\tellu_github\tellulib\target\dspot\tmp_test_sources\no\tellu\lib\data\model\ModelTest.java
[ERROR] 2018-11-11 13:39:29 TestCompiler - Error(s) during compilation:
[ERROR] 2018-11-11 13:39:29 TestCompiler - Pb(55) Duplicate local variable boolean_5484
[ERROR] 2018-11-11 13:39:29 TestCompiler - Pb(55) Duplicate local variable boolean_5488
[ERROR] 2018-11-11 13:39:29 TestCompiler - Pb(55) Duplicate local variable boolean_5492
[ERROR] 2018-11-11 13:39:29 TestCompiler - Pb(55) Duplicate local variable boolean_5496
[ERROR] 2018-11-11 13:39:29 TestCompiler - Pb(55) Duplicate local variable boolean_5500
[ERROR] 2018-11-11 13:39:29 TestCompiler - Pb(55) Duplicate local variable boolean_5504
[ERROR] 2018-11-11 13:39:29 TestCompiler - Pb(55) Duplicate local variable boolean_5508
[ERROR] 2018-11-11 13:39:29 TestCompiler - Pb(55) Duplicate local variable boolean_5512
[ERROR] 2018-11-11 13:39:29 TestCompiler - Pb(55) Duplicate local variable boolean_5516
[ERROR] 2018-11-11 13:39:29 TestCompiler - Pb(55) Duplicate local variable boolean_5520
[ERROR] 2018-11-11 13:39:29 TestCompiler - Pb(55) Duplicate local variable boolean_5524
[ERROR] 2018-11-11 13:39:29 TestCompiler - Pb(55) Duplicate local variable boolean_5528
[ERROR] 2018-11-11 13:39:29 TestCompiler - Pb(55) Duplicate local variable boolean_5532
[ERROR] 2018-11-11 13:39:29 TestCompiler - Pb(55) Duplicate local variable boolean_5536
[ERROR] 2018-11-11 13:39:29 TestCompiler - Pb(55) Duplicate local variable boolean_5540
[ERROR] 2018-11-11 13:39:29 TestCompiler - Pb(55) Duplicate local variable boolean_5544
[ERROR] 2018-11-11 13:39:29 TestCompiler - Pb(55) Duplicate local variable boolean_5548
[ERROR] 2018-11-11 13:39:29 TestCompiler - Pb(55) Duplicate local variable boolean_5552
[ERROR] 2018-11-11 13:39:29 TestCompiler - Pb(55) Duplicate local variable boolean_5556
[INFO] 2018-11-11 13:39:29 DSpotCompiler - Compiling with -proceedOnError -encoding UTF-8 -cp E:\Dev\tellu_github\tellulib\.\.\target\dspot\tmp_test_sources;C:\Users\Larsgiang\.m2\repository\commons-codec\commons-codec\1.9\commons-codec-1.9.jar;C:\Users\Larsgiang\.m2\repository\org\apache\httpcomponents\httpclient\4.5.5\httpclient-4.5.5.jar;C:\Users\Larsgiang\.m2\repository\org\apache\httpcomponents\httpcore\4.4.9\httpcore-4.4.9.jar;C:\Users\Larsgiang\.m2\repository\commons-logging\commons-logging\1.2\commons-logging-1.2.jar;C:\Users\Larsgiang\.m2\repository\junit\junit\4.12\junit-4.12.jar;C:\Users\Larsgiang\.m2\repository\org\hamcrest\hamcrest-core\1.3\hamcrest-core-1.3.jar;E:\Dev\tellu_github\tellulib\.\.\target/classes/\;E:\Dev\tellu_github\tellulib\.\.\target/test-classes/\;E:\Dev\tellu_github\tellulib\.\.\target/dspot/dependencies/; -d E:\Dev\tellu_github\tellulib\.\.\target\test-classes -1.8 -preserveAllLocals -noExit -enableJavadoc -proc:none E:\Dev\tellu_github\tellulib\target\dspot\tmp_test_sources\no\tellu\lib\data\model\ModelTest.java
[WARN] 2018-11-11 13:39:29 AssertGenerator - Error when executing tests before Assertion Amplification:
eu.stamp_project.dspot.AmplificationException: Every test methods are uncompilable
        at eu.stamp_project.utils.compilation.TestCompiler.compileAndDiscardUncompilableMethods(TestCompiler.java:123)
        at eu.stamp_project.utils.compilation.TestCompiler.compileAndRun(TestCompiler.java:92)
        at eu.stamp_project.dspot.assertgenerator.AssertGenerator.innerAssertionAmplification(AssertGenerator.java:100)
        at eu.stamp_project.dspot.assertgenerator.AssertGenerator.assertionAmplification(AssertGenerator.java:71)
        at eu.stamp_project.dspot.Amplification.assertionsAmplification(Amplification.java:176)
        at eu.stamp_project.dspot.Amplification.amplification(Amplification.java:153)
        at eu.stamp_project.dspot.Amplification.amplification(Amplification.java:104)
        at eu.stamp_project.dspot.DSpot._amplify(DSpot.java:244)
        at eu.stamp_project.dspot.DSpot.lambda$amplifyTestClassesTestMethods$6(DSpot.java:223)
        at java.util.stream.ReferencePipeline$3$1.accept(ReferencePipeline.java:193)
        at java.util.ArrayList$ArrayListSpliterator.forEachRemaining(ArrayList.java:1374)
        at java.util.stream.AbstractPipeline.copyInto(AbstractPipeline.java:481)
        at java.util.stream.AbstractPipeline.wrapAndCopyInto(AbstractPipeline.java:471)
        at java.util.stream.ReduceOps$ReduceOp.evaluateSequential(ReduceOps.java:708)
        at java.util.stream.AbstractPipeline.evaluate(AbstractPipeline.java:234)
        at java.util.stream.ReferencePipeline.collect(ReferencePipeline.java:499)
        at eu.stamp_project.dspot.DSpot.amplifyTestClassesTestMethods(DSpot.java:224)
        at eu.stamp_project.Main.run(Main.java:70)
        at eu.stamp_project.Main.main(Main.java:41)
[INFO] 2018-11-11 13:39:29 AssertGenerator - Could not generate any test with assertions
[INFO] 2018-11-11 13:39:29 Amplification - iteration 1 / 3
[INFO] 2018-11-11 13:39:29 Amplification - 19 tests selected to be amplified over 19 available tests
[INFO] 2018-11-11 13:39:29 NoBudgetizer - Amplification of inputs...
100% |================================================== ]\
 52% |=============================================== ]-[INFO] 2018-11-11 13:39:30 NoBudgetizer - 397 new tests generated
[WARN] 2018-11-11 13:39:30 NoBudgetizer - Too many tests have been generated: 397
[INFO] 2018-11-11 13:39:30 NoBudgetizer - Number of generated test reduced to 200
[INFO] 2018-11-11 13:39:55 AssertGenerator - Run tests. (200)
[INFO] 2018-11-11 13:39:55 DSpotCompiler - Compiling with -proceedOnError -encoding UTF-8 -cp E:\Dev\tellu_github\tellulib\.\.\target\dspot\tmp_test_sources;C:\Users\Larsgiang\.m2\repository\commons-codec\commons-codec\1.9\commons-codec-1.9.jar;C:\Users\Larsgiang\.m2\repository\org\apache\httpcomponents\httpclient\4.5.5\httpclient-4.5.5.jar;C:\Users\Larsgiang\.m2\repository\org\apache\httpcomponents\httpcore\4.4.9\httpcore-4.4.9.jar;C:\Users\Larsgiang\.m2\repository\commons-logging\commons-logging\1.2\commons-logging-1.2.jar;C:\Users\Larsgiang\.m2\repository\junit\junit\4.12\junit-4.12.jar;C:\Users\Larsgiang\.m2\repository\org\hamcrest\hamcrest-core\1.3\hamcrest-core-1.3.jar;E:\Dev\tellu_github\tellulib\.\.\target/classes/\;E:\Dev\tellu_github\tellulib\.\.\target/test-classes/\;E:\Dev\tellu_github\tellulib\.\.\target/dspot/dependencies/; -d E:\Dev\tellu_github\tellulib\.\.\target\test-classes -1.8 -preserveAllLocals -noExit -enableJavadoc -proc:none E:\Dev\tellu_github\tellulib\target\dspot\tmp_test_sources\no\tellu\lib\data\model\ModelTest.java
[ERROR] 2018-11-11 13:39:55 TestCompiler - Error(s) during compilation:
[ERROR] 2018-11-11 13:39:55 TestCompiler - Pb(55) Duplicate local variable boolean_5560
[ERROR] 2018-11-11 13:39:55 TestCompiler - Pb(55) Duplicate local variable boolean_5564
[ERROR] 2018-11-11 13:39:55 TestCompiler - Pb(55) Duplicate local variable boolean_5568
[ERROR] 2018-11-11 13:39:55 TestCompiler - Pb(17) Type mismatch: cannot convert from List<Object> to List<Action>
[ERROR] 2018-11-11 13:39:55 TestCompiler - Pb(55) Duplicate local variable boolean_5576
[ERROR] 2018-11-11 13:39:55 TestCompiler - Pb(55) Duplicate local variable boolean_5580
[ERROR] 2018-11-11 13:39:55 TestCompiler - Pb(55) Duplicate local variable boolean_5584
[ERROR] 2018-11-11 13:39:55 TestCompiler - Pb(17) Type mismatch: cannot convert from List<Object> to List<Trigger>
[ERROR] 2018-11-11 13:39:55 TestCompiler - Pb(55) Duplicate local variable boolean_5592
[ERROR] 2018-11-11 13:39:55 TestCompiler - Pb(17) Type mismatch: cannot convert from List<Object> to List<Action>
[ERROR] 2018-11-11 13:39:55 TestCompiler - Pb(17) Type mismatch: cannot convert from List<Object> to List<Trigger>
[ERROR] 2018-11-11 13:39:55 TestCompiler - Pb(55) Duplicate local variable boolean_5604
[ERROR] 2018-11-11 13:39:55 TestCompiler - Pb(55) Duplicate local variable boolean_5608
[ERROR] 2018-11-11 13:39:55 TestCompiler - Pb(17) Type mismatch: cannot convert from List<Object> to List<Trigger>
[ERROR] 2018-11-11 13:39:55 TestCompiler - Pb(17) Type mismatch: cannot convert from List<Object> to List<Trigger>
[ERROR] 2018-11-11 13:39:55 TestCompiler - Pb(55) Duplicate local variable boolean_5620
[ERROR] 2018-11-11 13:39:55 TestCompiler - Pb(17) Type mismatch: cannot convert from List<Object> to List<Action>
[ERROR] 2018-11-11 13:39:55 TestCompiler - Pb(55) Duplicate local variable boolean_5628
[ERROR] 2018-11-11 13:39:55 TestCompiler - Pb(17) Type mismatch: cannot convert from List<Object> to List<Trigger>
[ERROR] 2018-11-11 13:39:55 TestCompiler - Pb(55) Duplicate local variable boolean_5636
[INFO] 2018-11-11 13:39:56 DSpotCompiler - Compiling with -proceedOnError -encoding UTF-8 -cp E:\Dev\tellu_github\tellulib\.\.\target\dspot\tmp_test_sources;C:\Users\Larsgiang\.m2\repository\commons-codec\commons-codec\1.9\commons-codec-1.9.jar;C:\Users\Larsgiang\.m2\repository\org\apache\httpcomponents\httpclient\4.5.5\httpclient-4.5.5.jar;C:\Users\Larsgiang\.m2\repository\org\apache\httpcomponents\httpcore\4.4.9\httpcore-4.4.9.jar;C:\Users\Larsgiang\.m2\repository\commons-logging\commons-logging\1.2\commons-logging-1.2.jar;C:\Users\Larsgiang\.m2\repository\junit\junit\4.12\junit-4.12.jar;C:\Users\Larsgiang\.m2\repository\org\hamcrest\hamcrest-core\1.3\hamcrest-core-1.3.jar;E:\Dev\tellu_github\tellulib\.\.\target/classes/\;E:\Dev\tellu_github\tellulib\.\.\target/test-classes/\;E:\Dev\tellu_github\tellulib\.\.\target/dspot/dependencies/; -d E:\Dev\tellu_github\tellulib\.\.\target\test-classes -1.8 -preserveAllLocals -noExit -enableJavadoc -proc:none E:\Dev\tellu_github\tellulib\target\dspot\tmp_test_sources\no\tellu\lib\data\model\ModelTest.java
[ERROR] 2018-11-11 13:39:56 TestCompiler - Error(s) during compilation:
[ERROR] 2018-11-11 13:39:56 TestCompiler - Pb(55) Duplicate local variable boolean_5960
[ERROR] 2018-11-11 13:39:56 TestCompiler - Pb(55) Duplicate local variable boolean_5964
[ERROR] 2018-11-11 13:39:56 TestCompiler - Pb(55) Duplicate local variable boolean_5968
[ERROR] 2018-11-11 13:39:56 TestCompiler - Pb(55) Duplicate local variable boolean_5972
[ERROR] 2018-11-11 13:39:56 TestCompiler - Pb(55) Duplicate local variable boolean_5976
[ERROR] 2018-11-11 13:39:56 TestCompiler - Pb(55) Duplicate local variable boolean_5980
[ERROR] 2018-11-11 13:39:56 TestCompiler - Pb(55) Duplicate local variable boolean_5984
[ERROR] 2018-11-11 13:39:56 TestCompiler - Pb(55) Duplicate local variable boolean_5988
[ERROR] 2018-11-11 13:39:56 TestCompiler - Pb(55) Duplicate local variable boolean_5992
[ERROR] 2018-11-11 13:39:56 TestCompiler - Pb(55) Duplicate local variable boolean_5996
[ERROR] 2018-11-11 13:39:56 TestCompiler - Pb(55) Duplicate local variable boolean_6000
[ERROR] 2018-11-11 13:39:56 TestCompiler - Pb(55) Duplicate local variable boolean_6004
[ERROR] 2018-11-11 13:39:56 TestCompiler - Pb(55) Duplicate local variable boolean_6008
[ERROR] 2018-11-11 13:39:56 TestCompiler - Pb(55) Duplicate local variable boolean_6012
[ERROR] 2018-11-11 13:39:56 TestCompiler - Pb(55) Duplicate local variable boolean_6016
[ERROR] 2018-11-11 13:39:56 TestCompiler - Pb(55) Duplicate local variable boolean_6020
[ERROR] 2018-11-11 13:39:56 TestCompiler - Pb(55) Duplicate local variable boolean_6024
[ERROR] 2018-11-11 13:39:56 TestCompiler - Pb(55) Duplicate local variable boolean_6028
[ERROR] 2018-11-11 13:39:56 TestCompiler - Pb(55) Duplicate local variable boolean_6032
[ERROR] 2018-11-11 13:39:56 TestCompiler - Pb(55) Duplicate local variable boolean_6036
[INFO] 2018-11-11 13:39:56 DSpotCompiler - Compiling with -proceedOnError -encoding UTF-8 -cp E:\Dev\tellu_github\tellulib\.\.\target\dspot\tmp_test_sources;C:\Users\Larsgiang\.m2\repository\commons-codec\commons-codec\1.9\commons-codec-1.9.jar;C:\Users\Larsgiang\.m2\repository\org\apache\httpcomponents\httpclient\4.5.5\httpclient-4.5.5.jar;C:\Users\Larsgiang\.m2\repository\org\apache\httpcomponents\httpcore\4.4.9\httpcore-4.4.9.jar;C:\Users\Larsgiang\.m2\repository\commons-logging\commons-logging\1.2\commons-logging-1.2.jar;C:\Users\Larsgiang\.m2\repository\junit\junit\4.12\junit-4.12.jar;C:\Users\Larsgiang\.m2\repository\org\hamcrest\hamcrest-core\1.3\hamcrest-core-1.3.jar;E:\Dev\tellu_github\tellulib\.\.\target/classes/\;E:\Dev\tellu_github\tellulib\.\.\target/test-classes/\;E:\Dev\tellu_github\tellulib\.\.\target/dspot/dependencies/; -d E:\Dev\tellu_github\tellulib\.\.\target\test-classes -1.8 -preserveAllLocals -noExit -enableJavadoc -proc:none E:\Dev\tellu_github\tellulib\target\dspot\tmp_test_sources\no\tellu\lib\data\model\ModelTest.java
[WARN] 2018-11-11 13:39:56 AssertGenerator - Error when executing tests before Assertion Amplification:
eu.stamp_project.dspot.AmplificationException: Every test methods are uncompilable
        at eu.stamp_project.utils.compilation.TestCompiler.compileAndDiscardUncompilableMethods(TestCompiler.java:123)
        at eu.stamp_project.utils.compilation.TestCompiler.compileAndRun(TestCompiler.java:92)
        at eu.stamp_project.dspot.assertgenerator.AssertGenerator.innerAssertionAmplification(AssertGenerator.java:100)
        at eu.stamp_project.dspot.assertgenerator.AssertGenerator.assertionAmplification(AssertGenerator.java:71)
        at eu.stamp_project.dspot.Amplification.assertionsAmplification(Amplification.java:176)
        at eu.stamp_project.dspot.Amplification.amplification(Amplification.java:153)
        at eu.stamp_project.dspot.Amplification.amplification(Amplification.java:104)
        at eu.stamp_project.dspot.DSpot._amplify(DSpot.java:244)
        at eu.stamp_project.dspot.DSpot.lambda$amplifyTestClassesTestMethods$6(DSpot.java:223)
        at java.util.stream.ReferencePipeline$3$1.accept(ReferencePipeline.java:193)
        at java.util.ArrayList$ArrayListSpliterator.forEachRemaining(ArrayList.java:1374)
        at java.util.stream.AbstractPipeline.copyInto(AbstractPipeline.java:481)
        at java.util.stream.AbstractPipeline.wrapAndCopyInto(AbstractPipeline.java:471)
        at java.util.stream.ReduceOps$ReduceOp.evaluateSequential(ReduceOps.java:708)
        at java.util.stream.AbstractPipeline.evaluate(AbstractPipeline.java:234)
        at java.util.stream.ReferencePipeline.collect(ReferencePipeline.java:499)
        at eu.stamp_project.dspot.DSpot.amplifyTestClassesTestMethods(DSpot.java:224)
        at eu.stamp_project.Main.run(Main.java:70)
        at eu.stamp_project.Main.main(Main.java:41)
[INFO] 2018-11-11 13:39:56 AssertGenerator - Could not generate any test with assertions
[INFO] 2018-11-11 13:39:56 Amplification - iteration 2 / 3
[INFO] 2018-11-11 13:39:56 Amplification - 200 tests selected to be amplified over 200 available tests
[INFO] 2018-11-11 13:39:56 NoBudgetizer - Amplification of inputs...
100% |================================================== ]|
  6% |================================================ ]|[INFO] 2018-11-11 13:40:03 NoBudgetizer - 4412 new tests generated
[WARN] 2018-11-11 13:40:03 NoBudgetizer - Too many tests have been generated: 4412
[INFO] 2018-11-11 13:40:05 NoBudgetizer - Number of generated test reduced to 200
[INFO] 2018-11-11 13:40:34 AssertGenerator - Run tests. (200)
[INFO] 2018-11-11 13:40:35 DSpotCompiler - Compiling with -proceedOnError -encoding UTF-8 -cp E:\Dev\tellu_github\tellulib\.\.\target\dspot\tmp_test_sources;C:\Users\Larsgiang\.m2\repository\commons-codec\commons-codec\1.9\commons-codec-1.9.jar;C:\Users\Larsgiang\.m2\repository\org\apache\httpcomponents\httpclient\4.5.5\httpclient-4.5.5.jar;C:\Users\Larsgiang\.m2\repository\org\apache\httpcomponents\httpcore\4.4.9\httpcore-4.4.9.jar;C:\Users\Larsgiang\.m2\repository\commons-logging\commons-logging\1.2\commons-logging-1.2.jar;C:\Users\Larsgiang\.m2\repository\junit\junit\4.12\junit-4.12.jar;C:\Users\Larsgiang\.m2\repository\org\hamcrest\hamcrest-core\1.3\hamcrest-core-1.3.jar;E:\Dev\tellu_github\tellulib\.\.\target/classes/\;E:\Dev\tellu_github\tellulib\.\.\target/test-classes/\;E:\Dev\tellu_github\tellulib\.\.\target/dspot/dependencies/; -d E:\Dev\tellu_github\tellulib\.\.\target\test-classes -1.8 -preserveAllLocals -noExit -enableJavadoc -proc:none E:\Dev\tellu_github\tellulib\target\dspot\tmp_test_sources\no\tellu\lib\data\model\ModelTest.java
[ERROR] 2018-11-11 13:40:35 TestCompiler - Error(s) during compilation:
[ERROR] 2018-11-11 13:40:35 TestCompiler - Pb(17) Type mismatch: cannot convert from List<Object> to List<Action>
[ERROR] 2018-11-11 13:40:35 TestCompiler - Pb(17) Type mismatch: cannot convert from List<Object> to List<Action>
[ERROR] 2018-11-11 13:40:35 TestCompiler - Pb(17) Type mismatch: cannot convert from List<Object> to List<Action>
[ERROR] 2018-11-11 13:40:35 TestCompiler - Pb(17) Type mismatch: cannot convert from List<Object> to List<Trigger>
[ERROR] 2018-11-11 13:40:35 TestCompiler - Pb(55) Duplicate local variable boolean_6376
[ERROR] 2018-11-11 13:40:35 TestCompiler - Pb(55) Duplicate local variable boolean_6380
[ERROR] 2018-11-11 13:40:35 TestCompiler - Pb(17) Type mismatch: cannot convert from List<Object> to List<Trigger>
[ERROR] 2018-11-11 13:40:35 TestCompiler - Pb(17) Type mismatch: cannot convert from List<Object> to List<Action>
[ERROR] 2018-11-11 13:40:35 TestCompiler - Pb(17) Type mismatch: cannot convert from List<Object> to List<Action>
[ERROR] 2018-11-11 13:40:35 TestCompiler - Pb(17) Type mismatch: cannot convert from List<Object> to List<Action>
[ERROR] 2018-11-11 13:40:35 TestCompiler - Pb(17) Type mismatch: cannot convert from List<Object> to List<Trigger>
[ERROR] 2018-11-11 13:40:35 TestCompiler - Pb(17) Type mismatch: cannot convert from List<Object> to List<Action>
[ERROR] 2018-11-11 13:40:35 TestCompiler - Pb(17) Type mismatch: cannot convert from List<Object> to List<Action>
[ERROR] 2018-11-11 13:40:35 TestCompiler - Pb(17) Type mismatch: cannot convert from List<Object> to List<Action>
[ERROR] 2018-11-11 13:40:35 TestCompiler - Pb(55) Duplicate local variable boolean_6416
[ERROR] 2018-11-11 13:40:35 TestCompiler - Pb(17) Type mismatch: cannot convert from List<Object> to List<Trigger>
[ERROR] 2018-11-11 13:40:35 TestCompiler - Pb(55) Duplicate local variable boolean_6424
[ERROR] 2018-11-11 13:40:35 TestCompiler - Pb(17) Type mismatch: cannot convert from List<Object> to List<Trigger>
[ERROR] 2018-11-11 13:40:35 TestCompiler - Pb(55) Duplicate local variable boolean_6432
[ERROR] 2018-11-11 13:40:35 TestCompiler - Pb(17) Type mismatch: cannot convert from List<Object> to List<Trigger>
[INFO] 2018-11-11 13:40:36 DSpotCompiler - Compiling with -proceedOnError -encoding UTF-8 -cp E:\Dev\tellu_github\tellulib\.\.\target\dspot\tmp_test_sources;C:\Users\Larsgiang\.m2\repository\commons-codec\commons-codec\1.9\commons-codec-1.9.jar;C:\Users\Larsgiang\.m2\repository\org\apache\httpcomponents\httpclient\4.5.5\httpclient-4.5.5.jar;C:\Users\Larsgiang\.m2\repository\org\apache\httpcomponents\httpcore\4.4.9\httpcore-4.4.9.jar;C:\Users\Larsgiang\.m2\repository\commons-logging\commons-logging\1.2\commons-logging-1.2.jar;C:\Users\Larsgiang\.m2\repository\junit\junit\4.12\junit-4.12.jar;C:\Users\Larsgiang\.m2\repository\org\hamcrest\hamcrest-core\1.3\hamcrest-core-1.3.jar;E:\Dev\tellu_github\tellulib\.\.\target/classes/\;E:\Dev\tellu_github\tellulib\.\.\target/test-classes/\;E:\Dev\tellu_github\tellulib\.\.\target/dspot/dependencies/; -d E:\Dev\tellu_github\tellulib\.\.\target\test-classes -1.8 -preserveAllLocals -noExit -enableJavadoc -proc:none E:\Dev\tellu_github\tellulib\target\dspot\tmp_test_sources\no\tellu\lib\data\model\ModelTest.java
[ERROR] 2018-11-11 13:40:36 TestCompiler - Error(s) during compilation:
[ERROR] 2018-11-11 13:40:36 TestCompiler - Pb(55) Duplicate local variable boolean_6760
[ERROR] 2018-11-11 13:40:36 TestCompiler - Pb(55) Duplicate local variable boolean_6764
[ERROR] 2018-11-11 13:40:36 TestCompiler - Pb(17) Type mismatch: cannot convert from List<Object> to List<Trigger>
[ERROR] 2018-11-11 13:40:36 TestCompiler - Pb(17) Type mismatch: cannot convert from List<Object> to List<Trigger>
[ERROR] 2018-11-11 13:40:36 TestCompiler - Pb(17) Type mismatch: cannot convert from List<Object> to List<Action>
[ERROR] 2018-11-11 13:40:36 TestCompiler - Pb(17) Type mismatch: cannot convert from List<Object> to List<Trigger>
[ERROR] 2018-11-11 13:40:36 TestCompiler - Pb(55) Duplicate local variable boolean_6784
[ERROR] 2018-11-11 13:40:36 TestCompiler - Pb(17) Type mismatch: cannot convert from List<Object> to List<Action>
[ERROR] 2018-11-11 13:40:36 TestCompiler - Pb(17) Type mismatch: cannot convert from List<Object> to List<Trigger>
[ERROR] 2018-11-11 13:40:36 TestCompiler - Pb(55) Duplicate local variable boolean_6796
[ERROR] 2018-11-11 13:40:36 TestCompiler - Pb(55) Duplicate local variable boolean_6800
[ERROR] 2018-11-11 13:40:36 TestCompiler - Pb(55) Duplicate local variable boolean_6804
[ERROR] 2018-11-11 13:40:36 TestCompiler - Pb(55) Duplicate local variable boolean_6808
[ERROR] 2018-11-11 13:40:36 TestCompiler - Pb(55) Duplicate local variable boolean_6812
[ERROR] 2018-11-11 13:40:36 TestCompiler - Pb(17) Type mismatch: cannot convert from List<Object> to List<Action>
[ERROR] 2018-11-11 13:40:36 TestCompiler - Pb(55) Duplicate local variable boolean_6820
[ERROR] 2018-11-11 13:40:36 TestCompiler - Pb(55) Duplicate local variable boolean_6824
[ERROR] 2018-11-11 13:40:36 TestCompiler - Pb(55) Duplicate local variable boolean_6828
[ERROR] 2018-11-11 13:40:36 TestCompiler - Pb(55) Duplicate local variable boolean_6832
[ERROR] 2018-11-11 13:40:36 TestCompiler - Pb(17) Type mismatch: cannot convert from List<Object> to List<Action>
[INFO] 2018-11-11 13:40:36 DSpotCompiler - Compiling with -proceedOnError -encoding UTF-8 -cp E:\Dev\tellu_github\tellulib\.\.\target\dspot\tmp_test_sources;C:\Users\Larsgiang\.m2\repository\commons-codec\commons-codec\1.9\commons-codec-1.9.jar;C:\Users\Larsgiang\.m2\repository\org\apache\httpcomponents\httpclient\4.5.5\httpclient-4.5.5.jar;C:\Users\Larsgiang\.m2\repository\org\apache\httpcomponents\httpcore\4.4.9\httpcore-4.4.9.jar;C:\Users\Larsgiang\.m2\repository\commons-logging\commons-logging\1.2\commons-logging-1.2.jar;C:\Users\Larsgiang\.m2\repository\junit\junit\4.12\junit-4.12.jar;C:\Users\Larsgiang\.m2\repository\org\hamcrest\hamcrest-core\1.3\hamcrest-core-1.3.jar;E:\Dev\tellu_github\tellulib\.\.\target/classes/\;E:\Dev\tellu_github\tellulib\.\.\target/test-classes/\;E:\Dev\tellu_github\tellulib\.\.\target/dspot/dependencies/; -d E:\Dev\tellu_github\tellulib\.\.\target\test-classes -1.8 -preserveAllLocals -noExit -enableJavadoc -proc:none E:\Dev\tellu_github\tellulib\target\dspot\tmp_test_sources\no\tellu\lib\data\model\ModelTest.java
[WARN] 2018-11-11 13:40:36 AssertGenerator - Error when executing tests before Assertion Amplification:
eu.stamp_project.dspot.AmplificationException: Every test methods are uncompilable
        at eu.stamp_project.utils.compilation.TestCompiler.compileAndDiscardUncompilableMethods(TestCompiler.java:123)
        at eu.stamp_project.utils.compilation.TestCompiler.compileAndRun(TestCompiler.java:92)
        at eu.stamp_project.dspot.assertgenerator.AssertGenerator.innerAssertionAmplification(AssertGenerator.java:100)
        at eu.stamp_project.dspot.assertgenerator.AssertGenerator.assertionAmplification(AssertGenerator.java:71)
        at eu.stamp_project.dspot.Amplification.assertionsAmplification(Amplification.java:176)
        at eu.stamp_project.dspot.Amplification.amplification(Amplification.java:153)
        at eu.stamp_project.dspot.Amplification.amplification(Amplification.java:104)
        at eu.stamp_project.dspot.DSpot._amplify(DSpot.java:244)
        at eu.stamp_project.dspot.DSpot.lambda$amplifyTestClassesTestMethods$6(DSpot.java:223)
        at java.util.stream.ReferencePipeline$3$1.accept(ReferencePipeline.java:193)
        at java.util.ArrayList$ArrayListSpliterator.forEachRemaining(ArrayList.java:1374)
        at java.util.stream.AbstractPipeline.copyInto(AbstractPipeline.java:481)
        at java.util.stream.AbstractPipeline.wrapAndCopyInto(AbstractPipeline.java:471)
        at java.util.stream.ReduceOps$ReduceOp.evaluateSequential(ReduceOps.java:708)
        at java.util.stream.AbstractPipeline.evaluate(AbstractPipeline.java:234)
        at java.util.stream.ReferencePipeline.collect(ReferencePipeline.java:499)
        at eu.stamp_project.dspot.DSpot.amplifyTestClassesTestMethods(DSpot.java:224)
        at eu.stamp_project.Main.run(Main.java:70)
        at eu.stamp_project.Main.main(Main.java:41)
[INFO] 2018-11-11 13:40:36 AssertGenerator - Could not generate any test with assertions
[INFO] 2018-11-11 13:40:36 Amplification - 0 amplified test methods has been selected to be kept. (global: 1)
[INFO] 2018-11-11 13:40:36 Amplification - Amplification of testRuleCondition, (10/12)
[INFO] 2018-11-11 13:40:36 Amplification - iteration 0 / 3
[INFO] 2018-11-11 13:40:36 Amplification - 1 tests selected to be amplified over 1 available tests
[INFO] 2018-11-11 13:40:36 NoBudgetizer - Amplification of inputs...
100% |================================================== ]/
[INFO] 2018-11-11 13:40:36 NoBudgetizer - 2 new tests generated
[INFO] 2018-11-11 13:40:36 AssertGenerator - Run tests. (2)
[INFO] 2018-11-11 13:40:36 DSpotCompiler - Compiling with -proceedOnError -encoding UTF-8 -cp E:\Dev\tellu_github\tellulib\.\.\target\dspot\tmp_test_sources;C:\Users\Larsgiang\.m2\repository\commons-codec\commons-codec\1.9\commons-codec-1.9.jar;C:\Users\Larsgiang\.m2\repository\org\apache\httpcomponents\httpclient\4.5.5\httpclient-4.5.5.jar;C:\Users\Larsgiang\.m2\repository\org\apache\httpcomponents\httpcore\4.4.9\httpcore-4.4.9.jar;C:\Users\Larsgiang\.m2\repository\commons-logging\commons-logging\1.2\commons-logging-1.2.jar;C:\Users\Larsgiang\.m2\repository\junit\junit\4.12\junit-4.12.jar;C:\Users\Larsgiang\.m2\repository\org\hamcrest\hamcrest-core\1.3\hamcrest-core-1.3.jar;E:\Dev\tellu_github\tellulib\.\.\target/classes/\;E:\Dev\tellu_github\tellulib\.\.\target/test-classes/\;E:\Dev\tellu_github\tellulib\.\.\target/dspot/dependencies/; -d E:\Dev\tellu_github\tellulib\.\.\target\test-classes -1.8 -preserveAllLocals -noExit -enableJavadoc -proc:none E:\Dev\tellu_github\tellulib\target\dspot\tmp_test_sources\no\tellu\lib\data\model\ModelTest.java
[ERROR] 2018-11-11 13:40:37 TestCompiler - Error(s) during compilation:
[ERROR] 2018-11-11 13:40:37 TestCompiler - Pb(55) Duplicate local variable boolean_7159
[ERROR] 2018-11-11 13:40:37 TestCompiler - Pb(55) Duplicate local variable boolean_7159
[ERROR] 2018-11-11 13:40:37 TestCompiler - Pb(55) Duplicate local variable boolean_7160
[ERROR] 2018-11-11 13:40:37 TestCompiler - Pb(55) Duplicate local variable boolean_7159
[ERROR] 2018-11-11 13:40:37 TestCompiler - Pb(55) Duplicate local variable boolean_7160
[ERROR] 2018-11-11 13:40:37 TestCompiler - Pb(55) Duplicate local variable boolean_7161
[ERROR] 2018-11-11 13:40:37 TestCompiler - Pb(55) Duplicate local variable boolean_7163
[ERROR] 2018-11-11 13:40:37 TestCompiler - Pb(55) Duplicate local variable boolean_7163
[ERROR] 2018-11-11 13:40:37 TestCompiler - Pb(55) Duplicate local variable boolean_7164
[ERROR] 2018-11-11 13:40:37 TestCompiler - Pb(55) Duplicate local variable boolean_7163
[ERROR] 2018-11-11 13:40:37 TestCompiler - Pb(55) Duplicate local variable boolean_7164
[ERROR] 2018-11-11 13:40:37 TestCompiler - Pb(55) Duplicate local variable boolean_7165
[INFO] 2018-11-11 13:40:37 DSpotCompiler - Compiling with -proceedOnError -encoding UTF-8 -cp E:\Dev\tellu_github\tellulib\.\.\target\dspot\tmp_test_sources;C:\Users\Larsgiang\.m2\repository\commons-codec\commons-codec\1.9\commons-codec-1.9.jar;C:\Users\Larsgiang\.m2\repository\org\apache\httpcomponents\httpclient\4.5.5\httpclient-4.5.5.jar;C:\Users\Larsgiang\.m2\repository\org\apache\httpcomponents\httpcore\4.4.9\httpcore-4.4.9.jar;C:\Users\Larsgiang\.m2\repository\commons-logging\commons-logging\1.2\commons-logging-1.2.jar;C:\Users\Larsgiang\.m2\repository\junit\junit\4.12\junit-4.12.jar;C:\Users\Larsgiang\.m2\repository\org\hamcrest\hamcrest-core\1.3\hamcrest-core-1.3.jar;E:\Dev\tellu_github\tellulib\.\.\target/classes/\;E:\Dev\tellu_github\tellulib\.\.\target/test-classes/\;E:\Dev\tellu_github\tellulib\.\.\target/dspot/dependencies/; -d E:\Dev\tellu_github\tellulib\.\.\target\test-classes -1.8 -preserveAllLocals -noExit -enableJavadoc -proc:none E:\Dev\tellu_github\tellulib\target\dspot\tmp_test_sources\no\tellu\lib\data\model\ModelTest.java
[WARN] 2018-11-11 13:40:37 AssertGenerator - Error when executing tests before Assertion Amplification:
eu.stamp_project.dspot.AmplificationException: Every test methods are uncompilable
        at eu.stamp_project.utils.compilation.TestCompiler.compileAndDiscardUncompilableMethods(TestCompiler.java:123)
        at eu.stamp_project.utils.compilation.TestCompiler.compileAndRun(TestCompiler.java:92)
        at eu.stamp_project.dspot.assertgenerator.AssertGenerator.innerAssertionAmplification(AssertGenerator.java:100)
        at eu.stamp_project.dspot.assertgenerator.AssertGenerator.assertionAmplification(AssertGenerator.java:71)
        at eu.stamp_project.dspot.Amplification.assertionsAmplification(Amplification.java:176)
        at eu.stamp_project.dspot.Amplification.amplification(Amplification.java:153)
        at eu.stamp_project.dspot.Amplification.amplification(Amplification.java:104)
        at eu.stamp_project.dspot.DSpot._amplify(DSpot.java:244)
        at eu.stamp_project.dspot.DSpot.lambda$amplifyTestClassesTestMethods$6(DSpot.java:223)
        at java.util.stream.ReferencePipeline$3$1.accept(ReferencePipeline.java:193)
        at java.util.ArrayList$ArrayListSpliterator.forEachRemaining(ArrayList.java:1374)
        at java.util.stream.AbstractPipeline.copyInto(AbstractPipeline.java:481)
        at java.util.stream.AbstractPipeline.wrapAndCopyInto(AbstractPipeline.java:471)
        at java.util.stream.ReduceOps$ReduceOp.evaluateSequential(ReduceOps.java:708)
        at java.util.stream.AbstractPipeline.evaluate(AbstractPipeline.java:234)
        at java.util.stream.ReferencePipeline.collect(ReferencePipeline.java:499)
        at eu.stamp_project.dspot.DSpot.amplifyTestClassesTestMethods(DSpot.java:224)
        at eu.stamp_project.Main.run(Main.java:70)
        at eu.stamp_project.Main.main(Main.java:41)
[INFO] 2018-11-11 13:40:37 AssertGenerator - Could not generate any test with assertions
[INFO] 2018-11-11 13:40:37 Amplification - iteration 1 / 3
[INFO] 2018-11-11 13:40:37 Amplification - 2 tests selected to be amplified over 2 available tests
[INFO] 2018-11-11 13:40:37 NoBudgetizer - Amplification of inputs...
100% |================================================== ]-
 50% |================================================== ]/[INFO] 2018-11-11 13:40:37 NoBudgetizer - 4 new tests generated
[INFO] 2018-11-11 13:40:37 AssertGenerator - Run tests. (4)
[INFO] 2018-11-11 13:40:37 DSpotCompiler - Compiling with -proceedOnError -encoding UTF-8 -cp E:\Dev\tellu_github\tellulib\.\.\target\dspot\tmp_test_sources;C:\Users\Larsgiang\.m2\repository\commons-codec\commons-codec\1.9\commons-codec-1.9.jar;C:\Users\Larsgiang\.m2\repository\org\apache\httpcomponents\httpclient\4.5.5\httpclient-4.5.5.jar;C:\Users\Larsgiang\.m2\repository\org\apache\httpcomponents\httpcore\4.4.9\httpcore-4.4.9.jar;C:\Users\Larsgiang\.m2\repository\commons-logging\commons-logging\1.2\commons-logging-1.2.jar;C:\Users\Larsgiang\.m2\repository\junit\junit\4.12\junit-4.12.jar;C:\Users\Larsgiang\.m2\repository\org\hamcrest\hamcrest-core\1.3\hamcrest-core-1.3.jar;E:\Dev\tellu_github\tellulib\.\.\target/classes/\;E:\Dev\tellu_github\tellulib\.\.\target/test-classes/\;E:\Dev\tellu_github\tellulib\.\.\target/dspot/dependencies/; -d E:\Dev\tellu_github\tellulib\.\.\target\test-classes -1.8 -preserveAllLocals -noExit -enableJavadoc -proc:none E:\Dev\tellu_github\tellulib\target\dspot\tmp_test_sources\no\tellu\lib\data\model\ModelTest.java
[ERROR] 2018-11-11 13:40:37 TestCompiler - Error(s) during compilation:
[ERROR] 2018-11-11 13:40:37 TestCompiler - Pb(55) Duplicate local variable boolean_7167
[ERROR] 2018-11-11 13:40:37 TestCompiler - Pb(55) Duplicate local variable boolean_7167
[ERROR] 2018-11-11 13:40:37 TestCompiler - Pb(55) Duplicate local variable boolean_7168
[ERROR] 2018-11-11 13:40:37 TestCompiler - Pb(55) Duplicate local variable boolean_7167
[ERROR] 2018-11-11 13:40:37 TestCompiler - Pb(55) Duplicate local variable boolean_7168
[ERROR] 2018-11-11 13:40:37 TestCompiler - Pb(55) Duplicate local variable boolean_7169
[ERROR] 2018-11-11 13:40:37 TestCompiler - Pb(55) Duplicate local variable boolean_7171
[ERROR] 2018-11-11 13:40:37 TestCompiler - Pb(55) Duplicate local variable boolean_7171
[ERROR] 2018-11-11 13:40:37 TestCompiler - Pb(55) Duplicate local variable boolean_7172
[ERROR] 2018-11-11 13:40:37 TestCompiler - Pb(55) Duplicate local variable boolean_7171
[ERROR] 2018-11-11 13:40:37 TestCompiler - Pb(55) Duplicate local variable boolean_7172
[ERROR] 2018-11-11 13:40:37 TestCompiler - Pb(55) Duplicate local variable boolean_7173
[ERROR] 2018-11-11 13:40:37 TestCompiler - Pb(55) Duplicate local variable boolean_7175
[ERROR] 2018-11-11 13:40:37 TestCompiler - Pb(55) Duplicate local variable boolean_7175
[ERROR] 2018-11-11 13:40:37 TestCompiler - Pb(55) Duplicate local variable boolean_7176
[ERROR] 2018-11-11 13:40:37 TestCompiler - Pb(55) Duplicate local variable boolean_7175
[ERROR] 2018-11-11 13:40:37 TestCompiler - Pb(55) Duplicate local variable boolean_7176
[ERROR] 2018-11-11 13:40:37 TestCompiler - Pb(55) Duplicate local variable boolean_7177
[ERROR] 2018-11-11 13:40:37 TestCompiler - Pb(55) Duplicate local variable boolean_7179
[ERROR] 2018-11-11 13:40:37 TestCompiler - Pb(55) Duplicate local variable boolean_7179
[INFO] 2018-11-11 13:40:37 DSpotCompiler - Compiling with -proceedOnError -encoding UTF-8 -cp E:\Dev\tellu_github\tellulib\.\.\target\dspot\tmp_test_sources;C:\Users\Larsgiang\.m2\repository\commons-codec\commons-codec\1.9\commons-codec-1.9.jar;C:\Users\Larsgiang\.m2\repository\org\apache\httpcomponents\httpclient\4.5.5\httpclient-4.5.5.jar;C:\Users\Larsgiang\.m2\repository\org\apache\httpcomponents\httpcore\4.4.9\httpcore-4.4.9.jar;C:\Users\Larsgiang\.m2\repository\commons-logging\commons-logging\1.2\commons-logging-1.2.jar;C:\Users\Larsgiang\.m2\repository\junit\junit\4.12\junit-4.12.jar;C:\Users\Larsgiang\.m2\repository\org\hamcrest\hamcrest-core\1.3\hamcrest-core-1.3.jar;E:\Dev\tellu_github\tellulib\.\.\target/classes/\;E:\Dev\tellu_github\tellulib\.\.\target/test-classes/\;E:\Dev\tellu_github\tellulib\.\.\target/dspot/dependencies/; -d E:\Dev\tellu_github\tellulib\.\.\target\test-classes -1.8 -preserveAllLocals -noExit -enableJavadoc -proc:none E:\Dev\tellu_github\tellulib\target\dspot\tmp_test_sources\no\tellu\lib\data\model\ModelTest.java
[WARN] 2018-11-11 13:40:37 AssertGenerator - Error when executing tests before Assertion Amplification:
eu.stamp_project.dspot.AmplificationException: Every test methods are uncompilable
        at eu.stamp_project.utils.compilation.TestCompiler.compileAndDiscardUncompilableMethods(TestCompiler.java:123)
        at eu.stamp_project.utils.compilation.TestCompiler.compileAndRun(TestCompiler.java:92)
        at eu.stamp_project.dspot.assertgenerator.AssertGenerator.innerAssertionAmplification(AssertGenerator.java:100)
        at eu.stamp_project.dspot.assertgenerator.AssertGenerator.assertionAmplification(AssertGenerator.java:71)
        at eu.stamp_project.dspot.Amplification.assertionsAmplification(Amplification.java:176)
        at eu.stamp_project.dspot.Amplification.amplification(Amplification.java:153)
        at eu.stamp_project.dspot.Amplification.amplification(Amplification.java:104)
        at eu.stamp_project.dspot.DSpot._amplify(DSpot.java:244)
        at eu.stamp_project.dspot.DSpot.lambda$amplifyTestClassesTestMethods$6(DSpot.java:223)
        at java.util.stream.ReferencePipeline$3$1.accept(ReferencePipeline.java:193)
        at java.util.ArrayList$ArrayListSpliterator.forEachRemaining(ArrayList.java:1374)
        at java.util.stream.AbstractPipeline.copyInto(AbstractPipeline.java:481)
        at java.util.stream.AbstractPipeline.wrapAndCopyInto(AbstractPipeline.java:471)
        at java.util.stream.ReduceOps$ReduceOp.evaluateSequential(ReduceOps.java:708)
        at java.util.stream.AbstractPipeline.evaluate(AbstractPipeline.java:234)
        at java.util.stream.ReferencePipeline.collect(ReferencePipeline.java:499)
        at eu.stamp_project.dspot.DSpot.amplifyTestClassesTestMethods(DSpot.java:224)
        at eu.stamp_project.Main.run(Main.java:70)
        at eu.stamp_project.Main.main(Main.java:41)
[INFO] 2018-11-11 13:40:37 AssertGenerator - Could not generate any test with assertions
[INFO] 2018-11-11 13:40:37 Amplification - iteration 2 / 3
[INFO] 2018-11-11 13:40:37 Amplification - 4 tests selected to be amplified over 4 available tests
[INFO] 2018-11-11 13:40:37 NoBudgetizer - Amplification of inputs...
100% |================================================== ]|
[INFO] 2018-11-11 13:40:37 NoBudgetizer - 8 new tests generated
[INFO] 2018-11-11 13:40:37 AssertGenerator - Run tests. (8)
[INFO] 2018-11-11 13:40:37 DSpotCompiler - Compiling with -proceedOnError -encoding UTF-8 -cp E:\Dev\tellu_github\tellulib\.\.\target\dspot\tmp_test_sources;C:\Users\Larsgiang\.m2\repository\commons-codec\commons-codec\1.9\commons-codec-1.9.jar;C:\Users\Larsgiang\.m2\repository\org\apache\httpcomponents\httpclient\4.5.5\httpclient-4.5.5.jar;C:\Users\Larsgiang\.m2\repository\org\apache\httpcomponents\httpcore\4.4.9\httpcore-4.4.9.jar;C:\Users\Larsgiang\.m2\repository\commons-logging\commons-logging\1.2\commons-logging-1.2.jar;C:\Users\Larsgiang\.m2\repository\junit\junit\4.12\junit-4.12.jar;C:\Users\Larsgiang\.m2\repository\org\hamcrest\hamcrest-core\1.3\hamcrest-core-1.3.jar;E:\Dev\tellu_github\tellulib\.\.\target/classes/\;E:\Dev\tellu_github\tellulib\.\.\target/test-classes/\;E:\Dev\tellu_github\tellulib\.\.\target/dspot/dependencies/; -d E:\Dev\tellu_github\tellulib\.\.\target\test-classes -1.8 -preserveAllLocals -noExit -enableJavadoc -proc:none E:\Dev\tellu_github\tellulib\target\dspot\tmp_test_sources\no\tellu\lib\data\model\ModelTest.java
[ERROR] 2018-11-11 13:40:38 TestCompiler - Error(s) during compilation:
[ERROR] 2018-11-11 13:40:38 TestCompiler - Pb(55) Duplicate local variable boolean_7183
[ERROR] 2018-11-11 13:40:38 TestCompiler - Pb(55) Duplicate local variable boolean_7183
[ERROR] 2018-11-11 13:40:38 TestCompiler - Pb(55) Duplicate local variable boolean_7184
[ERROR] 2018-11-11 13:40:38 TestCompiler - Pb(55) Duplicate local variable boolean_7183
[ERROR] 2018-11-11 13:40:38 TestCompiler - Pb(55) Duplicate local variable boolean_7184
[ERROR] 2018-11-11 13:40:38 TestCompiler - Pb(55) Duplicate local variable boolean_7185
[ERROR] 2018-11-11 13:40:38 TestCompiler - Pb(55) Duplicate local variable boolean_7187
[ERROR] 2018-11-11 13:40:38 TestCompiler - Pb(55) Duplicate local variable boolean_7187
[ERROR] 2018-11-11 13:40:38 TestCompiler - Pb(55) Duplicate local variable boolean_7188
[ERROR] 2018-11-11 13:40:38 TestCompiler - Pb(55) Duplicate local variable boolean_7187
[ERROR] 2018-11-11 13:40:38 TestCompiler - Pb(55) Duplicate local variable boolean_7188
[ERROR] 2018-11-11 13:40:38 TestCompiler - Pb(55) Duplicate local variable boolean_7189
[ERROR] 2018-11-11 13:40:38 TestCompiler - Pb(55) Duplicate local variable boolean_7191
[ERROR] 2018-11-11 13:40:38 TestCompiler - Pb(55) Duplicate local variable boolean_7191
[ERROR] 2018-11-11 13:40:38 TestCompiler - Pb(55) Duplicate local variable boolean_7192
[ERROR] 2018-11-11 13:40:38 TestCompiler - Pb(55) Duplicate local variable boolean_7191
[ERROR] 2018-11-11 13:40:38 TestCompiler - Pb(55) Duplicate local variable boolean_7192
[ERROR] 2018-11-11 13:40:38 TestCompiler - Pb(55) Duplicate local variable boolean_7193
[ERROR] 2018-11-11 13:40:38 TestCompiler - Pb(55) Duplicate local variable boolean_7195
[ERROR] 2018-11-11 13:40:38 TestCompiler - Pb(55) Duplicate local variable boolean_7195
[INFO] 2018-11-11 13:40:38 DSpotCompiler - Compiling with -proceedOnError -encoding UTF-8 -cp E:\Dev\tellu_github\tellulib\.\.\target\dspot\tmp_test_sources;C:\Users\Larsgiang\.m2\repository\commons-codec\commons-codec\1.9\commons-codec-1.9.jar;C:\Users\Larsgiang\.m2\repository\org\apache\httpcomponents\httpclient\4.5.5\httpclient-4.5.5.jar;C:\Users\Larsgiang\.m2\repository\org\apache\httpcomponents\httpcore\4.4.9\httpcore-4.4.9.jar;C:\Users\Larsgiang\.m2\repository\commons-logging\commons-logging\1.2\commons-logging-1.2.jar;C:\Users\Larsgiang\.m2\repository\junit\junit\4.12\junit-4.12.jar;C:\Users\Larsgiang\.m2\repository\org\hamcrest\hamcrest-core\1.3\hamcrest-core-1.3.jar;E:\Dev\tellu_github\tellulib\.\.\target/classes/\;E:\Dev\tellu_github\tellulib\.\.\target/test-classes/\;E:\Dev\tellu_github\tellulib\.\.\target/dspot/dependencies/; -d E:\Dev\tellu_github\tellulib\.\.\target\test-classes -1.8 -preserveAllLocals -noExit -enableJavadoc -proc:none E:\Dev\tellu_github\tellulib\target\dspot\tmp_test_sources\no\tellu\lib\data\model\ModelTest.java
[WARN] 2018-11-11 13:40:38 AssertGenerator - Error when executing tests before Assertion Amplification:
eu.stamp_project.dspot.AmplificationException: Every test methods are uncompilable
        at eu.stamp_project.utils.compilation.TestCompiler.compileAndDiscardUncompilableMethods(TestCompiler.java:123)
        at eu.stamp_project.utils.compilation.TestCompiler.compileAndRun(TestCompiler.java:92)
        at eu.stamp_project.dspot.assertgenerator.AssertGenerator.innerAssertionAmplification(AssertGenerator.java:100)
        at eu.stamp_project.dspot.assertgenerator.AssertGenerator.assertionAmplification(AssertGenerator.java:71)
        at eu.stamp_project.dspot.Amplification.assertionsAmplification(Amplification.java:176)
        at eu.stamp_project.dspot.Amplification.amplification(Amplification.java:153)
        at eu.stamp_project.dspot.Amplification.amplification(Amplification.java:104)
        at eu.stamp_project.dspot.DSpot._amplify(DSpot.java:244)
        at eu.stamp_project.dspot.DSpot.lambda$amplifyTestClassesTestMethods$6(DSpot.java:223)
        at java.util.stream.ReferencePipeline$3$1.accept(ReferencePipeline.java:193)
        at java.util.ArrayList$ArrayListSpliterator.forEachRemaining(ArrayList.java:1374)
        at java.util.stream.AbstractPipeline.copyInto(AbstractPipeline.java:481)
        at java.util.stream.AbstractPipeline.wrapAndCopyInto(AbstractPipeline.java:471)
        at java.util.stream.ReduceOps$ReduceOp.evaluateSequential(ReduceOps.java:708)
        at java.util.stream.AbstractPipeline.evaluate(AbstractPipeline.java:234)
        at java.util.stream.ReferencePipeline.collect(ReferencePipeline.java:499)
        at eu.stamp_project.dspot.DSpot.amplifyTestClassesTestMethods(DSpot.java:224)
        at eu.stamp_project.Main.run(Main.java:70)
        at eu.stamp_project.Main.main(Main.java:41)
[INFO] 2018-11-11 13:40:38 AssertGenerator - Could not generate any test with assertions
[INFO] 2018-11-11 13:40:38 Amplification - 0 amplified test methods has been selected to be kept. (global: 1)
[INFO] 2018-11-11 13:40:38 Amplification - Amplification of testRuleTrigger, (11/12)
[INFO] 2018-11-11 13:40:38 Amplification - iteration 0 / 3
[INFO] 2018-11-11 13:40:38 Amplification - 1 tests selected to be amplified over 1 available tests
[INFO] 2018-11-11 13:40:38 NoBudgetizer - Amplification of inputs...
100% |================================================== ]/
[INFO] 2018-11-11 13:40:38 NoBudgetizer - 4 new tests generated
[INFO] 2018-11-11 13:40:38 AssertGenerator - Run tests. (4)
[INFO] 2018-11-11 13:40:38 DSpotCompiler - Compiling with -proceedOnError -encoding UTF-8 -cp E:\Dev\tellu_github\tellulib\.\.\target\dspot\tmp_test_sources;C:\Users\Larsgiang\.m2\repository\commons-codec\commons-codec\1.9\commons-codec-1.9.jar;C:\Users\Larsgiang\.m2\repository\org\apache\httpcomponents\httpclient\4.5.5\httpclient-4.5.5.jar;C:\Users\Larsgiang\.m2\repository\org\apache\httpcomponents\httpcore\4.4.9\httpcore-4.4.9.jar;C:\Users\Larsgiang\.m2\repository\commons-logging\commons-logging\1.2\commons-logging-1.2.jar;C:\Users\Larsgiang\.m2\repository\junit\junit\4.12\junit-4.12.jar;C:\Users\Larsgiang\.m2\repository\org\hamcrest\hamcrest-core\1.3\hamcrest-core-1.3.jar;E:\Dev\tellu_github\tellulib\.\.\target/classes/\;E:\Dev\tellu_github\tellulib\.\.\target/test-classes/\;E:\Dev\tellu_github\tellulib\.\.\target/dspot/dependencies/; -d E:\Dev\tellu_github\tellulib\.\.\target\test-classes -1.8 -preserveAllLocals -noExit -enableJavadoc -proc:none E:\Dev\tellu_github\tellulib\target\dspot\tmp_test_sources\no\tellu\lib\data\model\ModelTest.java
[ERROR] 2018-11-11 13:40:38 TestCompiler - Error(s) during compilation:
[ERROR] 2018-11-11 13:40:38 TestCompiler - Pb(55) Duplicate local variable boolean_7216
[ERROR] 2018-11-11 13:40:38 TestCompiler - Pb(55) Duplicate local variable boolean_7219
[ERROR] 2018-11-11 13:40:38 TestCompiler - Pb(55) Duplicate local variable boolean_7222
[ERROR] 2018-11-11 13:40:38 TestCompiler - Pb(55) Duplicate local variable boolean_7225
[INFO] 2018-11-11 13:40:38 DSpotCompiler - Compiling with -proceedOnError -encoding UTF-8 -cp E:\Dev\tellu_github\tellulib\.\.\target\dspot\tmp_test_sources;C:\Users\Larsgiang\.m2\repository\commons-codec\commons-codec\1.9\commons-codec-1.9.jar;C:\Users\Larsgiang\.m2\repository\org\apache\httpcomponents\httpclient\4.5.5\httpclient-4.5.5.jar;C:\Users\Larsgiang\.m2\repository\org\apache\httpcomponents\httpcore\4.4.9\httpcore-4.4.9.jar;C:\Users\Larsgiang\.m2\repository\commons-logging\commons-logging\1.2\commons-logging-1.2.jar;C:\Users\Larsgiang\.m2\repository\junit\junit\4.12\junit-4.12.jar;C:\Users\Larsgiang\.m2\repository\org\hamcrest\hamcrest-core\1.3\hamcrest-core-1.3.jar;E:\Dev\tellu_github\tellulib\.\.\target/classes/\;E:\Dev\tellu_github\tellulib\.\.\target/test-classes/\;E:\Dev\tellu_github\tellulib\.\.\target/dspot/dependencies/; -d E:\Dev\tellu_github\tellulib\.\.\target\test-classes -1.8 -preserveAllLocals -noExit -enableJavadoc -proc:none E:\Dev\tellu_github\tellulib\target\dspot\tmp_test_sources\no\tellu\lib\data\model\ModelTest.java
[WARN] 2018-11-11 13:40:38 AssertGenerator - Error when executing tests before Assertion Amplification:
eu.stamp_project.dspot.AmplificationException: Every test methods are uncompilable
        at eu.stamp_project.utils.compilation.TestCompiler.compileAndDiscardUncompilableMethods(TestCompiler.java:123)
        at eu.stamp_project.utils.compilation.TestCompiler.compileAndRun(TestCompiler.java:92)
        at eu.stamp_project.dspot.assertgenerator.AssertGenerator.innerAssertionAmplification(AssertGenerator.java:100)
        at eu.stamp_project.dspot.assertgenerator.AssertGenerator.assertionAmplification(AssertGenerator.java:71)
        at eu.stamp_project.dspot.Amplification.assertionsAmplification(Amplification.java:176)
        at eu.stamp_project.dspot.Amplification.amplification(Amplification.java:153)
        at eu.stamp_project.dspot.Amplification.amplification(Amplification.java:104)
        at eu.stamp_project.dspot.DSpot._amplify(DSpot.java:244)
        at eu.stamp_project.dspot.DSpot.lambda$amplifyTestClassesTestMethods$6(DSpot.java:223)
        at java.util.stream.ReferencePipeline$3$1.accept(ReferencePipeline.java:193)
        at java.util.ArrayList$ArrayListSpliterator.forEachRemaining(ArrayList.java:1374)
        at java.util.stream.AbstractPipeline.copyInto(AbstractPipeline.java:481)
        at java.util.stream.AbstractPipeline.wrapAndCopyInto(AbstractPipeline.java:471)
        at java.util.stream.ReduceOps$ReduceOp.evaluateSequential(ReduceOps.java:708)
        at java.util.stream.AbstractPipeline.evaluate(AbstractPipeline.java:234)
        at java.util.stream.ReferencePipeline.collect(ReferencePipeline.java:499)
        at eu.stamp_project.dspot.DSpot.amplifyTestClassesTestMethods(DSpot.java:224)
        at eu.stamp_project.Main.run(Main.java:70)
        at eu.stamp_project.Main.main(Main.java:41)
[INFO] 2018-11-11 13:40:38 AssertGenerator - Could not generate any test with assertions
[INFO] 2018-11-11 13:40:38 Amplification - iteration 1 / 3
[INFO] 2018-11-11 13:40:38 Amplification - 4 tests selected to be amplified over 4 available tests
[INFO] 2018-11-11 13:40:38 NoBudgetizer - Amplification of inputs...
100% |============================================================ ]|
[INFO] 2018-11-11 13:40:38 NoBudgetizer - 16 new tests generated
[INFO] 2018-11-11 13:40:39 AssertGenerator - Run tests. (16)
[INFO] 2018-11-11 13:40:39 DSpotCompiler - Compiling with -proceedOnError -encoding UTF-8 -cp E:\Dev\tellu_github\tellulib\.\.\target\dspot\tmp_test_sources;C:\Users\Larsgiang\.m2\repository\commons-codec\commons-codec\1.9\commons-codec-1.9.jar;C:\Users\Larsgiang\.m2\repository\org\apache\httpcomponents\httpclient\4.5.5\httpclient-4.5.5.jar;C:\Users\Larsgiang\.m2\repository\org\apache\httpcomponents\httpcore\4.4.9\httpcore-4.4.9.jar;C:\Users\Larsgiang\.m2\repository\commons-logging\commons-logging\1.2\commons-logging-1.2.jar;C:\Users\Larsgiang\.m2\repository\junit\junit\4.12\junit-4.12.jar;C:\Users\Larsgiang\.m2\repository\org\hamcrest\hamcrest-core\1.3\hamcrest-core-1.3.jar;E:\Dev\tellu_github\tellulib\.\.\target/classes/\;E:\Dev\tellu_github\tellulib\.\.\target/test-classes/\;E:\Dev\tellu_github\tellulib\.\.\target/dspot/dependencies/; -d E:\Dev\tellu_github\tellulib\.\.\target\test-classes -1.8 -preserveAllLocals -noExit -enableJavadoc -proc:none E:\Dev\tellu_github\tellulib\target\dspot\tmp_test_sources\no\tellu\lib\data\model\ModelTest.java
[ERROR] 2018-11-11 13:40:39 TestCompiler - Error(s) during compilation:
[ERROR] 2018-11-11 13:40:39 TestCompiler - Pb(55) Duplicate local variable boolean_7228
[ERROR] 2018-11-11 13:40:39 TestCompiler - Pb(55) Duplicate local variable boolean_7231
[ERROR] 2018-11-11 13:40:39 TestCompiler - Pb(55) Duplicate local variable boolean_7234
[ERROR] 2018-11-11 13:40:39 TestCompiler - Pb(55) Duplicate local variable boolean_7237
[ERROR] 2018-11-11 13:40:39 TestCompiler - Pb(55) Duplicate local variable boolean_7240
[ERROR] 2018-11-11 13:40:39 TestCompiler - Pb(55) Duplicate local variable boolean_7243
[ERROR] 2018-11-11 13:40:39 TestCompiler - Pb(55) Duplicate local variable boolean_7246
[ERROR] 2018-11-11 13:40:39 TestCompiler - Pb(55) Duplicate local variable boolean_7249
[ERROR] 2018-11-11 13:40:39 TestCompiler - Pb(55) Duplicate local variable boolean_7252
[ERROR] 2018-11-11 13:40:39 TestCompiler - Pb(55) Duplicate local variable boolean_7255
[ERROR] 2018-11-11 13:40:39 TestCompiler - Pb(55) Duplicate local variable boolean_7258
[ERROR] 2018-11-11 13:40:39 TestCompiler - Pb(55) Duplicate local variable boolean_7261
[ERROR] 2018-11-11 13:40:39 TestCompiler - Pb(55) Duplicate local variable boolean_7264
[ERROR] 2018-11-11 13:40:39 TestCompiler - Pb(55) Duplicate local variable boolean_7267
[ERROR] 2018-11-11 13:40:39 TestCompiler - Pb(55) Duplicate local variable boolean_7270
[ERROR] 2018-11-11 13:40:39 TestCompiler - Pb(55) Duplicate local variable boolean_7273
[INFO] 2018-11-11 13:40:39 DSpotCompiler - Compiling with -proceedOnError -encoding UTF-8 -cp E:\Dev\tellu_github\tellulib\.\.\target\dspot\tmp_test_sources;C:\Users\Larsgiang\.m2\repository\commons-codec\commons-codec\1.9\commons-codec-1.9.jar;C:\Users\Larsgiang\.m2\repository\org\apache\httpcomponents\httpclient\4.5.5\httpclient-4.5.5.jar;C:\Users\Larsgiang\.m2\repository\org\apache\httpcomponents\httpcore\4.4.9\httpcore-4.4.9.jar;C:\Users\Larsgiang\.m2\repository\commons-logging\commons-logging\1.2\commons-logging-1.2.jar;C:\Users\Larsgiang\.m2\repository\junit\junit\4.12\junit-4.12.jar;C:\Users\Larsgiang\.m2\repository\org\hamcrest\hamcrest-core\1.3\hamcrest-core-1.3.jar;E:\Dev\tellu_github\tellulib\.\.\target/classes/\;E:\Dev\tellu_github\tellulib\.\.\target/test-classes/\;E:\Dev\tellu_github\tellulib\.\.\target/dspot/dependencies/; -d E:\Dev\tellu_github\tellulib\.\.\target\test-classes -1.8 -preserveAllLocals -noExit -enableJavadoc -proc:none E:\Dev\tellu_github\tellulib\target\dspot\tmp_test_sources\no\tellu\lib\data\model\ModelTest.java
[WARN] 2018-11-11 13:40:39 AssertGenerator - Error when executing tests before Assertion Amplification:
eu.stamp_project.dspot.AmplificationException: Every test methods are uncompilable
        at eu.stamp_project.utils.compilation.TestCompiler.compileAndDiscardUncompilableMethods(TestCompiler.java:123)
        at eu.stamp_project.utils.compilation.TestCompiler.compileAndRun(TestCompiler.java:92)
        at eu.stamp_project.dspot.assertgenerator.AssertGenerator.innerAssertionAmplification(AssertGenerator.java:100)
        at eu.stamp_project.dspot.assertgenerator.AssertGenerator.assertionAmplification(AssertGenerator.java:71)
        at eu.stamp_project.dspot.Amplification.assertionsAmplification(Amplification.java:176)
        at eu.stamp_project.dspot.Amplification.amplification(Amplification.java:153)
        at eu.stamp_project.dspot.Amplification.amplification(Amplification.java:104)
        at eu.stamp_project.dspot.DSpot._amplify(DSpot.java:244)
        at eu.stamp_project.dspot.DSpot.lambda$amplifyTestClassesTestMethods$6(DSpot.java:223)
        at java.util.stream.ReferencePipeline$3$1.accept(ReferencePipeline.java:193)
        at java.util.ArrayList$ArrayListSpliterator.forEachRemaining(ArrayList.java:1374)
        at java.util.stream.AbstractPipeline.copyInto(AbstractPipeline.java:481)
        at java.util.stream.AbstractPipeline.wrapAndCopyInto(AbstractPipeline.java:471)
        at java.util.stream.ReduceOps$ReduceOp.evaluateSequential(ReduceOps.java:708)
        at java.util.stream.AbstractPipeline.evaluate(AbstractPipeline.java:234)
        at java.util.stream.ReferencePipeline.collect(ReferencePipeline.java:499)
        at eu.stamp_project.dspot.DSpot.amplifyTestClassesTestMethods(DSpot.java:224)
        at eu.stamp_project.Main.run(Main.java:70)
        at eu.stamp_project.Main.main(Main.java:41)
[INFO] 2018-11-11 13:40:39 AssertGenerator - Could not generate any test with assertions
[INFO] 2018-11-11 13:40:39 Amplification - iteration 2 / 3
[INFO] 2018-11-11 13:40:39 Amplification - 16 tests selected to be amplified over 16 available tests
[INFO] 2018-11-11 13:40:39 NoBudgetizer - Amplification of inputs...
100% |================================================== ]|
 87% |================================================== ]-[INFO] 2018-11-11 13:40:39 NoBudgetizer - 64 new tests generated
[INFO] 2018-11-11 13:40:41 AssertGenerator - Run tests. (64)
[INFO] 2018-11-11 13:40:41 DSpotCompiler - Compiling with -proceedOnError -encoding UTF-8 -cp E:\Dev\tellu_github\tellulib\.\.\target\dspot\tmp_test_sources;C:\Users\Larsgiang\.m2\repository\commons-codec\commons-codec\1.9\commons-codec-1.9.jar;C:\Users\Larsgiang\.m2\repository\org\apache\httpcomponents\httpclient\4.5.5\httpclient-4.5.5.jar;C:\Users\Larsgiang\.m2\repository\org\apache\httpcomponents\httpcore\4.4.9\httpcore-4.4.9.jar;C:\Users\Larsgiang\.m2\repository\commons-logging\commons-logging\1.2\commons-logging-1.2.jar;C:\Users\Larsgiang\.m2\repository\junit\junit\4.12\junit-4.12.jar;C:\Users\Larsgiang\.m2\repository\org\hamcrest\hamcrest-core\1.3\hamcrest-core-1.3.jar;E:\Dev\tellu_github\tellulib\.\.\target/classes/\;E:\Dev\tellu_github\tellulib\.\.\target/test-classes/\;E:\Dev\tellu_github\tellulib\.\.\target/dspot/dependencies/; -d E:\Dev\tellu_github\tellulib\.\.\target\test-classes -1.8 -preserveAllLocals -noExit -enableJavadoc -proc:none E:\Dev\tellu_github\tellulib\target\dspot\tmp_test_sources\no\tellu\lib\data\model\ModelTest.java
[ERROR] 2018-11-11 13:40:41 TestCompiler - Error(s) during compilation:
[ERROR] 2018-11-11 13:40:41 TestCompiler - Pb(55) Duplicate local variable boolean_7276
[ERROR] 2018-11-11 13:40:41 TestCompiler - Pb(55) Duplicate local variable boolean_7279
[ERROR] 2018-11-11 13:40:41 TestCompiler - Pb(55) Duplicate local variable boolean_7282
[ERROR] 2018-11-11 13:40:41 TestCompiler - Pb(55) Duplicate local variable boolean_7285
[ERROR] 2018-11-11 13:40:41 TestCompiler - Pb(55) Duplicate local variable boolean_7288
[ERROR] 2018-11-11 13:40:41 TestCompiler - Pb(55) Duplicate local variable boolean_7291
[ERROR] 2018-11-11 13:40:41 TestCompiler - Pb(55) Duplicate local variable boolean_7294
[ERROR] 2018-11-11 13:40:41 TestCompiler - Pb(55) Duplicate local variable boolean_7297
[ERROR] 2018-11-11 13:40:41 TestCompiler - Pb(55) Duplicate local variable boolean_7300
[ERROR] 2018-11-11 13:40:41 TestCompiler - Pb(55) Duplicate local variable boolean_7303
[ERROR] 2018-11-11 13:40:41 TestCompiler - Pb(55) Duplicate local variable boolean_7306
[ERROR] 2018-11-11 13:40:41 TestCompiler - Pb(55) Duplicate local variable boolean_7309
[ERROR] 2018-11-11 13:40:41 TestCompiler - Pb(55) Duplicate local variable boolean_7312
[ERROR] 2018-11-11 13:40:41 TestCompiler - Pb(55) Duplicate local variable boolean_7315
[ERROR] 2018-11-11 13:40:41 TestCompiler - Pb(55) Duplicate local variable boolean_7318
[ERROR] 2018-11-11 13:40:41 TestCompiler - Pb(55) Duplicate local variable boolean_7321
[ERROR] 2018-11-11 13:40:41 TestCompiler - Pb(55) Duplicate local variable boolean_7324
[ERROR] 2018-11-11 13:40:41 TestCompiler - Pb(55) Duplicate local variable boolean_7327
[ERROR] 2018-11-11 13:40:41 TestCompiler - Pb(55) Duplicate local variable boolean_7330
[ERROR] 2018-11-11 13:40:41 TestCompiler - Pb(55) Duplicate local variable boolean_7333
[INFO] 2018-11-11 13:40:41 DSpotCompiler - Compiling with -proceedOnError -encoding UTF-8 -cp E:\Dev\tellu_github\tellulib\.\.\target\dspot\tmp_test_sources;C:\Users\Larsgiang\.m2\repository\commons-codec\commons-codec\1.9\commons-codec-1.9.jar;C:\Users\Larsgiang\.m2\repository\org\apache\httpcomponents\httpclient\4.5.5\httpclient-4.5.5.jar;C:\Users\Larsgiang\.m2\repository\org\apache\httpcomponents\httpcore\4.4.9\httpcore-4.4.9.jar;C:\Users\Larsgiang\.m2\repository\commons-logging\commons-logging\1.2\commons-logging-1.2.jar;C:\Users\Larsgiang\.m2\repository\junit\junit\4.12\junit-4.12.jar;C:\Users\Larsgiang\.m2\repository\org\hamcrest\hamcrest-core\1.3\hamcrest-core-1.3.jar;E:\Dev\tellu_github\tellulib\.\.\target/classes/\;E:\Dev\tellu_github\tellulib\.\.\target/test-classes/\;E:\Dev\tellu_github\tellulib\.\.\target/dspot/dependencies/; -d E:\Dev\tellu_github\tellulib\.\.\target\test-classes -1.8 -preserveAllLocals -noExit -enableJavadoc -proc:none E:\Dev\tellu_github\tellulib\target\dspot\tmp_test_sources\no\tellu\lib\data\model\ModelTest.java
[WARN] 2018-11-11 13:40:41 AssertGenerator - Error when executing tests before Assertion Amplification:
eu.stamp_project.dspot.AmplificationException: Every test methods are uncompilable
        at eu.stamp_project.utils.compilation.TestCompiler.compileAndDiscardUncompilableMethods(TestCompiler.java:123)
        at eu.stamp_project.utils.compilation.TestCompiler.compileAndRun(TestCompiler.java:92)
        at eu.stamp_project.dspot.assertgenerator.AssertGenerator.innerAssertionAmplification(AssertGenerator.java:100)
        at eu.stamp_project.dspot.assertgenerator.AssertGenerator.assertionAmplification(AssertGenerator.java:71)
        at eu.stamp_project.dspot.Amplification.assertionsAmplification(Amplification.java:176)
        at eu.stamp_project.dspot.Amplification.amplification(Amplification.java:153)
        at eu.stamp_project.dspot.Amplification.amplification(Amplification.java:104)
        at eu.stamp_project.dspot.DSpot._amplify(DSpot.java:244)
        at eu.stamp_project.dspot.DSpot.lambda$amplifyTestClassesTestMethods$6(DSpot.java:223)
        at java.util.stream.ReferencePipeline$3$1.accept(ReferencePipeline.java:193)
        at java.util.ArrayList$ArrayListSpliterator.forEachRemaining(ArrayList.java:1374)
        at java.util.stream.AbstractPipeline.copyInto(AbstractPipeline.java:481)
        at java.util.stream.AbstractPipeline.wrapAndCopyInto(AbstractPipeline.java:471)
        at java.util.stream.ReduceOps$ReduceOp.evaluateSequential(ReduceOps.java:708)
        at java.util.stream.AbstractPipeline.evaluate(AbstractPipeline.java:234)
        at java.util.stream.ReferencePipeline.collect(ReferencePipeline.java:499)
        at eu.stamp_project.dspot.DSpot.amplifyTestClassesTestMethods(DSpot.java:224)
        at eu.stamp_project.Main.run(Main.java:70)
        at eu.stamp_project.Main.main(Main.java:41)
[INFO] 2018-11-11 13:40:41 AssertGenerator - Could not generate any test with assertions
[INFO] 2018-11-11 13:40:41 Amplification - 0 amplified test methods has been selected to be kept. (global: 1)
[INFO] 2018-11-11 13:40:41 Amplification - Amplification of testSubscribers, (12/12)
[INFO] 2018-11-11 13:40:41 Amplification - iteration 0 / 3
[INFO] 2018-11-11 13:40:41 Amplification - 1 tests selected to be amplified over 1 available tests
[INFO] 2018-11-11 13:40:41 NoBudgetizer - Amplification of inputs...
100% |================================================== ]/
[INFO] 2018-11-11 13:40:41 NoBudgetizer - 4 new tests generated
[INFO] 2018-11-11 13:40:41 AssertGenerator - Run tests. (4)
[INFO] 2018-11-11 13:40:41 DSpotCompiler - Compiling with -proceedOnError -encoding UTF-8 -cp E:\Dev\tellu_github\tellulib\.\.\target\dspot\tmp_test_sources;C:\Users\Larsgiang\.m2\repository\commons-codec\commons-codec\1.9\commons-codec-1.9.jar;C:\Users\Larsgiang\.m2\repository\org\apache\httpcomponents\httpclient\4.5.5\httpclient-4.5.5.jar;C:\Users\Larsgiang\.m2\repository\org\apache\httpcomponents\httpcore\4.4.9\httpcore-4.4.9.jar;C:\Users\Larsgiang\.m2\repository\commons-logging\commons-logging\1.2\commons-logging-1.2.jar;C:\Users\Larsgiang\.m2\repository\junit\junit\4.12\junit-4.12.jar;C:\Users\Larsgiang\.m2\repository\org\hamcrest\hamcrest-core\1.3\hamcrest-core-1.3.jar;E:\Dev\tellu_github\tellulib\.\.\target/classes/\;E:\Dev\tellu_github\tellulib\.\.\target/test-classes/\;E:\Dev\tellu_github\tellulib\.\.\target/dspot/dependencies/; -d E:\Dev\tellu_github\tellulib\.\.\target\test-classes -1.8 -preserveAllLocals -noExit -enableJavadoc -proc:none E:\Dev\tellu_github\tellulib\target\dspot\tmp_test_sources\no\tellu\lib\data\model\ModelTest.java
[WARN] 2018-11-11 13:40:47 EntryPoint - Timeout when running java  -classpath E:\Dev\tellu_github\tellulib\.\.\target\test-classes;E:\Dev\tellu_github\tellulib\.\.\target/classes/\;C:\Users\Larsgiang\.m2\repository\commons-codec\commons-codec\1.9\commons-codec-1.9.jar;C:\Users\Larsgiang\.m2\repository\org\apache\httpcomponents\httpclient\4.5.5\httpclient-4.5.5.jar;C:\Users\Larsgiang\.m2\repository\org\apache\httpcomponents\httpcore\4.4.9\httpcore-4.4.9.jar;C:\Users\Larsgiang\.m2\repository\commons-logging\commons-logging\1.2\commons-logging-1.2.jar;C:\Users\Larsgiang\.m2\repository\junit\junit\4.12\junit-4.12.jar;C:\Users\Larsgiang\.m2\repository\org\hamcrest\hamcrest-core\1.3\hamcrest-core-1.3.jar;E:\Dev\tellu_github\tellulib\.\.\target/dspot/dependencies/;E:\Dev\tellu_github\tellulib\dspot.jar eu.stamp_project.testrunner.runner.test.TestRunner no.tellu.lib.data.model.ModelTest testSubscribers_mg22353;testSubscribers_mg22354;testSubscribers_mg22355;testSubscribers_mg22356
[WARN] 2018-11-11 13:40:47 TestRunner - Timeout during execution of no.tellu.lib.data.model.ModelTest: testSubscribers_mg22353,testSubscribers_mg22354,testSubscribers_mg22355,testSubscribers_mg22356
[WARN] 2018-11-11 13:40:47 AssertGenerator - Error when executing tests before Assertion Amplification:
eu.stamp_project.dspot.AmplificationException: java.util.concurrent.TimeoutException
        at eu.stamp_project.utils.compilation.TestRunner.runGivenTestMethods(TestRunner.java:75)
        at eu.stamp_project.utils.compilation.TestCompiler.compileAndRun(TestCompiler.java:98)
        at eu.stamp_project.dspot.assertgenerator.AssertGenerator.innerAssertionAmplification(AssertGenerator.java:100)
        at eu.stamp_project.dspot.assertgenerator.AssertGenerator.assertionAmplification(AssertGenerator.java:71)
        at eu.stamp_project.dspot.Amplification.assertionsAmplification(Amplification.java:176)
        at eu.stamp_project.dspot.Amplification.amplification(Amplification.java:153)
        at eu.stamp_project.dspot.Amplification.amplification(Amplification.java:104)
        at eu.stamp_project.dspot.DSpot._amplify(DSpot.java:244)
        at eu.stamp_project.dspot.DSpot.lambda$amplifyTestClassesTestMethods$6(DSpot.java:223)
        at java.util.stream.ReferencePipeline$3$1.accept(ReferencePipeline.java:193)
        at java.util.ArrayList$ArrayListSpliterator.forEachRemaining(ArrayList.java:1374)
        at java.util.stream.AbstractPipeline.copyInto(AbstractPipeline.java:481)
        at java.util.stream.AbstractPipeline.wrapAndCopyInto(AbstractPipeline.java:471)
        at java.util.stream.ReduceOps$ReduceOp.evaluateSequential(ReduceOps.java:708)
        at java.util.stream.AbstractPipeline.evaluate(AbstractPipeline.java:234)
        at java.util.stream.ReferencePipeline.collect(ReferencePipeline.java:499)
        at eu.stamp_project.dspot.DSpot.amplifyTestClassesTestMethods(DSpot.java:224)
        at eu.stamp_project.Main.run(Main.java:70)
        at eu.stamp_project.Main.main(Main.java:41)
Caused by: java.util.concurrent.TimeoutException
        at java.util.concurrent.FutureTask.get(FutureTask.java:205)
        at eu.stamp_project.testrunner.EntryPoint.runGivenCommandLine(EntryPoint.java:373)
        at eu.stamp_project.testrunner.EntryPoint.runTests(EntryPoint.java:179)
        at eu.stamp_project.testrunner.EntryPoint.runTests(EntryPoint.java:166)
        at eu.stamp_project.utils.compilation.TestRunner.runGivenTestMethods(TestRunner.java:61)
        ... 18 more
[INFO] 2018-11-11 13:40:47 AssertGenerator - Could not generate any test with assertions
[INFO] 2018-11-11 13:40:47 Amplification - iteration 1 / 3
[INFO] 2018-11-11 13:40:47 Amplification - 4 tests selected to be amplified over 4 available tests
[INFO] 2018-11-11 13:40:47 NoBudgetizer - Amplification of inputs...
100% |================================================== ]|
[INFO] 2018-11-11 13:40:47 NoBudgetizer - 16 new tests generated
[INFO] 2018-11-11 13:40:47 AssertGenerator - Run tests. (16)
[INFO] 2018-11-11 13:40:47 DSpotCompiler - Compiling with -proceedOnError -encoding UTF-8 -cp E:\Dev\tellu_github\tellulib\.\.\target\dspot\tmp_test_sources;C:\Users\Larsgiang\.m2\repository\commons-codec\commons-codec\1.9\commons-codec-1.9.jar;C:\Users\Larsgiang\.m2\repository\org\apache\httpcomponents\httpclient\4.5.5\httpclient-4.5.5.jar;C:\Users\Larsgiang\.m2\repository\org\apache\httpcomponents\httpcore\4.4.9\httpcore-4.4.9.jar;C:\Users\Larsgiang\.m2\repository\commons-logging\commons-logging\1.2\commons-logging-1.2.jar;C:\Users\Larsgiang\.m2\repository\junit\junit\4.12\junit-4.12.jar;C:\Users\Larsgiang\.m2\repository\org\hamcrest\hamcrest-core\1.3\hamcrest-core-1.3.jar;E:\Dev\tellu_github\tellulib\.\.\target/classes/\;E:\Dev\tellu_github\tellulib\.\.\target/test-classes/\;E:\Dev\tellu_github\tellulib\.\.\target/dspot/dependencies/; -d E:\Dev\tellu_github\tellulib\.\.\target\test-classes -1.8 -preserveAllLocals -noExit -enableJavadoc -proc:none E:\Dev\tellu_github\tellulib\target\dspot\tmp_test_sources\no\tellu\lib\data\model\ModelTest.java
[WARN] 2018-11-11 13:41:04 EntryPoint - Timeout when running java  -classpath E:\Dev\tellu_github\tellulib\.\.\target\test-classes;E:\Dev\tellu_github\tellulib\.\.\target/classes/\;C:\Users\Larsgiang\.m2\repository\commons-codec\commons-codec\1.9\commons-codec-1.9.jar;C:\Users\Larsgiang\.m2\repository\org\apache\httpcomponents\httpclient\4.5.5\httpclient-4.5.5.jar;C:\Users\Larsgiang\.m2\repository\org\apache\httpcomponents\httpcore\4.4.9\httpcore-4.4.9.jar;C:\Users\Larsgiang\.m2\repository\commons-logging\commons-logging\1.2\commons-logging-1.2.jar;C:\Users\Larsgiang\.m2\repository\junit\junit\4.12\junit-4.12.jar;C:\Users\Larsgiang\.m2\repository\org\hamcrest\hamcrest-core\1.3\hamcrest-core-1.3.jar;E:\Dev\tellu_github\tellulib\.\.\target/dspot/dependencies/;E:\Dev\tellu_github\tellulib\dspot.jar eu.stamp_project.testrunner.runner.test.TestRunner no.tellu.lib.data.model.ModelTest testSubscribers_mg22353_mg22361;testSubscribers_mg22353_mg22366;testSubscribers_mg22353_mg22370;testSubscribers_mg22353_mg22372;testSubscribers_mg22354_mg22363;testSubscribers_mg22354_mg22367;testSubscribers_mg22354_mg22373;testSubscribers_mg22354_mg22376;testSubscribers_mg22355_mg22362;testSubscribers_mg22355_mg22365;testSubscribers_mg22355_mg22369;testSubscribers_mg22355_mg22374;testSubscribers_mg22356_mg22364;testSubscribers_mg22356_mg22368;testSubscribers_mg22356_mg22371;testSubscribers_mg22356_mg22375
[WARN] 2018-11-11 13:41:04 TestRunner - Timeout during execution of no.tellu.lib.data.model.ModelTest: testSubscribers_mg22353_mg22361,testSubscribers_mg22353_mg22366,testSubscribers_mg22353_mg22370,testSubscribers_mg22353_mg22372,testSubscribers_mg22354_mg22363,testSubscribers_mg22354_mg22367,testSubscribers_mg22354_mg22373,testSubscribers_mg22354_mg22376,testSubscribers_mg22355_mg22362,testSubscribers_mg22355_mg22365,testSubscribers_mg22355_mg22369,testSubscribers_mg22355_mg22374,testSubscribers_mg22356_mg22364,testSubscribers_mg22356_mg22368,testSubscribers_mg22356_mg22371,testSubscribers_mg22356_mg22375
[WARN] 2018-11-11 13:41:04 AssertGenerator - Error when executing tests before Assertion Amplification:
eu.stamp_project.dspot.AmplificationException: java.util.concurrent.TimeoutException
        at eu.stamp_project.utils.compilation.TestRunner.runGivenTestMethods(TestRunner.java:75)
        at eu.stamp_project.utils.compilation.TestCompiler.compileAndRun(TestCompiler.java:98)
        at eu.stamp_project.dspot.assertgenerator.AssertGenerator.innerAssertionAmplification(AssertGenerator.java:100)
        at eu.stamp_project.dspot.assertgenerator.AssertGenerator.assertionAmplification(AssertGenerator.java:71)
        at eu.stamp_project.dspot.Amplification.assertionsAmplification(Amplification.java:176)
        at eu.stamp_project.dspot.Amplification.amplification(Amplification.java:153)
        at eu.stamp_project.dspot.Amplification.amplification(Amplification.java:104)
        at eu.stamp_project.dspot.DSpot._amplify(DSpot.java:244)
        at eu.stamp_project.dspot.DSpot.lambda$amplifyTestClassesTestMethods$6(DSpot.java:223)
        at java.util.stream.ReferencePipeline$3$1.accept(ReferencePipeline.java:193)
        at java.util.ArrayList$ArrayListSpliterator.forEachRemaining(ArrayList.java:1374)
        at java.util.stream.AbstractPipeline.copyInto(AbstractPipeline.java:481)
        at java.util.stream.AbstractPipeline.wrapAndCopyInto(AbstractPipeline.java:471)
        at java.util.stream.ReduceOps$ReduceOp.evaluateSequential(ReduceOps.java:708)
        at java.util.stream.AbstractPipeline.evaluate(AbstractPipeline.java:234)
        at java.util.stream.ReferencePipeline.collect(ReferencePipeline.java:499)
        at eu.stamp_project.dspot.DSpot.amplifyTestClassesTestMethods(DSpot.java:224)
        at eu.stamp_project.Main.run(Main.java:70)
        at eu.stamp_project.Main.main(Main.java:41)
Caused by: java.util.concurrent.TimeoutException
        at java.util.concurrent.FutureTask.get(FutureTask.java:205)
        at eu.stamp_project.testrunner.EntryPoint.runGivenCommandLine(EntryPoint.java:373)
        at eu.stamp_project.testrunner.EntryPoint.runTests(EntryPoint.java:179)
        at eu.stamp_project.testrunner.EntryPoint.runTests(EntryPoint.java:166)
        at eu.stamp_project.utils.compilation.TestRunner.runGivenTestMethods(TestRunner.java:61)
        ... 18 more
[INFO] 2018-11-11 13:41:04 AssertGenerator - Could not generate any test with assertions
[INFO] 2018-11-11 13:41:04 Amplification - iteration 2 / 3
[INFO] 2018-11-11 13:41:04 Amplification - 16 tests selected to be amplified over 16 available tests
[INFO] 2018-11-11 13:41:04 NoBudgetizer - Amplification of inputs...
100% |================================================== ]|
 31% |================================================== ]/[INFO] 2018-11-11 13:41:04 NoBudgetizer - 64 new tests generated
[INFO] 2018-11-11 13:41:06 AssertGenerator - Run tests. (64)
[INFO] 2018-11-11 13:41:06 DSpotCompiler - Compiling with -proceedOnError -encoding UTF-8 -cp E:\Dev\tellu_github\tellulib\.\.\target\dspot\tmp_test_sources;C:\Users\Larsgiang\.m2\repository\commons-codec\commons-codec\1.9\commons-codec-1.9.jar;C:\Users\Larsgiang\.m2\repository\org\apache\httpcomponents\httpclient\4.5.5\httpclient-4.5.5.jar;C:\Users\Larsgiang\.m2\repository\org\apache\httpcomponents\httpcore\4.4.9\httpcore-4.4.9.jar;C:\Users\Larsgiang\.m2\repository\commons-logging\commons-logging\1.2\commons-logging-1.2.jar;C:\Users\Larsgiang\.m2\repository\junit\junit\4.12\junit-4.12.jar;C:\Users\Larsgiang\.m2\repository\org\hamcrest\hamcrest-core\1.3\hamcrest-core-1.3.jar;E:\Dev\tellu_github\tellulib\.\.\target/classes/\;E:\Dev\tellu_github\tellulib\.\.\target/test-classes/\;E:\Dev\tellu_github\tellulib\.\.\target/dspot/dependencies/; -d E:\Dev\tellu_github\tellulib\.\.\target\test-classes -1.8 -preserveAllLocals -noExit -enableJavadoc -proc:none E:\Dev\tellu_github\tellulib\target\dspot\tmp_test_sources\no\tellu\lib\data\model\ModelTest.java
[WARN] 2018-11-11 13:42:12 EntryPoint - Timeout when running java  -classpath E:\Dev\tellu_github\tellulib\.\.\target\test-classes;E:\Dev\tellu_github\tellulib\.\.\target/classes/\;C:\Users\Larsgiang\.m2\repository\commons-codec\commons-codec\1.9\commons-codec-1.9.jar;C:\Users\Larsgiang\.m2\repository\org\apache\httpcomponents\httpclient\4.5.5\httpclient-4.5.5.jar;C:\Users\Larsgiang\.m2\repository\org\apache\httpcomponents\httpcore\4.4.9\httpcore-4.4.9.jar;C:\Users\Larsgiang\.m2\repository\commons-logging\commons-logging\1.2\commons-logging-1.2.jar;C:\Users\Larsgiang\.m2\repository\junit\junit\4.12\junit-4.12.jar;C:\Users\Larsgiang\.m2\repository\org\hamcrest\hamcrest-core\1.3\hamcrest-core-1.3.jar;E:\Dev\tellu_github\tellulib\.\.\target/dspot/dependencies/;E:\Dev\tellu_github\tellulib\dspot.jar eu.stamp_project.testrunner.runner.test.TestRunner no.tellu.lib.data.model.ModelTest testSubscribers_mg22353_mg22361_mg22431;testSubscribers_mg22353_mg22361_mg22441;testSubscribers_mg22353_mg22361_mg22448;testSubscribers_mg22353_mg22361_mg22452;testSubscribers_mg22353_mg22366_mg22432;testSubscribers_mg22353_mg22366_mg22439;testSubscribers_mg22353_mg22366_mg22446;testSubscribers_mg22353_mg22366_mg22453;testSubscribers_mg22353_mg22370_mg22397;testSubscribers_mg22353_mg22370_mg22405;testSubscribers_mg22353_mg22370_mg22413;testSubscribers_mg22353_mg22370_mg22419;testSubscribers_mg22353_mg22372_mg22426;testSubscribers_mg22353_mg22372_mg22430;testSubscribers_mg22353_mg22372_mg22438;testSubscribers_mg22353_mg22372_mg22443;testSubscribers_mg22354_mg22363_mg22434;testSubscribers_mg22354_mg22363_mg22440;testSubscribers_mg22354_mg22363_mg22446;testSubscribers_mg22354_mg22363_mg22453;testSubscribers_mg22354_mg22367_mg22396;testSubscribers_mg22354_mg22367_mg22404;testSubscribers_mg22354_mg22367_mg22412;testSubscribers_mg22354_mg22367_mg22424;testSubscribers_mg22354_mg22373_mg22429;testSubscribers_mg22354_mg22373_mg22436;testSubscribers_mg22354_mg22373_mg22443;testSubscribers_mg22354_mg22373_mg22450;testSubscribers_mg22354_mg22376_mg22398;testSubscribers_mg22354_mg22376_mg22406;testSubscribers_mg22354_mg22376_mg22414;testSubscribers_mg22354_mg22376_mg22420;testSubscribers_mg22355_mg22362_mg22425;testSubscribers_mg22355_mg22362_mg22435;testSubscribers_mg22355_mg22362_mg22442;testSubscribers_mg22355_mg22362_mg22449;testSubscribers_mg22355_mg22365_mg22394;testSubscribers_mg22355_mg22365_mg22401;testSubscribers_mg22355_mg22365_mg22411;testSubscribers_mg22355_mg22365_mg22417;testSubscribers_mg22355_mg22369_mg22393;testSubscribers_mg22355_mg22369_mg22401;testSubscribers_mg22355_mg22369_mg22409;testSubscribers_mg22355_mg22369_mg22423;testSubscribers_mg22355_mg22374_mg22400;testSubscribers_mg22355_mg22374_mg22408;testSubscribers_mg22355_mg22374_mg22416;testSubscribers_mg22355_mg22374_mg22422;testSubscribers_mg22356_mg22364_mg22428;testSubscribers_mg22356_mg22364_mg22436;testSubscribers_mg22356_mg22364_mg22445;testSubscribers_mg22356_mg22364_mg22451;testSubscribers_mg22356_mg22368_mg22399;testSubscribers_mg22356_mg22368_mg22407;testSubscribers_mg22356_mg22368_mg22415;testSubscribers_mg22356_mg22368_mg22421;testSubscribers_mg22356_mg22371_mg22395;testSubscribers_mg22356_mg22371_mg22402;testSubscribers_mg22356_mg22371_mg22410;testSubscribers_mg22356_mg22371_mg22418;testSubscribers_mg22356_mg22375_mg22427;testSubscribers_mg22356_mg22375_mg22433;testSubscribers_mg22356_mg22375_mg22440;testSubscribers_mg22356_mg22375_mg22455
[WARN] 2018-11-11 13:42:12 TestRunner - Timeout during execution of no.tellu.lib.data.model.ModelTest: testSubscribers_mg22353_mg22361_mg22431,testSubscribers_mg22353_mg22361_mg22441,testSubscribers_mg22353_mg22361_mg22448,testSubscribers_mg22353_mg22361_mg22452,testSubscribers_mg22353_mg22366_mg22432,testSubscribers_mg22353_mg22366_mg22439,testSubscribers_mg22353_mg22366_mg22446,testSubscribers_mg22353_mg22366_mg22453,testSubscribers_mg22353_mg22370_mg22397,testSubscribers_mg22353_mg22370_mg22405,testSubscribers_mg22353_mg22370_mg22413,testSubscribers_mg22353_mg22370_mg22419,testSubscribers_mg22353_mg22372_mg22426,testSubscribers_mg22353_mg22372_mg22430,testSubscribers_mg22353_mg22372_mg22438,testSubscribers_mg22353_mg22372_mg22443,testSubscribers_mg22354_mg22363_mg22434,testSubscribers_mg22354_mg22363_mg22440,testSubscribers_mg22354_mg22363_mg22446,testSubscribers_mg22354_mg22363_mg22453,testSubscribers_mg22354_mg22367_mg22396,testSubscribers_mg22354_mg22367_mg22404,testSubscribers_mg22354_mg22367_mg22412,testSubscribers_mg22354_mg22367_mg22424,testSubscribers_mg22354_mg22373_mg22429,testSubscribers_mg22354_mg22373_mg22436,testSubscribers_mg22354_mg22373_mg22443,testSubscribers_mg22354_mg22373_mg22450,testSubscribers_mg22354_mg22376_mg22398,testSubscribers_mg22354_mg22376_mg22406,testSubscribers_mg22354_mg22376_mg22414,testSubscribers_mg22354_mg22376_mg22420,testSubscribers_mg22355_mg22362_mg22425,testSubscribers_mg22355_mg22362_mg22435,testSubscribers_mg22355_mg22362_mg22442,testSubscribers_mg22355_mg22362_mg22449,testSubscribers_mg22355_mg22365_mg22394,testSubscribers_mg22355_mg22365_mg22401,testSubscribers_mg22355_mg22365_mg22411,testSubscribers_mg22355_mg22365_mg22417,testSubscribers_mg22355_mg22369_mg22393,testSubscribers_mg22355_mg22369_mg22401,testSubscribers_mg22355_mg22369_mg22409,testSubscribers_mg22355_mg22369_mg22423,testSubscribers_mg22355_mg22374_mg22400,testSubscribers_mg22355_mg22374_mg22408,testSubscribers_mg22355_mg22374_mg22416,testSubscribers_mg22355_mg22374_mg22422,testSubscribers_mg22356_mg22364_mg22428,testSubscribers_mg22356_mg22364_mg22436,testSubscribers_mg22356_mg22364_mg22445,testSubscribers_mg22356_mg22364_mg22451,testSubscribers_mg22356_mg22368_mg22399,testSubscribers_mg22356_mg22368_mg22407,testSubscribers_mg22356_mg22368_mg22415,testSubscribers_mg22356_mg22368_mg22421,testSubscribers_mg22356_mg22371_mg22395,testSubscribers_mg22356_mg22371_mg22402,testSubscribers_mg22356_mg22371_mg22410,testSubscribers_mg22356_mg22371_mg22418,testSubscribers_mg22356_mg22375_mg22427,testSubscribers_mg22356_mg22375_mg22433,testSubscribers_mg22356_mg22375_mg22440,testSubscribers_mg22356_mg22375_mg22455
[WARN] 2018-11-11 13:42:12 AssertGenerator - Error when executing tests before Assertion Amplification:
eu.stamp_project.dspot.AmplificationException: java.util.concurrent.TimeoutException
        at eu.stamp_project.utils.compilation.TestRunner.runGivenTestMethods(TestRunner.java:75)
        at eu.stamp_project.utils.compilation.TestCompiler.compileAndRun(TestCompiler.java:98)
        at eu.stamp_project.dspot.assertgenerator.AssertGenerator.innerAssertionAmplification(AssertGenerator.java:100)
        at eu.stamp_project.dspot.assertgenerator.AssertGenerator.assertionAmplification(AssertGenerator.java:71)
        at eu.stamp_project.dspot.Amplification.assertionsAmplification(Amplification.java:176)
        at eu.stamp_project.dspot.Amplification.amplification(Amplification.java:153)
        at eu.stamp_project.dspot.Amplification.amplification(Amplification.java:104)
        at eu.stamp_project.dspot.DSpot._amplify(DSpot.java:244)
        at eu.stamp_project.dspot.DSpot.lambda$amplifyTestClassesTestMethods$6(DSpot.java:223)
        at java.util.stream.ReferencePipeline$3$1.accept(ReferencePipeline.java:193)
        at java.util.ArrayList$ArrayListSpliterator.forEachRemaining(ArrayList.java:1374)
        at java.util.stream.AbstractPipeline.copyInto(AbstractPipeline.java:481)
        at java.util.stream.AbstractPipeline.wrapAndCopyInto(AbstractPipeline.java:471)
        at java.util.stream.ReduceOps$ReduceOp.evaluateSequential(ReduceOps.java:708)
        at java.util.stream.AbstractPipeline.evaluate(AbstractPipeline.java:234)
        at java.util.stream.ReferencePipeline.collect(ReferencePipeline.java:499)
        at eu.stamp_project.dspot.DSpot.amplifyTestClassesTestMethods(DSpot.java:224)
        at eu.stamp_project.Main.run(Main.java:70)
        at eu.stamp_project.Main.main(Main.java:41)
Caused by: java.util.concurrent.TimeoutException
        at java.util.concurrent.FutureTask.get(FutureTask.java:205)
        at eu.stamp_project.testrunner.EntryPoint.runGivenCommandLine(EntryPoint.java:373)
        at eu.stamp_project.testrunner.EntryPoint.runTests(EntryPoint.java:179)
        at eu.stamp_project.testrunner.EntryPoint.runTests(EntryPoint.java:166)
        at eu.stamp_project.utils.compilation.TestRunner.runGivenTestMethods(TestRunner.java:61)
        ... 18 more
[INFO] 2018-11-11 13:42:12 AssertGenerator - Could not generate any test with assertions
[INFO] 2018-11-11 13:42:12 Amplification - 0 amplified test methods has been selected to be kept. (global: 1)
[INFO] 2018-11-11 13:42:12 DSpot - elapsedTime 758008
[INFO] 2018-11-11 13:42:12 DSpot - Print ModelTest with 1 amplified test cases in dspot-out/
Exception in thread "main" java.lang.IllegalArgumentException: character to be escaped is missing
        at java.util.regex.Matcher.appendReplacement(Matcher.java:809)
        at java.util.regex.Matcher.replaceAll(Matcher.java:955)
        at java.lang.String.replaceAll(String.java:2223)
        at eu.stamp_project.utils.DSpotUtils.printAmplifiedTestClass(DSpotUtils.java:75)
        at eu.stamp_project.dspot.DSpot._amplify(DSpot.java:255)
        at eu.stamp_project.dspot.DSpot.lambda$amplifyTestClassesTestMethods$6(DSpot.java:223)
        at java.util.stream.ReferencePipeline$3$1.accept(ReferencePipeline.java:193)
        at java.util.ArrayList$ArrayListSpliterator.forEachRemaining(ArrayList.java:1374)
        at java.util.stream.AbstractPipeline.copyInto(AbstractPipeline.java:481)
        at java.util.stream.AbstractPipeline.wrapAndCopyInto(AbstractPipeline.java:471)
        at java.util.stream.ReduceOps$ReduceOp.evaluateSequential(ReduceOps.java:708)
        at java.util.stream.AbstractPipeline.evaluate(AbstractPipeline.java:234)
        at java.util.stream.ReferencePipeline.collect(ReferencePipeline.java:499)
        at eu.stamp_project.dspot.DSpot.amplifyTestClassesTestMethods(DSpot.java:224)
        at eu.stamp_project.Main.run(Main.java:70)
        at eu.stamp_project.Main.main(Main.java:41)